円本
本学
文中
音大
早天
川竹
生木
本石
中音
金力
力車
山立
白下
川中
名文
下女
小火
青竹
虫気
天水
王水
玉子
青草
大入
上天
下人
中口
見目
本校
名犬
入子
名手
雨中
子日
玉目
正中
字音
草子
天女
赤土
中天
水玉
文人
白雨
出花
天草
白玉
山女
水貝
先天
水生
名花
水木
早耳
山水
中気
下目
右下
水音
上玉
日子
林学
天上
小字
本草
石竹
音字
赤手
青玉
年女
月下
下名
早月
青虫
火手
力水
草月
天金
文目
早口
金石
大名
水火
赤目
月見
手車
土気
小名
早年
早生
空音
車力
手下
下男
本四
子中
天人
小手
糸目
上町
本手
糸竹
入目
先口
下足
木立
村雨
左下
火気
空字
木石
天目
小耳
小力
年男
文金
川音
早見
立木
先学
日夕
年子
青貝
口金
本字
先山
金糸
中休
気先
中入
女人
中耳
月草
火玉
王土
校本
正金
中子
玉虫
文名
天王
名月
火水
水天
大円
水足
名木
白目
空耳
上水
白糸
本金
大足
円上
名子
赤本
石女
下草
金気
小中
名山
男手
生糸
上目
夕立
赤口
山子
花月
小女
土人
中手
下火
糸車
山犬
大水
小町
水月
耳金
木目
玉音
日出
本立
人山
空木
田虫
空名
右文
天子
人名
金円
水先
雨空
小金
生年
目見
石火
入口
口気
力足
木耳
雨気
女気
校生
玉糸
山雨
正出
空目
女竹
手金
大白
右左
手玉
水子
下学
草本
正字
小水
正文
赤金
夕空