心血
青色
他門
船人
期首
名答
君子
来由
両頭
美育
切首
大兄
悲話
天声
他生
神明
受口
茶入
曲玉
長子
入海
雲水
円本
本学
和様
主神
元方
合名
平泳
鉄山
文事
歯学
文中
馬肉
角書
追手
等温
倍音
工船
雲気
細道
命数
原図
音大
同気
水神
同学
同音
新雪
心月
県人
早天
主用
小書
活計
母上
形木
家運
公電
和子
流矢
船室
馬草
切石
川竹
会所
国界
生木
相者
本石
重工
中音
強電
名乗
口角
宿所
重石
金力
引船
湖上
新湯
力車
暗流
有終
風声
暗色
魚屋
都道
山立
首級
白下
鳥人
品玉
川中
新顔
海気
目方
荷馬
短所
近目
日食
当山
星章
語原
島台
頭注
大刀
方形
駅路
組歌
外地
中肉
麦笛
引鉄
金元
遠見
面白
人後
名文
帰心
湯元
祭主
南港
生皮
船用
内界
立春
下女
和算
小火
打歩
長道
草紙
酒代
美童
文台
子持
苦役
地金
横物
軽水
後身
宿業
客人
事物
水雲
丁半
青竹
男工
天界
市子
立毛
葉虫
後住
上根
温気
真前
横木
馬追
南海
和金
太線
子葉
方角
本会
練物
海里
戸前
投物
切米
茶味
黄道
血色
公人
大局
商才
虫気
声調
悪場
等号
全波
門流
山幸
鉄心
半紙
力紙
天水
野次
後事
根号
交点
本船
時運
神文
京童
入相
王水
用人
発頭
前場
朝顔
電路
次女
言外
新来
県西
子安
火皿
角行
原注
暗箱
育休
勝地
通草
天工
肉筆
毛羽
実悪
代品
遠島
真打
石持
病理
流水
雨皮
社運
駅手
礼服
組打
放生
野山
水星
原色
電工
合服
母港
黄玉
木具
歌意
直弟
聞耳
氷海
短音
院本
正方
矢立
倍数
男波
旅宿
水根
玉子
青草
国号
話者
知友
聞手
血相
足湯
原級
波高
悪習
道家
詩形
雪路
夜宮
船客
町場
中宮
目色
名君
暑気
局紙
田遊
表号
名園
乗打
平服
病根
通人
宿帳
乗数
習知
自公
田植
大入
正号
古学
銀波
転注
黒地
後光
正室
遠道
上戸
式次
野点
同県
目高
年強
白州
地文
上天
悪所
面部
下人
全県
死病
古記
門人
半弓
前車
矢文
女持
売子
小半
血祭
旅銀
後葉
和上
角地
時世
氷炭
油土
水母
小波
次数
作中
外商
中口
君公
見目
上紙
終点
上長
本校
科人
矢先
守刀
雨後
前人
外皮
遠海
金星
米語
新字
体用
悪文
内記
校風
絵心
原生
悪筆
使番
方図
外宮
酒色
名犬
古文
帳面
台子
白根
金平
地口
原酒
和物
花畑
乗物
族長
点茶
星雲
名店
小形
真中
生紙
小暑
古物
全市
会下
板屋
点画
下表
黒目
水仕
練炭
入子
神火
画工
赤鼻
学兄
遊楽
公事
実方
死文
母船
白歯
返点
空語
丸取
他心
雪白
山海
何様
階数
来光
弱電
委曲
田地
研北
空馬
公主
波数
青物
室町
雪消
中食
名手
原音
神君
羽車
配役
月読
活花
岩根
花氷
生色
化工
全角
鳴神
玉代
画会
合口
花鳥
国学
明王
雨中
負目
電柱
国運
小事
悲調
練糸
食間
合方
子日
魚子
強談
昭代
目角
金鉄
玉目
弓道
死所
知力
平手
強味
列代
教生
古紙
地虫
悪才
横波
後金
戸主
正中
肉牛
通番
口取
下番
黒豆
頭分
近間
字音
血族
頭重
小才
金波
湯花
間道
都鳥
分数
日新
火切
実科
世才
才力
黒血
明主
何分
草取
上記
合切
国文
原毛
黒酒
親鳥
年弱
明色
野手
全局
心耳
立礼
科白
前科
頭首
身根
金主
草子
工期
旅所
受入
身空
今生
次兄
天女
宿悪
道人
農作
馬主
悪者
父兄
音物
赤土
体感
草色
止金
持前
中天
本章
同体
水玉
里数
遊子
全品
弱国
仕向
宮中
切火
待合
原麦
近国
落口
工大
聞事
土語
立板
県外
小業
半円
当路
向暑
空豆
岩石
旅心
福引
竹紙
外客
語形
小頭
中表
鼻薬
員外
秋分
波線
両部
長兄
秋気
文人
祭式
船虫
人語
薬園
見台
和語
用命
白雨
食指
自今
板間
温州
教本
出花
宿根
石高
高点
宿屋
手心
夜直
北画
神都
明君
落魚
外界
鉄筆
方様
天草
終期
目星
歌切
両目
薬石
早業
大波
夏休
物界
男心
星合
談林
重代
祭日
海員
取前
自他
教学
語手
下流
回春
電文
夜寒
他県
牛皮
時数
服地
船足
通風
鉄血
長夜
日切
知歯
茶気
新木
意力
日計
白玉
鳥屋
銀漢
旅物
茶人
死目
暗君
勝運
見番
追福
神馬
主持
引手
全車
首題
兄人
目鼻
運上
山女
強国
式服
川船
感度
中点
重役
心根
多毛
進物
後会
君王
用筆
春寒
京女
受苦
行宮
落花
当市
物日
細波
氷野
用金
入方
港口
古事
有高
水貝
両前
山寺
先天
中国
花台
親船
用役
守神
日和
正員
色町
草笛
指物
悪気
筆画
軽風
負数
葉音
見場
同色
豆炭
長円
父様
山神
里人
乗具
路銀
朝酒
秋期
流人
校友
宿場
社中
左記
水生
電球
字数
名花
切岸
楽土
食通
悪形
表地
金持
図引
雲間
神米
取組
国花
氷点
和書
県下
地階
水魚
帰命
飲茶
横目
行金
時様
内入
買主
水声
紙子
水木
来意
新本
校外
他力
戸車
早耳
門下
売主
悪相
山水
定理
多雨
助炭
和習
中気
洋室
外局
国電
歌合
地頭
外字
下目
右下
弱行
社主
工科
真理
銀笛
心気
気前
水音
上玉
光頭
家主
平体
水計
人台
外題
福分
野羊
心算
氷柱
反歌
母式
黄身
麦畑
時日
原書
板目
礼者
山行
主音
引数
足代
矢来
有休
名題
社線
白光
打切
板元
週日
牛馬
死身
足形
工数
荷受
場代
小身
夜気
弓手
本科
東天
楽人
日子
大部
両足
下界
買薬
世道
月夜
王公
下根
化物
界線
箱書
住持
左角
薬玉
話頭
宿雨
林学
書役
後朝
全音
教具
花園
夜話
用次
秋高
丸首
名主
寺男
有生
急病
切紙
天理
船内
点薬
町役
医用
後目
麦湯
乗合
才取
何等
春画
新体
風教
天台
家集
対地
港内
草原
飲水
画商
星夜
流物
青地
火色
水絵
米屋
漢書
緑野
間者
数社
消口
勝味
天上
古音
投売
男声
地物
取調
才人
油送
図形
列後
園地
出湯
今風
旅路
詩学
小春
寒流
米麦
明夜
神学
語意
小字
北洋
重科
朝家
面体
道歌
仕切
本草
石竹
歯音
心頭
農事
小母
荷船
手鼻
細事
上代
委細
組頭
音字
手合
大公
地歩
玉門
雲上
回章
麦雨
間柱
矢玉
紙屋
温習
他見
社家
青毛
豆本
地紙
有界
馬市
柱石
金頭
光点
船板
見合
母線
売場
生酒
夕顔
反米
夜昼
火屋
教門
人知
君国
赤手
間服
行旅
青玉
板子
内庭
神水
明文
切点
後前
緑酒
所見
父方
山畑
木馬
太物
植生
業風
真金
地米
他家
内所
生面
通力
定点
追分
日動
広前
定命
切所
出会
倍速
深酒
真竹
春光
速算
和人
牛刀
商家
定見
外教
空理
友引
秋日
刀身
年取
空身
悪神
和字
年女
水明
月来
鳥追
月下
下名
細引
飲代
馬頭
東男
部立
根太
西国
鳴戸
天分
洋書
炭田
弱年
早月
原品
根深
今様
神気
小国
見世
月色
古色
直中
青虫
大船
火手
着駅
守役
赤心
笛竹
東歌
明神
語路
人馬
実線
冬日
丸打
力水
始期
石弓
色神
間代
遠音
光波
中門
仕合
福運
持家
羊毛
今体
夕波
級数
家数
年波
真人
短章
細小
鼻紙
筆生
知音
立冬
気体
夜具
全階
炭庫
福茶
月役
高教
中州
重心
草月
内皮
天金
食客
緑青
文箱
文目
人波
言行
秋色
門生
横列
歩度
局所
湯屋
指分
申文
大戸
天顔
白身
薬草
角通
目路
始原
荷足
今昔
平温
早口
明度
岩組
金石
番地
帳場
行頭
高空
式台
歯肉
死線
通言
有色
理知
目次
中風
色女
大名
炭山
水火
夜会
水船
円柱
流者
小鼻
前足
他動
局方
赤目
魚族
自注
主動
有期
方円
庭草
美田
商館
刀工
血豆
平皿
国大
大暑
正負
同線
絵具
東国
身心
悪書
国書
表皮
石筆
表門
楽天
月見
手車
門歯
長文
先箱
土気
重陽
田打
急使
春分
道心
晴天
分社
番手
東屋
人才
図体
宮門
持主
小名
次点
手長
重苦
直会
力業
家来
終車
大悲
古筆
社用
近業
路次
園丁
名工
花期
顔役
血目
皮具
地相
目板
山相
地内
食分
歌心
雨間
公会
他流
正調
早年
魚道
林業
道学
重言
春本
帳合
上作
西北
温色
美名
小間
陽動
赤道
風鳥
木炭
海人
船着
平身
上使
打物
悪漢
起電
物見
対日
詩才
線分
直音
薬研
通運
雪見
神子
玉体
空列
待人
手相
外米
王道
雪女
歌学
小者
寒月
両家
外港
上板
東路
軽石
馬車
薬礼
語口
木表
早生
和学
小乗
市部
県南
都度
読方
深交
下前
知者
荷役
日待
金歯
空音
社風
書風
地神
番線
月番
始筆
区切
病家
秋草
全港
真土
羽子
悪食
元帳
車力
有心
新身
手下
国人
死角
黒毛
天球
人買
下男
来者
昔日
明後
牛耳
先様
本四
直人
青馬
使丁
線表
北町
石組
門弟
平語
同工
庭前
間口
石板
正道
丁数
自流
後室
地雨
子中
氷雨
白湯
実意
分力
洋語
庭球
天人
台地
春着
犬馬
遠国
小手
体計
林相
糸目
重土
力持
代数
持分
半文
調車
助平
鼻毛
湯女
起原
古形
半作
上町
練鉄
本手
農大
小数
強面
朝見
花色
高根
夕晴
時局
多生
雲級
地歌
放線
白羽
丸麦
多聞
糸竹
命日
急用
他用
半天
新着
内金
日商
追風
身柱
指頭
入目
音調
色物
力感
荷車
相聞
読点
会心
短波
元高
新茶
落度
先口
山色
道教
薬指
京間
主上
家教
礼楽
公知
実記
夜着
野路
心友
中研
上声
下足
学理
倍大
女色
今方
礼式
神算
山国
急白
部所
速力
自門
家持
長上
当所
同門
日当
銀地
入神
黒米
原虫
君命
受話
来車
血気
新宮
鉄石
炭車
自大
木立
遠路
少弟
命毛
飲助
色合
緑茶
学外
図会
寒色
部面
身方
売口
短才
油虫
首足
戸口
国母
美音
豆銀
後家
台木
後場
小皿
小前
字母
長持
細大
深林
国表
弱味
羽音
球速
国光
道者
苦界
遊金
消炭
美文
詩意
肉屋
戸外
局外
長波
美形
山羊
所天
整調
東雲
活魚
入船
悪感
強記
寺子
手代
主部
村雨
寒竹
死場
売国
曲筆
金工
写場
土工
筆意
茶事
岩屋
人品
火消
線形
両三
見所
事始
人声
南天
才子
君父
重手
定式
仕組
光子
才気
左下
医業
台場
月食
何方
火線
足業
業物
火気
楽長
美神
助人
作意
和本
小用
業主
暗夜
右記
波風
氷水
和音
区点
黄体
空字
船方
物相
主意
食道
頭字
木石
反身
秋思
所生
正使
柱頭
洋才
酒食
雨氷
朝湯
運筆
天目
家門
福相
小耳
鉄色
花時
小力
門葉
丸薬
言文
礼物
反語
重病
他物
来電
公子
切目
終曲
語調
宮家
元物
文頭
神歌
死人
空色
黄門
何役
章魚
手刀
買上
波動
花代
目顔
流言
風草
名分
対向
倍長
時鳥
晴着
近事
聞役
全知
筆先
古刀
死地
音感
家兄
内題
左岸
終局
新語
号音
平面
小話
歌書
理化
長路
年男
気道
明春
行火
親等
対米
波路
岩頭
草分
文金
童形
球心
駅頭
水路
川音
金地
深意
岩室
村里
島守
売人
都電
後列
早見
医道
肉池
立木
横線
風足
来期
半開
夏服
他聞
高年
左近
氷原
風下
弱虫
高次
定日
童歌
落体
古語
車馬
事理
売名
暗号
台紙
主調
切先
死時
先学
神祭
半平
半金
風気
詩書
宿学
波形
宿木
語数
黒光
取立
近体
口才
対屋
日夕
年子
羊頭
聞物
金談
魚板
青貝
金線
火酒
客間
葉月
字画
強弓
明月
和式
海国
具足
口金
原石
外物
打身
鼻声
花心
宿運
開山
大番
新秋
農期
県会
船宿
級長
夜番
金風
麦角
他事
南風
月表
神通
詩想
月明
題詩
本字
小曲
鉄橋
号車
有体
口前
女波
予後
相方
公理
算木
心意
先山
赤紙
細筆
上物
指事
曲直
社友
玉算
天明
湯茶
緑玉
油気
負号
意中
界面
天来
題意
馬丁
金糸
中休
球道
多倍
下角
横雲
冬空
地役
遊君
上客
速歩
秋晴
内宮
平場
前言
山風
雪男
工手
角笛
人死
医員
両次
大安
申入
鉄線
色悪
鳥目
名流
定温
点心
悲母
前代
気先
箱庭
鼻木
風見
暗室
流氷
後学
中入
当家
赤身
町家
木通
表方
秋物
女人
死水
助祭
書画
山場
中外
中波
後口
上薬
中耳
番台
声聞
打力
真名
山守
歌口
大黄
苦竹
売色
才六
雪空
新店
合着
岩魚
悪心
書目
天心
刀心
持薬
中指
人面
牛後
品数
書屋
風前
船路
式目
横紙
本道
夜光
反物
相客
生湯
引歌
実理
式部
丁場
王化
全戸
画筆
台下
細線
意想
漢才
平話
白頭
語頭
急電
野立
小昼
茶道
引金
主君
新古
後先
路用
古人
詩文
切水
道着
親木
古昔
院外
朝命
親玉
弓取
主祭
平声
洋品
品名
薬科
暗主
整式
花祭
月草
肉交
気転
死金
小首
火玉
銀山
病葉
元正
主語
時空
内意
波面
童顔
美声
学事
王土
中黒
深手
実生
道服
月切
所感
日直
真弓
泳者
目代
配所
遊糸
花守
校本
洋式
空谷
落日
表口
花屋
色道
和談
港外
組重
氷室
地温
書院
茶代
部室
野乗
陽画
肉感
同上
大姉
全島
書体
線画
上表
公休
目薬
平米
正金
陽春
前古
同番
記数
馬具
対数
雲路
勝星
古血
歌体
海星
立業
麦作
曲馬
薬酒
湯玉
両所
生母
年期
文意
色相
番長
悪道
原意
月毛
表作
広間
苦肉
小知
進取
人世
筆紙
冬場
急足
明太
島山
新教
語根
重湯
心神
野火
流速
後書
有半
大路
終発
大葉
読物
虫薬
直方
風月
悪様
中子
通有
回文
反立
長湯
心太
原語
引物
心火
真筆
玉虫
守宮
先君
火矢
面前
夜色
花実
写絵
受持
打豆
船荷
緑林
半白
流体
上世
鼻音
夜業
曲面
文名
中農
丸木
切子
日算
海女
世路
体様
医方
天王
玉歩
雲形
後人
家名
間着
神橋
名月
知行
楽園
投首
店屋
分秒
文鳥
学才
原紙
紙切
田作
中有
羽交
整数
色目
紙花
真先
白茶
天意
取口
女医
持場
春雪
薬学
式年
昼夜
野犬
火水
正数
鼻柱
列火
通気
美点
曲調
仕打
天真
詩語
死物
花落
大意
音速
面皮
東遊
拾屋
新形
下戸
指命
血路
火打
米所
軽口
市区
切炭
外洋
業病
回虫
漢土
矢庭
水油
行平
平曲
命運
夏作
箱船
才物
命題
空電
真草
図様
正教
同文
調歩
風花
実姉
神式
出合
水天
板本
屋体
名筆
白線
心持
定宿
出丸
前門
毎会
雨声
軽業
上体
同君
古体
売出
表具
番所
合羽
真横
鳴子
立役
室温
当校
戸板
大福
手工
地気
物上
心木
大円
水足
戸長
車引
語感
後山
秋作
新院
氷雪
金売
名木
手植
祭場
仕形
国字
部内
交友
直門
高下
夜学
土星
山番
持病
所書
空談
白目
空耳
上水
太子
門口
両市
半音
空合
白糸
多血
両朝
同役
雲海
本金
夜船
書取
図絵
当館
記聞
上様
平麦
名刀
聞酒
題画
小面
両道
炭取
横形
通箱
緑門
天主
大足
用後
広原
天外
半玉
外向
画業
白話
水物
役牛
銀子
打首
兄子
近東
馬面
買気
音波
地合
楽想
寒心
新風
神色
両年
円上
童部
名子
大死
根毛
男前
遊女
王代
通事
実字
主教
赤本
石女
多売
商科
調音
引戸
国元
公役
新酒
和船
緑風
教理
洋学
書林
下草
公方
重箱
商学
真皮
行文
起死
国持
海草
金気
犬歯
手事
全期
売薬
王事
事相
早場
主薬
寺号
内聞
西陽
酒手
野心
相国
道話
係数
数多
船守
火祭
客地
西土
古里
丁年
外道
草書
洋弓
鼻面
風力
交声
上屋
落陽
矢場
小中
医書
漢語
真向
図上
大乗
大通
代人
上皮
名山
礼電
行路
落人
高角
返電
市上
船級
馬手
外耳
水筆
全紙
洋本
木皮
光陽
等式
神楽
商運
空事
右近
男手
用度
外紙
南岸
絵所
門主
客気
土筆
福助
門柱
光来
同母
取高
馬方
円転
生糸
色感
気息
酒気
男根
画板
外気
回天
寒行
秋月
女工
組下
上目
国主
文色
家君
昔年
入物
悪童
遠流
数行
夕立
当流
後作
海港
落首
内国
野道
上意
数式
村役
光年
宿六
角柱
近火
作男
倍角
家作
遠火
何頭
教場
湯葉
地所
赤口
出様
平時
夜店
茶店
楽市
寒波
小童
有様
主家
仕手
寒天
家風
主事
読手
鼻先
画才
元始
茶所
反間
豆板
作土
球体
動体
心音
用足
心土
地引
山子
和親
肉色
売声
新前
酒肉
館主
同病
直列
花月
晴間
宮室
画意
男持
細雪
原名
春陽
生首
病犬
外線
小女
雨具
所由
土人
画室
名号
有向
行書
来世
同人
土間
中手
全作
下火
道内
天朝
糸車
角形
店子
光学
西人
形勝
矢車
畑作
湯水
気運
聞所
両町
文才
空家
気根
所出
拾物
神国
神助
山犬
羊水
男役
才知
後夜
組子
矢声
近古
分身
大知
息女
人海
神州
写字
早馬
丁字
魚油
洋銀
豆油
人定
上聞
消暑
先住
反歩
新刀
小寒
前作
大水
遊山
和毛
父君
円心
実学
島根
内高
星図
太白
作事
庭先
立米
早番
点線
春色
終電
形体
業苦
小町
気流
水月
形声
住戸
黄水
発話
実事
受身
大命
小言
耳金
小父
明笛
小店
遠来
気持
心力
級友
村会
追号
名勝
病体
全学
員数
事大
悪寒
有理
本身
大度
下心
金時
毛見
中業
暗黒
東口
丁子
公館
画帳
谷地
父上
木目
家父
相宿
書中
雲足
悪声
返歌
小夜
天物
切畑
歯形
詩体
後足
金高
村童
夜曲
小使
門外
血行
他校
黄鳥
人橋
玉音
名言
冬作
半角
回船
実員
苦寒
走路
白太
細石
世知
荷作
神階
海道
年央
会意
電光
化身
天運
湖岸
手持
子方
始点
切戸
時文
山刀
地顔
細面
車台
点者
乗手
里心
人相
飲屋
先登
行手
茶園
多少
手打
高波
登高
起毛
筆箱
水引
羽目
文題
門火
漢音
竹工
死花
近作
火柱
遠心
行学
大農
理外
番屋
長虫
立秋
生国
同友
同前
深間
原皮
筆太
分室
町医
主面
朝間
回流
神意
王命
商都
毎戸
重水
間男
朝来
日出
夜祭
橋板
夜道
出物
引力
式日
肉入
酒家
母物
道化
立引
速足
道草
長月
星宿
高所
春作
竹光
紙帳
所化
正客
美談
肉声
小刀
宿駅
気球
歌話
本立
間色
飲物
夜鳥
両行
油屋
多元
古流
切口
名馬
悪手
油分
向寒
行人
神宮
対流
転帰
場数
図面
天助
受書
他紙
糸引
夜顔
古顔
口書
聞書
才筆
馬力
黄白
名家
人山
校章
組立
打水
洋刀
人柱
電界
回教
板場
歩数
直宮
市中
生血
急談
空木
間引
神主
悪人
今上
車代
血合
詩草
天馬
宿意
世心
地番
大計
真水
緑土
田虫
洋紙
早計
空茶
長石
客分
相銀
光風
読会
数次
村方
客車
体温
葉風
当住
漢和
読人
中味
両県
題言
所外
親日
貝柱
線上
記文
死中
意字
長者
銀紙
社日
空名
時服
広口
実正
和牛
教区
小歌
長音
神体
研屋
名数
上絵
湖水
目地
中形
米食
冬着
引起
筆名
軽四
多肉
本分
右文
白酒
反橋
町会
弓馬
時雨
福音
画数
行道
公国
田楽
炭火
真面
長流
半球
草画
路頭
式事
高風
神品
丸本
温石
区会
日歩
定木
悲歌
光明
丸太
書式
短見
親書
海牛
神業
物持
楽音
黒点
入声
楽員
天子
原詩
空母
語族
新味
早昼
根方
持物
客来
秋雨
手箱
全科
人名
当会
日次
上古
朝会
習作
方体
風向
木刀
同者
毛皮
図工
春秋
金円
社命
下線
湖面
切地
小引
世人
所業
草市
売手
水先
南画
反切
右筆
池心
前章
金言
遠矢
土色
半切
新地
木魚
口答
川面
究理
原動
人君
実数
晴雨
本代
公家
口茶
雨空
小金
進運
村社
面長
都下
切線
女院
紙魚
女童
後指
日長
美身
小作
語物
買手
雲表
医家
黒雲
話語
鳴物
黒炭
細流
身中
身形
手負
品等
新橋
祭事
申楽
地色
国守
生年
世上
馬屋
雪間
落丁
球面
半休
題字
細雨
出歯
用木
体言
算式
船医
語部
主点
楽界
美男
大鳥
年歯
切身
気書
鉄分
遊客
羽虫
相思
売立
進度
目元
目見
着発
水鳥
酒客
後図
作間
童画
本寺
鼻水
石火
太守
行力
面持
詩家
用字
細作
矢面
麦酒
大京
家母
野面
色里
原板
遊里
品番
雪線
切売
台形
先考
等外
農園
入口
暗中
全区
公魚
福豆
美感
風光
上家
業火
自社
口気
文運
野牛
組糸
次号
用言
列世
原頭
手業
同列
古鉄
当身
直心
悪病
世子
雨夜
海風
自火
長手
号笛
薬店
持味
有形
有配
中庭
苦海
内地
売文
海内
力足
皮下
明週
風波
角力
和国
草体
聞方
雪山
両君
原木
形代
階上
分母
平作
部首
木耳
下記
神人
水柱
校医
悪風
岩木
古詩
雪氷
牛頭
直路
通語
両生
新月
平文
見様
短文
水練
雨気
同筆
本丸
院生
社人
門地
大礼
内室
帳元
手風
実妹
上角
理工
角番
色絵
売品
女気
白波
山坂
祭服
大弓
深度
庭石
横根
太山
原物
勝目
声門
悪事
宮人
親心
明知
平目
平家
曲学
品行
米紙
校生
血肉
玉糸
平水
鉄工
流木
受皿
冬木
坂道
取分
下役
実竹
水線
荷主
光画
速筆
血刀
回米
売女
山鳥
童体
行者
持番
急所
漢意
山雨
漢学
書庫
国原
雲助
詩話
度合
親電
理路
番茶
色事
取手
全書
昼顔
車速
球根
相役
安宿
行実
正出
学都
医界
板紙
羽風
院号
投力
家学
大海
洋算
正真
下風
船台
親筆
色男
院主
夏山
等角
白丁
世事
心室
野天
青書
楽日
銀天
題号
週番
根雪
悪業
魚田
両全
時人
空目
女竹
手金
指先
農工
童詩
心事
宮守
語草
急調
乗場
真言
大白
平打
悪運
右左
寒路
内湯
海馬
才色
刀自
教父
国歩
立番
区長
数回
遊星
上番
相等
金員
書生
前生
分校
等親
取消
定本
野人
弱竹
上前
町方
手玉
相生
羊歯
道火
流感
水子
国手
同地
水薬
打荷
死命
両刀
会式
下学
海図
山号
草本
読後
開題
所思
黒竹
局内
冬草
肉界
町歩
海月
正字
当字
筆力
口絵
風色
生者
数物
外語
助字
頭目
門前
正風
大洋
福耳
立夏
引合
湖心
東宮
地目
口合
右角
死活
表高
知見
西日
小米
去秋
庭口
星祭
次子
来書
太字
小弟
小水
物音
受動
暗線
馬子
車止
屋形
死出
長足
木地
正文
温顔
商港
社頭
原由
童子
銀糸
直線
赤金
年表
母語
電鉄
天引
近流
平首
夕空
名親
草根
組物
茶庭
見神
美事
当店
知合
赤門
全数
本朝
外力
声名
心学
転石