常民
別後
心血
軍法
学課
発条
青色
現数
職歴
他門
林産
船人
仏道
期首
銀鉱
連送
冷気
名答
君子
寄場
来由
風評
両頭
井守
清朝
失意
物性
美育
切首
気位
大兄
歴年
円周
悲話
天声
塩引
等比
他生
神明
帯紙
芸林
種皮
悲報
受口
茶入
曲玉
長子
入海
雲水
円本
本学
和様
主神
印形
元方
旧聞
合名
徳性
平泳
節義
法印
書志
鉄山
文事
守札
歯学
原罪
上側
鏡板
失費
雑歌
標縄
文中
英和
焼野
馬肉
角書
原液
絶間
追手
迷宮
河港
等温
残余
折紙
倍音
菜花
工船
雲気
細道
位階
命数
再試
原図
音大
菜館
同気
新報
国利
往信
才略
海戦
人性
厚意
水神
遊民
達弁
同学
同音
熱線
新雪
各室
情意
心月
次位
肥土
県人
早天
平熱
主用
雪景
小書
活計
塩物
母上
形木
家運
公電
風防
城下
和子
流矢
路程
商状
答辞
船室
馬草
軍服
無熱
切石
言説
川竹
会所
国界
電熱
生木
正念
相者
白張
本石
重工
中音
常命
強電
順法
名乗
口角
宿所
徒弟
張本
重石
金力
老兵
公案
引船
年増
連枝
良能
湖上
新湯
報労
力車
刷本
未生
半輪
正貨
精銅
情合
電位
非負
先師
暗流
格技
有終
風声
暗色
魚屋
分銅
官有
現当
都道
残月
実機
借物
間縄
不通
山立
首級
白下
貸方
鳥人
品玉
養老
単向
術計
中折
川中
新顔
農舎
早老
護法
筆勢
最前
側室
間欠
病態
海気
目方
荷馬
連山
気節
寄人
情話
短所
血清
近目
日食
当山
名案
星章
語原
悪逆
島台
頭注
大刀
方形
対辺
駅路
組歌
外地
前芸
中肉
麦笛
礼法
横隊
引鉄
記法
金元
下種
遠見
常談
鏡銅
面白
地象
梨園
人後
名文
不帰
番卒
帰心
丸損
主辞
気脈
湯元
雑考
祭主
先例
法問
余類
南港
続飯
機才
宿徳
失政
大勇
冬芽
正妻
兵科
街道
観相
照星
職分
生皮
船用
内界
損所
立春
下女
和算
小火
倍額
南限
銀輪
前条
打歩
有司
信女
断固
長道
失態
草紙
借着
酒代
美童
提子
文台
子持
苦役
地金
横物
軽水
後身
神変
油単
宿業
客人
信書
雑仕
戦敗
事物
水雲
丁半
芸界
愛別
折山
往時
新兵
青竹
測度
男工
天界
達示
市子
立毛
葉虫
後住
兵学
上根
温気
真前
横木
馬追
考課
南海
地勢
義歯
旧物
和金
太線
得分
子葉
岡三
高士
張子
略号
方角
人証
切札
法式
本会
左府
練物
未成
良筆
何程
好漢
空位
海里
本管
戸前
投物
年別
城門
切米
茶味
式能
黄道
朝政
興国
血色
公人
語句
大局
商才
虫気
各個
声調
月評
清流
文責
悪場
整脈
禁書
等号
会則
産金
全波
旧人
土留
門流
特用
具眼
水冷
山幸
鉄心
雑筆
半紙
条令
清興
力紙
素魚
教義
天水
飛板
功科
得体
灯光
野次
経文
後事
法楽
平版
高堂
構外
条目
軽焼
根号
門灯
交点
仏力
本船
白銅
成語
功力
時運
神文
京童
入相
秋冷
王水
飯事
用人
発頭
型付
付目
前場
婦徳
雑念
営養
精液
果菜
朝顔
電路
好戦
次女
詩格
借間
司政
言外
高評
旧観
置市
低質
産湯
新来
県西
子安
辞世
快報
火皿
角行
原注
暗箱
加法
音容
徒者
育休
勝地
付子
内積
軍船
極熱
好例
文案
好漁
良相
通草
天工
肉筆
旧習
築庭
毛羽
実悪
不犯
代品
妻戸
遠島
太極
器財
節気
香油
真打
準縄
石持
雑費
病理
無業
治効
価額
流水
岡目
投信
雨皮
水肥
再三
社運
前説
駅手
単弁
声帯
礼服
組打
正編
放生
野山
適業
引札
眼底
海参
水星
原色
信望
書札
授産
位相
電工
欠文
合服
雲際
求法
母港
黄玉
木具
仏果
歌意
直弟
聞耳
急便
氷海
率土
造兵
予価
角質
短音
留山
院本
正方
料紙
現形
術中
宿料
矢立
複利
仮病
倍数
男波
旅宿
司直
松風
鉱区
空際
水根
良貨
玉子
青草
国号
話者
知友
漁色
黄梅
飼葉
開基
自利
聞手
血相
足湯
原級
波高
悪習
道家
詩形
雪路
夜宮
帯祝
英図
船客
旧例
町場
帯皮
中宮
目色
名君
厚子
残暑
根基
暑気
局紙
満室
害鳥
田遊
営庭
選集
堂上
学績
快刀
逆児
日給
君徳
戦功
表号
名園
語法
乗打
平服
病根
通人
宿帳
名器
逆修
乗数
語勢
習知
自公
田植
親好
公舎
師友
大入
連体
金的
粉本
県令
正法
工兵
正号
茶利
古学
底面
銀波
真因
転注
金製
黒地
後光
正室
雑犬
連年
転結
精義
遠道
眼目
上戸
売価
各面
分団
無月
式次
才幹
徒桜
野点
同県
民活
目高
帯地
弓術
弁才
年強
白州
代印
地文
修史
上天
義旗
悪所
面部
正訓
国府
下人
達見
折本
農兵
全県
別製
章程
内属
死病
古記
門人
星眼
綿毛
半弓
象形
留金
前車
矢文
基体
禁鳥
女持
中綿
梨地
売子
小半
複方
複文
血祭
旅銀
解語
後葉
和上
変性
角地
時世
氷炭
成典
水勢
油土
鉄条
全景
水母
小波
次数
術語
作中
士風
外商
中口
君公
見目
民草
条規
上紙
終点
神典
上長
多照
本校
持仏
禁門
科人
破竹
矢先
守刀
素見
借方
牧者
雨後
商略
連対
借景
家令
前人
定規
極貧
不感
外皮
遠海
酒倉
祝祭
金星
米語
鉄材
新字
共学
体用
性行
正覚
重器
晴眼
木質
楽士
可用
悪文
内記
校風
放資
火夫
絵心
原生
悪筆
極性
両得
使番
半眼
方図
外宮
才徳
酒色
名犬
作法
墓表
引縄
古文
帳面
養家
台子
白根
豊漁
清談
金平
地口
原酒
和物
花畑
積悪
乗物
族長
語脈
末技
水菜
点茶
原綿
星雲
前編
名店
小形
名節
真中
文士
暴徒
生紙
無音
小暑
茶器
質札
綿羊
大徳
古物
功臣
検体
全市
印池
会下
板屋
学則
折角
情理
点画
山妻
下表
素行
人夫
黒目
見付
図録
利所
水仕
舎人
練炭
入子
側節
先限
直伝
神火
画工
赤鼻
仏経
常勝
学兄
遊楽
初荷
公事
経木
年利
政友
大序
助士
実方
死文
母船
常道
白歯
返点
質点
空語
民力
聞香
丸取
他心
雪白
山海
差等
何様
階数
来光
実害
許多
置数
弱電
委曲
田地
研北
空馬
公主
波数
億万
民地
別物
青物
室町
雪消
中食
名手
原音
神君
機織
名利
船底
政断
雑品
羽車
配役
群臣
令色
神授
鉱物
適例
非理
月読
死票
原隊
熱風
活花
個中
岩根
花氷
生色
化工
全角
鳴神
玉代
画会
散人
合口
花鳥
前景
法師
国学
夢精
国許
明王
旗日
便船
雨中
負目
月極
印肉
電柱
国運
次序
小事
曲師
悲調
練糸
電設
食間
合方
子日
魚子
花梨
強談
昭代
目角
金鉄
熱血
玉目
弓道
死所
質物
知力
平手
想念
金枝
採草
持経
平信
常春
強味
列代
雑話
教生
病害
師弟
古紙
情事
地虫
実状
書付
折節
悪才
横波
席画
後金
小伝
間夫
基質
武運
戸主
各市
飛報
正中
塩花
単眼
肉牛
庭梅
病舎
熱度
通番
日豊
底流
口取
仲直
永生
下番
黒豆
頭分
近間
楽節
字音
血族
油圧
頭重
小才
本然
金波
最少
仏画
額際
湯花
容色
賞辞
識語
間道
都鳥
分数
無地
象限
日新
火切
実科
雑然
兵種
世才
才力
黒血
明主
陽報
立居
別当
何分
軽卒
不死
草取
兵馬
上記
経書
合切
国文
共編
原毛
語格
黒酒
親鳥
年弱
明色
野手
全局
軍門
妻板
心耳
無辺
北限
破屋
立礼
科白
前科
精農
序曲
前史
頭首
中編
軍営
身根
暴状
初経
病勢
金主
草子
名句
工期
旅所
受入
身空
今生
次兄
立志
天女
宿悪
造次
神鏡
道人
荷縄
職名
農作
演義
馬主
雑録
悪者
希書
父兄
条章
音物
鹿毛
述語
赤土
体感
才芸
眼帯
夢見
草色
機工
緑便
止金
雑感
演武
関屋
初夜
冷性
持前
序次
葉酸
中天
本章
苦塩
同体
留湯
悪念
土民
接眼
単音
旧約
要務
水玉
里数
仏工
遊子
大鹿
全品
弱国
質屋
非命
別便
仕向
焼鳥
灯標
毛織
接木
宮中
版図
切火
待合
選科
副食
焼玉
空陸
貝焼
原麦
熱性
逆順
近国
落口
良種
工大
村勢
聞事
土語
立板
県外
小業
半円
人達
紀年
当路
向暑
来復
空豆
財力
岩石
代価
原肥
旅心
福引
竹紙
外客
画然
語形
小頭
句切
中表
常例
松虫
鼻薬
総領
徒事
員外
兵備
秋分
広義
話芸
鼻輪
金輪
波線
妻室
両部
長兄
無宿
新価
秋気
文人
修験
本願
祭式
船虫
選対
高飛
道術
人語
薬園
見台
無反
和語
義勇
用命
頭領
残夢
外材
白雨
現品
無色
食指
老眼
自今
志気
板間
温州
単色
省力
教本
酒塩
出花
宿根
酒保
石高
高点
臣節
官服
宿屋
令孫
手心
夜直
往航
北画
神都
風圧
家老
年額
明君
正史
方術
落魚
多義
比熱
妻達
義挙
外界
低位
鉄筆
方様
武官
法官
布令
残年
天草
終期
目星
歌切
武名
両目
質草
画賛
薬石
材木
包金
早業
仕種
大波
官営
曲節
大要
対句
約手
夏休
物界
弓勢
不戦
前件
単車
神性
男心
星合
談林
宿老
重代
素生
祭日
絵素
海員
取前
自他
細則
状箱
折線
教学
首罪
語手
業法
下流
回春
焼魚
動因
電文
夜寒
程合
他県
物種
外報
牛皮
時数
精肉
服地
船足
無季
通風
副因
鉄血
虫酸
着類
長夜
日切
本法
仕材
知歯
茶気
制令
新木
意力
得失
日計
白玉
定性
機外
冬営
鳥屋
銀漢
旅物
茶人
死目
暗君
時候
勝運
複本
見番
版式
選外
追福
日産
対格
孫子
神馬
主持
連子
引手
全車
首題
兄人
漁父
軍神
目鼻
別品
眼前
無量
運上
功業
山女
強国
式服
川船
仏書
感度
中点
重役
張店
心根
特賞
多毛
末法
精舎
令名
客種
進物
陸湯
後会
君王
用筆
極点
楽師
史話
型番
春寒
苦熱
京女
選言
受苦
仲秋
旅程
旧態
法線
軍規
行宮
特電
落花
絵像
業態
初筆
原票
名札
仏家
当市
物日
教祖
炭価
細波
氷野
用金
挙動
色香
入方
港口
古事
有高
検車
文略
良案
金位
水貝
両前
備考
山寺
先天
中国
無産
花台
親船
用役
風災
老師
好季
君臣
織目
守神
日和
正員
色町
角灯
鉄管
草笛
指物
悪気
令聞
筆画
軽風
負数
起票
等位
帯金
葉音
見場
同色
馬陸
豆炭
長円
父様
山神
形象
基肥
里人
乗具
路銀
間借
禁中
朝酒
兵役
約音
秋期
節理
流人
校友
増価
宿場
参差
常人
社中
風害
左記
過料
夫子
水生
適作
時節
小布
父祖
水差
眼界
詩史
性器
保線
余毒
有史
電球
外史
余栄
字数
小職
要路
名花
切岸
楽土
残物
食通
軍使
産学
官紀
良民
余病
活版
接線
不弁
結言
成文
非時
属人
単発
毒物
等量
強酸
悪形
応益
表地
各駅
金持
図引
教典
標題
雲間
金賞
好学
労資
緑眼
経水
神米
現官
中限
泣言
初等
香花
移流
取組
空包
銅製
現高
陸戦
国花
氷点
民選
物象
品格
和書
県下
側目
新政
地階
水魚
破子
断頭
帰命
教務
飲茶
守兵
横目
雑書
領地
行金
礼状
時様
自象
夢路
内入
末位
買主
案文
水声
法典
紙子
適職
水木
来意
新本
大功
校外
他力
戸車
早耳
現員
作条
門下
売主
官選
身状
便法
悪相
山水
引際
定理
金貸
多雨
助炭
和習
中気
素話
洋室
外局
部類
国電
歌合
地頭
外字
下目
右下
弱行
社主
工科
真理
銀笛
軽挙
心気
気前
動労
水音
容共
保金
上玉
会務
鉱油
光頭
家主
機知
真性
平体
罪悪
水計
人台
公序
天授
外題
福分
原器
小兵
野羊
心算
氷柱
船団
反歌
母式
海布
所説
黄身
象虫
内証
河清
麦畑
縄手
時日
原書
板目
礼者
堂守
山行
主査
神格
精虫
主音
県別
引数
足代
矢来
有休
節織
名題
武辺
気管
軍刀
社線
白光
打切
取札
要点
逆子
不具
式法
枝折
板元
法例
良港
君達
結節
兵家
測位
週日
教条
満堂
牛馬
告祭
死身
足形
工数
家例
絵師
荷受
場代
家格
小身
馬料
余談
別報
夜気
秋興
張紙
武事
王法
総有
復文
足技
弓手
輪状
本科
先夫
良友
機長
東天
加里
借手
母型
楽人
親許
老臣
属官
日子
大部
両足
講料
政客
成因
老婦
能事
治略
本官
不測
産前
下界
助辞
買薬
別院
言辞
低地
容積
世道
月夜
家伝
富強
副本
鉄輪
略伝
王公
木精
毒筆
科挙
下根
米飯
故実
化物
界線
馬連
暴勇
複音
箱書
冷麦
命脈
豊水
住持
労政
左角
薬玉
話頭
基部
張力
勝勢
宿雨
性状
緑肥
林学
衣手
重囲
書役
後朝
全音
雑文
教具
本城
花園
夜話
課外
用次
秋高
位記
丸首
名主
寺男
局報
有生
急病
切紙
反照
天理
精機
船内
点薬
町役
医用
余光
後目
官学
麦湯
飯場
乗合
才取
何等
春画
新体
風教
天台
貸席
結界
標札
家集
利達
対地
不買
港内
副木
言責
草原
丸帯
飲水
画商
変物
星夜
流物
青地
火色
末社
宮居
水絵
毒液
置屋
米屋
悪因
荷札
漢書
緑野
間者
適言
数社
赤貧
絵付
消口
径庭
測深
勝味
天上
古音
官版
支脈
成心
投売
残欠
男声
軍務
地物
取調
熊祭
名付
士卒
義気
有余
才人
油送
図形
列後
園地
門付
戦地
枝隊
英名
群青
出湯
満月
動産
学制
今風
旅路
詩学
小春
帳票
冷肉
敗報
寒流
計略
米麦
明夜
祝勝
神学
手付
語意
小字
経度
軍功
北洋
重科
票田
所願
朝家
先非
面体
大志
歴数
道歌
仕切
句題
本草
雑粉
石竹
歯音
祖業
心頭
定圧
農事
小母
荷船
手鼻
細事
浅春
上代
院試
委細
組頭
積荷
音字
手合
大公
関頭
地歩
玉門
方案
精分
雲上
暑熱
束子
回章
重犯
麦雨
仮性
断然
間柱
矢玉
果皮
特等
紙屋
温習
他見
社家
益体
青毛
義金
豆本
近衛
特高
月余
型名
種油
在高
地紙
余寒
有界
液肥
防暑
馬市
国領
公法
飛台
大法
軍医
不例
良知
米産
綿弓
根菜
辺地
連火
史脈
柱石
用量
笑気
編組
油差
金頭
小成
光点
船板
満山
付表
見合
母線
非勢
売場
停年
借料
職階
生酒
飛信
夕顔
婦道
反米
夜昼
火屋
教門
文官
本妻
人知
君国
赤手
薬師
産院
足芸
公徳
結綿
判取
間服
現時
典礼
地境
日照
行旅
青酸
糸底
青玉
板子
内庭
神水
不文
明文
切点
後前
緑酒
無雑
根城
原典
便服
所見
父方
易学
山畑
紀要
木馬
未発
太物
興産
植生
業風
研師
真金
中卒
損得
地米
悪貨
他家
政事
内所
生面
切妻
通力
定点
物証
法条
追分
来示
日動
広前
下司
軍兵
定命
返札
切所
出会
倍速
飛石
深酒
武神
真竹
春光
速算
和人
無文
景物
牛刀
織地
商家
置字
現制
貧苦
量水
真底
定見
天機
相席
外教
枝炭
側圧
別電
空理
友引
秋日
街灯
刀身
年取
空身
悪神
世情
和字
薬効
常数
年女
草卒
信者
水明
戦隊
飛箱
国典
練武
月来
鳥追
枝道
残照
月下
下名
細引
老体
手旗
飲代
分際
学賞
馬頭
東男
部立
根太
余情
税政
当限
西国
鳴戸
才識
天分
産土
洋書
出典
便通
飛語
兵団
炭田
弱年
感興
常世
早月
良法
徳義
辺境
原品
根深
参議
今様
基音
重機
量目
牧民
天孫
防風
在方
舎費
神気
小国
県費
見世
応手
小変
自余
標灯
類字
月色
古色
直中
青虫
大船
城山
火手
年寄
着駅
守役
赤心
笛竹
東歌
明神
独楽
語路
鉱産
典章
人馬
実線
冬日
器質
丸打
塩豆
送状
再犯
力水
業報
始期
河馬
直積
石弓
実印
色神
間代
西経
官舎
様態
極安
灯明
遠音
光波
中門
群落
仕合
絶景
竹輪
福運
持家
標注
羊毛
今体
種本
死脈
夕波
級数
家数
士関
年波
真人
短章
細小
共管
先史
群雲
富国
無欠
鼻紙
筆生
枝族
球状
各週
枝肉
知音
耳順
白兵
立冬
気体
夜具
全階
実像
感能
冷眼
織機
常会
快技
社司
官位
死毒
質店
炭庫
葉脈
再往
福茶
月役
楽典
学府
天質
流罪
高教
兵務
仏子
中州
短資
重心
草月
内皮
天金
夏型
食客
緑青
文箱
連夜
文目
人波
言行
秋色
門生
横列
旧教
歩度
局所
湯屋
指分
栄位
建玉
申文
大戸
天顔
白身
薬草
等辺
逆旅
角通
目路
支点
始原
絶品
荷足
今昔
損気
理財
平温
早口
明度
領分
正眼
経線
変人
岩組
金石
番地
雑学
同勢
帳場
防具
行頭
高空
式台
歯肉
仲春
和製
同属
死線
通言
戦野
有色
理知
目次
旧作
中風
色女
大名
炭山
不休
徳政
重弁
水火
残品
夜会
書証
圧制
生節
水船
円柱
各科
体液
京菜
独往
快足
小編
流者
小鼻
前足
易者
他動
縄目
義手
利酒
局方
教案
英学
赤目
魚族
寄算
自注
玉菜
故紙
各課
序歌
主動
香味
武徳
調帯
有識
有期
残任
声望
方円
庭草
美田
小史
停刊
商館
兵火
種牛
刀工
血豆
平皿
国大
大暑
火縄
初音
台辞
水際
正負
初手
常体
後件
同線
富鉱
選民
血粉
絵具
東国
馬飛
経口
学資
身心
悪書
桜花
単線
非運
国書
富民
老生
戦旗
会規
表皮
招電
心術
天辺
石筆
英主
常夏
祝言
近状
表門
楽天
月見
本堂
側部
小勢
清福
士民
祝意
手車
門歯
長文
料地
先箱
土気
重陽
田打
本性
社歴
急使
春分
道心
雑曲
元老
晴天
無常
分社
木末
例月
初口
番手
比価
東屋
人才
図体
宮門
持主
初会
快方
小名
鏡面
暴民
次点
手長
弱酸
不義
素性
重苦
直会
季秋
月経
力業
家来
水損
終車
大悲
古筆
社用
野史
軍略
近業
路次
札付
園丁
定量
側帯
名工
花期
顔役
血目
天変
加水
留鳥
首府
皮具
経堂
地相
初刊
目板
民心
別格
山相
公印
義軍
妻女
所伝
地内
高祖
食分
類火
美果
歌心
雨間
無声
公会
他流
正調
早年
魚道
林業
道学
丁付
町制
重言
春本
常節
帳合
上略
玉総
義人
上作
西北
別種
温色
美名
色情
小間
陽動
両損
報賞
赤道
風鳥
利器
木炭
賀春
造化
海人
船着
王師
平身
上使
焼金
厚志
末寺
打物
軍歌
要目
悪漢
起電
物見
連語
対日
世故
博労
見性
家臣
札束
王城
父老
詩才
線分
冷然
元結
直音
薬研
通運
願行
野老
余香
下肥
雪見
清酒
見料
医術
神子
玉体
総状
空列
当課
宿志
逆理
待人
手相
名識
外米
清元
婦女
果報
学務
王道
仏説
雪女
前側
銀賞
病変
付焼
省令
歌学
小者
寒月
余聞
両家
相好
外港
余事
積雲
上板
無題
番兵
東路
往路
筆法
長講
軽石
馬車
薬礼
語口
原資
木表
早生
強兵
空説
和学
不才
長久
小乗
製織
開祖
流造
足労
出初
市部
挙世
宿便
県南
買弁
悲境
故由
差引
都度
読方
能動
深交
下前
羽衣
焼塩
知者
考試
寒梅
荷役
日待
金歯
観法
空音
仏門
社風
書風
続物
毒手
心妻
必用
旗標
地神
番線
月番
始筆
基点
区切
病家
精気
状勢
声質
秋草
全港
真土
永世
羽子
悪食
平準
元帳
車力
銅器
有心
戦歴
新身
手下
国人
死角
族制
黒毛
天球
人買
陸田
義子
代脈
下男
来者
音像
昔日
各館
因習
容顔
明後
牛耳
未刊
先様
統覚
本四
直人
軍資
肉粉
下士
青馬
高説
使丁
線表
泣女
高察
初耳
魚肥
北町
石組
舎兄
民望
門弟
平語
同工
訓点
資性
寒肥
酸度
弁理
入費
庭前
間口
石板
正道
氏神
故老
丁数
変局
自流
全能
後室
地雨
子中
氷雨
白湯
野戦
口器
極製
兄達
清音
小径
実意
現今
分力
洋語
城府
労協
白梅
徒手
空似
故主
庭球
天人
台地
春着
犬馬
遠国
小手
体計
根付
林相
類語
糸目
重土
良妻
力持
工率
代数
旧慣
印税
持分
半文
重職
法家
綿雲
調車
助平
絶遠
農夫
鼻毛
湯女
行司
心夫
軍記
起原
書判
旧悪
古形
半作
上町
練鉄
外編
本手
外積
原義
必修
奈落
桜草
農大
目付
小数
強面
祖神
画境
令書
独眼
朝見
花色
山容
高根
夕晴
軍夫
時局
内孫
性合
建場
勇往
多生
側妻
雲級
変量
地歌
放線
旧情
白羽
丸麦
害悪
馬標
多聞
糸竹
命日
急用
弱卒
親節
道管
動輪
官報
能楽
別席
牧笛
辞色
他用
菜種
半天
多罪
新着
赤飯
塩気
貸手
墓守
内金
無界
日商
生類
詩興
徒足
原状
川底
証紙
追風
身柱
無下
指頭
殺気
役印
入目
音調
用達
色物
海容
力感
道断
家政
荷車
機具
検字
相聞
陸橋
旧法
読点
花札
会心
短波
浅手
質感
元高
新茶
落度
義戦
先口
点景
利運
良風
見境
山色
各州
道教
子種
薬指
病因
京間
手勢
遊軍
主上
家教
礼楽
公知
親衛
実記
代務
野師
人別
未必
史筆
共産
夜着
野路
数個
遠眼
心友
内典
風眼
前便
中研
上声
下足
例祭
学理
倍大
女色
祝典
今方
礼式
類同
神算
変体
山国
雑役
急白
部所
汽圧
営舎
速力
国法
自門
情味
破風
両統
武者
家持
地積
長上
当所
同門
建具
日貨
日当
雑件
令室
銀地
入神
独話
黒米
原虫
国師
証文
君命
牧童
極量
受話
来車
旧領
遊資
心付
血気
買価
素手
新宮
鉄石
単数
炭車
自大
木立
再応
遠路
引例
角帯
少弟
命毛
飲助
色合
仮初
海損
緑茶
学外
極左
単利
葉末
挙例
図会
寒色
部面
古訓
絶境
逆産
破鏡
提灯
付票
香水
武弁
身方
営倉
帰航
公器
売口
演物
労苦
末木
熱球
効験
短才
油虫
初志
首足
差足
戸口
国母
美音
豆銀
仏前
往古
切能
信士
定席
信実
仲冬
同素
後家
台木
世態
後場
故殺
小皿
小前
字母
職位
性病
良人
漁労
逆接
長持
細大
深林
算法
国表
下情
軍費
弱味
右府
友軍
末節
羽音
球速
戦備
語順
粉炭
国光
雑報
旗持
車夫
道者
鼻祖
苦界
遊金
消炭
有功
美文
詩意
肉屋
戸外
中程
局外
造酒
勝報
長波
加薬
美形
大約
老中
山羊
所天
写経
整調
心象
東雲
祭政
情実
残花
活魚
心眼
師表
側役
入船
毒見
助産
悪感
過半
強記
側線
寺子
手代
主部
村雨
確然
険所
寒竹
死場
船軍
売国
小佐
曲筆
士族
金工
銅貨
差紙
静心
防人
余熱
文節
不労
仏寺
写場
低木
土工
野末
標号
筆意
茶事
岩屋
人品
火消
線形
留男
両三
不興
見所
事始
人声
南天
才子
固体
君父
重手
定式
紙型
形像
仕組
光子
情態
才気
左下
積肥
情人
民有
門限
医業
台場
法令
月食
非分
祖語
何方
右辺
理非
複葉
暗然
火線
足業
初生
各月
水陸
業物
火気
楽長
漁区
治国
通史
戦雲
美神
助人
飯店
分課
作意
和本
史談
小用
業主
暗夜
府下
清白
市松
花軍
類歌
活殺
政経
右記
英気
波風
同質
総員
天領
氷水
歩卒
基線
型紙
和音
漁夫
省線
面識
製紙
区点
黄体
各様
空字
光輪
船方
書法
物相
主意
家財
天険
注連
経界
食道
貧者
観兵
頭字
木石
反身
秋思
所生
官界
正使
柱頭
洋才
法号
武備
酒食
雨氷
朝湯
単記
養女
運筆
天目
初句
飛電
家門
変災
試技
福相
神位
小耳
鉄色
対価
訓辞
神器
争議
花時
小力
門葉
字解
丸薬
言文
礼物
編首
相判
反語
重病
他物
産衣
来電
節糸
国貨
大官
余興
適材
公子
切目
死児
余得
師号
終曲
順境
語調
正夢
宮家
元物
文頭
神歌
散光
死人
旧館
空色
停学
防雪
評語
黄門
表徳
佐官
何役
仏典
銅鉱
章魚
交雑
手兵
政所
官印
内議
仮構
手刀
牧舎
明徳
買上
月謝
始祖
明鏡
事犯
積水
波動
兵卒
伝単
花代
目顔
流言
青票
客位
風草
大隊
名分
対向
倍長
副文
報国
時鳥
晴着
長径
近事
典故
君民
聞役
全知
文例
火勢
筆先
断案
古刀
死地
音感
家兄
内題
小結
本紀
精麦
左岸
終局
衛兵
酒興
評点
新語
防毒
逆臣
寄道
心機
勇者
老手
号音
照焼
平面
勢子
印面
唱名
海産
電略
小話
苦境
歌書
理化
長路
演者
年男
気道
中性
糸桜
絶海
明春
景勝
行火
親等
眼光
対米
波路
道士
岩頭
草分
態様
両夫
天職
期成
文金
童形
春耕
兵制
時好
輪番
属性
良書
多勢
球心
終極
酸葉
適才
慣性
駅頭
席順
常宿
水路
才媛
願意
者共
川音
古格
金地
法政
深意
岩室
白粉
太初
村里
止観
島守
売人
関白
都電
後列
本志
限外
早見
医道
肉池
立木
横線
共益
風足
来期
半開
車寄
夏服
取粉
言伝
音義
詩型
他聞
高年
新約
短信
左近
荷積
今際
戦利
素数
例言
氷原
風下
弱虫
初号
高次
国士
良材
定日
童歌
銀製
落体
古語
車馬
制式
事理
売名
徳行
満会
路標
暗号
台紙
主調
切先
死時
先学
老残
神祭
兵営
半平
席代
半金
先任
風気
詩書
宿学
波形
宿木
語数
黒光
明達
取立
小満
近体
口才
対屋
薬種
日夕
個数
人伝
引綿
年子
品別
新案
冷熱
羊頭
聞物
雑益
金談
魚板
書信
石粉
駅舎
青貝
不可
天産
金線
火酒
客間
葉月
余白
歩兵
香箱
字画
伝手
令息
営林
強弓
明月
正接
習性
造山
和式
海国
具足
口金
原石
海陸
外物
打身
親政
通辞
折箱
鼻声
張物
労銀
花心
減作
能文
宿運
開山
大番
海象
性愛
毒魚
新秋
農期
県会
銀器
船宿
牧夫
相法
付図
級長
労金
往日
軍馬
夜番
金風
単葉
検量
平脈
京阪
武門
麦角
他事
南風
本態
自性
月表
浅才
所領
治者
神通
詩想
月明
雑作
題詩
本字
小曲
全労
鉄橋
師父
号車
季候
有体
状差
前額
無二
口前
女波
予後
相方
公理
算木
類型
心意
流民
差水
青菜
先山
筆戦
赤紙
罪責
史書
幸便
性差
細筆
分隊
制札
上物
験者
指事
曲直
社友
玉算
教則
情歌
武断
天明
湯茶
典薬
緑玉
油気
略画
両義
京師
飯台
張番
負号
意中
球史
利水
種紙
界面
単体
進士
上衣
天来
題意
馬丁
付注
金糸
梅毒
社共
金団
豆幹
中休
球道
多倍
下角
横雲
冬空
地役
不知
銀側
遊君
上客
例規
漁法
速歩
防空
秋晴
寒害
大技
中隊
造物
眼中
内宮
平場
仏祖
前言
山風
雪男
武勇
起句
総点
辺土
工手
角笛
初湯
人死
英略
湖底
医員
古参
両次
大安
来状
往事
申入
鉄線
色悪
鳥目
名流
面輪
定温
石松
易化
貸店
講説
厚紙
張板
点心
貸切
院政
具象
導管
札所
産婦
悲母
前代
造機
気先
箱庭
鼻木
貧寒
略図
風見
静脈
暗室
流氷
楽隊
後学
中入
名城
当家
石造
赤身
町家
残像
木通
表方
秋物
女人
死水
助祭
心材
書画
提要
山場
絶技
中外
船型
布衣
中波
後口
上薬
結線
公孫
官辺
夜景
陽極
中耳
取付
番台
声聞
奈何
他念
桜色
水夫
打力
真名
禁札
山守
歌口
大師
負軍
来季
大黄
苦竹
借受
売色
才六
雪空
新店
合着
遊漁
観想
岩魚
格付
悪心
書目
字訓
情工
天心
刀心
持薬
中指
人面
不着
別状
牛後
急信
品数
愛息
桜飯
書屋
風前
船路
春景
高徳
式目
庭訓
遊技
徳目
横紙
本道
旧主
夜光
半解
官立
反物
肥育
共役
相客
生湯
酸鼻
件名
軍旅
神灯
引歌
仏事
余財
実理
肉類
式部
丁場
王化
情婦
手性
地産
全戸
古希
海松
帯留
鹿子
反例
体技
飛魚
主務
税目
防共
画筆
清勝
台下
細線
厚様
意想
因明
漢才
勝景
仲合
太夫
厚司
未決
平話
校旗
武功
白頭
主脈
語頭
細民
急電
赤銅
造本
失体
設題
仏具
麦飯
衣帯
野立
短評
好字
小昼
声価
情動
規準
言句
茶道
結文
引金
歴象
主君
新古
故里
修辞
政道
後先
路用
効目
仏堂
地織
古人
詩文
機転
得物
切水
道着
挙国
雑事
国富
親木
古昔
院外
木管
朝命
親玉
弓取
衣魚
別使
現勢
主祭
平声
願主
公差
浴後
洋品
厚地
品名
薬科
暗主
整式
主情
花祭
量子
月草
手妻
肉交
提重
気転
芸当
死金
小首
旗雲
条理
火玉
布目
告文
銀山
原質
法名
観音
病葉
後産
元正
足熱
主語
時空
具案
内意
波面
死罪
種物
童顔
博愛
副書
美声
学事
王土
略服
夫君
中黒
中位
深手
銅山
投節
実生
道服
官女
夜戦
月切
貸主
単式
所感
団居
金欠
日直
圧政
真弓
泳者
目代
富者
支族
口伝
飛火
配所
遊糸
花守
志学
校本
新版
平城
結縄
精根
仏法
洋式
空谷
落日
親達
表口
花屋
本給
色道
応分
和談
極楽
焼絵
用布
港外
組重
属地
氷室
地温
書院
茶代
部室
情火
雑題
病歴
野乗
陽画
水松
肉感
初氷
同上
大姉
矢種
全島
虫害
泣顔
書体
線画
上表
手織
死際
公休
目薬
格式
銅賞
自序
平米
正金
戦機
陽春
独言
粉屋
前古
通例
内争
法橋
男帯
場席
同番
家職
識見
記数
馬具
複素
節婦
対数
雲路
勝星
古血
歌体
海星
席入
立業
有精
徒名
断熱
麦作
手序
曲馬
薬酒
独歩
書状
路辺
湯玉
左辺
法輪
採光
両所
生母
年期
文意
神祖
色相
番長
必中
悪道
貨車
原意
老少
月毛
表作
広間
苦肉
管状
小知
進取
人世
上士
筆紙
高節
冬場
衣食
適所
近刊
軍令
国状
急足
明太
島山
新教
語根
活仏
極月
重湯
心神
臣子
余力
野火
大政
要具
流速
建売
後景
青眼
後書
固目
有半
証歌
要害
仮数
機業
案下
旧遊
大路
終発
満期
宿罪
的屋
大葉
読物
暴雨
虫薬
新令
直方
風月
直参
悪様
差分
初役
中子
害心
通有
国禁
回文
反立
氏子
長湯
単機
心太
原語
引物
器機
管下
散楽
出格
心火
結願
季題
真筆
命婦
寺格
法城
塩害
玉虫
故山
守宮
兵船
句法
先君
火矢
要地
輪中
面前
底魚
残夜
夜色
花実
増炭
写絵
受持
小勇
似顔
令妹
打豆
余技
船荷
心像
焼付
緑林
半白
流体
国司
上世
勇武
鼻音
市勢
夜業
大逆
曲面
文名
中農
質料
丸木
令弟
切子
日算
旧任
素養
大過
初物
海女
世路
馬印
億兆
体様
医方
赤熊
天王
玉歩
雲形
属国
岡持
後人
家名
日永
用法
実費
間着
神橋
弁口
句点
名月
知行
楽園
熊手
投首
店屋
校規
分秒
給金
求心
文鳥
学才
城主
原紙
紙切
田作
軍勢
支隊
玉案
中有
同職
使徒
輪形
情夫
羽交
整数
博聞
本則
色目
物情
明証
和戦
紙花
真先
白茶
天意
取口
労役
重罪
守成
女医
豊年
葉桜
和布
持場
有夫
前祝
春雪
別件
官能
紙器
薬学
式年
人参
節分
昼夜
野犬
火水
正数
鼻柱
列火
粉米
文典
報徳
付根
残生
石版
特金
非人
通気
歴戦
先約
地衣
美点
平底
用例
曲調
実際
破線
印判
仕打
年令
天真
風勢
国訓
詩語
笑話
死物
花落
故知
大意
音速
面皮
東遊
拾屋
近因
新形
仏土
下戸
指命
定職
血路
和銅
火打
散米
米所
軽口
語末
市区
切炭
正則
外洋
官記
原初
業病
謝金
回虫
素意
法統
漢土
矢庭
水油
行平
単解
平曲
命運
夏作
箱船
良工
深浅
付則
才物
極上
希世
宿許
領民
命題
空電
小梅
導体
仕法
真草
官職
縄張
図様
正教
道産
牧人
同文
調歩
底土
風花
実姉
余所
朝飯
神式
出合
水天
減法
板本
寒帯
屋体
名筆
達引
季冬
白線
心持
定宿
出丸
勝因
前門
中興
要事
極官
折助
銀位
毎会
雨声
大協
店構
香具
軽業
上体
同君
横議
古体
積木
副使
売出
表具
容止
編章
番所
合羽
元価
真横
職制
印紙
群小
耳許
鳴子
身性
立役
好配
祖師
室温
栄典
練兵
当校
脈所
戸板
大福
熱情
加数
手工
関守
地気
法治
物上
目性
逆波
老農
代案
心木
大円
水足
戸長
香合
色覚
在野
車引
語感
飛車
制勝
後山
秋作
養母
新院
徒情
重責
氷雪
無上
金売
方略
名木
情調
手植
祭場
海老
仕形
雲量
国字
部内
交友
大罪
旗下
極付
直門
常法
不時
高下
夜学
悪報
名望
米塩
土星
原付
印章
山番
持病
旗頭
所書
空談
機略
白目
織女
貧農
空耳
上水
伝助
未設
確報
太子
門口
両市
半音
空合
白糸
多血
両朝
公証
直衣
有情
同役
波布
文勢
副次
名標
雲海
本金
機根
夜船
書取
置引
技工
図絵
能筆
当館
神官
義眼
記聞
評言
上様
古制
平麦
月別
名刀
因子
海防
全便
聞酒
題画
小面
両道
炭取
桜紙
横形
通箱
財貨
刷物
緑門
末世
天主
炭質
大足
用後
広原
週報
天外
半玉
外向
画業
白話
半価
年季
水物
群竹
香気
役牛
銀子
打首
兄子
近東
馬面
円貨
買気
音波
地合
楽想
寒心
祭司
矢束
松明
犯則
新風
仲居
神色
両年
円上
童部
名子
歴程
大死
当機
根毛
男前
遊女
元肥
王代
麦粉
利手
義心
通事
実字
主教
日輪
熱量
赤本
石女
船標
適評
欠本
多売
商科
鉱石
政略
連声
調音
史官
引戸
魚群
国元
公役
航続
新酒
和船
世評
緑風
教理
洋学
外因
内法
書林
下草
空巣
各賞
公方
重箱
焼印
史伝
商学
真皮
行文
起死
標目
国持
家信
灯用
敗勢
手飼
鉱害
海草
金気
張手
犬歯
列伝
単級
手事
道統
古伝
素足
例題
河船
空冷
全期
売薬
王事
事相
早場
属島
主薬
後編
季春
票数
寺号
清栄
後備
花序
余徳
箱師
内聞
西陽
酒手
野心
相国
欠目
徳望
道話
係数
数多
平織
満車
船守
火祭
観桜
客地
寺領
西土
左証
古里
丁年
外道
応力
草書
評注
標柱
属領
市費
使臣
洋弓
音節
断橋
鼻面
風力
可動
交声
上屋
旧臣
光参
落陽
証票
旧道
矢場
便意
焼山
序言
位地
法門
総記
小中
医書
欠員
課業
漢語
席料
真向
図上
内妻
小器
大乗
武技
同類
中置
大通
代人
鏡石
可逆
合札
上皮
名山
発句
基板
礼電
素焼
行路
灯心
落人
副題
高角
返電
市上
芸文
金銅
仲立
船級
馬手
外耳
水筆
編隊
類題
縄付
能才
全紙
字句
洋本
主位
兵略
焼飯
木皮
光陽
号旗
健筆
電報
在所
旅情
感熱
等式
神楽
商運
所帯
空事
右近
本属
功過
場景
男手
用度
金管
乗法
外紙
南岸
置土
軍港
絵所
門主
客気
軍紀
土筆
桜貝
福助
門柱
光来
現業
薬毒
同母
取高
馬方
円転
容子
無品
複式
面差
炭団
差毛
生糸
決然
印伝
色感
気息
送辞
束帯
酒気
男根
非番
取的
画板
外気
常客
回天
寒行
秋月
女工
組下
上目
国主
冷温
文色
小付
素式
家君
無手
回状
定則
現任
昔年
入物
悪童
塩基
遠流
率然
数行
夕立
麦芽
当流
旅衣
格率
後作
官設
天成
貸元
天堂
海港
要用
落首
打綿
内国
田夫
野道
上意
数式
長編
差前
児女
焼畑
香魚
静夜
村役
職工
地底
光年
宿六
家訓
徒口
容態
角柱
近火
貧鉱
作男
倍角
家作
遠火
何頭
時勢
教場
湯葉
末筆
地所
赤口
出様
平時
夜店
茶店
不評
楽市
寒波
院議
小童
人臣
個物
有様
主家
仕手
寒天
間然
未聞
差料
家風
主事
老台
会堂
読手
鼻先
画才
弁士
元始
速効
老女
茶所
反間
豆板
順逆
情交
作土
球体
動体
心音
春情
用足
心土
願事
徒飯
地引
山子
和親
歴世
肉色
門札
口許
芸大
冷暗
文型
売声
沖積
新前
酒肉
館主
同病
直列
花月
晴間
宮室
初速
画意
男持
細雪
布子
兵書
不漁
貯炭
原名
春陽
内圧
生首
官栄
読史
病犬
外線
活眼
残香
小女
雨具
所由
養分
土人
画室
名号
産所
銀粉
有向
行書
似合
来世
月限
外法
間貸
西紀
熱型
同人
益友
達意
色素
土間
兵事
過客
連曲
願人
天象
中手
目許
全作
平民
下火
道内
天朝
糸車
塩酸
角形
在家
店子
別間
略体
光学
変種
席題
西人
洋種
無風
本状
形勝
無位
矢車
畑作
湯水
気運
黒焼
戦役
産米
聞所
売笑
両町
横型
版本
方眼
下職
貸本
文才
空家
気根
所出
拾物
日報
神国
神助
機屋
下帯
法話
寄手
構文
判子
茶飯
決河
山犬
円価
入夫
試筆
都議
極所
寄木
仲店
伝書
温容
羊水
無印
男役
試料
才知
悲喜
後夜
前約
財経
組子
総高
近臣
和議
救民
矢声
近古
禁園
新参
賀意
分身
部課
産道
連木
常打
大知
息女
人海
神州
子鹿
貸費
際物
幹竹
常緑
写字
早馬
丁字
魚油
要理
洋銀
豆油
人定
旧居
上聞
消暑
牧牛
石印
先住
版下
所司
格外
里程
管見
反歩
新刀
法弟
遊士
領水
小寒
略章
種板
前作
公課
大水
遊山
厚手
和毛
切張
副手
父君
官金
留別
円心
実学
温熱
島根
無官
修女
低圧
内高
手塩
軍学
星図
太白
作事
両辺
家産
測線
詩編
愛鳥
庭先
往昔
折戸
立米
早番
和訓
夕景
点線
産額
治下
別条
業容
多士
春色
包有
測光
終電
形体
手械
素首
保水
飛型
省議
業苦
小町
政見
気流
水月
巣引
居合
連歌
全判
実歴
順列
形声
住戸
黄水
神職
政戦
画素
焼石
発話
井目
義民
術数
実事
絶後
責苦
受身
大命
大器
業師
小言
特質
耳金
小父
明笛
失地
師道
寄目
小店
所労
遠来
気持
句読
保父
満作
心力
飯米
級友
悪戦
団交
近情
村会
追号
名勝
病体
全学
家借
員数
事大
帯側
光圧
悪寒
有理
迷夢
無向
武芸
印画
無住
通弁
本身
貧土
本案
連句
大度
耕土
下心
好日
灯船
総意
金時
雨季
毛見
知徳
中業
暗黒
鉄鉱
東口
実包
行状
黒熊
良品
公準
武道
丁子
公館
技研
迷児
定府
空夢
均整
河鹿
画帳
序品
別口
通則
利目
夢現
接辞
白焼
谷地
弱志
葉状
父上
雑観
木目
径行
家父
木型
相宿
愛書
船側
野茨
書中
雲足
古城
法語
悪声
返歌
敗残
活弁
戦果
小夜
天物
切畑
歯形
詩体
講述
後足
検使
差油
素志
女犯
金仏
接台
金高
順流
村童
夜曲
神徳
小使
関所
類本
門外
保身
適役
農芸
血行
法灯
科料
他校
米材
愛社
黄鳥
人橋
玉音
名言
冬作
半角
戦局
各区
産毛
回船
実員
日限
苦寒
走路
産気
下略
士人
各相
白太
禁衛
軍票
管外
居中
細石
断編
水芸
世知
仮死
行賞
荷作
性情
神階
初夢
海道
好悪
年央
会意
電光
化身
天運
湖岸
手持
子方
始点
切戸
連言
時文
山刀
地顔
損料
像法
空戦
同好
反別
細面
筆耕
官員
逆光
末書
上製
車台
輪留
点者
耳輪
木仏
領主
益金
乗手
里心
印材
人相
飲屋
先登
迷子
公武
願文
年報
行手
茶園
多少
手打
前菜
料足
初犯
欠番
高波
登高
起毛
手刷
筆箱
水引
羽目
未配
法服
文題
相識
分脈
成句
門火
知略
武臣
本末
滋味
特立
居職
漢音
竹工
死花
暴政
近作
氏族
火柱
食塩
仏師
遠心
行学
大農
各車
自照
理外
番屋
長虫
余命
水脈
永代
香車
心性
地変
圧雪
立秋
生国
同友
断金
同前
他殺
深間
原皮
朝議
職長
筆太
分室
講中
欠字
管領
町医
主面
流量
朝間
史乗
回流
神意
課内
仏身
王命
義士
商都
字典
毎戸
重水
間男
酸類
来信
博打
経連
用益
先覚
競買
法談
朝来
荷造
日出
夜祭
橋板
事変
夜道
出物
行灯
引力
式日
楽焼
軍旗
罪過
冷機
不老
星団
肉入
酒家
母物
情義
雑技
真情
城市
快弁
前略
道化
風説
例話
中許
立引
速足
道草
長月
単元
星宿
経年
老病
高所
敗軍
昨報
芸子
破船
春作
大典
有性
禁城
王制
版制
編木
竹光
紙帳
所化
目張
史詩
正客
複眼
織元
豆類
導因
初学
美談
肉声
赤札
小刀
宿駅
近在
気球
北辺
毒味
歌話
本立
鉱毒
間色
土管
早便
飲物
造言
夜鳥
公達
満額
母衣
両行
付句
油屋
多元
居館
古流
良夜
切口
名馬
悪手
油分
言笑
向寒
高菜
完本
行人
神宮
対流
転帰
月輪
質種
木芽
場数
時務
図面
勢車
両輪
祖先
天助
受書
他紙
英資
糸引
良性
板材
夜顔
紙価
古顔
口書
聞書
才筆
馬力
雲居
散票
付火
黄白
線条
名家
順風
手技
産屋
保税
士分
開府
適薬
人山
社則
校章
組立
借主
打水
牧神
章句
洋刀
人柱
電界
極太
回教
飼鳥
産着
真義
全備
板場
歩数
直宮
市中
門衛
部材
生血
急談
空木
間引
牧羊
神主
悪人
今上
車代
血合
重態
変格
詩草
逆境
別命
付文
持説
内燃
天馬
歴朝
字義
初伝
綿雪
製茶
未草
打粉
宿意
非役
余勢
世心
地番
徒士
大計
官費
季夏
進境
話術
真水
緑土
綿花
田虫
原鉱
益鳥
非望
講談
語種
洋紙
利他
早計
空茶
解法
史家
長石
法眼
客分
産直
相銀
光風
読会
薬害
別刷
数次
新付
草肥
村方
客車
体温
葉風
当住
領国
小照
漢和
造庭
読人
中味
両県
題言
包皮
所外
親日
貝柱
雑税
妻君
線上
経糸
遠因
記文
往者
死中
市協
意字
神政
長者
銀紙
検校
民度
用務
社日
産制
法力
全課
空名
時服
広口
実正
和牛
法理
教区
小歌
飛札
長音
布引
人税
神体
絶島
研屋
名数
上絵
小額
青史
各県
前官
湖水
目地
中形
富札
米食
冬着
引起
筆名
自席
軽四
多肉
古兵
本分
罪名
用便
毒水
無勢
仮宮
形勢
右文
学際
居然
不二
白酒
副読
反橋
似指
町会
弓馬
節季
下枝
不一
時雨
結語
福音
画数
技官
行道
黒松
公国
田楽
炭火
真面
連理
長流
水圧
半球
無才
候文
軍談
満願
要港
上底
天際
草画
路頭
式事
高風
謝状
数寄
分量
神品
余録
丸本
温石
天測
区会
日歩
示度
定木
悲歌
光明
丸太
冷飯
金札
同罪
書式
試航
短見
親書
桜湯
音便
小節
風位
情状
海牛
経国
神業
単流
徒労
物持
楽音
黒点
師資
内規
酒徒
気性
新編
静態
役付
入声
楽員
場末
席末
郡代
倉卒
天子
豊丸
毒矢
原詩
空母
側板
臣下
救貧
語族
得業
無水
新味
早昼
仕置
電導
官省
根方
天眼
官等
持物
可算
客来
秋雨
手箱
新選
全科
人名
当会
別法
日次
上古
検番
整容
動態
屋舎
朝会
法界
適期
習作
方体
風向
内務
木刀
牛舎
導師
同者
毛皮
輪差
図工
春秋
変事
各日
焼売
金円
技芸
社命
下線
湖面
切地
小引
好古
戦費
世人
未見
職印
海綿
村営
所業
草市
合財
売手
社費
水先
南画
学徳
反切
仲兄
笑声
右筆
技士
初給
池心
典例
前章
総省
金言
遠矢
軍役
弓張
土色
半切
新地
木魚
初声
校倉
守則
現神
口答
川面
真綿
究理
原動
利生
護国
人君
実数
教法
神領
晴雨
本代
公家
統辞
口茶
老身
理法
燃油
実録
雨空
便衣
支線
印綿
小金
心祝
進運
村社
達識
面長
都下
切線
老健
飛地
作例
梅林
女院
紙魚
毒草
口証
経伝
液便
女童
法科
後指
日長
美身
粉薬
器楽
枝豆
音素
語義
年功
例文
礼典
表構
綿油
薬液
小作
民情
語物
買手
類句
雲表
肉質
医家
黒雲
話語
鳴物
黒炭
細流
清適
身中
共助
真勇
唱歌
競市
個条
極書
筆順
語序
前輪
口辺
身形
図法
手負
品等
製糸
隊形
新橋
祭事
申楽
混声
地色
罪業
国守
多妻
油井
土製
出師
生年
手提
非職
逆心
世上
原種
博引
城頭
正課
馬屋
雪間
兵長
落丁
向性
球面
浅海
別業
半休
物量
逆運
逆徒
財用
毒婦
題字
鉱水
卒然
仏界
細雨
焼場
底本
体側
出歯
変数
用木
体言
算式
船医
眼識
語部
軍書
主点
楽界
老父
美男
父性
大鳥
徒話
文武
年歯
総画
令兄
切身
気書
鉄分
伝家
通性
武略
遊客
羽虫
相思
売立
進度
成算
先便
放課
可分
目元
目見
防食
無明
総角
両個
着発
大任
現身
水鳥
綿服
要職
管長
関数
本義
酒客
永日
残額
後図
作間
線型
編戸
差薬
童画
本寺
別辞
逆数
陽解
鼻水
物税
有産
義兵
病毒
序章
勇足
極細
官話
石英
上席
石火
太守
糸価
結石
名香
行力
面持
後便
仲仕
故旧
詩家
無想
白菜
用字
細作
散史
静水
略表
矢面
麦酒
大京
君側
家母
野面
色里
特種
群議
原板
紀伝
足許
遊里
品番
約数
重席
福徳
雪線
切売
台形
飛鳥
標識
本節
用兵
岩塩
残金
先考
等外
農園
温故
入口
不出
暗中
全区
公魚
福豆
美感
風光
上家
業火
反軍
自社
口気
統語
法益
文運
野牛
径路
組糸
国勢
信管
禁色
次号
用言
京成
水防
散薬
列世
原頭
小官
手業
余色
好球
同列
古鉄
当身
各階
直心
戦国
金側
総門
相輪
悪病
校訓
世子
新婦
整然
戦法
徒然
雨夜
家法
序説
人望
海風
準則
仮親
自火
長手
衛士
号笛
不言
気団
薬店
芸事
国造
持味
有形
有配
中庭
表芸
苦海
単物
伝馬
内地
売文
海内
軍制
力足
冬型
底豆
肉情
内因
皮下
底意
明週
風波
応変
眼路
角力
和国
草体
聞方
雪山
両君
原木
合性
版木
禁句
形代
階上
歩武
分母
平作
防熱
部首
木耳
節用
美景
下記
神人
仏間
基根
水柱
在地
校医
悪風
岩木
時評
油菜
外孫
古詩
雪氷
牛頭
直路
無電
軽質
絶世
戦史
通語
両生
初切
新月
香物
経学
平文
初空
見様
成虫
短文
水練
雨気
好望
同筆
草堂
令姉
本丸
札差
王佐
院生
社人
区営
守衛
門地
発破
大礼
沖天
内室
章節
毛管
帳元
手風
増分
実妹
文辞
上角
倉荷
中老
昼飯
理工
角番
罪状
色絵
梅酒
売品
女気
白波
山坂
不急
祭器
祭服
門標
小隊
矢倉
大弓
岡引
勝差
深度
庭石
連名
横根
太山
原物
灯下
勝目
声門
素引
仏徒
悪事
宮人
非才
別室
親心
手許
明知
回報
治績
差合
平目
語幹
平家
失語
曲学
品行
産児
米紙
軍師
複流
照度
校生
別伝
牧歌
旧記
血肉
遊芸
機先
要義
玉糸
初発
絶勝
社格
極光
平水
初午
鉄工
散文
流木
建徳
舎弟
外典
受皿
証本
職方
冬木
船隊
商機
坂道
取分
下役
実竹
近信
水線
荷主
表編
光画
速筆
毒虫
面容
礼節
血刀
皮帯
糸織
願力
回米
各戸
売女
山鳥
富有
工法
数件
雪害
童体
行者
悪妻
持番
末文
急所
話法
財形
木綿
故買
漢意
山雨
順路
漢学
書庫
国原
雲助
詩話
居城
養魚
油然
度合
親電
理路
雑人
番茶
曲技
色事
取手
全書
昼顔
仲夏
車速
井然
舎利
結句
球根
相役
通説
安宿
行実
正出
遠祖
学都
経世
医界
量感
板紙
姉達
陸続
羽風
未申
不念
院号
旧都
富家
投力
好手
家学
節点
大海
洋算
山側
職能
焼物
正真
下風
月利
野良
仏者
未着
要図
旗色
船台
親筆
報命
詩句
色男
母堂
自暴
綿布
所以
板張
院主
夏山
等角
画質
白丁
世事
花信
心室
功名
準急
美辞
野天
農法
青書
付合
国保
楽日
湯量
銀天
適者
序詩
題号
例式
週番
手製
根雪
悪業
成員
主夫
布製
貧道
余話
無代
県勢
欠格
建水
魚田
高張
両全
築山
時人
空目
無血
断雲
女竹
手金
師伝
指先
農工
童詩
良計
心事
達文
特級
寺務
宮守
種族
語草
急調
雑兵
城代
乗場
界標
応報
眼福
真言
大白
芸道
酒精
競歩
平打
独活
悪運
右左
寒路
動静
内湯
海馬
才色
刀自
夜軍
身許
教父
法器
国歩
炭焼
立番
区長
定法
数回
益虫
東経
感状
肉芽
遊星
上番
相等
金員
書生
前生
塩類
分校
等親
祝酒
取消
早縄
定本
野人
弱竹
上前
町方
手玉
相生
羊歯
上枝
道火
流感
水子
国手
同地
水薬
打荷
死命
水鏡
連綿
両刀
感官
会式
冷雨
下学
海図
山号
草本
堂舎
読後
適性
好個
開題
禁令
所思
黒竹
旧識
略語
局内
水団
画師
札止
冬草
養親
知勇
国老
悪態
肉界
町歩
老兄
海月
人士
正字
路側
別紙
部費
当字
客演
心願
主格
険路
等差
任国
筆力
古史
外灯
産室
水性
口絵
人脈
重臣
風色
転義
前非
法貨
漁灯
本営
初動
仮象
種馬
生者
悪例
数物
外語
助字
頭目
門前
元種
正風
紀州
禁則
大洋
福耳
茶席
満票
立夏
天資
引合
単文
湖心
東宮
地目
口合
右角
死活
因数
表高
知見
西日
小米
校紀
去秋
庭口
本編
星祭
要式
次子
来書
太字
鉱夫
小弟
祝着
小水
物音
実景
総則
受動
帳付
居士
暗線
丸材
飼主
太織
正格
形質
馬子
感量
車止
題辞
屋形
久遠
死出
長足
浅黄
木地
正文
口説
青梅
帰巣
音訓
富力
温顔
商港
間判
負戦
利高
勇魚
山桜
実説
女給
群像
社頭
原由
無給
童子
折目
喜色
治山
銀糸
老来
直線
赤金
単複
聞達
年表
母語
快事
暴君
本務
信義
軍手
電鉄
天引
道念
近流
平首
夕空
名親
特車
平然
草根
待肥
組物
茶庭
見神
治産
先兵
旧師
石器
無主
混一
美事
席次
当店
鉄器
知合
赤門
全数
本朝
美挙
外力
交情
逆夢
声名
差歯
油状
時制
根因
雑務
心学
仏学
険要
転石