乱臣
漢籍
玉髄
私傷
常民
別後
心血
軍法
既望
学課
奇書
発条
青色
不抜
錯角
現数
手並
端初
職歴
他門
皆朱
林産
船人
裸足
仏道
偶感
警世
裏山
烈震
原論
若緑
期首
雅男
銀鉱
連送
冷気
荒性
名答
縫紋
君子
鉄敷
寄場
雑穀
来由
風評
寸刻
郵税
両頭
鎖線
井守
敵役
清朝
胎生
葬具
失意
物性
美育
相棒
切首
傍役
貴志
気位
緯線
大兄
歴年
盆地
割印
氷塊
円周
下陰
惨烈
悲話
水痘
仕込
天声
塩引
鉄片
等比
冠付
共寝
他生
荒唐
神明
変幻
欲目
帯紙
芸林
種皮
悲報
俳聖
受口
茶入
左肩
思召
刀泉
曲玉
先皇
諸公
長子
超文
入海
精糖
紫根
雲水
円本
本学
特旨
和様
主神
衝立
印形
元方
粗塗
介与
旧聞
合名
徳性
平泳
節義
法印
書志
鉄山
文事
妙音
守札
歯学
腰縄
私心
原罪
上側
鏡板
失費
雑歌
車軸
繁用
針山
脂気
劇界
善事
標縄
文中
英和
兵端
浜辺
焼野
馬肉
角書
原液
絶間
追手
迷宮
探湯
養鶏
河港
等温
残余
床山
殿中
折紙
自宗
旅寝
倍音
支庁
菜花
工船
雲気
細道
討手
位階
逃場
命数
再試
原図
需用
抜作
急難
公葬
音大
菜館
同気
赤恥
新報
国利
往信
才略
海戦
人性
厚意
水神
鶏頭
遊民
性癖
達弁
滑子
主謀
純愛
同学
同音
供人
熱線
新雪
珍聞
妙見
各室
情意
心月
次位
書紋
肥土
県人
早天
芋煮
俗本
平熱
畜生
天寿
暖地
主用
雪景
小書
活計
冗費
塩物
母上
形木
家運
公電
風防
城下
後髪
和子
流矢
素絹
路程
商状
花冠
答辞
船室
馬草
尊公
熱雷
軍服
無熱
雌牛
符節
切石
言説
川竹
会所
国界
電熱
請暇
霊歌
生木
胸痛
正念
傍線
相者
白張
本石
重工
暦数
中音
常命
強電
順法
名乗
御言
刈株
口角
宿所
徒弟
貴校
職域
張本
重石
金力
老兵
免状
公案
聖恩
川縁
引船
年増
大聖
劣位
胃壁
幽魂
匹夫
連枝
良能
鋭気
湖上
新湯
報労
力車
刷本
未生
荒馬
半輪
正貨
精銅
聖寿
雨粒
情合
忠魂
蚕種
電位
非負
先師
暗流
格技
有終
句柄
風声
暗色
魚屋
賞詞
分銅
官有
現当
都道
残月
実機
恩人
兼題
声域
借物
間縄
不通
山立
遅筆
首級
白下
貸方
私営
鳥人
先賢
胸高
品玉
船端
養老
単向
術計
片足
中折
川中
新顔
農舎
隣邦
山冠
早老
賊子
護法
被衣
筆勢
最前
側室
皇漢
間欠
女将
病態
海気
目方
荷馬
連山
気節
寄人
哀楽
隔意
情話
堅甲
短所
血清
両為
近目
即題
邦家
宴楽
私設
日食
当山
典侍
菊判
名案
星章
語原
編針
徒骨
手傷
悪逆
迫持
島台
頭注
即効
射場
大刀
方形
存念
対辺
駅路
組歌
外地
前芸
中肉
麦笛
礼法
溶明
贈名
横隊
引鉄
記法
旧盆
金元
並製
旬間
下種
遠見
常談
従前
水腹
元締
旨趣
鏡銅
面白
対敵
端物
地象
梨園
人後
名文
不帰
番卒
敬白
帰心
隠元
霊湯
洋髪
丸損
木彫
踊歩
主辞
気脈
湯元
雑考
祭主
先例
潮水
気胞
秀歌
法問
余類
南港
続飯
機才
宿徳
失政
大勇
冬芽
正妻
彼我
床柱
庭樹
兵科
吸水
街道
首狩
天幕
邦語
仕舞
名菓
観相
温突
照星
職分
生皮
狂歌
熟田
船用
乙姫
内界
模本
妙齢
我人
損所
尺寸
帝室
立春
尊書
下女
大著
狂態
和算
小火
倍額
南限
銀輪
薄命
早苗
錬鉄
孝弟
前条
諸声
打歩
有司
板畳
尾灯
潮煮
吏員
信女
鎮台
断固
道端
機甲
長道
同舟
失態
草紙
借着
細腰
酒代
如来
美童
提子
文台
子持
苦役
地金
回腸
横物
軽水
自腹
諸矢
後身
傾国
神変
油単
宿業
借越
客人
信書
私製
封地
符号
旧訳
侍女
至誠
定項
外勤
仁義
雑仕
戦敗
事物
御法
結締
文殊
水雲
忠臣
丁半
浸剤
芸界
愛別
折山
往時
外装
毛抜
新兵
青竹
測度
男工
天界
共販
賛仰
奇相
冠頭
達示
市子
樹海
立毛
葉虫
後住
兵学
神域
煙火
声涙
詠人
純忠
上根
俗客
湯銭
温気
真前
横木
馬追
病魔
考課
南海
腹膜
隠宅
地勢
義歯
国難
被官
旧物
和金
太線
得分
子葉
坑口
大難
聖祭
張扇
岡三
高士
腕首
張子
略号
方角
人証
熱闘
切札
法式
奏法
本会
左府
閲歴
練物
赤坊
未成
本裁
英姿
良筆
何程
好漢
防潮
空位
海里
憶念
台覧
善行
幅員
本管
戸前
官署
役宅
樹皮
原盤
投物
年別
城門
鉄扇
切米
茶味
式能
床店
緑陰
薄片
黄道
朝政
釈氏
興国
血色
雌滝
公人
存疑
筋金
尊顔
死灰
語句
大局
仰角
忙中
商才
糖類
虫気
各個
素踊
刀匠
声調
月評
長針
火袋
片食
特恵
清流
文責
盗視
役僧
私儀
悪場
鬼女
至芸
整脈
禁書
雅文
等号
会則
産金
上巻
多欲
全波
旧人
土留
辛目
心霊
歳徳
栄辱
橋架
門流
俳味
特用
具眼
凶徒
水冷
山幸
即夜
汚行
本坑
甘苦
鉄心
雑筆
身銭
漫言
半紙
条令
朱肉
清興
月払
盟邦
御岳
力紙
腕組
難語
素魚
教義
天水
飛板
孝子
功科
得体
髪結
銀筋
灯光
野次
経文
後事
催物
酒販
法楽
平版
奥手
錠剤
旧跡
物我
高堂
序論
構外
条目
軽焼
倉皇
根号
門灯
交点
縁由
母系
仏力
本船
手癖
詰込
罰点
傍人
白銅
花曇
俳話
成語
不猟
功力
時運
神文
京童
石盤
房事
般若
入相
恥部
典獄
切株
秋冷
寸劇
王水
銅銭
凡才
不朽
飯事
用人
発頭
型付
先帝
防砂
付目
前場
婦徳
道俗
親仁
黒穂
雑念
裏方
毛彫
殿上
営養
玄奥
校了
精液
果菜
朝顔
電路
好戦
殖財
切片
次女
詩格
酵母
俗楽
借間
聖徳
所載
腰湯
司政
薄曇
大域
言外
高評
旧観
置市
孤城
乳人
低質
産湯
違和
大冊
雷魚
新来
県西
奇弁
子安
辞世
秘中
異風
浜焼
硬性
快報
措辞
火皿
角行
長芋
風葬
原注
零墨
暗箱
身丈
加法
羽並
人陰
音容
徒者
育休
勝地
変乱
妙法
鯨骨
僧団
芝山
方処
仮泊
付子
内積
虚報
軍船
生彩
極熱
博雅
療病
地異
好例
字源
文案
大枚
好漁
良相
通草
天工
脈拍
肉筆
不仁
旧習
築庭
毛羽
憂色
実悪
不犯
代品
火脚
削節
摂社
妻戸
濃紫
遠島
太極
器財
愚弟
節気
胃病
藩札
香油
真打
穂状
筋目
老骨
鎮西
準縄
没書
石持
雑費
建網
病理
床畳
無業
朝憲
差押
寸秒
治効
価額
物権
流水
干潟
岡目
私行
堅氷
妙工
敵情
投信
雨皮
天頂
水肥
再三
気炎
社運
馬跳
前説
駅手
単弁
声帯
礼服
霊獣
組打
浮図
正編
放生
粗密
野山
鋳鉄
中称
運座
粘性
適業
引札
眼底
雇主
山砲
海参
連俳
水星
原色
信望
書札
薪炭
鐘声
下剤
鎮子
授産
位相
電工
欠文
水晶
至善
合服
雲際
求法
母港
高閲
黄玉
斗酒
木具
仏果
歌意
直弟
聞耳
露座
前端
予稿
住処
祝砲
軸物
羽越
僧房
急便
賢母
氷海
率土
造兵
予価
角質
短音
留山
盆暮
院本
宿敵
湿舌
両舌
臨急
正方
料紙
現形
術中
結腸
奇型
宿料
俗謡
俗骨
矢立
複利
争乱
仮病
倍数
男波
旅宿
司直
松風
魔縁
鉱区
空際
水根
良貨
半裸
乱逆
玉子
桜狩
青草
棄児
国号
話者
知友
腐植
漁色
黄梅
飼葉
浮名
開基
将領
座作
自利
聞手
血相
芳墨
足湯
原級
波高
悪習
道家
盤面
詩形
雪路
夜宮
帯祝
真裸
英図
篤志
船客
旧例
河骨
町場
縁台
手筋
射光
帯皮
中宮
目色
豆乳
人穴
為政
創憲
名君
荒行
掌中
厚子
残暑
超大
根基
暑気
局紙
満室
来臨
害鳥
田遊
営庭
選集
堂上
学績
快刀
訳注
逆児
日給
君徳
戦功
表号
名園
語法
乗打
凝然
画架
陶砂
獣心
平服
病根
通人
宿帳
名器
逆修
裸馬
内奥
衝天
既決
乗数
順縁
乳棒
霊魂
語勢
暦象
習知
自公
田植
氏姓
湯煙
清覧
親好
公舎
師友
大入
連体
紋付
金的
粉本
各誌
県令
正法
審美
替紋
工兵
玄人
正号
滅罪
茶利
古学
底面
銀波
真因
転注
金製
遠縁
黒地
後光
正室
破邪
雑犬
連年
薄茶
転結
客筋
性徴
精義
菊月
釈教
遠道
薄地
銀塊
敬譲
眼目
白磁
上戸
売価
各面
魚腹
分団
所柄
装画
無月
式次
牧畜
小姓
才幹
徒桜
妙案
木骨
舞曲
度胆
野点
同県
奉書
真帆
民活
目高
帯地
光背
弓術
甘露
弁才
角帽
年強
堂宇
白州
代印
冠状
地文
鮮鋭
修史
上天
義旗
悪所
面部
正訓
国府
下人
達見
弱腰
忠士
解硬
婚期
衆人
折本
農兵
肝魂
全県
別製
神霊
佳良
御宇
章程
内属
眠気
死病
古記
門人
暴論
星眼
哀別
床間
綿毛
至心
賢台
砲兵
半弓
象形
留金
前車
矢文
淡湖
添状
日射
基体
禁鳥
女持
不納
中綿
根株
梨地
救荒
売子
小半
霊界
複方
複文
粗塩
経机
傍目
焦茶
血祭
胴元
盛期
旅銀
解語
雑劇
後葉
詞書
和上
変性
角地
時世
氷炭
成典
株券
水勢
従兵
油土
満貫
鉄条
全景
商況
欲気
盗品
日干
水母
盛会
列藩
小波
次数
奥書
術語
作中
箇所
士風
遺子
外商
法皇
中口
霊感
形影
末座
君公
見目
夜宴
民草
身幅
条規
上紙
終点
神典
上長
多照
本校
持仏
禁門
天刑
科人
親権
破竹
毛筋
矢先
守刀
素見
借方
牧者
双書
雨後
商略
御上
唐金
連対
借景
家令
前人
定規
刻時
極貧
不感
腰掛
外皮
胃液
袋戸
霊地
遠海
酒倉
策戦
我見
祝祭
金星
米語
私益
鉄材
胴丸
嫁女
新字
肩口
青刈
延縄
共学
貫目
水爆
他派
珍貨
鉄床
体用
優劣
借宅
裸身
将卒
性行
正覚
重器
中震
晴眼
木質
楽士
可用
悪文
抱寝
内記
校風
国憲
魔物
放資
御免
汗馬
火夫
絵心
聴手
原生
浮草
悪筆
極性
両得
晩婚
使番
刈穂
半眼
傷病
方図
隻語
拾遺
秀峰
訳柄
衆望
外宮
膜壁
才徳
酒色
名犬
肩付
作法
欠片
墓表
猟官
従姉
引縄
古文
帳面
養家
黒潮
台子
白根
暖気
豊漁
清談
列座
金平
霊威
地口
船縁
原酒
印影
芳容
和物
甲高
歌壇
邪教
花畑
積悪
巨弾
乗物
族長
語脈
豚児
末技
水菜
荒業
点茶
原綿
星雲
前編
女系
名店
空欄
激辛
小形
名節
真中
文士
御召
節奏
暴徒
生紙
無音
初審
小暑
帽章
婆心
茶器
難訓
職権
質札
遅出
綿羊
大徳
雨露
輝線
古物
功臣
検体
全市
印池
会下
暗幕
御題
板屋
粉乳
学則
捨値
折角
情理
点画
若輩
山妻
下表
素行
人夫
黒目
外敵
金坑
役儀
見付
図録
鉄魔
利所
水仕
舎人
練炭
陪臣
入子
側節
先限
諸般
肺病
直伝
神火
画工
自若
赤鼻
仏経
常勝
葉陰
学兄
純綿
遊楽
火除
腹水
初荷
公事
経木
立坑
年利
往歳
政友
夏隣
衆口
大序
助士
視座
実方
忘恩
死文
射干
母船
菊水
定値
宝玉
陣列
筆削
甘言
常道
白歯
返点
質点
鉄腕
塊根
空語
民力
渡世
聞香
丸取
他心
雪白
山海
差等
何様
階数
下端
紋下
来光
実害
許多
奇童
置数
硬調
弱電
委曲
主翼
田地
個癖
研北
空馬
操短
公主
波数
億万
民地
雲脂
別物
青物
凍害
室町
雪消
中食
名手
疾病
原音
神君
楽寝
機織
召使
名利
丹誠
石段
川猟
雌花
門鑑
船底
微傷
小鼓
妙薬
政断
雑品
和敬
羽車
既記
風趣
配役
群臣
満幅
皇祖
令色
偶成
神授
空涙
鉱物
殿軍
適例
耐火
非理
継妻
潮先
月読
雅致
死票
原隊
熱風
耐酸
床机
車券
南緯
活花
溶岩
個中
岩根
校異
花氷
船酔
工匠
生色
化工
全角
鳴神
玉代
画会
散人
合口
花鳥
露命
前景
荒物
密計
思慮
法師
国学
夢精
諸味
国許
祖宗
明王
旗日
便船
雨中
負目
月極
浮身
脂手
貴家
印肉
電柱
虚勢
乱視
国運
権原
孝心
次序
小事
脳性
晴姿
曲師
悲調
被膜
練糸
電設
大宗
食間
合方
子日
諸王
魚子
午砲
花梨
強談
穀雨
昭代
財欲
行跡
容儀
目角
金鉄
熱血
玉目
弓道
死所
質物
本震
歯並
脚下
拝外
知力
陣門
芋幹
御行
納屋
平手
乾板
想念
金枝
棒術
採草
即値
持経
平信
常春
強味
敷物
未済
列代
雑話
教生
病害
師弟
振幅
恥骨
彼方
私信
古紙
情事
大慈
虚聞
地虫
実状
継目
難読
書付
麗人
骨質
折節
麗容
仏敵
押入
悪才
横波
無痛
熟寝
席画
後金
束髪
板床
海胆
大赦
小伝
間夫
基質
武運
戸主
賢哲
妹背
水髪
各市
飛報
舞姫
押麦
岩穴
正中
詩賦
塩花
単眼
肉牛
庭梅
裸眼
馬糧
病舎
熱度
通番
波浪
日豊
眠草
聖帝
底流
口取
仲直
永生
名僧
権化
下番
締盟
黒豆
官需
援軍
論功
頭分
近間
楽節
忌引
字音
継台
少敵
散剤
端数
血族
油圧
頭重
銀坑
黒鉛
小才
穀類
本然
盛者
金波
荒神
最少
片影
仏画
噴泉
押目
額際
湯花
容色
賞辞
割算
識語
陣立
間道
弁舌
都鳥
分数
無地
書誌
象限
日新
火切
冗員
実科
雑然
兵種
世才
親骨
才力
黒血
明主
陽報
霊長
為事
縁類
立居
別当
何分
稲光
軽卒
無鉛
不死
剣士
草取
既済
裏曲
兵馬
上記
逃口
経書
合切
国文
救難
腰気
僧家
貴簡
姿態
共編
原毛
光沢
俳文
語格
黒酒
親鳥
年弱
明色
卵胞
難文
野手
掌紋
納期
全局
空論
軍門
妻板
心耳
柄頭
無辺
網目
北限
花暦
炊婦
破屋
立礼
凝脂
激職
彩管
矢柄
科白
前科
守株
胸郭
精農
序曲
輪伐
書幅
尽忠
跡目
前史
頭首
川筋
中編
裏表
軍営
建碑
隔膜
身根
税吏
彫工
暴状
初経
稲妻
小宴
病勢
金主
凡骨
草子
恵方
炊飯
名句
斤量
諸処
工期
旅所
受入
魔神
仏壇
寝業
銀翼
芳名
身空
論集
今生
本稿
炉辺
次兄
立志
砲金
天女
肉欲
宿悪
造次
広縁
向背
神鏡
道人
妙手
有髪
荷縄
諸手
職名
農作
紀綱
演義
没前
典拠
馬主
雑録
既製
悪者
希書
父兄
条章
音物
同軸
鹿毛
述語
浮氷
烈女
赤土
銀宝
呼物
体感
才芸
術策
眼帯
夢見
草色
機工
敵本
緑便
止金
雑感
演武
常雇
春菊
袋物
関屋
初夜
薄様
白妙
冷性
持前
序次
葉酸
中天
本章
我利
苦塩
同体
朝露
貨殖
留湯
甲乙
操典
悪念
弱敵
奥行
土民
接眼
単音
雷鳴
拠所
学帽
旧約
要務
床屋
水玉
追啓
里数
刺草
仏工
遊子
傍系
烈婦
紋帳
大鹿
行儀
全品
弱国
上刻
質屋
非命
別便
沈魚
仕向
諸宗
異義
焼鳥
灯標
毛織
接木
宗門
宮中
版図
切火
画聖
待合
選科
副食
焼玉
空陸
貝焼
分段
原麦
略儀
熱性
能否
逆順
近国
髄質
落口
良種
工大
村勢
聞事
弁髪
剣山
土語
立板
県外
小業
御願
半円
冗句
人達
紀年
私曲
当路
向暑
座下
来復
磁区
空豆
財力
岩石
代価
原肥
旅心
氷袋
福引
竹紙
外客
樹幹
画然
語形
大獄
掛図
小頭
律令
脂粉
句切
某氏
臨地
紅型
中表
常例
除法
邦土
松虫
鼻薬
総領
虫干
徒事
忌中
員外
兵備
郎等
秋分
広義
話芸
鼻輪
金輪
波線
朗色
健忘
筆端
妻室
蛮勇
両部
長兄
無宿
軌範
新価
秋気
飛跡
文人
修験
本願
祭式
船虫
芽胞
選対
高飛
道術
人語
薬園
馬賊
見台
無反
後遺
渡板
衆目
名訳
和語
義勇
寸書
用命
頭領
偉業
残夢
外材
罰杯
白雨
寝際
現品
無色
食指
火宅
薄皮
老眼
自今
志気
小菊
年賦
板間
再販
温州
珍品
単色
訳解
省力
肺葉
歌論
淡味
教本
噴飯
酒塩
出花
生娘
肺門
愚行
唐物
熱源
盛栄
乳頭
宿根
酒保
南欧
石高
訳名
旬月
鈍才
高点
雅語
斜光
網元
臣節
官服
地紋
宿屋
書架
令孫
烈日
詩巻
手心
卸値
夜直
往航
荷揚
北画
異称
唐松
暗涙
猟奇
定紋
勢威
斥候
真秀
愚説
諸道
神都
風圧
家老
年額
整骨
大賢
中塗
明君
正史
方術
腕章
総監
落魚
多義
比熱
桑園
延髄
妻達
義挙
忠言
怪腕
毒舌
外界
低位
鉄筆
方様
武官
法官
恋敵
徒輩
布令
残年
視差
天草
終期
目星
歌切
武名
多孔
両目
荒亡
酒宴
質草
理療
赤潮
絵姿
朝敵
旧称
熟畑
画賛
薬石
支署
材木
包金
儀典
早業
寝床
仕種
大波
官営
曲節
大要
甘皮
僧籍
対句
約手
引綱
夏休
物界
弓勢
不戦
前件
聖堂
単車
煮花
身魂
天敵
神性
旧幕
未墾
男心
星合
隠亡
蔵版
担架
秘仏
談林
宿老
金筋
重代
影印
男系
寸言
素生
祭日
絵素
海員
学僧
取前
落穂
神葬
自他
鯨幕
細則
状箱
大敵
折線
教学
幾重
首罪
如月
語手
業法
下流
回春
焼魚
動因
入墨
葬礼
通宝
組杯
珍説
電文
喚声
奇術
木舞
夜寒
程合
柄物
他県
物種
外報
牛皮
時数
精肉
雑煮
段収
肺疾
絞染
服地
小吏
船足
浮織
無季
善根
遺筆
通風
療術
副因
鉄血
虫酸
着類
長夜
日切
本法
陰画
仕材
継受
知歯
全巻
茶気
寝汗
制令
音吐
溶鋼
町並
新木
意力
乳質
得失
孤灯
将官
日計
白玉
定性
探鉱
機外
冬営
鳥屋
銀漢
寂静
機縁
骨相
陪審
定律
勤倹
衰運
旅物
骨法
大賊
若人
茶人
死目
暗君
時候
勝運
氷菓
複本
見番
軒並
版式
選外
使僧
追福
日産
対格
孫子
神馬
主持
筋立
連子
引手
全車
首題
兄人
漁父
軍神
目鼻
砲煙
頭頂
別品
眼前
無量
運上
功業
山女
唐楽
強国
式服
川船
仏書
感度
中点
重役
地髪
張店
店賃
城跡
心根
長途
特賞
多毛
薄志
末法
木灰
精舎
先棒
令名
客種
進物
陸湯
光輝
生乳
魚網
後会
烈士
傍白
邪法
君王
用筆
清華
極点
楽師
史話
腰帯
潮時
沼地
型番
異物
穴子
春寒
苦熱
雅号
京女
選言
受苦
鼓腸
仲秋
旅程
刺史
暦日
弱冠
旧態
濁音
豊凶
法線
煮付
軍規
行宮
特電
落花
絵像
業態
初筆
山霊
原票
名札
仏家
添水
肺肝
当市
物日
覆蔵
施主
溶損
教祖
炭価
細波
氷野
驚風
用金
挙動
色香
縁語
馬尾
入方
港口
若竹
隣村
聖代
古事
沈金
有高
検車
押葉
文略
良案
臨本
朝寝
販推
金位
水貝
両前
墓域
毛蚕
備考
山寺
呼塩
先天
胸底
玉座
中国
小脳
無産
大尽
酒杯
虚無
隷下
花台
親船
用役
鋳掛
金座
沈子
乙矢
遣戸
風災
老師
大尾
中筋
邪恋
好季
君臣
薄墨
織目
守神
掛声
日和
正員
色町
密教
角灯
悔涙
鉄管
草笛
指物
警乗
尊来
悪気
令聞
筆画
軽風
敬承
露払
負数
起票
等位
帯金
雌松
葉音
見場
手鎖
同色
馬陸
豆炭
長円
父様
月並
山神
端子
形象
腹中
基肥
里人
乗具
路銀
痛棒
間借
炭坑
禁中
天罰
朝酒
兵役
松露
約音
至徳
秋期
節理
流人
安危
従妹
除目
乳歯
校友
虚礼
灰分
増価
宿場
拝復
参差
紋織
常人
社中
党人
風害
客将
左記
過料
夫子
夜陰
水生
適作
仁慈
時節
厳刑
包絡
貫頂
下衆
朝権
愛敬
役柄
小布
菊菜
隻腕
肩当
父祖
水差
眼界
詩史
墓誌
性器
保線
芳紀
触状
余炎
余毒
有史
電球
寝相
外史
天恩
余栄
字数
小職
秘曲
征戦
要路
先触
貸越
名花
長押
法論
切岸
諸税
怪光
難件
楽土
辱知
買掛
残物
吉方
暮色
風浪
鼓手
食通
足癖
軍使
闘将
産学
尊王
偉効
官紀
良民
余病
無我
北郊
活版
湯華
接線
獄屋
不弁
舟行
換券
預血
宝冠
大穴
結言
成文
詞華
背教
非時
属人
単発
毒物
等量
強酸
悪形
遠視
応益
表地
盛土
各駅
金持
天網
図引
教典
標題
雲間
即事
金賞
破婚
好学
労資
緑眼
経水
神米
俗画
区割
鉄壁
名跡
現官
中限
泣言
初等
私党
香花
移流
取組
空包
銅製
現高
陸戦
旬余
所存
虚数
国花
氷点
対偶
民選
節穴
諸口
鉛版
物象
学籍
寸志
若朽
品格
恩情
腕前
御門
和書
結納
胆略
県下
側目
唐紅
新政
地階
早鐘
返討
町筋
水魚
感冒
芳書
偉功
破子
輝岩
断頭
空株
純量
黙約
液剤
帰命
教務
硬球
寝首
飲茶
補数
守兵
老婆
横目
天帝
雑書
凶状
領地
魔魅
行金
次段
礼状
滞欧
時様
除幕
忠勇
環視
御店
自象
夢路
内入
末位
買主
案文
寝癖
愛郷
俗筆
水声
法典
紙子
適職
水木
橋銭
弾雨
腰高
凶変
来意
肉弾
新本
大功
校外
真宗
他力
触感
戸車
早耳
現員
微酔
浮貸
冷灰
作条
不壊
妙趣
門下
学齢
薄荷
売主
圏外
虚辞
官選
身状
便法
抽斗
悪相
山水
引際
定理
手控
寝袋
金貸
多雨
助炭
音律
替手
和習
闘犬
陶土
中気
素話
洋室
至近
外局
部類
胃散
僧門
国電
肩掛
歌合
地頭
外字
下目
観閲
右下
斥力
倒語
弱行
年並
社主
工科
真理
敬啓
銀笛
世柄
水盛
仁徳
軽挙
収量
猟具
凶荒
心気
気前
動労
水音
容共
保金
長潮
砲座
上玉
会務
鉱油
光頭
異事
家主
機知
真性
皇統
峡湾
霊室
平体
罪悪
大吉
水計
人台
貴殿
公序
城郭
小謡
天授
恒星
外題
福分
原器
小兵
垂線
巨岩
野羊
至大
陣容
心算
氷柱
船団
反歌
母式
海布
所説
忘我
黄身
純利
象虫
内証
河清
麦畑
縄手
時日
原書
佳境
微速
陰間
鎖積
板目
凡百
渡座
礼者
堂守
鮮肉
山行
主査
神格
日並
精虫
主音
他項
堅物
県別
引数
足代
浮標
矢来
有休
節織
名題
武辺
気管
人跡
軍刀
社線
鋳型
読癖
挙措
白光
蛮力
奇問
打切
取札
要点
忠孝
逆子
不具
式法
腹案
腰板
帝位
輪舞
黙示
枝折
板元
天窓
法例
傾城
良港
君達
結節
兵家
測位
宿坊
華族
有畜
遺戒
週日
初姿
偶人
教条
射的
大紫
礎石
婚儀
満堂
牛馬
告祭
死身
足形
竹縁
批点
大盗
次項
工数
家例
絵師
荷受
場代
塩浜
家格
卑語
小身
馬料
余談
胃弱
別報
夜気
秋興
濃緑
真俗
張紙
武事
王法
総有
復文
足技
弓手
輪状
本科
優形
先夫
霊夢
吏吐
良友
俳論
綱手
機長
親展
桑弓
東天
加里
佳節
借手
母型
賊徒
楽人
親許
老臣
属官
日子
年忌
皇宮
大部
逆賊
両足
講料
寸土
湿式
開巻
長幼
軽輩
政客
流亡
狂女
成因
華客
老婦
能事
治略
本官
不測
角髪
実株
産前
下界
警棒
助辞
買薬
円座
京舞
激震
跡敷
別院
言辞
低地
抱腹
容積
梅桃
末派
世道
月夜
家伝
富強
奇談
副本
鉄輪
略伝
王公
木精
試補
宇高
毒筆
科挙
下根
純増
角巻
米飯
夏蚕
故実
化物
砂壁
界線
爆声
脂質
馬連
雨冠
暴勇
乙甲
雄藩
複音
箱書
俳談
潮受
冷麦
命脈
豊水
住持
粗衣
労政
生壁
左角
薬玉
遅効
話頭
雇員
訴件
基部
張力
株間
勝勢
宿雨
非我
性状
緑肥
林学
衰容
衣手
獣類
重囲
書役
後朝
全音
粒銀
雑文
日舞
苦杯
教具
専権
本城
排反
花園
寒剤
夜話
珍物
幾分
課外
用次
秋高
密使
位記
丸首
境域
名主
寺男
冊数
局報
米銭
有生
胎盤
論蔵
私選
金縁
急病
詳報
切紙
反照
美俗
善女
天理
大詰
精機
船内
点薬
町役
御供
医用
余光
後目
稿料
官学
麦湯
敬語
飯場
乗合
才取
子株
何等
旧劇
船尾
憂苦
春画
郵書
致命
机辺
新体
風教
吹矢
私論
天台
貸席
結界
標札
尊容
比況
家集
利達
対地
不買
港内
副木
言責
国替
草原
盛儀
促音
本葬
丸帯
飲水
邪説
文豪
陶画
画商
変物
星夜
恩給
流物
青地
火色
末社
折詰
宮居
水絵
毒液
置屋
沿路
米屋
特称
珍事
悪因
荷札
船窓
漢書
寝耳
緑野
巨万
袋耳
霊薬
良俗
間者
適言
薬療
血盟
数社
巻貝
客殿
赤貧
絵付
劇務
消口
径庭
測深
県域
早舟
勝味
天上
古音
官版
支脈
獣行
成心
投売
残欠
丁幾
男声
軍務
嫁菜
地物
取調
熊祭
名付
潮頭
磁針
狩場
士卒
義気
朱欄
住僧
閉路
胸壁
有余
才人
生粋
油送
替玉
純毛
別宴
図形
小策
列後
迷彩
威武
園地
門付
戦地
枝隊
英名
群青
幽界
奇数
新渡
出湯
満月
動産
学制
今風
旅路
詩学
小春
帳票
冷肉
石刻
敗報
寒流
篤農
計略
米麦
脳髄
明夜
祝勝
神学
手付
語意
小字
経度
不渡
軍功
仏葬
北洋
重科
御職
優女
初盆
根締
票田
所願
朝家
先非
恵贈
小腰
面体
大志
無紋
歴数
御陰
楼主
道歌
仕切
句題
本草
雑粉
外乱
信認
石竹
歯音
祖業
心頭
定圧
農事
小母
葬送
荷船
手鼻
細事
浅春
上代
層雲
事端
隠坊
院試
切干
委細
組頭
積荷
音字
敵意
手合
大公
関頭
地歩
遅番
浮木
玉門
方案
精分
宗族
目盛
裏尺
雲上
畜舎
暑熱
束子
回章
重犯
麦雨
仮性
断然
間柱
矢玉
子宝
獄舎
果皮
苗字
特等
紙屋
温習
他見
将士
良吏
社家
益体
佳局
青毛
暖国
架台
義金
豆本
近衛
会衆
丹青
特高
月余
型名
種油
現収
異聞
在高
地紙
中腹
余寒
老輩
有界
俗念
液肥
防暑
秘法
馬市
国領
義賊
下刻
公法
飛台
大法
軍医
御形
板碑
裏窓
不例
良知
米産
綿弓
根菜
磁界
売値
招魂
猛勇
辺地
連火
史脈
本誌
葬場
衆知
施薬
鉄脚
柱石
伏角
用量
笑気
狩衣
俗物
編組
布袋
請書
替歌
締高
哀詩
棒引
踏石
油差
金頭
悪僧
小成
光点
船板
満山
付表
取柄
見合
母線
浜手
藩士
非勢
匠気
紅涙
売場
停年
黙劇
和俗
巻軸
販社
引窓
借料
職階
生酒
飛信
我執
闘魚
夕顔
婦道
反米
夜昼
哀歌
火屋
惨劇
教門
文官
詩論
本妻
深慮
人知
君国
赤手
薬師
裏門
産院
足芸
横座
公徳
弱輩
私権
結綿
傍輩
判取
間服
半幅
現時
多段
典礼
地境
闘牛
賃銭
尺地
玉楼
日照
行旅
青酸
糸底
青玉
板子
異教
内庭
軸木
神水
不文
振古
明文
根芋
切点
後前
喜怒
炎暑
緑酒
無雑
根城
端点
原典
便服
所見
割線
劇暑
党類
産婆
俗解
父方
湾内
易学
山畑
朗話
紀要
木馬
全段
未発
太物
興産
植生
業風
危局
剣劇
宝剣
汗顔
研師
真金
中卒
損得
地米
初潮
悪貨
梅干
他家
政事
内所
溶着
品詞
国威
魔手
泉下
浅慮
荒壁
生面
切妻
加胆
我家
通力
杯事
侍医
定点
物証
権臣
法条
追分
縛首
木杯
撮要
来示
日動
広前
砂利
自縛
下司
絹布
軍兵
定命
互市
返札
切所
無銭
出会
網状
倍速
飛石
師僧
深酒
遅速
武神
真竹
春光
速算
淡竹
親藩
巨富
暖色
僧服
哀調
和人
無文
景物
牛刀
塔婆
織地
商家
御世
置字
現制
漫筆
色狂
貧苦
量水
女権
珍問
喫水
劇詩
真底
水割
完膚
劇痛
刑期
掛橋
定見
天機
胎内
鉄鎖
封皮
網版
相席
花婿
外教
薄暮
枝炭
側圧
潮入
別電
鬼灯
空理
友引
威風
秋日
差潮
歌沢
街灯
刀身
神魂
各署
年取
空身
悪神
世情
和字
薬効
悪党
常数
乱菊
奥歯
端然
年女
草卒
如是
前髪
信者
水明
庫裏
端株
戦隊
怪盗
飛箱
欄間
国典
押花
練武
月来
遵法
鳥追
仁恵
枝道
異土
小難
残照
月下
下名
円舞
細引
感涙
老体
手旗
飲代
分際
学賞
女郎
馬頭
東男
花鶏
部立
根太
余情
状袋
税政
当限
行啓
土蔵
野伏
西国
鳴戸
才識
天分
産土
重砲
洋書
霊異
定詰
出典
便通
半双
幾代
客層
乱軍
俗論
飛語
払込
紙幅
秀句
兵団
炭田
弱年
感興
常世
謡物
早月
成層
剣舞
胸膜
良法
髪床
徳義
蔵店
俗字
裏話
物療
辺境
音締
原品
根深
悪疾
参議
排球
宇内
今様
神謀
基音
重機
実需
量目
台閣
牧民
天孫
防風
国華
俗輩
衆議
在方
御坊
大樹
舎費
神気
小国
県費
見世
応手
微意
海豚
口碑
借銭
小変
自余
標灯
俗習
網代
類字
月色
古色
直中
青虫
綱引
大船
城山
筋合
吸盤
火手
如露
供宴
年寄
着駅
難行
列聖
守役
陰文
難句
赤心
暮雨
短剣
治乱
笛竹
東歌
明神
衰残
腹鼓
脱字
恵国
清濁
仁丹
独楽
厳然
卵生
語路
鉱産
性善
典章
凡手
許否
人馬
礼砲
寸尺
繰戸
私話
血涙
主旨
錯落
実線
大凡
掛値
冬日
器質
丸打
塩豆
送状
再犯
力水
業報
始期
河馬
乱婚
放論
直積
別杯
唐本
卸金
遺賢
引網
石弓
実印
色神
間代
凶日
西経
官舎
様態
抜道
立党
本論
硬玉
予審
極安
灯明
遠音
光波
勇将
中門
余響
群落
仕合
水溶
絶景
腹切
宿賃
牛痘
人膚
皇位
竹輪
福運
持家
紅灯
糸姫
標注
羊毛
今体
種本
死脈
恋風
仁君
夕波
級数
家数
亡妻
士関
火刑
年波
真人
短章
藩校
微粒
細小
留針
劇壇
共管
先史
群雲
捨子
富国
影身
死恥
無欠
鼻紙
筆生
糸操
端書
枝族
針箱
球状
各週
枝肉
邦貨
知音
丹田
耳順
白兵
白浪
立冬
気体
焼討
夜具
全階
異数
実像
感能
冷眼
恋文
穴冠
織機
常会
快技
求縁
社司
官位
死毒
論語
質店
炭庫
葉脈
再往
公吏
福茶
貴公
遺業
変項
月役
楽典
学府
天質
流罪
高教
震度
冷汗
戯作
兵務
仏子
面魂
墨縄
尾羽
徒浪
大紋
居敷
中州
抗力
訳文
硬水
手鑑
目視
短資
洋灰
重心
草月
内皮
天金
夏型
食客
緑青
微光
若水
文箱
連夜
文目
鼻翼
尾翼
人波
言行
秋色
門生
横列
場裏
旧教
歩度
行蔵
卵塔
局所
湯屋
入訳
上帝
博論
指分
栄位
建玉
弧光
申文
大戸
天顔
白身
薬草
隣組
等辺
逆旅
角通
目路
支点
奇利
塊打
小我
始原
絶品
震域
荷足
今昔
損気
理財
平温
手柄
早口
営為
翼下
片雲
沿海
明度
霊光
円陣
領分
正眼
巻尺
経線
後顧
変人
岩組
金石
番地
衆愚
冠省
雑学
同勢
帳場
異境
口腹
防具
積善
某国
知遇
行頭
釈家
高空
抜身
式台
芳念
歯肉
環状
米穀
招宴
仲春
和製
食紅
同属
死線
通言
戦野
危篤
有色
豪家
理知
目次
旧作
機微
慈顔
備砲
中風
色女
大名
炭山
掛金
盛代
不休
如法
徳政
頂門
重弁
水火
恩沢
残品
夜会
書証
素膚
圧制
生節
既定
水船
相称
円柱
巨船
各科
体液
京菜
虚字
独往
熱傷
唐子
快足
狂句
最奥
干乾
小編
毛穴
直販
流者
縁先
蛮人
露頭
小鼻
暦本
前足
若党
易者
他動
縄目
義手
利酒
端本
話柄
副詞
局方
胎教
揚縁
賊党
税源
教案
繰綿
外陣
英学
赤目
皆兵
魚族
双肩
寄算
自注
玉菜
証跡
甘食
故紙
各課
序歌
主動
割前
香味
岩畳
武徳
調帯
有識
異体
罪障
継泳
有期
腹蔵
残任
声望
方円
庭草
美田
小史
停刊
商館
兵火
種牛
文鎮
片帆
刀工
為様
聴音
行装
血豆
霊草
切傷
平皿
雷獣
国大
大暑
火縄
貴所
丸染
人絹
替地
初音
台辞
水際
正負
初手
常体
後件
同線
刻限
既達
春眠
山狩
知謀
富鉱
選民
血粉
絵具
東国
馬飛
煙突
経口
敷板
与信
胸板
学資
新柄
身心
悪書
狭義
夕煙
桜花
単線
非運
国書
富民
老生
戦旗
会規
宣命
本舗
表皮
家宝
招電
心術
蒸器
粗造
天辺
石筆
穴蔵
礼儀
英主
常夏
祝言
権門
近状
拓本
裏作
表門
隻句
楽天
月見
本堂
側部
霊境
小勢
権幕
食尽
降順
清福
損亡
難局
枯木
士民
祝意
手車
門歯
長文
料地
先箱
土気
重陽
田打
本性
社歴
急使
春分
道心
雑曲
振出
粒状
乾期
腸線
元老
将器
月齢
晴天
魂祭
無常
本曇
同苗
分社
木末
大葬
補題
気密
異腹
例月
初口
番手
比価
賦金
東屋
人才
図体
宮門
潮干
持主
端金
兵籍
初会
古泉
快方
小名
鏡面
外郎
心棒
暴民
次点
手長
弱酸
豚舎
不義
腸詰
素性
僧官
重苦
直会
季秋
邪欲
月経
力業
訳者
家来
水損
終車
大悲
古筆
社用
旧離
野史
御製
軍略
縦陣
近業
路次
札付
園丁
定量
暮雪
兄嫁
寸描
背戸
側帯
名工
教権
花期
顔役
酔態
法悦
質券
霊神
血目
遣外
天変
加水
留鳥
片辺
陰陽
首府
皮具
経堂
自尊
哲理
孝女
御霊
荒縄
地相
初刊
情炎
目板
民心
別格
透水
片身
夜警
中啓
山相
珍籍
公印
吉相
義軍
砂絵
妻女
所伝
地内
高祖
食分
摂政
類火
美果
歌心
雨間
無声
初陣
月忌
所論
公会
他流
座薬
賊臣
呼値
夜霧
熱涙
知慮
宿善
楼門
地雷
正調
早年
魚道
内儀
寸陰
林業
道学
段鼻
丁付
泊地
町制
重言
春本
色揚
常節
帳合
斜文
上略
帯封
玉総
義人
上作
青畳
西北
従犯
晩熟
別種
尊者
温色
貴店
朽葉
美名
縁組
厚恩
色情
栄枯
金敷
協奏
心療
小間
陽動
両損
報賞
赤道
風鳥
利器
郎子
雄鳥
被虐
木炭
霊宝
徒刑
石畳
諸色
毎歳
児戯
賀春
造化
海人
船着
王師
平身
裁物
乱数
上使
焼金
両脚
血潮
抜足
厚志
末寺
堂塔
縦穴
聖楽
盆景
不軌
打物
軍歌
要目
悪漢
被管
本署
起電
棋界
愚問
物見
連語
尺八
臨休
無賃
対日
世故
博労
年輩
見性
家臣
札束
酒蔵
拍子
王城
父老
詩才
閣老
南殿
線分
前項
冷然
跡式
元結
劣後
敢然
直音
錯簡
薬研
通運
垂心
納所
願行
野老
抑揚
猛毒
丸干
余香
下肥
雪見
清酒
見料
医術
神子
鉱床
俗歌
穂先
玉体
同腹
賢者
総状
空列
当課
宿志
端山
洋舞
逆理
待人
手相
名識
気孔
御札
外米
清元
婦女
果報
金紋
学務
王道
唐皮
私通
仏説
踏板
雪女
前側
銀賞
病変
付焼
郵務
異父
俳画
省令
暦学
歌学
湯殿
小者
寒月
余聞
論策
両家
相好
外港
難役
余事
積雲
川狩
上板
無題
水論
血煙
砲丸
番兵
段位
東路
粗皮
危難
往路
絵絹
不宣
残党
筆法
長講
軽石
悪銭
馬車
薬礼
語口
原資
劇談
木表
徳操
早生
強兵
工銭
空説
新暦
和学
不才
半鐘
長久
船齢
唐草
小乗
悪癖
補注
尊前
製織
開祖
流造
奇策
足労
草稿
出初
市部
奴輩
挙世
上皇
口跡
仏縁
宿便
紋柄
県南
汚吏
買弁
芳年
悲境
故由
方舟
主著
頭割
猛鳥
差引
都度
読方
能動
深交
下前
雅量
羽衣
焼塩
知者
雅兄
筆墨
考試
寒梅
裏編
荷役
日待
金歯
幼主
歓心
励声
荒海
観法
腕節
道警
空音
奇声
仏門
継走
社風
書風
猟場
続物
夕暮
天蚕
毒手
心妻
必用
旗標
地神
番線
空砲
馬脚
月番
小娘
始筆
基点
散銭
区切
背徳
病家
精気
状勢
声質
獣医
敷革
秋草
全港
善心
民訴
真土
永世
凡策
羽子
受腰
悪食
平準
元帳
佳品
毛孔
車力
銅器
有心
戦歴
新身
手下
国人
継室
死角
族制
黒毛
天球
結尾
数詞
人買
陸田
斜陽
義子
代脈
下男
来者
音像
昔日
奇人
専一
詩聖
若葉
斜坑
各館
胴裏
因習
容顔
明後
教範
牛耳
未刊
先様
干葉
統覚
穂綿
臨港
銀朱
愛娘
本四
直人
賦役
終端
軍資
豚箱
密雲
痛点
肉粉
盛宴
潮煙
下士
青馬
高説
神慮
卵色
日乾
使丁
劇作
線表
泣女
胸先
高察
獣身
初耳
魚肥
尊卑
北町
石組
雄編
舎兄
添木
窓側
党規
悟道
民望
呼水
外層
後棒
凡愚
門弟
地籍
平語
同工
尊簡
訓点
別称
摂氏
水干
憶説
古跡
資性
寒肥
酸度
弁理
入費
庭前
間口
俗伝
石板
正道
愚兄
狂体
馬齢
氏神
風樹
故老
優男
丁数
変局
凶賊
自流
引継
華厳
情況
全能
妹御
魔術
煮染
妙技
恒心
後室
腰間
丸幅
炭肺
地雨
直垂
持株
闘鶏
撃剣
子中
氷雨
白湯
野戦
胸毛
心肝
口器
極製
兄達
没薬
湾口
清音
御念
小径
殖産
実意
現今
碑石
肩息
分力
洋語
城府
元詰
労協
棒鋼
監守
白梅
徒手
空似
故主
庭球
天人
台地
割声
春着
緑樹
寸鉄
犬馬
遠国
小手
遣手
長恨
亡兄
高閣
体計
根付
霊峰
療育
篤学
林相
類語
糸目
重土
板敷
良妻
絶域
権蔵
霊園
力持
遺徳
浅紅
不乱
工率
端尺
僧位
雄途
代数
引換
平絹
旧慣
印税
持分
半文
買値
重職
法家
綿雲
調車
助平
玉将
絶遠
陰線
繁簡
扇町
魔境
老若
農夫
丁稚
鶏鳴
上値
手創
鼻毛
巨木
干城
湯女
肩章
行司
心夫
軍記
諸方
起原
書判
旧悪
風骨
古形
半作
上町
鬼火
大震
練鉄
握飯
土豪
滑剤
桑蚕
触手
僧衣
外編
本手
外積
原義
必修
奈落
桜草
農大
目付
小数
強面
大圏
祖神
画境
令書
独眼
雅俗
朝見
工房
花色
山容
高根
夕晴
軍夫
時局
内孫
凡失
鮮血
性合
目縁
建場
奇聞
雅名
勇往
多生
側妻
雲級
謡曲
変量
悟性
軍帽
地歌
巨星
本姓
青楼
放線
旧情
白羽
丸麦
害悪
馬標
多聞
糸竹
命日
山崩
急用
臨機
弱卒
蛮族
客僧
富岳
親節
裏打
道管
揚戸
舞扇
動輪
官報
能楽
別席
牧笛
芳心
種苗
紫衣
辞色
旧派
他用
生揚
菜種
噴流
半天
多罪
新着
唐墨
赤飯
御名
塩気
寝室
貸手
遺恨
私署
墓守
内金
無界
日商
生類
善果
詩興
徒足
原状
川底
証紙
猛犬
諸兄
髪際
追風
割判
霊肉
隠然
身柱
穴熊
継粉
敢為
霊域
無下
指頭
殺気
役印
吐剤
入目
塩瀬
音調
赤膚
諸多
用達
色物
海容
力感
道断
家政
奇偶
練貫
高著
吸血
姿見
荷車
軍籍
機具
検字
相聞
陸橋
割礼
旧法
本陣
読点
御状
花札
会心
稚児
短波
浅手
質感
利欲
元高
緩徐
新茶
落度
聖水
墳墓
威名
義戦
先口
点景
暖流
利運
良風
老樹
制帽
見境
中陰
山色
各州
宝典
道教
子種
寝巻
時宗
忠信
尊像
薬指
病因
京間
無届
粗品
乳価
党争
割目
手勢
粋事
遊軍
胸裏
主上
満潮
家教
宝算
礼楽
公知
親衛
綱要
実記
代務
野師
奇話
近傍
割下
人別
各項
未必
史筆
共産
獣脂
毛裏
夜着
野路
御意
数個
遠眼
心友
真否
内典
丈余
猟師
風眼
随感
篤信
前便
中研
獄吏
裏芸
塔屋
上声
逆縁
余儀
下足
例祭
学理
聖日
倍大
女色
潮間
祝典
今方
礼式
類同
秘境
神算
戒壇
変体
山国
雑役
急白
部所
汽圧
営舎
速力
国法
自門
唐詩
捨売
種畜
情味
乳業
破風
震央
両統
武者
家持
地積
長上
当所
軸受
後段
女滝
同門
聖油
建具
段平
日貨
日当
夢魔
雑件
令室
銀地
入神
独話
黒米
原虫
国師
証文
穴場
君命
洋紅
牧童
新盤
病癖
雪片
極量
免役
受話
救療
来車
郎党
旧領
遺矢
国粋
豪酒
臨死
墾田
遊資
心付
血気
買価
元値
素手
新宮
寸胴
貫首
突指
辛党
瞬発
朝恩
鉄石
単数
軒端
炭車
自大
木立
再応
遠路
逆潮
吸口
戸袋
木賃
引例
角帯
少弟
命毛
瀬音
偶詠
伸子
飲助
恩威
暮夜
色合
旬報
翻然
仮初
海損
緑茶
学外
極左
単利
葉末
悲況
玄黄
挙例
図会
寒色
部面
古訓
絶境
逆産
破鏡
提灯
全姿
端整
跳箱
貴慮
付票
脱文
香水
武弁
身方
営倉
帰航
勤評
善男
公器
幅飛
難境
胃炎
下敷
売口
暗鬼
演物
労苦
賢愚
末木
熱球
効験
頭株
短才
陰極
浮説
脱力
師恩
首筋
冠木
仏閣
鮮場
油虫
悪推
初志
首足
差足
戸口
国母
美音
豆銀
仏前
私意
往古
費途
刺傷
切能
信士
載貨
定席
信実
仲冬
同素
後家
盛暑
精華
台木
世態
御遊
後場
故殺
小皿
小前
度胸
摂関
字母
骨膜
浪宅
退紅
職位
性病
良人
殿原
漁労
手跡
逆接
現況
素姓
敷皮
長持
細大
深林
算法
妙策
編棒
内陣
小潮
国表
下情
軍費
下塗
弱味
友邦
晩期
霊鳥
皮膜
掘割
右府
遺沢
湾頭
友軍
末節
置床
羽音
球速
戦備
群雄
景趣
狂文
語順
粉炭
片町
国光
幼童
雑報
旗持
新宅
虫腹
車夫
道者
鼻祖
苦界
既倒
遊金
憂国
右党
消炭
楼台
有功
美文
段別
詩意
肉屋
戸外
中程
局外
造酒
伏目
勝報
長波
吉兆
捕吏
怒気
加薬
郷社
美形
大約
老中
春雷
豆粒
山羊
所天
写経
聖跡
樹液
整調
鉄塔
闘技
石突
鼓笛
院宣
心象
東雲
祭政
昇順
情実
尊堂
残花
活魚
心眼
師表
巨利
原籍
側役
入船
毒見
沈香
助産
悪感
触書
渡船
敵背
紅茶
過半
主我
強記
側線
寺子
手代
伏字
主部
村雨
忙種
凍原
防湿
某社
確然
険所
意趣
背革
寒竹
慨世
偶数
死場
船軍
売国
水雷
小佐
幼顔
縁辺
曲筆
残敵
士族
賊兵
金工
歳計
銅貨
差紙
疑心
君恩
骨肉
磁束
我意
静心
淡彩
防人
余熱
文節
不労
仏寺
写場
低木
土工
野末
踏段
標号
環海
残響
湖沼
私印
幻術
筆意
茶事
岩屋
奥底
我先
粒食
孤影
人品
火消
線形
天袋
留男
貴兄
両三
異材
辺幅
不興
奇貨
紙巻
至言
詩趣
典籍
打傷
見所
事始
人声
南天
誤脱
才子
淡色
固体
君父
継歯
重手
難治
定式
紙型
形像
潮境
山吹
白墨
密画
仕組
光子
情態
才気
左下
積肥
晩学
秘薬
情人
民有
藩中
門限
後端
医業
台場
虚説
法令
丹毒
月食
非分
祖語
何方
右辺
理非
複葉
暗然
火線
足業
初生
聖目
肩幅
掛軸
各月
未了
水陸
業物
腕車
潮路
間奏
火気
楽長
機巧
漁区
販路
真如
治国
露点
畜類
通史
戦雲
照影
美神
助人
飯店
分課
独房
作意
和本
史談
訴権
小用
業主
暗夜
府下
恋仲
清白
市松
花軍
類歌
暮秋
復啓
活殺
政経
右記
白骨
英気
傷者
枯枝
寸心
立后
波風
同質
否運
深沈
総員
近詠
天領
氷水
歩卒
基線
山勘
品柄
型紙
和音
隠者
粗葉
漁夫
省線
面識
何奴
乾飯
製紙
束論
朽木
偉観
区点
大帝
黄体
茶腹
各様
空字
光輪
船方
寒紅
重刑
盆山
書法
物相
主意
軍拡
望楼
皇神
家財
振鼓
天険
私利
後難
注連
経界
月影
食道
貧者
吹竹
観兵
紅裏
頭字
木石
反身
本源
謡言
秋思
所生
研削
官界
被服
正使
柱頭
幽鬼
洋才
法号
銅盤
聖衆
熟字
武備
酒食
雨氷
朝湯
衆評
微志
胴着
霊祭
掛子
涙雨
単記
養女
運筆
天目
初句
飛電
紫電
白桃
家門
諸法
路傍
変災
濁水
操守
試技
律師
福相
爆薬
高炉
秒針
神位
小耳
鉄色
貴下
対価
多層
訓辞
神器
異域
争議
花時
小力
門葉
字解
慕情
激暑
盛運
丸薬
言文
礼物
編首
相判
反語
重病
電炉
他物
産衣
来電
節糸
国貨
私法
大官
余興
適材
公子
切目
死児
敬具
仁者
余得
師号
終曲
順境
裸像
広軌
語調
正夢
掛字
宮家
世尊
浮彫
元物
文頭
裸麦
神歌
散光
座興
節倹
温灰
雌竹
雲煙
賢人
突棒
死人
旧館
初穂
空色
卓論
停学
高曇
皇考
防雪
内憂
唐心
俗務
警防
評語
継手
黄門
表徳
佐官
何役
仏典
前垂
天賦
潜戸
銅鉱
章魚
交雑
古渡
盛観
手兵
引潮
政所
高段
官印
内議
寝言
私産
仮構
手刀
牧舎
明徳
橋畔
従卒
虚貝
継親
買上
詰所
胃袋
袋織
偶因
月謝
潤筆
劇職
大猟
鼻孔
始祖
論拠
明鏡
事犯
積水
常詰
波動
兵卒
伝単
花代
僧正
目顔
蛮骨
神威
御子
流言
香炉
青票
念慮
客位
鶏群
風草
大隊
名分
対向
岩床
債鬼
純絹
砂上
婦警
倍長
副文
報国
寝技
時鳥
晴着
長径
座元
陰雲
近事
俗界
奇計
香煙
典故
君民
聞役
全知
文例
火勢
筆先
断案
古刀
随神
北斗
僧院
災難
死地
音感
狩人
時論
家兄
呼損
竹冠
内題
車紋
小結
本紀
精麦
左岸
終局
延金
衛兵
仮寝
花片
酒興
評点
新語
防毒
逆臣
寄道
心機
勇者
愛婿
老手
号音
照焼
平面
勢子
印面
唱名
海産
電略
小話
陽暦
跡形
苦境
歌書
理化
脳波
長路
演者
虚誕
血塊
年男
気道
下策
中性
実収
糸桜
絶海
明春
尾骨
景勝
片親
後架
行火
親等
陰火
眼光
珍優
対米
砂場
波路
尾花
道士
手踊
岩頭
草分
尊影
態様
両夫
天職
期成
猟期
文金
童形
春耕
兵制
兼愛
時好
輪番
属性
良書
多勢
間髪
球心
商権
終極
酸葉
皇霊
銀扇
適才
慣性
訳合
岩盤
激浪
給源
数輩
駅頭
席順
常宿
邦舞
水路
才媛
願意
小網
者共
川音
古格
宗規
金地
法政
深意
岩室
白粉
太初
村里
脚気
止観
薄縁
島守
沼沢
煙毒
売人
異姓
関白
他宗
原著
胆石
都電
後列
本志
翌晩
終審
限外
早見
吉事
医道
肉池
立木
横線
共益
凶手
調革
白描
風足
正否
薄塩
来期
砲身
半開
踊子
車寄
夏服
取粉
言伝
音義
倒影
詩型
他聞
高年
新約
短信
左近
片前
荷積
今際
戦利
素数
坑道
所収
隷農
交霊
粋人
例言
洗米
戦況
氷原
雲丹
風下
弱虫
初号
盛業
高次
国士
良材
裏手
音域
定日
獣性
諸縁
童歌
銀製
落体
古語
車馬
角膜
制式
事理
陰紋
旧恩
平侍
長堤
売名
徳行
満会
路標
膜質
暗号
恒産
台紙
主調
切先
死時
月掛
卑見
先学
老残
神祭
兵営
半平
帯革
席代
敵陣
半金
先任
浮華
座標
風気
詩書
宿学
波形
凡下
宿木
礎材
語数
帆柱
黒光
明達
取立
痛風
雪煙
幻灯
複軌
額縁
京染
利腕
小満
近体
乾布
口才
暖衣
乳状
対屋
御大
薬種
日夕
個数
夜討
人伝
異朝
教派
心裏
引綿
年子
品別
新案
畳字
黒奴
冷熱
羊頭
近郷
聞物
片腕
育苗
店卸
雑益
金談
魚板
圏点
書信
石粉
駅舎
青貝
不可
天産
尊命
金線
火酒
客間
葉月
孤帆
余白
歩兵
香箱
秘録
甘酸
船床
字画
山詞
仕掛
日割
心魂
恩顧
粗方
体刑
伝手
令息
営林
上策
強弓
明月
正接
乙夜
地袋
習性
造山
和式
電卓
海国
具足
芋虫
呼出
口金
微温
原石
海陸
合符
衰勢
真跡
愛嬢
保振
外物
座職
吉日
打身
親政
野蚕
通辞
聖賢
折箱
至人
鼻声
張物
労銀
蔵人
花心
版籍
減作
能文
宿運
迷霧
酔歩
代将
貴女
荷扱
開山
盛典
愛憎
大番
海象
実否
広敷
難物
性愛
毒魚
新秋
農期
県会
銀器
隔心
下露
隻手
船宿
牧夫
相法
油膜
付図
級長
労金
葉柄
往日
軍馬
夜番
金風
単葉
検量
平脈
京阪
私記
継馬
密書
武門
麦角
宗法
他事
臓物
南風
後傷
本態
自性
月表
浅才
所領
治者
寸評
神通
詩想
月明
雑作
題詩
盛徳
帝都
軒灯
本字
小曲
全労
秘跡
鉄橋
山並
朱印
峡間
師父
栄華
号車
美称
季候
片糸
組踊
賢兄
有体
蔵米
状差
賢女
学窓
前額
無二
口前
女波
浮魚
中潮
煮干
予後
相方
文展
至急
宿銭
経論
公理
尊霊
揚足
何某
芳志
算木
怪人
類型
心意
流民
差水
青菜
上腕
先山
筆戦
赤紙
政論
剣幕
欲心
憂身
罪責
青磁
陰祭
史書
幸便
性差
虚栄
細筆
分隊
制札
幻怪
雄心
凶事
上物
験者
指事
酔余
奇勝
欧字
曲直
至情
社友
不尽
重詰
双手
乱療
全霊
風紋
玉算
教則
剣術
敬神
愛染
情歌
武断
柔術
電脳
天明
海難
半畳
仁術
湯茶
塊割
典薬
納戸
緑玉
言霊
臨空
僧俗
寸暇
亡国
油気
通論
目端
鈍痛
略画
両義
京師
飯台
張番
蒸物
負号
偉績
意中
球史
利水
種紙
鬼面
差違
界面
単体
進士
上衣
天来
題意
馬丁
付注
官途
筆洗
金糸
梅毒
社共
金団
豆幹
引幕
諸式
干死
中背
穏婆
中休
文机
球道
高跳
多倍
泉石
下角
横雲
冬空
人称
地役
不知
銀側
延性
違例
密議
遊君
上客
舌先
例規
漁法
段幕
速歩
防空
秋晴
私募
寒害
至宝
堅陣
威信
補聴
別冊
大技
中隊
里謡
胸像
造物
小陰
眼中
内宮
陰地
平場
仏祖
前言
山風
笑劇
雪男
武勇
起句
鬼気
誤差
厳科
総点
恐山
毛並
辺土
別涙
工手
角笛
初湯
金冠
人死
株立
英略
湖底
筋炎
医員
古参
両次
大安
来状
往事
激流
申入
鉄線
色悪
鳥目
名流
葬列
面輪
定温
葉巻
石松
易化
貸店
隆運
講説
霊場
厚紙
衆論
張板
点心
貸切
院政
具象
導管
俳号
札所
下刈
産婦
悲母
愚生
前代
造機
気先
箱庭
鼻木
漫文
貧寒
略図
風見
静脈
暗室
足袋
業況
流氷
座員
薄暑
奇才
楽隊
後学
中入
子房
法難
名城
当家
隻影
石造
幼生
与奪
騎兵
赤身
段歩
粗飯
町家
残像
木通
絹針
丹花
流派
表方
秋物
女人
死水
助祭
緩怠
心材
諸物
藩学
砲戦
被布
看経
史籍
書画
芳命
提要
山場
絶技
中外
船型
布衣
中波
官権
後口
事跡
上薬
至尊
乱酒
乳酸
秘計
根粒
御料
夢占
結線
公孫
日収
名鑑
盗心
焼跡
官辺
暴威
夜景
陽極
中耳
乾田
取付
番台
声聞
玄麦
奈何
銭形
陣鐘
銀座
他念
変値
呼名
桜色
券面
国儀
水夫
打力
周縁
前審
真名
禁札
踊場
山守
歌口
丹前
大師
善政
負軍
疑団
来季
大黄
苦竹
借受
物販
売色
才六
俳風
段通
雪空
新店
合着
遊漁
幻視
私室
並足
観想
岩魚
格付
悪心
書目
字訓
源平
蛮習
耐湿
情工
天心
愚僧
刀心
米収
持薬
中指
人面
不着
別状
牛後
急信
品数
書換
弐心
愛息
桜飯
書屋
沿線
風前
船路
春景
高徳
熱論
式目
庭訓
遊技
徳目
姉御
本宅
死魔
天聴
策士
横紙
親株
幻像
虚位
本道
姫君
環節
荒筋
旧主
花軸
墓穴
夜光
円弧
原泉
半解
素謡
官立
過怠
反物
金髪
肥育
共役
相客
生湯
私兵
酸鼻
件名
若君
軍旅
神灯
裏白
戒名
盛場
引歌
仏事
余財
実理
粉剤
肉類
式部
丁場
王化
情婦
手性
水鉛
地産
全戸
古希
紫煙
海松
帯留
義烈
鹿子
事訳
松脂
反例
体技
飛魚
主務
税目
雲脚
防共
画筆
利尿
清勝
台下
細線
厚様
意想
因明
本暦
漢才
猛者
魔法
勝景
近称
夕潮
日覆
裏声
宝蔵
仲合
太夫
厚司
未決
淡雪
平話
明哲
炊煙
校旗
陰金
武功
宗義
卓才
白頭
恩義
主脈
収差
語頭
末巻
細民
急電
高踏
特需
赤銅
造本
震音
失体
設題
仏具
迎春
教皇
麦飯
衣帯
野立
腹巻
短評
粗糖
好字
小昼
凶年
声価
情動
規準
言句
茶道
夕映
奇癖
結文
引金
歴象
拝殿
貴注
主君
新古
風姿
故里
初端
絹物
鋳鋼
危急
召状
修辞
政道
盛物
後先
路用
郵券
効目
仏堂
賢婦
戦端
地織
余威
古人
詩文
機転
得物
切水
道着
挙国
雑事
国富
鈍角
消磁
親木
古昔
院外
木管
朝命
出潮
洗粉
親玉
弓取
吉報
愚息
佐幕
衣魚
日掛
別使
現勢
俗姓
香華
主祭
吸湿
面壁
亡君
平声
他姓
願主
若布
双翼
公差
浴後
洋品
厚地
玉稿
品名
未到
超人
薬科
暗主
整式
主情
花祭
目貫
陽炎
量子
紅梅
月草
見処
手妻
肉交
提重
気転
芸当
皆既
死金
小首
旗雲
条理
火玉
布目
原拠
告文
風袋
銀山
繁劇
補肥
群峰
原質
法名
観音
貴書
病葉
霊気
後産
元正
腹囲
絹本
足熱
他誌
主語
論旨
触覚
内侍
時空
具案
冗官
墨色
内意
波面
死罪
種物
童顔
博愛
雷火
奇功
心胆
姓氏
副書
本拠
美声
破帽
旗鼓
乱行
学事
王土
魂胆
略服
連尺
夫君
中黒
中位
劇画
深手
銅山
投節
実生
寒菊
良剤
画趣
道服
官女
夜戦
月切
照尺
霊水
貸主
単式
白魔
所感
団居
風狂
筆陣
塗薬
金欠
舟人
手簡
粗目
日直
爆雷
圧政
声紋
真弓
泳者
男浪
目代
富者
支族
仕儀
口伝
流俗
飛火
配所
遊糸
花守
志学
校本
商圏
新版
神権
孤舟
平城
結縄
巨漢
精根
陶然
仏法
洋式
空谷
落日
振事
裁板
親達
表口
花屋
本給
愚人
色道
応分
炉端
和談
極楽
信越
雪娘
焼絵
骨身
用布
港外
紋所
侍者
裂傷
組重
属地
氷室
全党
地温
供頭
書院
茶代
聖女
尾端
部室
脚注
抜毛
情火
雑題
病歴
野乗
陽画
貴宅
水松
肉感
糧道
墨袋
右肩
看貫
霧氷
初氷
暮鐘
療薬
同上
院展
大姉
矢種
全島
華道
雄図
虫害
泣顔
宴曲
書体
線画
上表
西陣
手織
金杯
花壇
異形
死際
捕方
公休
目薬
微罪
勤怠
格式
春暖
歯髄
銅賞
諾意
自序
観菊
平米
俗体
傍訓
正金
戦機
陽春
独言
粉屋
前古
通例
嫁御
済世
機雷
内争
法橋
男帯
裁布
翻心
場席
同番
家職
識見
経籍
律詩
記数
麗筆
馬具
複素
鋼管
節婦
数刻
対数
雲路
勝星
恋路
旬日
古血
国劇
公債
歌体
既習
詰腹
逮夜
海星
席入
立業
有精
徒名
断熱
麦作
手序
邪道
曲馬
薬酒
冗語
密命
独歩
古俗
書状
路辺
湯玉
深窓
揚板
刺子
左辺
法輪
絹綿
採光
両所
生母
猛然
年期
文意
神祖
渡者
色相
弧状
番長
必中
突先
悪道
怪聞
貨車
陣所
浮足
山芋
貫長
新釈
原意
人煙
軒数
老少
郵相
遅達
月毛
即金
表作
広間
苦肉
強肩
網戸
管状
賀詞
小知
奇習
進取
池畔
乳糖
黄砂
武鑑
経絡
掌編
今更
人世
上士
賊名
筆紙
高節
冬場
衣食
適所
近刊
軍令
国状
急足
明太
兵乱
島山
新教
特販
語根
活仏
霊剣
耐用
極月
重湯
心神
殿舎
請人
合従
臣子
船賃
潮気
剣玉
余力
野火
大政
巨資
要具
継端
流速
書机
家柄
建売
男腹
後景
青眼
後書
固目
有半
証歌
要害
焼豚
仮数
機業
案下
旧遊
大路
貴命
終発
満期
宿罪
退勢
的屋
魔道
油剤
厳暑
大葉
読物
戯場
暴雨
虫薬
新令
陸奥
直方
風月
直参
悪様
差分
初役
中子
害心
通有
浅傷
幼者
分霊
国禁
机下
回文
反立
奥付
氏子
長湯
単機
微香
背理
前震
揚幕
心太
原語
引物
器機
管下
散楽
同旨
出格
郭公
心火
論陣
結願
熱砂
季題
真筆
伏線
農奴
色欲
命婦
寺格
従者
法城
塩害
御末
玉虫
故山
守宮
値域
兵船
句法
先君
盛名
火矢
要地
難場
輪中
面前
底魚
残夜
夜色
水盤
花実
増炭
墨絵
写絵
受持
邪宗
小勇
似顔
令妹
賀宴
荒屋
腰巻
打豆
余技
船荷
心像
焼付
届先
緑林
例刻
半白
彩雲
私物
内乱
忌地
流体
国司
雲霧
上世
勇武
神剣
棒組
鼻音
漁網
雷光
徴求
市勢
夜業
微粉
大逆
曲面
文名
砂原
中農
衆力
幾何
両雄
質料
始端
腕骨
立姿
丸木
俗言
令弟
鬼婆
卵黄
難曲
切子
日算
仁愛
旧任
素養
大過
初物
由縁
粗酒
海女
世路
零下
徴候
歳末
馬印
億兆
演舞
体様
医方
赤熊
法華
天王
母胎
玉歩
思潮
雲形
荒肝
獣肉
属国
介添
魔障
酔漢
岡持
後人
家名
球戯
日永
用法
実費
間着
書冊
神橋
原寸
弁口
侍史
宝鑑
凡作
句点
名月
盛事
知行
楽園
熊手
投首
店屋
篤行
校規
宝船
灰吹
分秒
給金
存生
皆掛
由旬
求心
磁路
文鳥
哀傷
学才
城主
垂幕
聖哲
胸倉
綱具
俗吏
原紙
尊覧
紙切
田作
猛火
御灯
軍勢
支隊
羽尺
色魔
偉物
玉案
暗紅
中有
同職
排日
片口
添景
使徒
諸姉
輪形
情夫
訪販
雷公
門跡
忠心
羽交
秘宝
整数
寺侍
博聞
本則
凡俗
色目
物情
明証
聖業
和戦
紙花
塗立
真先
霧雨
白茶
天意
取口
権妻
労役
重罪
守成
女医
豊年
砂船
葉桜
和布
持場
憲兵
後詰
有夫
前祝
春雪
別件
官能
可視
詩劇
押絵
御用
界雷
聖霊
高批
紙器
薬学
式年
人参
節分
権道
昼夜
野犬
火水
正数
鼻柱
山骨
列火
粉米
文典
薄利
報徳
付根
残生
石版
特金
非人
雷名
現尺
通気
乳牛
歴戦
鳥網
先約
鶏舎
薄物
地衣
端綱
美点
平底
用例
本訴
曲調
如才
実際
絵暦
郷関
破線
若僧
印判
恩賞
清鑑
荒土
礼帽
仕打
年令
山賊
天真
風勢
国訓
尾大
分陰
宮刑
定昇
仏滅
詩語
笑話
死物
坑夫
花落
故知
狂疾
在処
大意
軍陣
胴乱
音速
虚名
面皮
東遊
内縁
霧中
定論
拾屋
近因
新形
純系
宿縁
浮巣
慈雨
仏土
下戸
指命
定職
血路
和銅
火打
散米
米所
軽口
語末
市区
僧坊
切炭
正則
外洋
我国
軍装
官記
原初
業病
謝金
紋様
存意
回虫
素意
法統
諸政
漢土
矢庭
水油
行平
鼻綱
単解
断碑
平曲
命運
夏作
旨味
胃酸
箱船
良工
暖炉
深浅
罪跡
文段
鈍刀
物忌
付則
才物
乱文
極上
希世
宿許
白壁
光臨
領民
命題
空電
忘年
従容
小梅
鍛工
導体
仕法
神罰
真草
肉刺
官職
縄張
図様
主筋
正教
干草
縦形
道産
掛目
軸承
御悩
牧人
俗書
同文
調歩
底土
風花
実姉
権助
余所
朝飯
神式
風脚
道庁
骨頂
出合
半銭
親芋
御難
水天
白帆
減法
板本
寒帯
屋体
名筆
達引
季冬
白線
多項
心持
善悪
俗事
定宿
出丸
惜春
勝因
弱齢
前門
中興
要事
極官
諸相
震幅
折助
胎齢
真髄
依命
銀位
口糧
遺制
毎会
川床
雨声
縁取
生霊
割勘
大協
店構
外需
香具
軽業
要覧
上体
同君
横議
古体
天骨
雑炊
積木
巨歩
副使
詞章
有権
度肝
補元
銀縁
売出
表具
御事
容止
杯洗
編章
隣席
番所
訪客
合羽
及落
元価
精粗
真横
冠詞
職制
巧言
上潮
印紙
群小
舌戦
花穂
翌週
砂山
近影
耳許
狂犬
鳴子
身性
立役
菊芋
穂並
好配
祖師
神髄
室温
栄典
練兵
浮力
当校
脈所
戸板
大福
肺臓
双務
熱情
範式
加数
秘技
豪物
手工
関守
錠前
地気
陸封
入潮
暮春
真砂
法治
物上
目性
概数
逆波
敬答
老農
代案
心木
茶房
俗流
大円
水足
戸長
香合
色覚
雄略
男衆
在野
車引
語感
酒楼
飛車
制勝
後山
骨粉
生肝
恒温
秋作
養母
洗足
輝石
新院
越度
良策
徒情
尊称
優姿
胎便
道芝
重責
秘説
氷雪
無上
金売
方略
名木
湯巻
情調
塊状
手植
祭場
海老
目処
仕形
幻覚
雲量
詠史
与国
木遣
肩癖
国字
裂地
弧線
部内
交友
舗道
大罪
粗銅
旗下
寝食
極付
直門
御忌
常法
不時
高下
荒布
夜学
悪報
名望
米塩
別儀
土星
俗用
秘方
原付
印章
山番
生侍
持病
旗頭
木霊
所書
空談
浪漫
機略
微震
雪腹
鉛毒
皇紀
朱筆
白目
織女
貧農
空耳
晩鐘
利鈍
上水
純然
噴門
伝助
零時
未設
干満
確報
税込
別宅
才腕
枯葉
太子
門口
両市
他律
血沈
半音
空合
白糸
黙契
痛事
主恩
多血
欧文
両朝
勤行
公証
直衣
有情
別途
同役
波布
壁土
楽劇
総髪
文勢
副次
貫入
名標
雲海
敷島
禁獄
能吏
本金
機根
日雇
夜船
書取
置引
技工
図絵
陣屋
能筆
当館
神官
義眼
記聞
評言
夏越
上様
古制
誘電
防壁
平麦
月別
名刀
因子
海防
不随
全便
聞酒
勤王
殿御
晩食
題画
偶作
小面
両道
炭取
桜紙
横形
推力
通箱
祝宴
財貨
台網
刷物
種芋
緑門
末世
半片
天主
炭質
殿宇
大足
用後
英霊
広原
週報
天外
堅人
半玉
明視
外向
画業
白話
征矢
触文
愚案
半価
年季
援兵
不惑
水物
群竹
忌詞
取灰
香気
役牛
銀子
遅日
打首
玉露
役畜
兄子
近東
添乳
馬面
旧宅
円貨
買気
音波
地合
尾錠
出銭
楽想
強震
広幅
鼻炎
古傷
寒心
義膜
欄外
祭司
矢束
松明
犯則
新風
療護
酔顔
段物
模試
山伏
仲居
神色
腰元
乾葉
両年
円上
華氏
御飯
童部
長柄
革質
薄明
名子
歴程
綱玉
滅後
大死
詞宗
当機
哀感
誤判
奴原
愚見
縁家
根毛
紫紺
男前
遊女
元肥
彫物
王代
麦粉
利手
鬼歯
義心
通事
幼女
焦熱
劇通
勧業
実字
主教
帆布
日輪
熱量
炭層
女浪
同値
赤本
石女
陰暦
巨財
終巻
船標
適評
欠本
多売
商科
横腹
消炎
鉱石
御歌
転寝
腰弁
政略
連声
調音
臨池
旧債
史官
引戸
魚群
縁石
国元
公役
航続
私人
嘆声
新酒
和船
胞衣
思郷
僧上
斜体
世評
緑風
未収
教理
洋学
外因
内法
与太
我輩
書林
下草
白扇
空巣
各賞
公方
先払
旧藩
重箱
焼印
史伝
香辛
然諾
商学
紀律
真皮
行文
起死
標目
国持
家信
揚陸
灯用
敗勢
幾日
焦土
手飼
盗癖
鉱害
海草
金気
張手
犬歯
列伝
単級
手事
道統
古伝
釈門
族称
素足
水滴
例題
獄窓
霧吹
警策
河船
吹上
空冷
全期
惨苦
売薬
対称
王事
事相
建株
女敵
早場
父権
雑俳
属島
主薬
乳香
後編
季春
票数
針術
切替
糖衣
寺号
清栄
後備
花序
利剣
床杯
余徳
蛮声
箱師
内聞
西陽
酒手
舟形
野心
相国
欠目
雪踏
島影
徳望
無籍
道話
係数
数多
補木
哀絶
平織
卑属
声誉
太絹
渡殿
雷神
恩命
満車
船守
火祭
防弾
砂子
観桜
娘心
硬度
伴僧
客地
寺領
我流
西土
片息
遺文
左証
仮痘
古里
丁年
外道
砂鉄
応力
草書
赤沈
評注
丹色
標柱
序詞
鑑札
狂詩
属領
市費
使臣
墨跡
船幅
鈍行
洋弓
白寿
音節
断橋
鼻面
風力
可動
楼閣
撮像
別殿
浮舟
邪念
交声
上屋
旧臣
荒天
乗換
眼疾
光参
落陽
証票
旧道
心柄
矢場
愛欲
便意
焼山
副将
冷泉
序言
位地
肉片
法門
総記
恋情
小中
医書
欠員
縫代
傍注
牛革
私刑
課業
漢語
席料
警手
従兄
愛執
真向
稚魚
楽聖
史劇
図上
内妻
同輩
小器
大乗
武技
痛覚
同類
論題
創傷
征途
魔性
中置
大通
代人
鏡石
耳環
可逆
合札
上皮
名山
養豚
袋縫
衣糧
紋日
名著
透目
親御
芳信
平幕
侍童
発句
片棒
基板
礼電
割札
素焼
興亡
怪火
芳詠
行路
灯心
落人
御寝
副題
高角
返電
市上
芸文
芋版
拍板
金銅
流汗
賞杯
仲立
興趣
船級
馬手
陰言
外耳
高覧
筆舌
聴視
水筆
正系
編隊
類題
門魔
親署
縄付
半裂
能才
雄志
全紙
炊夫
雑株
字句
邦字
洋本
紅紫
主位
兵略
賊軍
有刺
焼飯
俗談
揚玉
方寸
木皮
光陽
号旗
健筆
金扇
電報
在所
旅情
秋郊
従弟
耐圧
感熱
潮合
等式
金将
神楽
商運
所帯
空事
結膜
各論
右近
飛泉
執権
本属
功過
夕影
場景
男手
用度
浸礼
金管
中層
乗法
外紙
僧階
南岸
畳語
大凶
置土
軍港
絶壁
甲骨
楽匠
絵所
門主
血糖
客気
軍紀
土筆
桜貝
福助
門柱
光来
短針
浮荷
現業
吉凶
召電
薬毒
同母
秘史
取高
風鎮
隠士
馬方
舟場
円転
容子
無品
複式
面差
炭団
差毛
善言
余沢
溶剤
生糸
決然
印伝
傍流
色感
気息
送辞
束帯
酒気
男根
犬侍
粋筋
非番
取的
画板
外気
常客
回天
寒行
秋月
異本
切窓
女工
愚母
権柄
掃墨
組下
上目
国主
薄肉
冷温
砂州
路肩
文色
小付
素式
家君
無手
回状
定則
現任
昔年
入物
悪童
塩基
弁膜
依然
邪論
遠流
剣難
率然
著聞
唐人
数行
溶質
妙所
夕立
麦芽
当流
旅衣
格率
後作
巧遅
官設
粗筋
盛挙
天成
国策
貸元
宗徒
天堂
海港
要用
亡父
落首
打綿
内国
桑子
宝刀
報恩
抗論
田夫
革帯
隔壁
羽翼
野道
上意
善人
数式
長編
遺習
船蔵
差前
児女
焼畑
内債
香魚
宝前
指値
静夜
村役
職工
地底
光年
宿六
家訓
邪知
私宅
斜影
徒口
影向
容態
角柱
近火
貧鉱
小僧
作男
倍角
渡鳥
家作
公傷
遠火
何頭
時勢
検孔
教場
諸点
湯葉
末筆
地所
赤口
寒卵
出様
奇知
軒別
翼状
泉水
盤根
平時
極冠
夜店
茶店
攻口
古称
異人
不評
楽市
寒波
雅称
院議
共裏
私供
丹塗
戯画
神宝
桃割
背節
測鉛
尊慮
敵討
小童
人臣
個物
有様
主家
仕手
寒天
大杯
間然
旅装
未聞
穀粉
差料
射利
家風
主事
風柄
老台
会堂
読手
鼻先
簡保
久離
画才
屈性
紅顔
弁士
元始
受認
迫真
奮然
速効
遺著
老女
名籍
満干
茶所
反間
軍鼓
前腕
豆板
順逆
孔版
情交
作土
茶掛
施物
球体
動体
宮腹
心音
補語
春情
用足
仏塔
心土
願事
絶佳
徒飯
地引
山子
和親
悪霊
替着
歴世
閉包
鮮度
紅毛
諸表
煙雨
肉色
陰刻
異類
門札
口許
題詞
本床
律蔵
分針
勧学
芸大
腹背
締金
冷暗
滑車
俗文
文型
売声
沖積
若様
新前
酒肉
太虚
館主
蚕室
同病
直列
花月
晴間
幼君
宮室
雨曇
初速
滑石
油脂
善本
霊木
画意
郵袋
枯骨
男持
細雪
布子
兵書
不漁
貯炭
原名
空寝
春陽
漫然
内圧
生首
臨御
官栄
来旨
骨幹
斜線
覆土
読史
病犬
外線
活眼
残香
貴札
小女
雌鳥
寸時
雨具
舟守
魚拓
謀計
所由
養分
土人
主剤
縦隊
画室
名号
壇上
幻聴
訳書
産所
憲政
銀粉
有向
行書
似合
来世
厳君
月限
明徴
貴社
外法
間貸
西紀
熱型
同人
益友
俗眼
達意
色素
土間
兵事
過客
侍講
書契
月割
冷床
乱筆
連曲
袋帯
願人
天象
戦域
中手
目許
全作
平民
下火
隣地
道内
天朝
糸車
塩酸
視学
角形
在家
店子
儀容
別間
衆道
尿意
晩景
所与
帆綱
略体
木裏
霊像
光学
変種
席題
与件
西人
雄滝
書割
供御
洋種
梅暦
無風
本状
免罪
唐菜
形勝
無位
親潮
凡常
金環
矢車
粗製
畑作
湯水
気運
黒焼
縫目
戦役
産米
聞所
砲門
売笑
両町
他称
横型
純分
血尿
法域
版本
横筋
方眼
下職
半途
貸本
文才
空家
気根
鉱層
所出
拾物
日報
神国
神助
汚俗
機屋
下帯
法話
寄手
構文
判子
茶飯
怒髪
並幅
決河
書抜
山犬
円価
直腸
入夫
試筆
刺虫
宗風
都議
長剣
前払
貴紙
極所
待針
寄木
仲店
踏絵
伝書
温容
羊水
帝王
僧形
織姫
無印
男役
権現
軍鶏
試料
覆輪
才知
悲喜
後夜
裏店
前約
沈鐘
粗木
財経
組子
郵船
奇手
逃道
総高
銀将
近臣
卓見
和議
救民
矢声
別段
近古
訴額
突角
禁園
新参
地峡
精彩
賀意
薄日
佳人
分身
部課
産道
穂波
気圏
干天
閣員
相恩
連木
常打
大知
息女
人海
秘奥
訴因
異同
神州
手絡
歳費
子鹿
鬼謀
投銭
貸費
座金
際物
幹竹
常緑
写字
日脚
値幅
幕屋
早馬
許婚
雪隠
丁字
魚油
要理
洋銀
豆油
幽門
粗菓
豪商
馬匹
人定
乱塊
旧居
上聞
消暑
密謀
定礎
牧牛
石印
舎監
俗才
勇姿
書聖
先住
就縛
版下
所司
格外
里程
管見
反歩
巻狩
新刀
法弟
遊士
領水
小寒
略章
利幅
種板
前作
公課
大水
遊山
適訳
部署
厚手
和毛
切張
黙然
連環
副手
父君
官金
縮織
釈尊
高密
留別
円心
勤皇
実学
腹帯
敵手
温熱
監事
破墨
秘教
望郷
島根
無官
修女
目途
低圧
歩廊
蛮風
内高
手塩
軍学
星図
仏殿
太白
作事
兵革
両辺
家産
羊腸
測線
詩編
棒頭
愛鳥
物影
庭先
往昔
折戸
立米
縁側
早番
和訓
厳島
夕景
点線
産額
書巻
汚物
繁務
治下
仁王
秘文
別条
業容
伝奇
多士
春色
雄竹
包有
帰環
測光
終電
形体
手械
素首
保水
若蔵
飛型
省議
業苦
趣致
霧雲
小町
政見
気流
続柄
水月
巣引
政綱
手綱
居合
連歌
全判
奇縁
実歴
順列
形声
平射
住戸
甘茶
帝釈
黄水
蚕児
神職
肩衣
拝啓
政戦
画素
焼石
発話
諸費
浮腰
井目
盗犯
義民
術数
実事
急啓
絶後
出超
責苦
見込
刑訴
欲得
受身
大命
大器
業師
唐竹
小言
恨事
内郭
特質
耳金
小父
明笛
失地
師道
寄目
貸賃
小店
所労
遠来
気持
句読
甘党
保父
漫芸
満作
心力
飯米
級友
夏至
悪戦
茶盆
団交
近情
平炉
村会
追号
名勝
諸白
病体
全学
歌聖
家借
員数
事大
甘心
基層
黒縁
帯側
孤剣
石墨
吹降
大邦
光圧
屋並
悪寒
行刑
有理
迷夢
無向
武芸
印画
無住
創見
通弁
芋頭
慈母
東邦
犯跡
本身
貧土
本案
連句
陰徳
大度
耕土
下心
好日
灯船
異相
総意
密事
金時
雨季
毛見
知徳
中業
暗黒
鉄鉱
東口
旬刊
実包
光源
行状
黒熊
層間
古銭
良品
公準
賢才
武道
沼気
丁子
公館
獄門
技研
迷児
乱丁
定府
空夢
世俗
均整
遠称
河鹿
泉町
揚代
画帳
無双
序品
別口
貴著
通則
利目
追腹
楽座
夢現
物欲
物陰
宗室
紛状
追伸
山僧
接辞
白焼
高楼
恵沢
谷地
弱志
葉状
雷雲
脂身
儀表
父上
誠忠
地誌
忠節
比論
珍宝
雑観
貴覧
双幅
奥向
木目
径行
気宇
託生
家父
筆触
脂足
木型
相宿
愛書
船側
野茨
書中
雲足
胴衣
古城
法語
悪声
着払
返歌
岳父
定訳
敗残
日暮
正株
活弁
勘所
戦果
亡羊
小夜
愚民
天物
切畑
比隣
歯形
詩体
御内
講述
杯盤
紋服
後足
検使
差油
座方
素志
幕営
松飾
女犯
金仏
鉄泉
画稿
軍律
接台
金高
順流
村童
夜曲
遺風
魔除
神徳
訳詞
舌端
小使
薄目
麗姿
関所
類本
土俗
縁海
詠歌
縫糸
煙霧
門外
保身
適役
宗務
傷兵
農芸
血行
法灯
科料
他校
米材
愛社
伏屋
黄鳥
人橋
曲射
玉音
名言
冬作
寿像
絹地
入朱
半角
大弐
戦局
各区
聖王
産毛
回船
実員
処務
日限
苦寒
走路
産気
下略
硬筆
譲葉
士人
各相
白太
同房
種卵
禁衛
軍票
排中
管外
花環
大脳
剣突
刑務
居中
戯事
類縁
細石
御構
断編
水芸
世知
仮死
背部
歌誌
行賞
荷作
性情
痘苗
神階
初夢
海道
好悪
太陰
教卓
年央
会意
苗代
作況
鍛鉄
奇士
水影
凶兆
電光
化身
畜力
天運
湖岸
書癖
騒人
骨張
手持
子方
始点
乙種
切戸
連言
時文
山刀
地顔
敵襲
愚妹
塗炭
西域
日賦
損料
像法
空戦
同好
反別
鑑識
細面
筆耕
官員
警視
逆光
脳病
末書
上製
未踏
車台
輪留
御方
点者
耳輪
木仏
領主
赤帽
益金
乗手
里心
足並
皇孫
印材
人相
金穴
飲屋
先登
衛視
浮橋
宿将
異彩
露草
迷子
公武
願文
飯盛
胴中
年報
行手
茶園
多少
手打
御告
前菜
料足
更地
初犯
下層
水密
石塔
欠番
高波
登高
起毛
手刷
善所
髪型
筆箱
水引
羽目
巻網
未配
腰骨
外延
法服
文題
相識
分脈
成句
門火
知略
武臣
裏紋
本末
販拡
滋味
特立
居職
漢音
竹工
背子
下郎
令婿
小腹
死花
暴政
近作
氏族
幼心
諸賢
火柱
備荒
食塩
担税
裸虫
仏師
名論
骨炭
絹雲
寒露
脳膜
遠心
騎馬
口舌
乱髪
船霊
行学
母御
没年
帰帆
大農
果糖
心慮
各車
訳詩
近視
自照
理外
番屋
長虫
舟歌
雑詠
余命
水脈
別項
腐肉
隠語
老優
永代
私欲
香車
露台
心性
地変
圧雪
立秋
生国
同友
揚巻
断金
遅緩
狂気
辛子
山陰
暦法
同前
与力
他殺
深間
原皮
朝議
職長
筆太
分室
講中
隻眼
欠字
管領
虚言
諸行
掛詞
高殿
老嬢
遅場
至論
霊山
屈葬
尊号
擦半
皇宗
俗信
怪漢
町医
主面
流量
朝間
遺漏
史乗
回流
神意
課内
仏身
王命
義士
序幕
商都
字典
毎戸
相嫁
重水
被験
間男
遺愛
酸類
来信
監房
修論
博打
衰年
清宴
経連
用益
深紅
男滝
先覚
傍点
触角
競買
法談
交互
朝来
荷造
日出
座高
死処
利敵
夜祭
形跡
橋板
前段
事変
夜道
叫喚
出物
尊台
慨然
行灯
畳表
引力
本筋
式日
請取
銀盤
楽焼
良縁
軍旗
罪過
冷機
薬舗
不老
大奥
鶏卵
星団
組討
肉入
酒家
鬼畜
母物
情義
雑技
真情
城市
快弁
除夜
茶袋
前略
道化
風説
例話
諸訳
尊師
裸婦
中許
立引
安値
速足
道草
長月
難癖
答訪
精粋
漁況
単元
表替
星宿
木偶
棒先
経年
老病
高所
藩老
敗軍
堂奥
昨報
芸子
破船
接穂
春作
大典
有性
禁城
密宗
鐘鼓
弾性
王制
版制
編木
竹光
紙帳
所化
目張
史詩
発震
正客
単軌
脂性
複眼
改暦
備忘
織元
抜刷
壁紙
跳馬
豆類
揚地
補色
導因
初学
美談
降魔
値打
倒木
肉声
赤札
浮島
小刀
宿駅
花薄
魔球
霊殿
近在
鶏口
気球
北辺
虚飾
持戒
毒味
歌話
父系
遣水
浸染
本立
鉱毒
普天
即今
祭儀
間色
土管
紅絹
早便
飲物
勧降
造言
夜鳥
訳語
公達
満額
母衣
両行
付句
油屋
多元
居館
克己
初更
古流
良夜
寂光
割注
脈絡
切口
名馬
悪手
端女
油分
言笑
向寒
超俗
高菜
完本
行人
如意
神宮
対流
転帰
月輪
質種
在俗
痛苦
水郷
木芽
不縁
珍書
場数
当為
時務
単騎
図面
甲子
勢車
両輪
寂声
祖先
蚕糸
天助
光陰
受書
他紙
英資
糸引
鬼子
良性
板材
敬仰
夜顔
鎮守
凡小
紙価
視程
怪力
古顔
口書
僧体
聞書
才筆
馬力
本殿
雲居
散票
獄衣
付火
黄白
忠霊
線条
名家
座中
乾湿
順風
鼻筋
天与
番匠
慈眼
前陳
手技
女婿
産屋
保税
士分
開府
未詳
適薬
伏勢
人山
引越
社則
天魔
校章
空値
組立
借主
打水
縁者
手洗
牧神
賢弟
章句
洋刀
較差
尿道
人柱
電界
極太
回教
飼鳥
疑点
産着
麗質
真義
全備
粗景
革具
板場
露仏
紙背
聖徒
歩数
乳液
直宮
市中
溶炉
丸腰
豆蔵
帯域
裸視
乾式
門衛
新穀
負腹
部材
没我
生血
和裁
急談
空木
間引
牧羊
神主
悪人
今上
車代
謝儀
耐震
血合
偉力
訳業
会誌
空穂
順潮
重態
名越
変格
詩草
女腹
逆境
別命
付文
御社
持説
盟休
内燃
天馬
歴朝
卑称
字義
初伝
暮雲
綿雪
製茶
未草
縦坑
打粉
機片
小腸
宿意
仁政
非役
余勢
世心
閉式
地番
御台
徒士
大計
優賞
官費
季夏
進境
荒事
話術
真水
聖断
緑土
綿花
乾死
床板
田虫
胸間
原鉱
象棋
益鳥
非望
講談
桑門
語種
分封
洋紙
利他
早計
空茶
解法
史家
忠君
長石
法眼
客分
陣形
産直
公儀
相銀
光風
軍扇
舟航
読会
薬害
別刷
潮曇
除数
狂恋
数次
新付
草肥
村方
客車
体温
葉風
当住
卓然
領国
肩先
小照
肝胆
漢和
造庭
臨戦
読人
中味
隻脚
両県
題言
包皮
所外
与格
端居
鉄騎
陶製
親日
貝柱
夕刻
雑税
妻君
線上
胴親
経糸
簡閲
遠因
吸玉
記文
往者
俳書
胸骨
違算
忘憂
死中
市協
柄行
意字
諸人
詩壇
神政
長者
紋章
銀紙
貫乳
検校
民度
用務
才蔵
突堤
社日
産制
法力
全課
空名
石碑
露盤
筋子
不善
時服
断獄
樹氷
広口
玉房
実正
和牛
法理
教区
絵詞
小歌
高射
飛札
長音
布引
人税
重縁
寝殿
神体
弁巧
絶島
研屋
国詰
沈勇
名数
吉例
上絵
小額
扇面
青史
各県
甲種
上端
前官
湖水
分詞
目地
中形
尊兄
富札
米食
粗茶
胃痛
宅造
冬着
引起
筆名
油層
貴台
貴意
濁点
自席
軽四
多肉
古兵
本分
傷物
多恨
罪名
盛衰
用便
山鯨
毒水
丹心
無勢
粗布
凶漢
仮宮
形勢
右文
甲掛
欲情
雇人
学際
光彩
賢答
群論
胸奥
粘液
居然
書跡
不二
獣皮
唐丸
白酒
切髪
寝間
副読
反橋
脳炎
似指
町会
節供
弓馬
節季
下枝
不一
粘体
幅跳
時雨
乾季
新株
細腕
結語
湯腹
福音
画数
技官
行道
黒松
公国
田楽
小冊
炭火
真面
連理
霊泉
背皮
防除
長流
居宅
水圧
探題
半球
土煙
無才
諾否
候文
軍談
満願
要港
上底
同憂
天際
草画
座浴
木片
路頭
式事
高風
謝状
数寄
坑内
異観
分量
神品
余録
国侍
丸本
温石
俗縁
別巻
天測
区会
日歩
情欲
示度
礼譲
定木
悲歌
光明
丸太
冷飯
金札
同罪
書式
海抜
超然
中幅
試航
腰刀
浮体
古癖
短見
寸話
新券
獣欲
親書
桜湯
侍従
音便
小節
風位
情状
魔力
振付
海牛
経国
歳男
煮豆
盛夏
神業
奥伝
糧米
単流
綱目
徒労
群盗
物持
楽音
黒点
師資
内規
執政
酒徒
奇病
日柄
気性
若殿
伴食
冗文
新編
如上
揚屋
鯨尺
静態
役付
入声
楽員
島陰
場末
席末
郡代
倉卒
甲状
天子
豊丸
腹壁
火影
毒矢
原詩
鉄剤
空母
側板
異邦
猟人
郎女
心房
舌鼓
臣下
鯨油
救貧
語族
得業
無水
鎖骨
樹陰
新味
甘塩
早昼
仕置
電導
愚老
添字
御堂
縁談
官省
根方
天眼
官等
墨付
持物
土偶
呼子
可算
常軌
俗称
客来
左端
野獣
幕臣
秋雨
手箱
新選
沿革
流離
全科
人名
正絹
当会
胆道
魔界
別法
日次
上古
赤腹
検番
姿容
整容
動態
乱戦
屋舎
朝会
法界
先途
後影
適期
習作
旨煮
偉才
聴罪
卓説
紫雲
銀杯
方体
風向
内務
粗服
母権
哀史
火難
符丁
本旨
木刀
反吐
牛舎
導師
塗絵
同者
砂舟
毛皮
輪差
図工
既裁
春秋
日銭
変事
各日
焼売
金円
技芸
社命
下線
湖面
俗僧
切地
小引
好古
戦費
世人
未見
職印
夫権
海綿
村営
衣冠
所業
販促
草市
合財
刺身
売手
握屋
社費
水先
素裸
南画
拝具
学徳
前賢
反切
仲兄
笑声
右筆
技士
初給
池心
平押
典例
前章
総省
金言
立網
坑木
遠矢
斜眼
軍役
弓張
土色
半切
芳情
砂煙
氷蔵
新地
単座
木魚
権謀
初声
偉材
校倉
守則
野趣
踏台
鋳金
現神
俗調
口答
川面
非違
真綿
金塊
究理
原動
利生
護国
人君
御許
隣保
風炉
破鐘
実数
衆多
教法
半裁
神領
溶性
悪縁
晴雨
本代
公家
統辞
口茶
老身
理法
燃油
実録
高論
雨空
便衣
支線
印綿
小金
心祝
進運
村社
達識
面長
霊知
家筋
摘草
都下
切線
染粉
若菜
老健
飛地
作例
眼孔
梅林
女院
前掲
紙魚
箇条
当腹
毒草
口証
経伝
液便
女童
法科
誘因
後指
某所
下巻
日長
美身
粉薬
胎毒
器楽
新帝
大藩
聖俗
永存
枝豆
音素
口銭
語義
年功
例文
礼典
表構
烈風
値札
綿油
丸寝
払子
抜穴
薬液
殿方
小作
常項
民情
鉛管
語物
母后
買手
類句
上敷
掛物
賞罰
法認
雲表
肉質
医家
黒雲
話語
奇想
威容
盛時
鳴物
黒炭
既往
権勢
細流
粗宴
荒地
清適
影絵
氷霧
山奥
身中
洗湯
共助
海獣
鬼胎
腹芸
墨金
違名
真勇
唱歌
深憂
郷士
競市
個条
臣籍
磁土
志操
極書
筆順
層状
語序
牛脂
真紅
甘酒
貴報
前輪
口辺
身形
図法
称名
手負
公論
品等
製糸
蒸焼
隊形
新橋
祭事
申楽
混声
地色
開架
罪業
雷門
吸物
国守
多妻
奥方
遺命
盟主
定跡
凡夫
油井
段数
若紫
土製
史論
地膚
後姿
煙幕
出師
余滴
生年
手提
警句
非職
逆心
反骨
世上
芝刈
干害
上寿
原種
博引
法敵
城頭
小異
党情
正課
馬屋
中値
山桃
雪間
垂木
煙波
兵長
落丁
向性
球面
浅海
別業
半休
物量
逆運
逆徒
財用
毒婦
凶報
題字
鉱水
卒然
仏界
霊位
別離
細雨
焼場
佳話
底本
粗壁
体側
出歯
変数
用木
体言
狭斜
暖帯
尿素
算式
表徴
悪趣
船医
眼識
稚気
語部
軍書
主点
宗家
楽界
老父
宗論
美男
父性
大鳥
徒話
晩稲
線描
仏罰
入婿
弱震
文武
年歯
草枯
総画
令兄
衣紋
極致
切身
気書
壁代
目脂
貴誌
鉄分
巨体
邦文
個我
伝家
欠漏
通性
武略
止痛
陽刻
講壇
襲歩
拝上
遊客
羽虫
相思
売立
吏読
御家
進度
典範
成算
先便
放課
茶舗
可分
深更
賢慮
宗匠
目元
着丈
僧林
暇人
目見
玄室
防食
袋地
紫竹
忌服
平衝
無明
掛矢
総角
両個
着発
不溶
大任
現身
濃紺
水鳥
殊遇
精髄
綿服
要職
管長
関数
本義
酒客
筋書
永日
残額
後図
掌上
密儀
作間
潮吹
白滝
線型
妙計
既遂
蚕豆
切端
編戸
比翼
差薬
童画
本寺
陸離
別辞
逆数
冷奴
陽解
鼻水
虚空
僧職
物税
彼是
有産
簿記
義兵
段丘
病毒
硬論
退潮
序章
勇足
極細
官話
石英
上席
石火
太守
呼気
糸価
遠謀
結石
獄卒
堅蔵
名香
行力
面持
後便
仲仕
詳伝
美姫
故旧
詩家
無想
拡販
白菜
年端
陰晴
用字
狭霧
細作
散史
静水
略表
地軸
矢面
麦酒
大京
君側
詰物
家母
野面
後背
色里
煙草
片恋
特種
内層
主峰
双六
群議
原板
紀伝
若湯
足許
盤台
河豚
遊里
聖上
品番
約数
重席
無頼
福徳
売僧
雪線
切売
視床
台形
律語
船影
出癖
飛鳥
雷電
皮脂
標識
砲手
隷書
針目
本節
用兵
岩塩
残金
先考
無腰
盆石
等外
農園
温故
入口
古株
不出
暗中
全区
幻影
公魚
再啓
学匠
福豆
文範
美感
唐様
風光
雷管
剣尺
良否
御者
上家
業火
抜手
反軍
壁間
針路
巻首
自社
傷寒
愚父
部将
僧都
口気
統語
生傷
法益
文運
野牛
卓識
紅土
径路
組糸
国勢
信管
禁色
次号
用言
奇行
京成
律速
逃水
水防
手沢
散薬
列世
中幕
原頭
小官
相即
舌根
手業
余色
好球
同列
古鉄
振舞
後納
御中
当身
各階
主潮
直心
線維
巻舌
林泉
戦国
金側
総門
哲人
怪童
路盤
相輪
悪病
校訓
社是
寺銭
墨染
異食
世子
新婦
詞花
整然
湿田
戦法
乳切
徒然
雨夜
家法
物論
序説
人望
海風
準則
仮親
骨堂
自火
長手
収税
仏恩
木賊
衛士
号笛
不言
埋草
気団
薬店
芸事
廉恥
双頭
国造
揚物
耳漏
本絹
持味
有形
原簿
有配
蔵置
中庭
必携
俗耳
表芸
御仁
唐織
苦海
単物
伝馬
内地
鉱泉
売文
海内
軌条
軍制
水炊
力足
冬型
底豆
脚立
肉情
後腹
内因
皮下
名剣
底意
大鑑
明週
風波
応変
眼路
角力
和国
草体
麗句
社殿
聞方
雪山
両君
原木
僧徒
合性
偉容
烈火
展性
版木
老幼
禁句
形代
階上
歩武
分母
平作
防熱
部首
木耳
節用
美景
禁裏
下記
歳次
船脚
神人
即妙
仏間
基根
水柱
在地
校医
悪風
製菓
岩木
時評
油菜
外孫
古詩
雪氷
牛頭
袋網
呼声
直路
筋道
我欲
上塗
無電
踏歌
軽質
佳日
激語
絶世
戦史
通語
両生
欲念
処暑
車座
初切
御覧
落縁
迎車
論賛
新月
背紋
御託
香物
南蛮
経学
平文
初空
見様
成虫
短文
丈六
水練
徒党
雨気
狂風
宝殿
労賃
好望
同筆
草堂
士魂
令姉
本丸
貴信
蔵本
悪酔
深謀
義援
札差
補角
王佐
骨柄
院生
社人
区営
将家
守衛
門地
発破
残菊
邪気
旧株
執柄
大礼
沖天
乱雲
内室
章節
地謡
毛管
帳元
爆風
滅期
薪水
困苦
手風
風儀
垂水
増分
実妹
文辞
箇別
難字
上角
倉荷
中老
御代
町奴
粗金
宅扱
昼飯
令嬢
甘煮
理工
角番
罪状
更年
色絵
梅酒
売品
女気
家郷
白波
山坂
不急
種姓
祭器
祭服
門標
気骨
需品
小隊
矢倉
大弓
悪鬼
至孝
岡引
勝差
深度
凡主
庭石
連名
全幅
横根
太山
斜視
原物
灯下
迫間
上背
勝目
画壇
捨石
声門
鋼玉
凡例
素引
堅炭
仏徒
雅言
悪事
宮人
非才
別室
厘毛
秘本
揚油
親心
唐風
塔頭
手許
狂人
典座
明知
予震
誤殺
回報
貴僧
治績
愚論
補則
差合
孤客
平目
語幹
平家
失語
曲学
品行
前奏
産児
縦列
米紙
軍師
複流
異訓
御感
木筋
暗影
郷党
照度
貴地
理詰
穴馬
校生
別伝
牧歌
乙女
小敵
旧記
血肉
俗人
遊芸
機先
勘気
要義
幼魚
玉糸
初発
絶勝
社格
双紙
零点
極光
僧兵
平水
初午
鉄工
油煙
散文
流木
釈義
建徳
茶宇
舎弟
有縁
外典
受皿
池沼
証本
職方
冬木
邪曲
聖旨
船隊
恩典
涙金
商機
坂道
取分
奇観
蚕業
磁極
下役
実竹
近信
水線
湿性
荷主
表編
光画
速筆
骨組
鬼才
毒虫
面容
衆生
礼節
発御
血刀
皮帯
糸織
願力
回米
添物
各戸
練絹
売女
山鳥
富有
狭軌
工法
他郷
数件
雪害
童体
行者
鈍器
凡眼
抜目
聖夜
手甲
悪妻
持番
末文
急所
画幅
摂家
話法
精鋼
財形
木綿
唐画
故買
肩車
白及
漢意
豪農
山雨
順路
突傷
漢学
書庫
満株
後陣
補遺
心髄
木剣
方丈
謀略
国原
市庁
満座
岸壁
雲助
雄松
随処
詩話
西哲
車窓
濃霧
覆水
芸域
狂騒
居城
養魚
油然
操行
雅趣
度合
親電
理路
雑人
番茶
曲技
色事
取手
坊間
武威
全書
昼顔
仲夏
車速
飛脚
締切
真裏
湾流
井然
先哲
算盤
赤誠
舎利
結句
球根
侍読
穂麦
賢主
相役
劇毒
通説
安宿
乳剤
行実
打棒
射術
正出
必聴
遠祖
学都
経世
医界
宅内
量感
板紙
諸種
草刈
姉達
銀髪
穂高
陸続
劣情
羽風
未申
周壁
破戒
鬼門
不念
院号
貴君
虚伝
宣旨
旧都
亡魂
富家
投力
好手
家学
節点
神託
断腸
脚湯
割符
大海
処士
洋算
心腹
山側
同党
職能
焼物
大愚
飛弾
正真
毛唐
雌雄
下風
沢山
月利
野良
抜書
石塊
甘草
金砂
慈悲
仏者
未着
要図
紛然
旗色
船台
弾倉
掛算
箇中
許嫁
親筆
異説
輝度
報命
定収
結縁
詩句
色男
母堂
自暴
綿布
所以
巨樹
変哲
板張
師範
零本
院主
夏山
等角
画質
白丁
世事
花信
心室
霧笛
功名
準急
末輩
美辞
野天
農法
青書
付合
国保
楽日
湯量
国辱
銀天
適者
難事
序詩
腸満
学割
題号
例式
週番
手製
根雪
悪業
盛砂
成員
創世
主夫
乾性
零度
布製
貧道
余話
無代
俗語
県勢
欠格
源氏
建水
兵糧
漁猟
道幅
尊家
魚田
砲車
知将
高張
両全
不離
築山
時人
欲火
空目
無血
色恋
掛合
断雲
女竹
柱廊
手金
娘師
他端
師伝
指先
農工
花押
辛酸
華人
童詩
良計
心事
旧縁
達文
特級
弾幕
経穴
比丘
寺務
宮守
吐逆
封土
種族
正邪
恒等
鼓弓
糖分
詩宗
語草
急調
雑兵
網間
城代
盛年
乗場
折込
私版
界標
姫松
寝敷
応報
曲論
邪神
眼福
真言
守秘
大白
地卵
芸道
首将
酒精
錯体
付値
競歩
危地
平打
網針
不為
独活
潮目
至境
坊主
御物
凶行
俗間
悪運
秘伝
方陣
右左
寒路
動静
郷国
内湯
聖母
海馬
才色
軽震
刀自
夜軍
身許
教父
法器
国歩
炭焼
立番
朱墨
桃源
区長
雨滴
実弾
定法
私道
数回
関越
益虫
露悪
征旅
東経
餓鬼
感状
肉芽
遊星
句論
出窓
上番
相等
金員
書生
僧堂
胞子
人畜
実寸
潜熱
日影
侍臣
前生
塩類
分校
等親
敵営
小紋
影画
凝塊
濁酒
祝酒
傍題
剣法
取消
早縄
寒暖
水杯
純血
徴証
定本
野人
弱竹
上前
捕虫
道床
町方
死霊
手玉
相生
丹頂
羊歯
上枝
道火
墨画
酸模
流感
詩碑
水子
耐熱
官憲
水鶏
国手
針子
同地
玉杯
擦過
諸家
水薬
習癖
真影
奇道
打荷
死命
水鏡
諸山
連綿
両刀
小善
建値
感官
邪心
会式
経巻
冷雨
盛花
下学
海図
山号
草本
堂舎
読後
適性
好個
開題
別派
禁令
薄手
経蔵
所思
継物
序奏
黒竹
大欲
荒原
人寿
採否
旧識
略語
病垂
剣先
霊徳
局内
斜子
水団
別珍
画師
札止
封切
概容
浮寝
療用
冬草
養親
知勇
国老
巨億
悪態
肉界
威徳
盗汗
既報
町歩
老兄
舟運
海月
人士
正字
虚業
野砲
路側
別紙
曇天
尾長
部費
小遣
当字
客演
心願
主格
険路
遺訓
等差
任国
遅行
筆力
虐政
遺詠
天啓
禁猟
古史
外灯
厳父
茶菓
産室
水性
座右
幕吏
擦傷
糸巻
俗曲
征衣
山塊
幕張
口絵
人脈
俗学
召料
重臣
風色
中刻
転義
多値
尊名
前非
新派
奥秘
胸水
製販
法貨
凍土
賃銀
御地
斤目
漁灯
時針
本営
割付
初動
仮象
種馬
汗水
生者
悪例
数物
外語
広狭
蚕紙
助字
幽谷
頭目
門前
慈父
元種
正風
刀銭
閣下
劣敗
紀州
禁則
大洋
福耳
茶席
落籍
満票
立夏
天資
引合
単文
戒厳
家憲
水魔
湖心
畳紙
東宮
地目
口合
虚仮
右角
死活
霊屋
音符
防腐
門派
政派
暦年
因数
表高
知見
応需
華甲
西日
小米
人魂
夜露
日除
校紀
凡慮
吹管
去秋
庭口
語釈
本編
兵権
座骨
星祭
要式
次子
来書
異見
太字
鉱夫
小弟
祝着
小水
被風
遠雷
物音
保革
邪見
実景
総則
受動
女帝
帳付
居士
暗線
丸材
胸当
飼主
職掌
純理
太織
正格
形質
馬子
感量
車止
樹影
聖体
辛味
天恵
埋木
風窓
題詠
題辞
入超
屋形
久遠
死出
抜荷
溶暗
長足
青侍
浅黄
合壁
木地
正文
来迎
口説
御陵
青梅
夜盗
狂者
裏道
外債
帆影
仏座
秘術
帰巣
音訓
座葬
尊父
富力
温顔
商港
間判
負戦
幽明
偶像
利高
遺墨
勇魚
抗日
山桜
実説
精魂
女給
幕政
群像
青筋
社頭
場銭
原由
無給
童子
折目
下値
喜色
治山
承前
遺髪
銀糸
老来
賢君
直線
隻数
礼装
肺魚
征野
赤金
単複
聞達
将星
年表
舌頭
母語
快事
暴君
本務
単項
漫語
胴巻
信義
影像
国賊
軍手
電鉄
天引
道念
近流
佳景
平首
異字
夕空
名親
特車
平然
草根
吐気
待肥
潮瀬
組物
脂汗
滅私
茶庭
見神
指貫
治産
先兵
旧師
石器
無主
重恩
残片
鈍物
混一
執事
美事
公権
熱誠
亡児
席次
法網
鮮紅
当店
鉄器
巻紙
知合
厳寒
赤門
威令
全数
本朝
高欄
美挙
賊将
外力
飯粒
見幕
交情
逆夢
声名
差歯
油状
御詠
時制
人我
認印
根因
切抜
微雨
雑務
薄儀
心学
奇骨
互先
仏学
険要
転石