出目金
室内楽
秋刀魚
左中間
水海道
南京玉
高分子
高土間
一家言
青人草
天文台
自小作
山茶花
食道楽
白地図
画用紙
新聞紙
夕月夜
一口話
入小作
二王立
石火矢
野心作
人心地
弟切草
黒曜石
明後週
青少年
多人数
空元気
八文字
入木道
明後年
大文字
内親王
回帰線
角細工
親会社
男子校
一毛作
多年生
同父母
絵文字
一本気
国公立
人国記
文語文
直弟子
大入道
生字引
赤目魚
遠地点
水中花
花電車
玉虫色
頭文字
地下道
多年草
考古学
中学校
八分目
海人草
木太刀
遠海魚
心字池
日時計
四半分
四六文
子会社
計数形
川千鳥
作用子
出入口
夜汽車
雨合羽
文字数
五角形
活魚車
小町糸
日本学
大八車
新入生
一直線
国文学
小手先
母子草
小天地
山百合
黒水引
正方形
千六本
昼光色
土気色
中心線
兄弟分
国内線
光電池
番外地
四角形
夏時間
早月雨
人文字
雪月花
黒文字
売買春
天道虫
雨夜花
十字火
日本間
遠日点
日本食
弟弟子
中山道
赤新聞
紙細工
大理石
話半分
村時雨
左合同
大風子
生理学
広目天
小文字
電話形
一合目
小米花
太刀風
小切手
少女子
白南風
早少女
二字口
天南星
公立大
目正月
食生活
明朝体
半人足
風土記
火食鳥
竹細工
日本犬
赤電車
花水木
石南花
原子力
石竹色
六角形
多毛作
石首魚
空手形
十六夜
風知草
小中学
人力車
天文学
日本晴
大山木
三国一
野太刀
早月晴
三原色
通行人
出小作
口語文
黒百合
天理教
親切気
大目玉
大原女
内弟子
中高生
長方形
日本円
海王星
夜光虫
大広間
馬刀貝
新入学
新天地
七曜星
十字形
入道雲
女子高
生一本
丸合羽
大番組
後見人
車前草
出来秋
門下生
半線形
絵草紙
日本刀
半夏生
女文字
切口上
半風子
上水道
中国人
黄金虫
心食虫
正教会
自力門
活人画
絵手紙
西王母
親文字
下手人
多聞天
太刀魚
外字紙
遠山里
古文書
赤間石
後生楽
日本人
赤外線
兄弟子
火山岩
小麦色
青二才
長上下
門弟子
夏秋草
天下一
百万言
口下手
中国語
小学校
中高年
早場米
立方体
明後月
左回帰
心電図
公文書
手弱女
月見草
大黒天
星月夜
船大工
親切心
下町風
中間子
長電話
空文字
十三夜
出合頭
行行子
地文学
二王門
女子大
合気道
友千鳥
同心円
五十音
千石船
前口上
三角形
直方体
金切声
花文字
空中線
日本紙
本草学
新分野
八里半
活社会
千鳥足
工学科
数時間
風馬牛
南京虫
心太草
教科書
青海原
女学校
直先行
明太子
聞上手
後生気
魚市場
十文字
町道場
立女形
右中間
小太刀
明天子
四天王
下水道
見目形
大谷石
十五夜
二合半
口上手
大学生
日本語
口語体
通用門
中学生
音楽家
一頭地
高天原
鳥羽絵
四分六
半母音
出入国
水時計
十二分
天王星
出会頭
出回線
二毛作
中間色
親言語
高校生
晴雨計
三毛作
立太子
高学年
矢車草
中学年
女学生
子午線
少人数
青道心
小学生
千秋楽
目八分
日本一
中心地
地方紙
絵日記
出来心
手細工
分教場
一本刀
出来高
三行半
村八分
十姉妹
小正月
大人気
一昼夜
長時間
今時分
小細工
早合点
八百長
入出力