世界一
日本人
自動車
研究所
日本語
自転車
真面目
大人気
全日本
中学生
高校生
教科書
小学生
中国人
小学校
乗用車
原子力
長時間
一時期
中学校
短時間
長期間
大学生
大使館
図書館
大学院
子会社
地下鉄
県知事
同級生
国内線
出来事
医薬品
医学部
天文台
体育館
文学部
日本一
白血病
主人公
上半期
下水道
有名人
国公立
次世代
左前打
長短打
女子大
水時計
大理石
市役所
通行人
山小屋
世話人
当世風
小意気
一本気
身勝手
意地悪
真四角
上調子
正反対
生意気
生一本
鉄面皮
口下手
下町風
口上手
出放題
多方面
野放図
人一倍
鼻高高
相談役
全人代
動植物
遊歩道
多数決
一体化
上半身
工学部
食生活
右中間
音楽家
親会社
春場所
地下道
考古学
血友病
耳鼻科
公文書
手荷物
自由形
当番医
都知事
一昼夜
今時分
真昼間
左中間
高分子
青少年
都立高
正方形
開業医
天文学
安近短
運動会
代理人
四半期
中国語
早場米
四死球
理学部
白血球
農作業
漢方薬
出入国
頭文字
一直線
母子草
夏時間
人文字
作業場
青写真
中長期
風物詩
大黒柱
絵手紙
短期間
農学部
世間体
中高年
行進曲
身代金
女学生
園遊会
下半期
氷点下
一元化
商取引
二重化
農作物
生放送
合言葉
薬学部
小動物
絵文字
同期生
短長打
人相見
新入生
顔写真
小切手
区役所
公立大
手作業
大回転
重工業
発起人
大発会
日本円
女子高
後見人
顔見世
地球人
緑黄色
長電話
三角形
大部屋
先進地
原動力
高学年
子午線
出来高
日本食
教習所
室内楽
同年代
画用紙
新聞紙
野心作
下級生
六十路
多人数
小役人
三遊間
回帰線
文庫本
男子校
農工高
玉虫色
多年草
家庭科
出世頭
人文研
三重苦
転入生
国文学
小手先
後頭部
近代詩
八十路
売買春
光化学
雨夜花
前夜祭
式次第
茶道具
軽工業
交通死
生理学
社有地
生化学
思想家
全紙面
上級生
心意気
太陽光
研究生
起工式
外科医
門外漢
水族館
長短期
都会人
中高生
西海岸
新天地
十字形
新社屋
進学校
中世代
門下生
気動車
北西部
上水道
商学部
人間味
様子見
内服薬
赤外線
一対一
上級車
夏秋草
少子化
海水温
相手方
用水路
親切心
五十音
直方体
多面体
三十路
小道具
三味線
調理場
都大路
生活苦
転校生
十二分
待合室
地上波
見物人
炭化物
陽電子
地方紙
絵日記
終電車
一本刀
主題歌
前頭葉
中実化
円運動
空取引
明文化
小細工
早合点
大発見
長大息
内出血
受発注
八百長
入出力
食道楽
大文字
人国記
神通力
日本間
真正面
日本犬
日本酒
日本晴
日本刀
三悪道
配送所
日本紙
出来物
天王星
五倍子
東半球
口言葉
身柱元
出目金
花言葉
手道具
多神教
秋刀魚
自身番
二乗根
水海道
南京玉
予科練
真田虫
草野球
正会員
高土間
和歌集
七福神
一家言
青人草
三和音
自小作
山茶花
寺子屋
実生活
読後感
身口意
長丁場
白地図
波止場
羽二重
二次元
夕月夜
天主教
早言葉
人待顔
馬追虫
大和心
村役人
落花生
仕立物
一口話
入小作
二王立
石火矢
主調音
平方和
中生代
二等親
重母音
人心地
夜想曲
軽音楽
一次元
屋根船
中二階
弟切草
黒曜石
明後週
空元気
八文字
筆記具
七十路
買気配
大業物
村役場
水絵具
投島田
相弟子
入木道
消息子
明後年
王代物
引出物
湯文字
太平楽
内親王
転写形
角細工
六面体
一毛作
五七調
多年生
自乗根
同父母
有理数
指向形
柱時計
一大事
買言葉
指南車
東海岸
世話物
羊皮紙
黄表紙
文語文
火口湖
直弟子
軽気球
多方向
大入道
生字引
赤目魚
水仕事
遠地点
水中花
花電車
道具立
人相書
始生代
古本屋
金相学
運転手
豆名月
用部屋
八分目
全国一
新生面
海人草
木太刀
遠海魚
心字池
日時計
四半分
四六文
面目玉
庭木戸
真実味
強意見
横文字
計数形
川千鳥
作用子
出入口
町役人
夜汽車
水平形
雨合羽
文字数
五角形
開発元
活魚車
草屋根
小間物
小町糸
日本学
大八車
重箱読
出世魚
赤道祭
小天地
定小屋
山百合
三等親
黒水引
下仕事
前受金
千六本
豆板銀
土石流
昼光色
勝手元
直流形
土気色
時代物
古生代
中心線
二期作
兄弟分
反対色
新体詩
八重歯
光電池
新発意
番外地
四角形
有向道
重化学
万葉集
売気配
肉体美
早月雨
放生会
雪月花
等高線
黒文字
天道虫
火打金
絵葉書
真人間
宿根草
生世話
親和力
古筆切
名乗字
安山岩
十字火
対角線
遠日点
火取虫
弟弟子
一方向
中山道
小気味
赤新聞
紙細工
流作業
里言葉
話半分
村時雨
三角波
左合同
下半身
陽明学
糸切歯
大風子
小豆色
広小路
四本柱
一身上
広目天
体温計
小文字
等深線
小間使
電話形
一合目
仕事場
入次数
指人形
食意地
里神楽
小米花
太刀風
少女子
本調子
白南風
追羽根
早少女
持国天
二字口
天下取
天南星
町火消
手間取
油送船
深切気
部屋住
平方根
鳴物入
一生面
目正月
立待月
発頭人
明朝体
一次局
半人足
高調子
風土記
水茶屋
客商売
一神教
火食鳥
緑柱玉
手仕事
両方向
紙一重
受太刀
竹細工
七五調
感化院
東西屋
名題下
赤電車
花水木
石南花
平野水
立方根
石竹色
三世相
六角形
木炭紙
多毛作
道具方
四十路
白真弓
石首魚
女学院
反意語
大角豆
空手形
手文庫
十六夜
店屋物
公倍数
箱馬車
原生代
宮大工
一対多
上手物
風知草
小中学
人力車
地平線
消息通
大山木
国言葉
深海魚
美少年
星取表
下相談
三国一
終着駅
野太刀
早月晴
三原色
月行事
番小屋
銀世界
出小作
二次局
有体物
口語文
葉茶屋
引立役
黒百合
放物線
深見草
勝負事
天理教
親切気
大目玉
大原女
旅客船
内弟子
本場所
水商売
長方形
南氷洋
着道楽
海王星
思春期
夜光虫
世間気
使用人
大広間
五十路
馬刀貝
新入学
七曜星
見世物
死場所
入道雲
大道具
相部屋
角力取
太陽年
神学校
丸合羽
大番組
高山病
入母屋
高島田
回転子
太神楽
車前草
赤血球
農用地
見取図
水平面
三次元
出来秋
土用波
短音階
空相場
一等親
半線形
動物界
絵草紙
表千家
理化学
小品文
長音階
短日月
式言語
半夏生
耳学問
女文字
切口上
中仕切
半風子
小具足
思秋期
宮入貝
屋台店
地方銀
黄金虫
心食虫
出世間
勝手口
正教会
歯学部
自力門
古物商
活人画
母者人
帳面面
君子人
西王母
親文字
金緑玉
下手人
一等星
多聞天
定足数
太刀魚
向上心
外字紙
風土病
遠山里
古文書
二刀流
真行草
赤間石
一安心
茶屋酒
実社会
小夜曲
後生楽
有声音
所作事
兄弟子
火山岩
小麦色
紙工品
青二才
事業主
羽根車
長上下
門弟子
大和歌
下手物
天下一
歯科医
表六玉
大和絵
全速力
百万言
学用品
大神宮
出雲神
身上持
有向木
立方体
指南番
明後月
南半球
左回帰
心電図
馬小屋
千両箱
板目紙
手弱女
月見草
屋形船
大黒天
星月夜
船大工
人間業
大食漢
速度形
終油礼
多次元
野次馬
中間子
旅商人
空文字
十三夜
直定数
月世界
和漢洋
鼻下長
出合頭
木強漢
行行子
歌祭文
追羽子
鉄火場
古道具
地文学
秋日和
世話場
始発駅
七道具
二王門
合気道
友千鳥
同心円
新生代
千石船
黒死病
前口上
夏場所
夜見世
犬追物
金切声
花文字
空中線
本草学
平面体
新分野
八里半
太刀取
活社会
太刀持
油絵具
千鳥足
工学科
数時間
風馬牛
真章魚
南京虫
心太草
小作農
点取虫
都市銀
半二重
青海原
正反合
根切虫
女学校
直先行
助太刀
高高指
明太子
鳥小屋
聞上手
大福帳
三角柱
後生気
間仕切
魚市場
切取線
一等国
屋体店
十字路
銀時計
美少女
少年院
十文字
町道場
四君子
立女形
波戸場
小太刀
売言葉
玉手箱
生返事
明天子
話言葉
長屋門
四天王
上下動
南京豆
見目形
自作農
大谷石
十五夜
二合半
四次元
口語体
通用門
出次数
終列車
和漢薬
一頭地
高天原
問屋場
鳥羽絵
四分六
半母音
陽電気
手工業
百葉箱
三角州
千代紙
百面相
意気地
秋場所
出場所
出会頭
出回線
落第生
平土間
二毛作
八頭身
向学心
中間色
新開地
親言語
晴雨計
三毛作
立太子
矢車草
中学年
炭水車
銀行員
畑水練
時代色
力仕事
家具調
合州国
下世話
正社員
手間代
面白味
二皮目
美人局
一夜酒
火打石
絵空事
見取算
商売気
八千代
少人数
大宮人
青道心
多角柱
打物業
遊水地
早教育
千秋楽
船問屋
目八分
百物語
集配人
薬局方
着心地
原子病
中心地
小荷物
十二宮
出来心
列方向
音頭取
商売人
手細工
分教場
大時代
火事場
日和見
公使館
帳本人
三行半
村八分
古事記
広目屋
一代記
十姉妹
八百屋
水銀柱
出開帳
代八車
七面鳥
小正月