連用形
一転機
室内楽
同年代
左中間
高分子
天文台
白血病
食道楽
生放送
合言葉
研究所
最年長
原材料
配達員
画用紙
新聞紙
連合体
薬学部
英単語
野心作
下級生
六十路
悪材料
左大臣
全日本
小動物
青少年
多人数
小役人
小意気
望遠鏡
自然体
代議員
大文字
三遊間
回帰線
不動産
市議会
受験生
親会社
文庫本
男子校
長短打
借入金
副産物
未知数
出来事
友好国
絵文字
春場所
土産物
国公立
人国記
乗用車
国内産
身勝手
農工高
同期生
相談役
長信銀
医薬品
公民館
玉虫色
頭文字
地下道
短長打
多年草
考古学
光合成
中学校
神通力
人相見
家庭科
追試験
同級生
出世頭
手土産
小料理
祝賀会
子会社
人文研
最前線
三重苦
使行録
都立高
新入生
一直線
転入生
国文学
小手先
母子草
陸海空
正方形
一類米
最上階
重労働
実体験
風信子
後頭部
無一文
上半身
府県連
都府県
新大陸
通信使
国内線
付立画
近代詩
道交法
散歩道
夏時間
協業化
八十路
人文字
売買春
府知事
光化学
雨夜花
工学部
前夜祭
初場所
要注意
完形品
海水浴
日本間
日本食
参事官
式次第
原動機
大理石
茶道具
心不全
軽工業
交通死
新所帯
作業場
生理学
顔写真
自治体
社有地
生化学
法学部
真正面
飛行機
印刷所
二輪車
思想家
小切手
全紙面
開業医
区役所
公立大
上級生
初対面
心意気
次世代
食生活
手作業
太陽光
熱帯魚
歌合戦
大回転
研究生
水笑売
起工式
日本犬
重工業
外科医
原子力
日本酒
博物館
市役所
府選管
発起人
地下鉄
門外漢
水族館
立法府
有機米
天文学
安近短
日本晴
周波数
井戸水
通行人
最下位
熱帯夜
主成分
風雲児
長短期
都会人
中高生
大発会
青写真
不定期
病害虫
全人代
電話機
日本円
西海岸
教習所
新天地
十字形
新社屋
英会話
女子高
中長期
大使館
水不足
運動会
試金石
卒業生
進学校
風物詩
後見人
天満宮
山小屋
大黒柱
大学院
代理人
中世代
門下生
日本刀
正念場
気動車
中種式
北西部
上水道
商学部
中国人
人間味
血友病
顔見世
絵手紙
短期間
三悪道
様子見
自動車
県知事
四半期
先住民
林産物
産官学
内服薬
不注意
日本人
農学部
青信号
小児科
赤外線
配送所
一対一
世間体
上級車
夏秋草
主人公
最年少
森林浴
感無量
松竹梅
三輪車
最大手
農産物
少子化
差出人
中国語
耳鼻科
小学校
海水温
六観音
中高年
相手方
早場米
地球人
旅客機
四死球
公文書
外野席
動植物
成文法
行進曲
府議会
不参加
緑黄色
重火器
愛国心
用水路
親切心
県議会
手料理
長電話
公選法
試験場
農作物
海産物
都議会
女子大
手荷物
五十音
三角形
地元民
直方体
自転車
自由形
日本紙
図書館
白帯下
多面体
焼死体
教科書
不都合
出来物
体育館
身代金
地下街
理学部
未成年
白血球
百貨店
書記官
上半期
求心力
博品館
三十路
右中間
当番医
大部屋
小道具
赤信号
世話人
三味線
農作業
受話器
道府県
打楽器
好景気
調理場
都大路
生活苦
下水道
漢方薬
大学生
最上級
主治医
日本語
町議会
好事家
中学生
音楽家
先進地
転校生
有名人
大道芸
出入国
遊歩道
水時計
十二分
天王星
文学部
静電気
原動力
落葉松
待合室
都知事
味選人
不戦勝
高校生
高学年
地上波
女学生
園遊会
子午線
飛行場
軍楽隊
不知火
多数決
市街地
変化球
見物人
下半期
小学生
季節風
日本一
炭化物
陽電子
問題児
単行本
加速器
地方紙
絵日記
終電車
医学部
交差点
一本刀
手数料
出来高
送受信
氷点下
主題歌
前頭葉
五倍子
意地悪
不十分
小利口
野放図
人一倍
不始末
不景気
無定見
上調子
高飛車
未完成
不作法
生意気
下町風
無関心
不具合
真面目
意固地
不細工
正反対
手不足
不安定
多方面
一本気
不品行
不自然
当世風
好都合
大人気
不風流
短兵急
不道徳
無関係
不健康
不正直
不本意
不気味
生一本
無作法
不用意
不死身
無気味
無感覚
不面目
不養生
不満足
不自由
不用心
不完全
不器量
口下手
不公平
不調和
無風流
無計画
真四角
不思議
無愛想
出放題
不人気
口上手
不必要
不信心
不身持
不合理
不健全
無用心
無意味
不連続
鼻高高
無自覚
無気力
不親切
力不足
鉄面皮
神無月
一昨年
短時間
一昼夜
長時間
一時期
水無月
今時分
長期間
世界一
真昼間
集大成
受発信
中実化
円運動
空取引
一苦労
明文化
失血死
試運転
熱重合
小細工
一元化
一体化
左前打
早合点
大発見
長大息
内出血
商取引
気苦労
戦病死
単一化
日光浴
二重化
不時着
受発注
後始末
投開票
多極化
受送信
八百長
入出力