人一倍
末始終
金輪際
東半球
寄生虫
口言葉
連用形
方解石
側用人
一転機
身柱元
出目金
室内楽
暴対法
花言葉
手道具
当世風
同年代
多神教
格子戸
菜種油
電位差
秋刀魚
自身番
左中間
二乗根
指導室
水海道
南京玉
不死身
予科練
真田虫
草野球
寄宿舎
正会員
不死鳥
八重桜
一昨週
士君子
労基局
多色刷
綿実油
事務所
高分子
清教徒
地久節
高土間
活性炭
実事師
和歌集
七福神
空景気
一家言
青人草
天文台
司法官
三和音
自小作
山茶花
群計数
条件下
白血病
有意義
製造元
寺子屋
実生活
小男鹿
食道楽
名残折
数表示
一個人
読後感
生放送
黄鉄鉱
身口意
弁才天
長丁場
合言葉
食人種
白地図
研究所
伝声管
山査子
不養生
最年長
海草類
波止場
博多織
風営法
原材料
道祖神
配達員
仲見世
新生児
画用紙
目分量
肉用種
折紙付
新聞紙
連合体
山東菜
雪花菜
二重唱
羽二重
耳年増
薬学部
二次元
類義語
夕月夜
白飛白
天主教
早言葉
人待顔
茶飯事
馬追虫
順不同
高性能
下馬評
大和心
村役人
落花生
水加減
現在地
仕立物
無調法
鉄無地
方程式
一口話
入小作
二王立
無試験
水様液
英単語
陽極線
非常識
石火矢
上得意
主調音
軽金属
管楽器
念持仏
平方和
中生代
走高飛
副走査
野心作
下級生
二等親
未登録
重母音
道産子
高学歴
六十路
編年史
人心地
悪材料
夜想曲
半減算
軽音楽
過不足
一次元
現時点
屋根船
左大臣
信用貸
中二階
香味料
弟切草
早生児
黒曜石
明後週
紀元節
全日本
小動物
不心得
青少年
四重唱
多人数
禁治産
動脈血
小役人
空元気
八文字
筆記具
生態学
七十路
経師屋
天然石
買気配
大業物
村役場
旗指物
小意気
望遠鏡
水絵具
自然体
投島田
青梅綿
相弟子
箱提灯
入木道
立志伝
内祝言
消息子
明後年
代議員
王代物
大文字
引出物
美意識
湯文字
不親切
無感覚
節博士
安息香
大団円
好人物
太平楽
内親王
三遊間
寒念仏
器量人
編組線
転写形
青銅器
回帰線
角細工
青天井
六面体
不動産
有機物
市議会
不消化
居場所
受験生
親会社
文庫本
男子校
長短打
借入金
一毛作
副産物
五七調
未知数
美女桜
気管支
多年生
自乗根
所帯持
古戦場
出来事
無風帯
同父母
有理数
副食物
指向形
柱時計
一大事
友好国
絵文字
北極熊
不十分
買言葉
春場所
指南車
東海岸
高周波
生産物
世話物
一院制
京鹿子
年賀状
一本気
土産物
羊皮紙
公労協
国公立
葉緑素
単衣物
昔気質
仏弟子
人国記
非単調
黄表紙
乗用車
国内産
文語文
火口湖
保健所
弁護士
労基法
破防法
直弟子
軽気球
多方向
大入道
持仏堂
非人情
無意識
人情本
身勝手
生字引
田舎家
農工高
昼行灯
信号機
不感帯
所得顔
消火器
事務職
不義理
赤目魚
貿易風
停留所
重水素
水仕事
不見識
義太夫
遠地点
同期生
相談役
水中花
花電車
道具立
運営上
人相書
夢心地
長信銀
始生代
末代物
古本屋
金相学
観世音
単本位
医薬品
不規則
常居所
光電管
似顔絵
地団太
有田焼
公民館
玉虫色
頭文字
意地悪
運転手
消防車
義兄弟
豆名月
地下道
孫弟子
手塩皿
短長打
多年草
考古学
白兵戦
塩加減
真四角
暴風雨
光合成
半可通
中学校
神通力
能動態
人相見
無重力
用部屋
家庭科
薬包紙
水耕法
追試験
指標語
受領証
上調子
走馬灯
高等官
八分目
可耕地
同級生
天日塩
全国一
数種類
非同期
小前提
不作法
新生面
一輪車
出世頭
不利益
海人草
木太刀
加圧水
手土産
三白眼
小料理
計理士
白玉粉
無期限
虫眼鏡
馬鹿貝
遠海魚
心字池
日時計
総動員
四半分
名店街
参事院
四六文
祝賀会
富士額
面目玉
岡場所
公務員
庭木戸
神無月
流行眼
真実味
強意見
横文字
比目魚
日照雨
子会社
製作所
人文研
最前線
岩清水
毛細管
計数形
川千鳥
作用子
職業病
公会堂
出入口
自治領
好男子
議事堂
大司教
行政官
町役人
木製品
非合法
夜汽車
白木綿
水平形
精進落
雨合羽
初節句
文字数
風通織
五角形
余所見
開発元
活魚車
草屋根
天動説
竹似草
老眼鏡
三重苦
会計士
使行録
野武士
不可測
小間物
小町糸
日本学
置土産
都立高
大八車
綿織物
重箱読
新入生
一直線
出世魚
国土法
航続力
赤道祭
転入生
国文学
小手先
母子草
小天地
千里眼
小松菜
手内職
年格好
定小屋
山百合
調査官
三等親
分度器
陸海空
万国博
低価法
黒水引
正方形
一類米
下仕事
最上階
不評判
前受金
不合格
千六本
転路器
重労働
実体験
風信子
後頭部
記念祭
物価高
所司代
四六判
豆板銀
無一文
土石流
上半身
四全総
地公法
新建材
連小便
昼光色
前景気
勝手元
府県連
差出口
弁財天
直流形
変成岩
不適当
句読点
令夫人
同性愛
貨客船
土気色
準会員
交易会
時代物
都府県
最大限
古生代
中心線
新大陸
通信使
二期作
兄弟分
検事正
反対色
新体詩
男所帯
八重歯
間欠熱
国内線
光電池
快男児
新発意
番外地
試験管
親馬鹿
付立画
四角形
近代詩
道交法
散歩道
夏時間
底意地
口真似
機織虫
有向道
判取帳
下検分
強談判
集魚灯
常世国
公労法
重化学
協業化
極楽鳥
徳政令
万葉集
売気配
修道院
公労委
悪条件
八十路
不文法
全責任
電気銅
肉体美
早月雨
人文字
放生会
責道具
百分比
国際線
雪月花
等高線
黒文字
熱血漢
売買春
不導体
天道虫
常習犯
十進法
知識人
序破急
火打金
府知事
絵葉書
不器量
口約束
光化学
不適切
複合語
原産地
人外境
救急車
真人間
雨夜花
芸能人
新銀河
工学部
社公民
前夜祭
宿根草
生世話
親和力
増減税
初場所
連分数
古筆切
予防線
名乗字
安山岩
陸産物
要注意
停車場
過現未
完形品
十字火
休耕田
法治国
海水浴
対角線
日本間
遠日点
義理合
日本食
変復調
殺文句
府県境
参事官
悪感情
今世紀
火取虫
弟弟子
指話法
営養素
本支社
希土類
風水害
式次第
酒石酸
一酸化
心得顔
一方向
無声音
中山道
皮製品
不美人
小気味
赤新聞
原動機
紙細工
流作業
里言葉
大理石
話半分
村時雨
初日出
個個人
飲兵衛
茶道具
仲買人
性教育
三角波
心不全
英数字
軽工業
無利子
備前焼
左合同
新聞種
不等号
不調法
交通死
下半身
新所帯
小馬鹿
不見転
気象台
格文法
逆光線
陽明学
糸切歯
川崎病
考課表
破落戸
大風子
先入観
小豆色
水成岩
広小路
経産婦
群千鳥
安全灯
精進物
名付親
四本柱
鉄格子
冷飯食
作業場
生理学
無政府
一身上
無体物
顔写真
広目天
体温計
象皮病
小文字
自治体
等深線
根無草
国務相
出不精
小間使
社有地
電話形
生化学
不細工
一合目
対位法
居留守
法学部
村夫子
冷血漢
真正面
飛行機
上成績
仕事場
入次数
大統領
印刷所
不夜城
二輪車
指人形
三文判
食意地
里神楽
旅興行
小米花
分解能
変声期
太刀風
慣用音
思想家
小切手
少女子
全紙面
本調子
白南風
得失点
追羽根
早少女
持国天
二字口
開業医
飛道具
天下取
出張所
軍資金
天南星
外祖母
自然人
区役所
土佐絵
基本形
町火消
不思議
雑木林
手間取
底気味
判任官
油送船
失敗談
在校生
深切気
部屋住
公立大
平方根
上級生
得意顔
鳴物入
可変長
一生面
旗行列
目正月
車井戸
立待月
初対面
発頭人
心意気
次世代
食生活
明朝体
手作業
千分比
一次局
大経師
原住民
暴力団
半人足
高調子
解像力
風土記
中性子
太陽光
自制心
太夫元
水茶屋
丁字帯
複素数
客商売
同義語
不格好
鉄板焼
一神教
車海老
海老根
熱帯魚
歌合戦
深成岩
火食鳥
緑柱玉
火加減
大回転
無作法
婦女子
自公民
約束事
手仕事
両方向
紙一重
非常口
受太刀
夢物語
研究生
未検出
仮命令
竹細工
加減算
白粉下
井戸車
水笑売
七五調
応接間
正反対
起工式
日本犬
感化院
無条件
空世辞
重工業
東西屋
作用素
富士見
不等式
名題下
外科医
生兵法
赤電車
花水木
天眼鏡
石南花
平野水
無礼講
原子力
天主堂
立方根
石竹色
日本酒
不健康
三世相
流灯会
博物館
六角形
丸天井
木炭紙
多毛作
草競馬
栄養士
玉案下
節形式
市役所
府選管
辞任願
道具方
矢飛白
正書法
野良犬
四十路
白真弓
自営業
公法人
石首魚
未完成
女学院
表面積
発起人
連文節
無制限
反意語
大角豆
空手形
複文節
地下鉄
門外漢
三太夫
水族館
生意気
集光器
手文庫
仕付糸
人間像
十六夜
不生産
店屋物
公倍数
鼻眼鏡
箱馬車
原生代
宮大工
重金属
大政所
一対多
一昨月
道化師
上手物
立法府
風知草
検案書
有機米
大学卒
小中学
灯台守
無名指
不燃材
都人士
無自覚
火成岩
人力車
天文学
白昼夢
安近短
初一念
栄養素
地平線
大見得
日本晴
非適応
消息通
事故調
大山木
居待月
国大協
人差指
国言葉
深海魚
美少年
星取表
周波数
下相談
三国一
支配人
所在地
注連縄
提灯屋
流線型
毛織物
終着駅
国文法
産土神
不得手
行財政
野太刀
無事故
早月晴
財特法
伝馬船
馬鹿面
三原色
井戸水
通行人
月行事
番小屋
焼太刀
一周年
独参湯
無投票
銀世界
真似事
無配当
追分節
最下位
出小作
二次局
葉菜類
利休色
有体物
希元素
無花果
四現業
仏舎利
口語文
熱帯夜
主成分
葉茶屋
引立役
書院造
万灯会
不調和
黒百合
風雲児
役不足
色眼鏡
招待客
初会合
放物線
深見草
二等兵
長短期
勝負事
国家老
天理教
親切気
好角家
松花堂
都会人
大目玉
良導体
国事犯
大原女
美術家
下士官
旅客船
報道局
内弟子
中高生
仮名書
大発会
青写真
魚灯油
不定期
町年寄
病害虫
全人代
本場所
不可能
水商売
測候所
海老茶
年度末
投光器
電話機
不信心
長方形
小麦粉
不整脈
競争心
博物学
天眼通
日本円
表街道
表示法
南氷洋
着道楽
高血圧
親類書
海王星
思春期
夜光虫
種種相
世間気
手弁当
西海岸
教習所
世間師
使用人
組天井
不用意
編集形
大広間
五十路
説経節
馬刀貝
新入学
梅雨晴
現人神
数寄屋
新天地
七曜星
十字形
見世物
死場所
新社屋
性悪説
入道雲
大道具
英会話
現住所
女子高
中長期
相部屋
大使館
研修生
角力取
資料館
水不足
地労委
便衣隊
類音語
太陽年
固有部
謝肉祭
運動会
指示薬
星条旗
行在所
試金石
練製品
物相飯
生一本
神学校
兵児帯
山法師
丸合羽
卒業生
大番組
土佐節
進学校
高山病
入母屋
風物詩
後見人
天満宮
高島田
法親王
救命具
回転子
大本営
太神楽
出教授
車前草
赤血球
農用地
見取図
水平面
保証書
青果物
気保養
太公望
山小屋
三次元
上達部
芸術家
出来秋
非売品
副読本
右大臣
造物主
大黒柱
土用波
短音階
大学院
代理人
非課税
空相場
美術館
中世代
門下生
不成立
好成績
不正直
一等親
九谷焼
半線形
資料集
動物界
絵草紙
不信任
保護司
表千家
理化学
小品文
長音階
短日月
日本刀
式言語
半夏生
正念場
衣食住
耳学問
特効薬
女文字
不連続
気動車
切口上
中仕切
半風子
無意義
中種式
天産物
実定法
小具足
北西部
思秋期
上水道
羽布団
宮入貝
商学部
居酒屋
強力粉
屋台店
総領事
夢遊病
救世主
中国人
素因数
散文詩
地方銀
黄金虫
心食虫
雑種犬
雪合戦
七変化
一中節
前句付
水産物
出世間
航空機
案山子
日章旗
勝手口
法医学
正教会
歯学部
軽犯罪
人間味
自力門
古物商
非決定
助教授
血友病
活人画
不公平
母者人
帳面面
文化財
顔見世
絵手紙
大自然
短期間
重量挙
未開発
君子人
人造湖
西王母
親文字
高祖父
空念仏
三悪道
形態素
外祖父
金緑玉
愛弟子
様子見
下手人
自動車
営養食
一等星
多聞天
田舎道
官公労
定足数
太刀魚
不相応
無表情
向上心
不正規
耕運機
桜海老
牧羊神
持久走
左内側
鉄面皮
県知事
四等官
不可逆
外字紙
風土病
遠山里
四半期
読心術
養父母
首実検
単安定
混在形
易損品
不品行
一面識
古文書
先住民
二刀流
真行草
独禁法
赤間石
一安心
歌留多
林産物
茶屋酒
遠眼鏡
未確保
実社会
印刷物
永久歯
借受金
小夜曲
後生楽
産官学
小型車
内服薬
非国民
有声音
枝折戸
世迷言
夏安居
単文節
流行児
助兵衛
古武士
不注意
岩田帯
人情味
日本人
無所属
所作事
農学部
月輪熊
青信号
常備薬
小児科
赤外線
直後続
非公開
不出場
配送所
兄弟子
火山岩
一対一
多辺形
小麦色
世間体
親衛隊
紙工品
本総会
青二才
事業主
興信所
同素体
地政学
近衛府
自画像
側帯波
非合理
天長節
羽根車
上級車
長上下
老夫婦
手間損
門弟子
営林局
大和歌
下手物
求知心
夏秋草
主人公
最年少
余所目
光静電
未解決
標目表
二酸化
森林浴
天下一
歯科医
健康上
不手際
変形法
領事館
感無量
文字種
興信録
寄生木
松竹梅
三輪車
手不足
表六玉
大和絵
折手本
全速力
個条書
院外団
百万言
学用品
大神宮
不正確
最大手
農産物
総本部
空梅雨
少子化
特飲街
真犯人
生産財
一切経
差出人
口下手
仲人口
無責任
無得点
出雲神
希塩酸
点眼水
現実味
検察官
中国語
半永久
身上持
高画質
氷河期
耳鼻科
五葉松
有向木
小学校
新幹線
地上職
常夜灯
海水温
六観音
一面観
不人情
中高年
相手方
早場米
無機質
貯水池
非線形
識別子
立方体
太陽熱
遊牧民
最寄駅
功労賞
修理工
連判状
指南番
明後月
香具師
南半球
左回帰
心電図
地球人
旅客機
非現業
信楽焼
馬小屋
単行法
置時計
四死球
千両箱
公文書
陸屋根
二本差
板目紙
手弱女
無造作
無愛想
土佐犬
月見草
予測子
屋形船
自家製
外野席
刷毛序
大黒天
星月夜
高圧線
動植物
旅芸人
一見識
複複線
考課状
不動点
成文法
船大工
民活法
電信柱
行進曲
受動態
基準局
府議会
不参加
協同体
身代限
緑黄色
重火器
直営店
無気味
人間業
大食漢
速度形
熱転写
愛国心
名残月
用水路
天花粉
不徳義
親切心
絶好調
県議会
正比例
保護色
手料理
終油礼
不成績
多次元
下町風
現代病
同士打
野次馬
順養子
中間子
長電話
旅商人
仏教徒
不合理
光量子
空文字
測定機
熱容量
十三夜
直定数
月世界
和漢洋
公選法
非等価
試験場
鼻下長
出合頭
犬張子
木強漢
好一対
行行子
無任所
母集団
歌祭文
追羽子
鉄火場
農作物
通信員
海産物
貝独楽
最低限
満天下
古道具
関心事
均質形
雪景色
地文学
留学生
地動説
人民元
飛行船
秋日和
平野法
世話場
始発駅
高祖母
七道具
都議会
格天井
不得意
悪天候
二王門
過半数
女子大
当番制
団平船
用器画
不衛生
手荷物
合気道
友千鳥
同心円
機関車
不世出
大店法
清水焼
五十音
新生代
肥満児
内務相
生損保
安全弁
最小限
千石船
養親子
不風流
黒死病
前口上
遊漁船
高気圧
人真似
非公式
夏場所
大動脈
政治家
夜見世
不断草
置手紙
犬追物
保護鳥
三角形
地元民
直方体
初生児
政財界
有利子
資機材
左義長
金切声
花文字
自転車
往生際
空中線
自由形
不賛成
日本紙
婦人病
本草学
親告罪
無能力
平面体
新分野
人非人
証取法
泣上戸
八里半
弁証法
図書館
栄養分
太刀取
魚河岸
活社会
太刀持
油絵具
千鳥足
過保護
白帯下
世帯持
基本実
工学科
数時間
真面目
三重唱
金本位
多面体
数表現
風馬牛
焼死体
左近桜
真章魚
南京虫
教職員
心太草
教科書
不都合
出来物
体育館
小作農
点取虫
都市銀
出資法
行政府
半二重
青海原
正反合
有向枝
手真似
根切虫
女学校
用務員
増長天
直先行
農機具
保育園
助太刀
高高指
明太子
高金利
富本節
身代金
鉱工業
等圧線
水酸基
地下街
鳥小屋
理学部
聞上手
大福帳
三角柱
両成敗
道徳心
未成年
白血球
後生気
百貨店
不可解
白粉花
不戦敗
間仕切
居留民
個人技
美容師
居開帳
書記官
魚市場
不健全
反義語
禁酒令
笑上戸
内大臣
切取線
一等国
屋体店
停車駅
十字路
上半期
重過失
無防備
波布茶
居心地
不始末
求心力
銀時計
美少女
自意識
易行道
素人目
少年院
十文字
博品館
三十路
町道場
四君子
立女形
右中間
当番医
波戸場
精神病
小太刀
売言葉
大部屋
小道具
好条件
連立法
往来止
赤信号
世話人
検査官
玉手箱
桜前線
両生類
移動子
殺風景
生返事
三味線
明天子
照空灯
農作業
受話器
道府県
打楽器
話言葉
空気圧
銀本位
好景気
調理場
東照宮
九官鳥
長屋門
都大路
生活苦
四天王
下水道
上下動
南京豆
漢方薬
見目形
対義語
無定形
自作農
大谷石
冷暗所
不適合
石炭酸
余所事
全天候
名演技
不面目
十五夜
一目散
物真似
二合半
口上手
二進法
出放題
苦労人
昼夜帯
大学生
満天星
非直結
最上級
主治医
四次元
日本語
指物師
町議会
口語体
好事家
通用門
中学生
多方面
非有理
黄熱病
徒競走
出次数
終列車
音楽家
志望校
先進地
家政学
非金属
転校生
徳義心
和漢薬
祖父母
一頭地
火山脈
有名人
高天原
考現学
限量子
原水禁
天然色
問屋場
大道芸
外輪船
鳥羽絵
四分六
半母音
定常波
春告鳥
陽電気
手工業
出入国
老大家
遊歩道
百葉箱
五目飯
景物詩
水時計
十二分
天王星
三角州
文学部
千代紙
不道徳
沖積世
灯心草
静電気
素寒貧
百面相
弓張月
非可分
意気地
国際色
秋場所
原動力
落葉松
出場所
出会頭
常得意
成人病
出無精
出回線
税理士
待合室
無一物
都知事
落第生
味選人
平土間
分相応
二毛作
不戦勝
八頭身
陽解法
向学心
中間色
新開地
親言語
注意報
準決勝
高校生
丁定規
晴雨計
起重機
三毛作
無利息
立太子
不可分
連続束
高学年
矢車草
十字軍
中学年
炭水車
軽業師
不適任
十二支
教会堂
銀行員
地上波
女学生
園遊会
太政官
畑水練
子午線
血色素
不特定
時代色
飛行場
無風流
留守電
軍楽隊
力仕事
守護神
家具調
合州国
下世話
正社員
手間代
編年体
不知火
面白味
変光星
二皮目
無演算
美人局
借金取
一夜酒
空管理
多数決
火打石
市街地
加減物
無気力
絵空事
見取算
商売気
八千代
仕事師
変化球
予備校
未経験
張本人
沖仲仕
不身持
少人数
三連星
助産婦
見物人
過電圧
複本位
大宮人
代議士
青道心
無定見
下半期
多角柱
打物業
小学生
遊水地
十二単
早教育
千秋楽
船問屋
独航船
浅草紙
電信形
季節風
目八分
兵六玉
百物語
消防局
集配人
義勇軍
現代書
日本一
知情意
炭化物
基本給
薬局方
陽電子
問題児
道中差
高利貸
単行本
着心地
北寄貝
波布草
一夜妻
原子病
中心地
加速器
小荷物
地方紙
複数個
絵日記
終電車
十二宮
出来心
列方向
音頭取
病虫害
商売人
次期防
博多帯
無生物
手細工
分教場
大時代
帰休兵
大前提
医学部
初太刀
火事場
交差点
一本刀
日和見
手数料
産婦人
公使館
帳本人
出来高
白鹿毛
竹夫人
三行半
村八分
送受信
半導体
輸出入
古事記
好都合
広目屋
一代記
博言学
多血質
十姉妹
氷点下
大名芸
八百屋
大車輪
水銀柱
主題歌
頭状花
無辺際
前頭葉
無機物
不景気
長談義
出開帳
復原力
代八車
大夫元
馬鹿力
七面鳥
五倍子
小正月
小利口
野放図
高飛車
筆無精
高水準
無神経
無関心
不具合
意固地
不安定
不自然
大人気
短兵急
無関係
未定義
不本意
不気味
不明確
不満足
不自由
不用心
不完全
無計画
得意気
不条理
不人気
不必要
不可欠
神経質
無用心
無意味
鼻高高
力不足
再来年
一昨年
短時間
再来月
一昼夜
再来週
長時間
一時期
水無月
今時分
長期間
世界一
真昼間
集大成
転貸借
受発信
中実化
円運動
空取引
再導通
一苦労
明文化
失血死
試運転
直輸入
水酸化
熱重合
立往生
小細工
一元化
手加減
総決算
直輸出
一体化
左前打
早合点
事故死
大発見
長大息
内出血
商取引
留守番
光応答
気苦労
直談判
戦病死
単一化
急停車
日光浴
二重化
不時着
受発注
仮調印
再始動
後始末
投開票
多極化
受送信
八百長
反比例
入出力
食中毒