不思議
大統領
不可能
一昨年
非公式
不十分
不可欠
不景気
不安定
高水準
世界一
小規模
日本人
非合法
不公平
自動車
無責任
無関係
不人気
選手権
研究所
不適切
事務所
弁護士
不条理
力不足
日本語
自転車
真面目
大人気
神経質
全日本
立候補
中学生
高校生
教科書
小学生
中国人
小学校
新幹線
不動産
乗用車
公務員
準決勝
博物館
原子力
長時間
一時期
文化財
有意義
殺風景
不可分
不自然
無計画
無意味
中学校
暴力団
百貨店
短時間
長期間
大学生
裁判所
自治体
大使館
助教授
図書館
裁判官
大学院
皇太子
美術館
事故死
子会社
国際線
地下鉄
留学生
遺伝子
不健康
無愛想
不可解
高飛車
筆無精
無神経
不本意
不完全
不誠実
再来週
市議会
県知事
半導体
同級生
府知事
警察官
国内線
出来事
医薬品
過半数
飛行機
航空機
医学部
保健所
自営業
天文台
似顔絵
体育館
文学部
手数料
再来年
日本一
白血病
受験生
最大限
主人公
上半期
下水道
有名人
食中毒
国公立
年賀状
海水浴
次世代
府議会
左前打
仮処分
預貯金
長短打
今世紀
密入国
行財政
小麦粉
英会話
卒業生
不信任
保育園
一段落
研修生
水不足
先住民
独禁法
無所属
女子大
次官補
水時計
変化球
通信使
増減税
大理石
市役所
通行人
山小屋
検察官
世話人
予備校
冷蔵庫
当世風
不死身
不養生
高性能
非常識
不心得
小意気
不親切
無感覚
中規模
不料簡
一本気
昔気質
非人情
無意識
身勝手
不義理
不見識
不規則
意地悪
真四角
上調子
不作法
不適当
不器量
心得顔
不細工
不行届
不格好
無作法
正反対
無礼講
未完成
無制限
生意気
片意地
無自覚
不得手
不調和
不信心
不用意
生一本
不正直
不連続
無意義
不相応
無表情
鉄面皮
不品行
不注意
非合理
未解決
不手際
感無量
手不足
不正確
口下手
生半尺
不人情
無造作
無気味
不徳義
絶好調
不成績
下町風
不合理
不得意
不風流
無能力
過保護
不都合
有頂天
不健全
不始末
不面目
口上手
出放題
多方面
不道徳
素寒貧
不体裁
無愛敬
分相応
不適任
無風流
無気力
未経験
不身持
無定見
好都合
小利口
野放図
人一倍
無関心
不具合
意固地
短兵急
未定義
不気味
無節操
不明確
不満足
不用心
未確認
得意気
不経済
不必要
不明朗
無用心
鼻高高
人間並
寄生虫
相談役
国務相
所在地
熱帯夜
全人代
非課税
非公開
動植物
遊歩道
多数決
交差点
親孝行
集大成
一体化
留守番
日光浴
手土産
上半身
同性愛
工学部
心不全
法学部
食生活
中性子
最下位
府県警
小児科
協奏曲
不参加
県議会
未成年
右中間
受話器
町議会
音楽家
旅客機
製造元
消息筋
現時点
望遠鏡
親会社
春場所
地下道
考古学
総動員
木製品
雑木林
秘書官
正念場
血友病
林産物
最大手
耳鼻科
貴金属
公文書
重火器
海産物
手荷物
高気圧
政財界
自由形
優等生
焼死体
教職員
当番医
赤信号
骨関節
白内障
都知事
失血死
直輸入
深呼吸
後始末
投開票
確実視
神無月
再来月
一昼夜
水無月
今時分
真昼間
左中間
高分子
原材料
青少年
借入金
未知数
長信銀
不利益
都立高
陸海空
正方形
芸能人
開業医
天文学
安近短
支配人
運動会
同窓会
代理人
背番号
四半期
小型車
草木染
青信号
最年少
中国語
早場米
四死球
理学部
白血球
農作業
道府県
漢方薬
税務署
出入国
放射線
飛行場
輸出入
最年長
放射光
公民館
頭文字
小料理
一直線
母子草
検事正
夏時間
悪条件
人文字
一酸化
気象台
作業場
有機米
重軽傷
青写真
中長期
風物詩
大黒柱
私生活
絵手紙
短期間
農学部
世間体
中高年
行進曲
最低限
都議会
最小限
地元民
身代金
鉱工業
主治医
女学生
園遊会
留守電
市街地
下半期
現代書
照葉樹
受精卵
送受信
氷点下
一苦労
試運転
一元化
商取引
気苦労
戦病死
急降下
二重化
乱高下
再始動
度外視
密輸入
製作所
出張所
派出所
農作物
財政難
活性炭
生放送
合言葉
配達員
連合体
薬学部
水加減
市庁舎
左大臣
小動物
絵文字
国内産
電磁波
同期生
短長打
人相見
最前線
老眼鏡
会計士
新入生
実体験
都府県
公権力
道交法
米穀店
参事官
本支社
原動機
顔写真
小切手
得失点
区役所
公立大
手作業
代名詞
熱帯魚
大回転
応接間
無条件
重工業
座布団
発起人
閉村式
井戸水
大発会
病害虫
電話機
日本円
女子高
後見人
天満宮
付立染
雑種犬
顔見世
異母弟
脳死体
放射能
農産物
真犯人
脳出血
地球人
警部補
緑黄色
長電話
下腹部
生損保
大動脈
三角形
消防署
資機材
新体操
出資法
行政府
居心地
大部屋
好条件
好景気
最上級
志望校
先進地
祖父母
原水禁
大道芸
原動力
税理士
味選人
注意報
高学年
子午線
軍楽隊
単行本
出来高
土俵際
日本食
教習所
連用形
室内楽
同年代
八重桜
宣教師
画用紙
新聞紙
下馬評
時間割
金平糖
現在地
英単語
土俵入
野心作
下級生
横断幕
六十路
悪材料
多人数
小役人
変革期
自然体
代議員
大団円
三遊間
回帰線
一欠片
居場所
文庫本
男子校
通勤着
副産物
専門医
緑内障
友好国
土産物
葉緑素
拡大鏡
農工高
事務職
夢心地
玉虫色
消防車
多年草
光合成
家庭科
追試験
成功裏
出世頭
純資産
加圧水
祝賀会
人文研
初節句
貯蔵庫
三重苦
使行録
転入生
国文学
小手先
調査官
一類米
最上階
重労働
後頭部
物価高
無一文
府県連
句読点
交易会
新大陸
付立画
近代詩
散歩道
遺句集
麦芽糖
協業化
大内裏
八十路
売買春
光化学
雨夜花
新銀河
前夜祭
初場所
要注意
完形品
休耕田
府県境
用心棒
広帯域
式次第
連子窓
茶道具
聖母子
軽工業
交通死
新所帯
乳幼児
生理学
社有地
生化学
居留守
二輪車
思想家
全紙面
上級生
初対面
心意気
太陽光
敵同士
歌合戦
非常口
研究生
小論文
水笑売
私書箱
起工式
乳製品
富士見
外科医
仏頂面
府選管
辞任願
格納庫
不退転
門外漢
水族館
人間像
重金属
立法府
不燃材
周波数
流線型
出退勤
仏舎利
形容詞
主成分
風雲児
長短期
洗張屋
松花堂
私立高
都会人
美術家
報道局
中高生
入退院
不定期
温泉郷
片手間
悲喜劇
西海岸
新天地
十字形
新社屋
純文学
試金石
進学校
腹時計
大本営
銀行株
中世代
門下生
資料集
特効薬
気動車
中種式
北西部
上水道
多連装
商学部
居酒屋
救世主
人間味
大納会
形態素
様子見
田舎道
記念樹
産官学
内服薬
常備薬
赤外線
一対一
興信所
地政学
警備隊
上級車
延長線
夏秋草
森林浴
領収証
松竹梅
三輪車
少子化
差出人
現実味
高画質
氷河期
地上職
海水温
相手方
無機質
外野席
直営店
愛国心
用水路
親切心
手料理
現代病
仏教徒
測定機
公選法
試験場
乳母車
不衛生
五十音
内務相
非常勤
直方体
激動期
天守閣
一筋縄
屋台骨
中高層
多面体
大改革
地下街
私小説
居留民
個人技
書記官
禁酒令
無防備
求心力
電機株
博品館
三十路
小道具
三味線
打楽器
空気圧
調理場
都大路
生活苦
電磁気
物真似
好事家
家政学
転校生
十二分
収納箱
静電気
指針案
待合室
不戦勝
地上波
半両銭
張本人
助産婦
見物人
代議士
季節風
消防局
義勇軍
炭化物
陽電子
問題児
加速器
地方紙
絵日記
終電車
最高潮
次期防
一本刀
主題歌
前頭葉
不自由
親不孝
転貸借
受発信
中実化
再検討
乱反射
最敬礼
円運動
空取引
野垂死
再導通
棒暗記
誤動作
明文化
縦磁化
土下座
水酸化
熱重合
立往生
小細工
手加減
総決算
直輸出
早合点
大発見
長大息
内出血
光応答
直談判
単一化
急停車
不時着
受発注
仮調印
熱処理
多極化
受送信
八百長
反比例
誤操作
入出力
一転機
食道楽
道祖神
禁治産
大文字
人国記
神通力
風信子
弁財天
停車場
日本間
従姉妹
悪感情
逆光線
破落戸
真正面
印刷所
黒内障
日本犬
日本酒
日本晴
従兄弟
日本刀
空念仏
三悪道
配送所
公孫樹
六観音
香具師
背格好
成文法
日本紙
白帯下
出来物
天王星
落葉松
不知火
五倍子
東半球
大蔵経
口言葉
方解石
側用人
海仁草
身柱元
出目金
無精卵
暴対法
花言葉
手道具
多神教
格子戸
菜種油
電位差
翌翌週
秋刀魚
自身番
合衆国
二乗根
指導室
水海道
南京玉
予科練
真田虫
草野球
寄宿舎
正会員
不死鳥
一昨週
士君子
労基局
多色刷
綿実油
清教徒
地久節
高土間
実事師
和歌集
七福神
空景気
一家言
青人草
世捨人
司法官
三和音
自小作
山茶花
群計数
条件下
郵便箱
寺子屋
実生活
小男鹿
名残折
数表示
一個人
読後感
黄鉄鉱
身口意
弁才天
長丁場
食人種
白地図
伝声管
山査子
海草類
波止場
博多織
風営法
視話法
屋体骨
仲見世
新生児
目分量
肉用種
折紙付
従量税
探海灯
山東菜
雪花菜
二重唱
羽二重
耳年増
二次元
類義語
夕月夜
白飛白
天主教
同窓生
早言葉
人待顔
茶飯事
熟練工
馬追虫
糖原質
順不同
不純物
大和心
秘蔵子
村役人
落花生
手間賃
仕立物
無調法
鉄無地
方程式
一口話
入小作
二王立
無試験
水様液
陽極線
石火矢
上得意
主調音
軽金属
管楽器
念持仏
不拡大
直視形
片脳油
平方和
中生代
走高飛
固有値
副走査
有神論
二等親
私生子
未登録
重母音
道産子
金玉糖
高学歴
胃下垂
編年史
人心地
夜想曲
半減算
軽音楽
過不足
一次元
屋根船
信用貸
中二階
香味料
弟切草
早生児
黒曜石
裏背戸
明後週
絹積雲
紀元節
四重唱
動脈血
空元気
八文字
筆記具
生態学
七十路
経師屋
天然石
買気配
大業物
村役場
旗指物
黒装束
水絵具
土用干
白装束
投島田
青梅綿
背筋力
相弟子
箱提灯
入木道
立志伝
内祝言
消息子
明後年
看護婦
王代物
閉曲線
引出物
美意識
湯文字
節博士
安息香
紅差指
雪割草
好人物
太平楽
内親王
寒念仏
器量人
編組線
伝染病
転写形
青銅器
律令制
角細工
青天井
六面体
有機物
有平糖
否定和
不消化
裏千家
制海権
一毛作
源氏車
五七調
美女桜
気管支
多年生
自乗根
所帯持
古戦場
無風帯
同父母
有理数
副食物
雑収入
指向形
柱時計
一大事
北極熊
小納戸
買言葉
枝垂桜
指南車
東海岸
高周波
生産物
世話物
一院制
京鹿子
羊皮紙
少納言
公労協
単衣物
善知鳥
仏弟子
非単調
黄表紙
文語文
火口湖
労基法
破防法
直弟子
軽気球
裏街道
多方向
大入道
持仏堂
真骨頂
人情本
生字引
田舎家
昼行灯
信号機
不感帯
所得顔
消火器
赤目魚
貿易風
停留所
重水素
水仕事
義太夫
遠地点
二重奏
水中花
花電車
道具立
運営上
人相書
始生代
極座標
末代物
古本屋
金相学
観世音
単本位
常居所
南宗画
光電管
地団太
有田焼
運転手
義兄弟
豆名月
孫弟子
手塩皿
白兵戦
革製品
塩加減
暴風雨
半可通
能動態
無重力
用部屋
増分値
店頭株
地磁気
薬包紙
水耕法
指標語
受領証
走馬灯
高等官
当推量
八分目
可耕地
天日塩
可処分
全国一
数種類
非同期
小前提
新生面
一輪車
海人草
木太刀
三白眼
視神経
接骨木
計理士
白玉粉
無期限
虫眼鏡
馬鹿貝
遠海魚
観覧席
蚕卵紙
心字池
陸蒸気
日時計
四半分
名店街
参事院
四六文
富士額
面目玉
岡場所
庭木戸
流行眼
真実味
強意見
横文字
比目魚
日照雨
岩清水
巻取紙
毛細管
計数形
川千鳥
間欠泉
作用子
職業病
公会堂
降誕祭
従価税
出入口
自治領
好男子
議事堂
大司教
行政官
町役人
未処理
無党派
夜汽車
白木綿
水平形
精進落
雨合羽
文字数
風通織
五角形
余所見
開発元
活魚車
年代層
高等裁
七宝焼
草屋根
天動説
竹似草
序数詞
助動詞
以遠権
社外秘
野武士
中納言
不可測
小間物
小町糸
砂時計
日本学
置土産
大八車
綿織物
肺活量
重箱読
出世魚
国土法
航続力
赤道祭
経閉期
小天地
千里眼
小松菜
手内職
年格好
定小屋
納品書
山百合
三等親
分度器
四方拝
万国博
低価法
黒水引
下仕事
間投詞
不評判
前受金
私生児
同士討
不合格
千六本
転路器
記念祭
背負子
所司代
四六判
豆板銀
土石流
針葉樹
四全総
地公法
新建材
貴婦人
連小便
昼光色
前景気
勝手元
差出口
直流形
変成岩
油障子
令夫人
火山灰
貨客船
土気色
準会員
時代物
胃拡張
古生代
中心線
臨済宗
二期作
兄弟分
探査子
反対色
新体詩
男所帯
八重歯
間欠熱
光電池
快男児
新発意
番外地
試験管
親馬鹿
賃貸借
四角形
底意地
口真似
機織虫
有向道
判取帳
下検分
強談判
集魚灯
常世国
公労法
重化学
極楽鳥
一片食
徳政令
連体詞
万葉集
売気配
好敵手
修道院
公労委
一寸見
不文法
全責任
電気銅
肉体美
早月雨
放生会
責道具
百分比
雪月花
等高線
敵対心
翌翌月
黒文字
熱血漢
不導体
天道虫
常習犯
十進法
知識人
序破急
火打金
絵葉書
口約束
腹足類
複合語
原産地
人外境
救急車
真人間
天蚕糸
社公民
宿根草
生世話
親和力
連分数
巻積雲
古筆切
予防線
名乗字
安山岩
陸産物
過現未
十字火
天保銭
法治国
対角線
遠日点
義理合
炭酸泉
変復調
殺文句
乱気流
広葉樹
革新党
火取虫
片山里
弟弟子
指話法
明障子
営養素
希土類
長広舌
消石灰
風水害
酒石酸
一方向
無声音
中山道
皮製品
不美人
小気味
赤新聞
紙細工
流作業
腹話術
里言葉
営林署
宣命書
詞花集
話半分
制空権
野暮天
村時雨
初日出
下降形
個個人
推計学
飲兵衛
仲買人
性教育
未決済
三角波
優勝旗
英数字
無利子
接続詞
備前焼
左合同
新聞種
不等号
不調法
下半身
小馬鹿
不見転
格文法
若年寄
装身具
陽明学
糸切歯
川崎病
考課表
大風子
先入観
小豆色
水成岩
広小路
経産婦
群千鳥
安全灯
精進物
名付親
四本柱
鉄格子
冷飯食
無政府
一身上
無体物
広目天
体温計
象皮病
小文字
等深線
根無草
出不精
小間使
電話形
一合目
対位法
村夫子
冷血漢
上成績
二筋道
仕事場
絹層雲
入次数
格納域
不夜城
策源地
指人形
三文判
食意地
里神楽
旅興行
小米花
分解能
変声期
太刀風
慣用音
少女子
本調子
白南風
追羽根
音数律
早少女
棒高飛
持国天
二字口
飛道具
天下取
巻層雲
軍資金
天南星
外祖母
自然人
土佐絵
基本形
町火消
左系列
手間取
底気味
脳外科
判任官
初感染
油送船
失敗談
在校生
深切気
翌翌年
部屋住
積乱雲
平方根
私文書
得意顔
鳴物入
可変長
一生面
旗行列
目正月
車井戸
立待月
発頭人
明朝体
絹織物
千分比
一次局
大経師
二科展
原住民
部屋割
脳貧血
半人足
高調子
解像力
風土記
真善美
有難味
自制心
背理法
太夫元
水茶屋
丁字帯
複素数
客商売
同義語
氷砂糖
角砂糖
富士絹
鉄板焼
一神教
車海老
海老根
裏番組
深成岩
銀砂子
火食鳥
緑柱玉
火加減
真言宗
婦女子
自公民
約束事
手仕事
両方向
紙一重
受太刀
地方裁
夢物語
未検出
仮命令
竹細工
加減算
白粉下
井戸車
泉貨紙
七五調
片田舎
裏長屋
絵巻物
感化院
空世辞
聖観音
東西屋
作用素
神経痛
不等式
名題下
生兵法
赤電車
花水木
天眼鏡
石南花
授乳期
平野水
天主堂
立方根
六道銭
助数詞
石竹色
生石灰
三世相
流灯会
六角形
丸天井
木炭紙
多毛作
草競馬
栄養士
変奏曲
玉案下
節形式
道具方
矢飛白
正書法
野良犬
四十路
白真弓
公法人
石首魚
女学院
表面積
連文節
反意語
金砂子
大角豆
空手形
四重奏
複文節
乱層雲
三太夫
集光器
手文庫
仕付糸
十六夜
放射状
不生産
店屋物
公倍数
電磁石
鼻眼鏡
箱馬車
原生代
宮大工
大政所
一対多
一昨月
道化師
上手物
風知草
検案書
大学卒
段別割
小中学
灯台守
劇映画
無名指
都人士
火成岩
人力車
並木道
白昼夢
初一念
栄養素
地平線
大見得
非適応
破傷風
消息通
事故調
大山木
居待月
国大協
人差指
国言葉
深海魚
美少年
星取表
片一方
下相談
三国一
注連縄
提灯屋
毛織物
終着駅
国文法
産土神
野太刀
無事故
異教徒
早月晴
財特法
伝馬船
馬鹿面
三原色
月行事
番小屋
焼太刀
一周年
独参湯
無投票
地蔵顔
銀世界
真似事
無配当
追分節
片貿易
難事件
出小作
二次局
割線法
葉菜類
利休色
有体物
希元素
無花果
四現業
口語文
葉茶屋
引立役
書院造
万灯会
黒百合
洗面所
役不足
不所存
色眼鏡
招待客
初会合
放物線
深見草
二等兵
勝負事
国家老
天理教
親切気
好角家
大目玉
良導体
国事犯
出来値
大原女
下士官
旅客船
内弟子
金米糖
仮名書
魚灯油
非特異
町年寄
本場所
水商売
測候所
海老茶
年度末
投光器
長方形
不整脈
木賃宿
競争心
博物学
天眼通
貴公子
表街道
表示法
南氷洋
着道楽
高血圧
親類書
海王星
思春期
反別割
夜光虫
種種相
世間気
手弁当
世間師
使用人
組天井
塩類泉
編集形
大広間
五十路
説経節
馬刀貝
新入学
梅雨晴
現人神
数寄屋
七曜星
積層形
見世物
死場所
熱射病
不揮発
一段法
性悪説
入道雲
大道具
現住所
相部屋
角力取
資料館
片割月
地労委
便衣隊
類音語
太陽年
固有部
謝肉祭
指示薬
星条旗
三段飛
行在所
練製品
聖誕祭
物相飯
銀灰色
寒暖計
神学校
兵児帯
円熟味
山法師
丸合羽
大番組
土佐節
高山病
入母屋
高島田
法親王
救命具
宅急便
回転子
太神楽
出教授
車前草
赤血球
農用地
見取図
割下水
水平面
保証書
青果物
気保養
太公望
三次元
上達部
皇太后
芸術家
巻子本
出来秋
預金高
非売品
副読本
右大臣
造物主
穀象虫
土用波
短音階
楽屋裏
木戸銭
空相場
不成立
好成績
一等親
九谷焼
半線形
自主権
動物界
赤砂糖
絵草紙
垂乳根
花林糖
聖家族
保護司
表千家
理化学
小品文
長音階
短日月
式言語
半夏生
衣食住
耳学問
塩干魚
女文字
切口上
中仕切
半風子
天井値
天産物
片方向
実定法
小具足
思秋期
忘年会
羽布団
小冊子
宮入貝
強力粉
屋台店
総領事
夢遊病
素因数
散文詩
探照灯
地方銀
黄金虫
心食虫
金輪際
仁王門
雪合戦
皮針形
七変化
一中節
前句付
水産物
出世間
二元論
案山子
慣手段
日章旗
勝手口
針仕事
法医学
正教会
黄泉路
歯学部
尺取虫
軽犯罪
自力門
古物商
非決定
活人画
母者人
帳面面
大自然
片男波
重量挙
未開発
君子人
人造湖
西王母
親文字
遺家族
高祖父
外祖父
金緑玉
後処理
愛弟子
下手人
営養食
一等星
多聞天
大納言
郷土色
官公労
定足数
太刀魚
向上心
不正規
耕運機
桜海老
牧羊神
持久走
左内側
賃仕事
四等官
不可逆
外字紙
風土病
遠山里
読心術
養父母
首実検
単安定
混在形
易損品
一面識
古文書
二刀流
真行草
赤間石
二本棒
一安心
歌留多
不可視
大上段
茶屋酒
遠眼鏡
未確保
実社会
印刷物
永久歯
借受金
小夜曲
後生楽
誕生石
非国民
有声音
枝折戸
世迷言
夏安居
単文節
流行児
助兵衛
古武士
岩田帯
人情味
印象派
所作事
月輪熊
警防団
直後続
不出場
兄弟子
要心棒
火山岩
多辺形
小麦色
親衛隊
紙工品
紅白粉
本総会
青二才
事業主
同素体
定収入
近衛府
自画像
側帯波
天長節
延日数
羽根車
長上下
老夫婦
手間損
門弟子
営林局
石灰石
大和歌
下手物
求知心
灰白色
余所目
光静電
否定積
標目表
二酸化
天下一
歯科医
健康上
変形法
領事館
不承認
文字種
目論見
興信録
寄生木
表六玉
大和絵
折手本
全速力
個条書
前置詞
乳兄弟
院外団
百万言
学用品
商売敵
大神宮
総本部
空梅雨
特飲街
生産財
一切経
仲人口
無得点
出雲神
宝石商
希塩酸
点眼水
発行済
半永久
身上持
灰神楽
五葉松
有向木
映写機
常夜灯
一面観
貯水池
非線形
識別子
立方体
太陽熱
遊牧民
最寄駅
功労賞
修理工
連判状
指南番
明後月
南半球
左回帰
背負投
心電図
六尺棒
非現業
平行棒
信楽焼
馬小屋
単行法
不承知
置時計
千両箱
陸屋根
二本差
板目紙
手弱女
土佐犬
戸障子
月見草
予測子
屋形船
幼友達
私経済
自家製
刷毛序
大黒天
星月夜
高圧線
旅芸人
一見識
複複線
考課状
不動点
船大工
民活法
電信柱
受動態
基準局
協同体
身代限
人間業
大食漢
速度形
筋肉質
観念論
熱転写
名残月
冬将軍
天花粉
正比例
保護色
終油礼
多次元
同士打
野次馬
蔵人所
順養子
中間子
脳神経
旅商人
落葉樹
光量子
空文字
大株主
戸数割
小宇宙
補元律
熱容量
十三夜
直定数
月世界
私家版
和漢洋
非等価
鼻下長
出合頭
犬張子
木強漢
好一対
行行子
無任所
母集団
歌祭文
非成層
追羽子
鉄火場
通信員
貝独楽
満天下
電磁場
古道具
関心事
均質形
雪景色
地文学
地動説
人民元
飛行船
秋日和
平野法
世話場
始発駅
青大将
高祖母
七道具
女子衆
格天井
高野聖
悪天候
二王門
仁王立
当番制
水蒸気
団平船
用器画
将軍家
合気道
友千鳥
同心円
機関車
不世出
大店法
系図買
清水焼
新生代
肥満児
権現造
安全弁
千石船
養親子
黒死病
前口上
遊漁船
人真似
夏場所
政治家
夜見世
不断草
置手紙
犬追物
六地蔵
保護鳥
初生児
有利子
左義長
金切声
花文字
往生際
空中線
救護班
二尊院
三重奏
念仏宗
不賛成
婦人病
本草学
親告罪
性善説
平面体
新分野
人非人
証取法
泣上戸
八里半
弁証法
栄養分
日射病
東天紅
太刀取
魚河岸
活社会
割台詞
太刀持
私有地
自尊心
油絵具
千鳥足
世帯持
認証官
知識欲
基本実
色収差
工学科
数時間
三重唱
金本位
数表現
風馬牛
左近桜
真章魚
南京虫
心太草
小作農
点取虫
都市銀
半二重
青海原
正反合
有向枝
針供養
手真似
根切虫
女学校
用務員
増長天
直先行
農機具
助太刀
官公庁
高高指
明太子
高金利
富本節
等圧線
水酸基
鳥小屋
聞上手
大福帳
三角柱
両成敗
道徳心
後生気
白粉花
不戦敗
間仕切
美容師
延人員
居開帳
魚市場
反義語
笑上戸
内大臣
切取線
一等国
屋体店
石灰岩
停車駅
十字路
太刀筋
重過失
波布茶
銀時計
美少女
自意識
易行道
素人目
土手腹
少年院
十文字
利権屋
難行道
町道場
四君子
立女形
常緑樹
波戸場
精神病
小太刀
売言葉
層積雲
連立法
往来止
検査官
玉手箱
桜前線
両生類
移動子
生返事
明天子
照空灯
値言語
話言葉
銀本位
宇宙船
東照宮
九官鳥
長屋門
八潮路
四天王
上下動
南京豆
街路樹
見目形
対義語
無定形
自作農
大谷石
冷暗所
優先株
不適合
石炭酸
余所事
全天候
名演技
十五夜
一目散
二合半
自己流
党派心
異分子
二進法
苦労人
昼夜帯
満天星
玉砂利
非直結
軽演劇
黄心樹
四次元
指物師
難問題
口語体
私法人
通用門
黒砂糖
非有理
黄熱病
徒競走
出次数
終列車
私家集
非金属
因果律
並置形
徳義心
和漢薬
一頭地
火山脈
高天原
近視眼
考現学
限量子
天然色
問屋場
外輪船
鳥羽絵
四分六
半母音
定常波
春告鳥
陽電気
手工業
老大家
特装車
暗暗裏
百葉箱
五目飯
屋根裏
景物詩
三角州
千代紙
沖積世
計算尺
灯心草
百面相
弓張月
非可分
意気地
国際色
秋場所
出場所
出会頭
磁鉄鉱
皇漢薬
常得意
成人病
出無精
出回線
指揮棒
無一物
落第生
平土間
二毛作
八頭身
小田巻
陽解法
向学心
全盛期
非戦論
中間色
新開地
親言語
高姿勢
丁定規
一元論
乳白色
晴雨計
起重機
三毛作
無利息
胸三寸
立太子
連続束
矢車草
十字軍
中学年
炭水車
軽業師
十二支
備忘録
教会堂
銀行員
不動尊
太政官
畑水練
血色素
不特定
時代色
力仕事
守護神
家具調
合州国
下世話
正社員
手間代
編年体
土性骨
面白味
変光星
二皮目
呼子鳥
無演算
美人局
借金取
一夜酒
空管理
火打石
加減物
絵空事
見取算
商売気
八千代
仕事師
沖仲仕
少人数
映画館
三連星
紅絹裏
過電圧
複本位
大宮人
青道心
多角柱
打物業
遊水地
十二単
早教育
千秋楽
理想郷
輸卵管
非武装
船問屋
独航船
浅草紙
電信形
目八分
兵六玉
百物語
自動詞
石灰乳
集配人
知情意
門徒宗
基本給
薬局方
道中差
高利貸
着心地
北寄貝
波布草
相思樹
一夜妻
原子病
中心地
対頂角
小荷物
複数個
死装束
奏鳴曲
衣装方
垂直形
十二宮
出来心
列方向
音頭取
病虫害
商売人
盛漁期
博多帯
未亡人
無生物
手細工
分教場
大時代
帰休兵
大前提
浅黄裏
初太刀
火事場
花供養
表操作
着背長
日和見
産婦人
公使館
帳本人
白鹿毛
守本尊
竹夫人
三行半
村八分
古事記
橋供養
広目屋
一代記
博言学
多血質
十姉妹
大名芸
八百屋
大車輪
水銀柱
頭状花
無辺際
無機物
遺留分
長談義
出開帳
復原力
代八車
大夫元
馬鹿力
七面鳥
小正月