東半球
大蔵経
寄生虫
口言葉
連用形
方解石
側用人
盛菓子
海仁草
財政難
一転機
埋納経
身柱元
出目金
室内楽
無精卵
暴対法
進退伺
花言葉
随意筋
手道具
当世風
同年代
多神教
格子戸
菜種油
田楽刺
未決監
電位差
翌翌週
秋刀魚
自身番
左中間
合衆国
二乗根
指導室
水海道
南京玉
不死身
予科練
真田虫
草野球
寄宿舎
正会員
不死鳥
八重桜
一昨週
士君子
労基局
多色刷
綿実油
事務所
陶磁器
高分子
清教徒
地久節
高土間
活性炭
邪魔気
実事師
和歌集
七福神
草双紙
空景気
繰入金
一家言
忠魂碑
凍豆腐
洋菓子
青人草
世捨人
天文台
非対称
幅走査
不平衝
帝釈天
浸出液
類概念
司法官
三和音
自小作
山茶花
群計数
玄関子
条件下
郵便箱
白血病
有意義
製造元
寺子屋
実生活
小男鹿
食道楽
名残折
数表示
一個人
逆茂木
消息筋
浜防風
読後感
生放送
七曜暦
防潜網
黄鉄鉱
身口意
弁才天
長丁場
合言葉
食人種
白地図
研究所
伝声管
山査子
無慈悲
不養生
最年長
海草類
気狂水
波止場
博多織
風営法
原材料
視話法
屋体骨
道祖神
配達員
仲見世
新生児
宣教師
画用紙
近距離
不寝番
目分量
肉用種
折紙付
従量税
探海灯
新聞紙
連合体
山東菜
雪花菜
二重唱
羽二重
耳年増
薬学部
二次元
類義語
舞台裏
夕月夜
大和芋
白飛白
遊撃手
天主教
同窓生
早言葉
人待顔
茶飯事
熟練工
太鼓腹
酔心地
狂詩曲
紫外線
無免許
馬追虫
糖原質
順不同
高性能
遅知恵
不純物
下馬評
時間割
大和心
秘蔵子
村役人
荒療治
金平糖
落花生
幻想曲
水加減
現在地
手間賃
仕立物
無調法
円為替
葉煙草
鉄無地
方程式
鉄床雲
一口話
入小作
二王立
無試験
水様液
英単語
陽極線
非常識
石火矢
上得意
主調音
軽金属
管楽器
念持仏
不拡大
直視形
市庁舎
土俵入
不首尾
片脳油
高瀬舟
平方和
中生代
走高飛
土壇場
固有値
副走査
野心作
下級生
五重塔
有神論
店仕舞
二等親
私生子
未登録
重母音
見栄坊
小理屈
道産子
陰電子
横断幕
金玉糖
点鬼簿
高学歴
六十路
胃下垂
鳥打帽
編年史
人心地
飛込台
浜納豆
悪材料
夜想曲
雇用法
半減算
軽音楽
過不足
一次元
超党派
現時点
屋根船
蔵屋敷
玄関番
左大臣
信用貸
中二階
香味料
瀬戸引
吸血鬼
暗剣殺
弟切草
早生児
黒曜石
右犠飛
裏背戸
明後週
絹積雲
輪島塗
紀元節
全日本
小動物
預貯金
不心得
腰羽目
青少年
農繁期
過渡期
与太郎
四重唱
多人数
禁治産
動脈血
小役人
売国奴
空元気
八文字
筆記具
生態学
七十路
変革期
経師屋
塩乾魚
天然石
大気圏
買気配
大業物
村役場
旗指物
小意気
望遠鏡
黒装束
水絵具
精霊舟
壊血病
土用干
没食子
寝小便
白装束
自然体
投島田
青梅綿
背筋力
相弟子
箱提灯
入木道
立志伝
内祝言
消息子
明後年
看護婦
代議員
王代物
大文字
閉曲線
引出物
美意識
湯文字
不親切
無感覚
節博士
安息香
大団円
紅差指
雪割草
好人物
太平楽
内親王
胸膜炎
浮世絵
転換期
三遊間
寒念仏
器量人
編組線
大臣殿
伝染病
転写形
粘液質
青銅器
肝硬変
払出人
回帰線
律令制
角細工
放射光
乙女子
青天井
六面体
糸織姫
過飽和
不動産
有機物
有平糖
恋女房
賢夫人
市議会
逃口上
否定和
刑務所
不消化
炎天下
国貿促
一欠片
占星術
居場所
裏千家
受験生
茶菓子
仮払金
聴神経
親会社
文庫本
男子校
長短打
制海権
借入金
夏座敷
通勤着
卵塔場
壁下地
一毛作
源氏車
四手網
金環食
副産物
帆立貝
五七調
未知数
美女桜
被加数
気管支
多年生
十字架
卒塔婆
自乗根
所帯持
古戦場
出来事
末摘花
無風帯
同父母
有理数
弾着点
副食物
雑収入
専門医
緑内障
指向形
柱時計
一大事
中規模
友好国
絵文字
不料簡
緩下剤
潜勢力
脚線美
特攻隊
北極熊
大仏殿
奴豆腐
不十分
小納戸
買言葉
春場所
枝垂桜
指南車
東海岸
吹井戸
高周波
生産物
吉野桜
世話物
一院制
京鹿子
年賀状
一本気
土産物
羊皮紙
少納言
公労協
国公立
葉緑素
裸一貫
単衣物
善知鳥
昔気質
仏弟子
恵比寿
人国記
非単調
総互先
黄表紙
乗用車
国内産
姉女房
山帽子
文語文
火口湖
保健所
早飛脚
弁護士
労基法
焼豆腐
破防法
直弟子
軽気球
裏街道
多方向
大入道
持仏堂
不審火
真骨頂
水溶液
仏桑華
非人情
無意識
人情本
身勝手
生字引
田舎家
拡大鏡
不祝儀
農工高
昼行灯
信号機
不感帯
所得顔
消火器
事務職
不義理
卑金属
冷凍庫
赤目魚
貿易風
停留所
切狂言
重水素
水仕事
不見識
海老錠
義太夫
電磁波
遠地点
同期生
致命傷
二重奏
相談役
水中花
花電車
道具立
抜衣紋
脱脂綿
運営上
人相書
夢心地
長信銀
始生代
極座標
末代物
古本屋
金相学
観世音
単本位
医薬品
不規則
常居所
南宗画
光電管
似顔絵
地団太
有田焼
公民館
玉虫色
頭文字
大御代
意地悪
運転手
消防車
義兄弟
豆名月
地下道
孫弟子
手塩皿
幅優先
短長打
多年草
考古学
白兵戦
革製品
塩加減
真四角
暴風雨
光合成
半可通
中学校
装飾音
若白髪
神通力
能動態
人相見
無重力
用部屋
増分値
未開拓
浜木綿
家庭科
店頭株
地磁気
薬包紙
補聴器
美濃判
水耕法
夕御飯
円軌道
薄荷油
内侍司
追試験
指標語
受領証
上調子
走馬灯
無作為
高等官
大謀網
当推量
八分目
可耕地
同級生
天日塩
成功裏
可処分
気違水
全国一
仮名遣
数種類
非同期
握寿司
小前提
不作法
生子壁
新生面
一輪車
出世頭
不利益
純資産
尾頭付
利金債
海人草
木太刀
旗本奴
加圧水
手土産
魔法使
三白眼
視神経
無頼漢
接骨木
金一封
小料理
圧縮項
計理士
渡世人
白玉粉
無期限
虫眼鏡
馬鹿貝
遠海魚
観覧席
蚕卵紙
心字池
陸蒸気
日時計
総動員
四半分
名店街
参事院
攻道具
四六文
祝賀会
富士額
等距離
吹出物
面目玉
如何程
固溶体
蓄音器
岡場所
公務員
帯代裸
庭木戸
無双窓
神無月
薬剤師
流行眼
真実味
強意見
横文字
最北端
比目魚
日照雨
子会社
副葬品
葉鶏頭
無縁仏
製作所
若隠居
人文研
過不及
最前線
岩清水
巻取紙
最高峰
毛細管
計数形
川千鳥
網代木
壁新聞
間欠泉
作用子
被参照
職業病
霊安室
公会堂
降誕祭
薄葬令
従価税
出入口
自治領
好男子
議事堂
大司教
甘納豆
行政官
放下僧
町役人
囲炉裏
木製品
未処理
無党派
非合法
夜汽車
振分髪
白木綿
水平形
精進落
触太鼓
雨合羽
松葉菊
初節句
文字数
風通織
五角形
貯蔵庫
余所見
開発元
活魚車
年代層
高等裁
弾道弾
七宝焼
草屋根
天動説
竹似草
老眼鏡
可惜物
女郎花
記念碑
序数詞
布袋腹
三重苦
具足煮
増上慢
助動詞
以遠権
牛尾菜
会計士
社外秘
使行録
紅葉狩
野武士
中納言
不可測
小間物
小町糸
砂時計
日本学
置土産
都立高
陰陽暦
大八車
鎮魂歌
綿織物
万華鏡
二重腰
肺活量
重箱読
新入生
一直線
出世魚
国土法
延煙管
航続力
普化僧
赤道祭
転入生
聴解力
国文学
基準縁
小手先
母子草
詞華集
経閉期
小天地
千里眼
小松菜
手内職
年格好
定小屋
寝間着
如雨露
納品書
山百合
不透明
調査官
三等親
薄荷脳
分度器
腹一杯
陸海空
四方拝
万国博
低価法
黒水引
正方形
一類米
下仕事
間投詞
和御魂
寝物語
最上階
不評判
前受金
私生児
同士討
脂肪酸
不合格
千六本
陰日向
転路器
重労働
実体験
風信子
一角獣
後頭部
記念祭
背負子
物価高
所司代
四六判
豆板銀
無一文
破天荒
彼岸花
土石流
繰越金
針葉樹
上半身
四全総
地公法
新建材
貴婦人
連小便
零余子
昼光色
前景気
印欧語
勝手元
府県連
追徴金
差出口
弁財天
直流形
変成岩
隠元豆
検孔機
油障子
不適当
句読点
令夫人
同性愛
微生物
疑問符
散寿司
火山灰
貨客船
土気色
準会員
交易会
進駐軍
婿養子
陰電気
時代物
胃拡張
不定称
都府県
最大限
古生代
中心線
新大陸
運搬船
通信使
臨済宗
二期作
兄弟分
探査子
検事正
反対色
新体詩
南京袋
男所帯
皇太子
寝装品
八重歯
間欠熱
国内線
公権力
入知恵
光電池
快男児
新発意
番外地
試験管
親馬鹿
付立画
賃貸借
四角形
双方向
近代詩
道交法
終止符
譲受人
散歩道
一刀彫
夏時間
底意地
遺句集
私企業
口真似
機織虫
有向道
判取帳
下検分
強談判
麦芽糖
集魚灯
常世国
公労法
重化学
協業化
極楽鳥
一片食
強精剤
徳政令
連体詞
万葉集
売気配
好敵手
修道院
虫垂炎
大内裏
倒卵形
公労委
悪条件
八十路
一寸見
不文法
天邪鬼
全責任
電気銅
肉体美
早月雨
人文字
放生会
袋小路
責道具
百分比
国際線
雪月花
等高線
敵対心
翌翌月
黒文字
熱血漢
売買春
女房詞
不導体
天道虫
茶坊主
常習犯
底引網
悪影響
執着心
十進法
知識人
序破急
火打金
府知事
絵葉書
不器量
口約束
光化学
複合項
腹足類
不適切
複合語
原産地
人外境
救急車
真人間
雨夜花
天蚕糸
米穀店
芸能人
新銀河
工学部
社公民
正覚坊
前夜祭
宿根草
走幅飛
生世話
親和力
増減税
初場所
連分数
巻積雲
古筆切
宝物殿
予防線
名乗字
安山岩
陸産物
要注意
停車場
過現未
完形品
依頼心
小普請
十字火
休耕田
天保銭
生地獄
法治国
海水浴
蒸菓子
対角線
日本間
遠日点
義理合
太鼓判
炭酸泉
大和魂
地震動
日本食
変復調
従姉妹
殺文句
乱気流
走高跳
府県境
用心棒
広葉樹
参事官
悪感情
今世紀
革新党
火取虫
白拍子
片山里
弟弟子
広帯域
指話法
明障子
営養素
発振器
起請文
本支社
水菓子
希土類
長広舌
石子詰
消石灰
風水害
式次第
安普請
連子窓
酒石酸
一酸化
心得顔
抗毒素
一方向
住環境
無声音
中山道
皮製品
不美人
小気味
赤新聞
原動機
紙細工
流作業
腹話術
里言葉
営林署
不一致
大理石
微積分
宣命書
詞花集
一騎討
話半分
制空権
執行官
騎兵隊
野暮天
村時雨
畜生腹
初日出
下降形
個個人
推計学
飲兵衛
腹膜炎
寝心地
海老腰
茶道具
警戒色
仲買人
短距離
性教育
未決済
聖母子
三角波
心不全
優勝旗
英数字
軽工業
無利子
接続詞
備前焼
左合同
浅知恵
新聞種
不等号
仏法僧
不調法
交通死
下半身
新所帯
乾電池
大震法
野太鼓
表玄関
寝殿造
小馬鹿
未払金
不見転
乳幼児
気象台
格文法
逆光線
若年寄
装身具
陽明学
糸切歯
川崎病
考課表
伸展葬
破落戸
大風子
先入観
小豆色
水成岩
不如意
勧進元
広小路
経産婦
群千鳥
安全灯
精進物
下屋敷
名付親
四本柱
鉄格子
丸木舟
変更子
棒高跳
殿様芸
冷飯食
共白髪
作業場
生理学
頼信紙
無政府
一身上
無体物
視聴覚
顔写真
広目天
体温計
象皮病
傾斜地
小文字
長距離
糖衣錠
自治体
等深線
根無草
国務相
成層圏
出不精
小間使
社有地
栄養剤
鼻濁音
菊日和
居催促
電話形
脳膜炎
生化学
不細工
長粒種
一合目
対位法
紙鉄砲
鼻風邪
居留守
法学部
村夫子
冷血漢
真正面
飛行機
大震災
上成績
不行届
二筋道
仕事場
絹層雲
入次数
格納域
寿老人
大統領
女剣劇
印刷所
不夜城
二輪車
策源地
指人形
三文判
食意地
里神楽
旅興行
小米花
鬼百合
分解能
変声期
太刀風
十八般
一粒種
慣用音
思想家
小切手
少女子
全紙面
本調子
白南風
得失点
被減数
追羽根
黒内障
左団扇
音数律
早少女
棒高飛
持国天
塩辛声
二字口
開業医
電離層
飛道具
天下取
巻層雲
出張所
軍資金
天南星
遺伝子
外祖母
密入国
自然人
区役所
土佐絵
基本形
町火消
巻煙草
左系列
不思議
虚無僧
生菓子
報道陣
雑木林
奇麗事
手間取
底気味
脳外科
判任官
容易軸
初感染
油送船
失敗談
在校生
深切気
隆鼻術
翌翌年
部屋住
初舞台
積乱雲
公立大
平方根
三段跳
上級生
私文書
得意顔
鳴物入
不摂生
可変長
一生面
旗行列
目正月
車井戸
立待月
初対面
発頭人
心意気
姫小松
金婚式
次世代
夜盗虫
食生活
明朝体
羽団扇
絹織物
手作業
千分比
荒法師
秘書官
一次局
大経師
二科展
原住民
部屋割
押取刀
暴力団
脳貧血
半人足
高調子
緩斜地
解像力
風土記
真善美
中性子
有難味
太陽光
自制心
小百姓
背理法
太夫元
水茶屋
丁字帯
複素数
客商売
同義語
氷砂糖
角砂糖
鉄砲玉
不格好
代名詞
射距離
富士絹
鉄板焼
一神教
車海老
敵同士
海老根
太鼓持
熱帯魚
裏番組
歌合戦
深成岩
銀砂子
火食鳥
河太郎
緑柱玉
火加減
両脚規
大回転
真言宗
無作法
婦女子
自公民
約束事
手仕事
非常駐
標準軌
両方向
控屋敷
紙一重
非常口
受太刀
地方裁
夢物語
研究生
未検出
仮命令
竹細工
加減算
白粉下
井戸車
小論文
水笑売
泉貨紙
七五調
宮芝居
片田舎
私書箱
並大抵
裏長屋
応接間
正反対
起工式
手仕舞
日本犬
絵巻物
感化院
染抜紋
奉公人
没趣味
聴講生
無条件
空世辞
踊念仏
聖観音
重工業
東西屋
大僧正
乳製品
作用素
富士見
神経痛
不等式
名題下
外科医
離散形
生兵法
当狂言
赤電車
花水木
髪結床
天眼鏡
仏頂面
夕陽影
掛時計
石南花
雪女郎
授乳期
突破口
平野水
無礼講
原子力
天主堂
立方根
六道銭
軸馬力
助数詞
箇箇人
石竹色
日本酒
不健康
中距離
生石灰
施餓鬼
三世相
流灯会
博物館
六角形
丸天井
木炭紙
被乗数
多毛作
隠退蔵
草競馬
栄養士
変奏曲
玉案下
節形式
市役所
府選管
辞任願
道具方
警察官
矢飛白
正書法
野良犬
四十路
白真弓
自営業
円舞曲
公法人
一辺倒
石首魚
内国債
未完成
女学院
格納庫
表面積
座布団
発起人
三冠王
連文節
無制限
反意語
法華経
不可避
金砂子
大角豆
風見鶏
空手形
四重奏
選択枝
複文節
布袋草
不退転
地下鉄
門外漢
乱層雲
井戸端
三太夫
水族館
生意気
集光器
手文庫
仕付糸
人間像
十六夜
放射状
不生産
店屋物
逃言葉
公倍数
電磁石
鼻眼鏡
精霊会
箱馬車
原生代
宮大工
反魂香
重金属
大政所
彼岸会
一対多
一昨月
道化師
上手物
立法府
風知草
検案書
朝寝坊
有機米
大学卒
歳徳神
段別割
敷布団
小中学
片意地
口拍子
又弟子
灯台守
劇映画
無名指
不燃材
都人士
小為替
無自覚
火成岩
人力車
連絡所
並木道
天文学
違和感
白昼夢
普段着
安近短
重軽傷
表座敷
初一念
栄養素
肺浸潤
地平線
腰長押
大見得
日本晴
非適応
破傷風
消息通
事故調
大山木
居待月
国大協
人差指
国言葉
深海魚
不可侵
色鉛筆
薄葉紙
結膜炎
美少年
星取表
片一方
周波数
下相談
三国一
支配人
所在地
仮免許
注連縄
小惑星
閉村式
無記憶
提灯屋
木目込
流線型
毛織物
終着駅
国文法
搬送波
産土神
不得手
名刺判
行財政
野太刀
無事故
小坊主
出退勤
異教徒
早月晴
財特法
伝馬船
馬鹿面
手一杯
三原色
井戸水
通行人
狂想曲
月行事
番小屋
焼太刀
一周年
独参湯
無投票
地蔵顔
銀世界
真似事
無配当
追分節
片貿易
最下位
過積載
難事件
出小作
二次局
手拍子
割線法
葉菜類
派出所
利休色
有体物
希元素
溶鉱炉
無花果
美丈夫
四現業
仏舎利
形容詞
知恵袋
口語文
熱帯夜
若殿原
主成分
微粒子
葉茶屋
引立役
書院造
取締役
高御座
万灯会
不調和
黒百合
洗面所
風雲児
役不足
不所存
色眼鏡
招待客
口内炎
初会合
放物線
深見草
二等兵
長短期
勝負事
国家老
天理教
親切気
好角家
強心剤
洗張屋
一般人
松花堂
粗収入
私立高
水掛論
都会人
五輪塔
大目玉
良導体
国事犯
跡始末
出来値
大原女
美術家
突拍子
下士官
浮河竹
旅客船
芝海老
報道局
天然痘
内弟子
金米糖
中高生
仮名書
大発会
居合腰
渡台詞
娘子軍
貧乏神
入退院
青写真
魚灯油
非特異
吐月峰
不定期
没義道
町年寄
機帆船
病害虫
大盤石
殿上人
豪速球
守銭奴
全人代
寝道具
本場所
土百姓
大審院
不可能
水商売
測候所
海老茶
年度末
投光器
電話機
致死傷
不信心
温泉郷
長方形
小麦粉
不整脈
木賃宿
競争心
博物学
悪知恵
天眼通
日本円
片手間
貴公子
多項式
祈年祭
表街道
表示法
南氷洋
着道楽
高血圧
天球儀
悲喜劇
親類書
海王星
思春期
反別割
大入袋
夜光虫
種種相
世間気
如何物
手弁当
西海岸
教習所
世間師
蓄音機
使用人
組天井
双曲線
不用意
河川敷
塩類泉
編集形
大広間
五十路
薄荷精
説経節
馬刀貝
貧乏人
隠君子
新入学
梅雨晴
現人神
数寄屋
新天地
下克上
荒御魂
七曜星
手裏剣
積層形
十字形
見世物
芝居気
死場所
早乙女
熱射病
直滑降
零交差
不揮発
排中律
一段法
新社屋
性悪説
入道雲
帆前船
大道具
英会話
現住所
女子高
中長期
相部屋
大使館
従兄弟
研修生
角力取
鉛灰色
資料館
片割月
走幅跳
踊子草
苗代田
水不足
長尾鶏
地労委
便衣隊
不起訴
類音語
太陽年
不作為
純文学
固有部
謝肉祭
甘露煮
拍子木
運動会
優曇華
皆既食
同窓会
双生児
指示薬
星条旗
侍大将
帆掛舟
三段飛
行在所
試金石
練製品
聖誕祭
物相飯
銀灰色
寒暖計
生一本
可溶片
神学校
兵児帯
蓄電池
間狂言
円熟味
山法師
多趣味
丸合羽
荒物屋
卒業生
大番組
土佐節
進学校
鉄砲虫
高山病
入母屋
風物詩
後見人
天満宮
高島田
法親王
救命具
能狂言
干菓子
宅急便
回転子
腹時計
大本営
太神楽
給与法
荒仕事
出教授
無趣味
車前草
瀬戸物
客座敷
赤血球
恐水病
農用地
見取図
詰将棋
割下水
好影響
水平面
保証書
青果物
気保養
太公望
山小屋
三次元
喫水線
上達部
唐破風
皇太后
芸術家
巻子本
出来秋
風邪声
預金高
非売品
副読本
右大臣
佐保姫
造物主
穀象虫
鼓笛隊
門前払
大黒柱
土用波
短音階
増血剤
間一髪
銀行株
怪我勝
大学院
代理人
非課税
楽屋裏
私生活
木戸銭
空相場
美術館
中世代
門下生
不成立
朱子学
三拍子
珍無類
好成績
日本髪
頼母子
上信越
不正直
装甲車
邪宗門
一等親
戦闘帽
九谷焼
絵双紙
半線形
腰障子
資料集
自主権
本因坊
動物界
色気違
赤砂糖
付立染
一般木
絵草紙
不信任
垂乳根
既判力
交響楽
沈丁花
花林糖
聖家族
保護司
売掛金
審判官
避雷針
無鉄砲
表千家
理化学
小品文
長音階
短日月
日本刀
欧文脈
初日影
式言語
被写体
半夏生
正念場
適齢期
衣食住
皮脂漏
地獄耳
耳学問
被除数
塩干魚
特効薬
女文字
不連続
気動車
切口上
中仕切
半風子
無煙炭
換気扇
無意義
天井値
中種式
天産物
片方向
太陰暦
実定法
小具足
北西部
最終盤
抗張力
思秋期
上水道
忘年会
羽布団
多連装
小冊子
折菓子
養毛剤
宮入貝
商学部
居酒屋
刈草地
強力粉
屋台店
六分儀
総領事
夢遊病
救世主
畳水練
中国人
裏鬼門
信玄袋
素因数
泌尿器
散文詩
狂牛病
探照灯
地方銀
黄金虫
心食虫
金輪際
雑種犬
冷暖房
仁王門
雪合戦
皮針形
七変化
反対称
一中節
前句付
水産物
出世間
二元論
航空機
内玄関
案山子
慣手段
日章旗
破廉恥
紫陽花
勝手口
針仕事
衣紋竹
法医学
正教会
四拍子
背番号
黄泉路
歯学部
伴天連
尺取虫
軽犯罪
人間味
内侍所
自力門
古物商
非決定
助教授
整腸剤
馬酔木
血友病
活人画
不公平
上上吉
義援金
母者人
帳面面
超電導
文化財
三幅対
顔見世
絵手紙
大自然
片男波
短期間
重量挙
未開発
継父母
大納会
君子人
人造湖
西王母
親文字
遺家族
高祖父
空念仏
召集令
三悪道
形態素
外祖父
荒木田
金緑玉
後処理
愛弟子
様子見
没理想
下手人
自動車
紹興酒
営養食
一等星
多聞天
田舎道
稲妻形
避病院
大納言
郷土色
官公労
定足数
太刀魚
不相応
無表情
向上心
不正規
耕運機
手柄顔
桜海老
牧羊神
持久走
左内側
赤切符
賃仕事
鉄面皮
始端部
県知事
四等官
不可逆
現御神
外字紙
風土病
遠山里
四半期
読心術
養父母
記念樹
掛茶屋
首実検
扇状地
単安定
急斜面
混在形
易損品
不品行
一面識
到来物
古文書
先住民
二刀流
真行草
独禁法
太陽暦
赤間石
二本棒
一安心
歌留多
攻太鼓
不可視
大上段
林産物
茶屋酒
管制塔
前勘定
遠眼鏡
未確保
衝撃波
実社会
端境期
印刷物
永久歯
借受金
小夜曲
後生楽
産官学
小型車
怪気炎
誕生石
府県警
内服薬
為事師
処女峰
非国民
乳化剤
有声音
枝折戸
中粒種
世迷言
夏安居
草木染
単文節
偉丈夫
流行児
助兵衛
古武士
不注意
岩田帯
人情味
点緩和
印象派
払出金
日本人
無所属
所作事
舞台劇
無抵抗
農学部
月輪熊
無軌道
青信号
常備薬
警防団
小児科
赤外線
福寿草
直後続
非公開
暦年齢
不出場
配送所
兄弟子
異母弟
要心棒
五斗米
潜望鏡
火山岩
一対一
多辺形
小麦色
磁気圏
世間体
親衛隊
紙工品
紅白粉
本総会
青二才
事業主
興信所
同素体
地政学
定収入
浜離宮
人畜生
近衛府
自画像
協奏曲
側帯波
非合理
警備隊
天長節
関節炎
延日数
羽根車
上級車
長上下
老夫婦
手間損
広告塔
門弟子
脳死体
営林局
誘導体
石灰石
放射能
大和歌
下手物
求知心
延長線
夏秋草
主人公
最年少
灰白色
余所目
光静電
倉敷料
寺小姓
地鎮祭
未払込
未解決
否定積
標目表
二酸化
森林浴
侍気質
天下一
歯科医
健康上
不手際
定置網
変形法
領事館
不承認
感無量
文字種
超新星
領収証
目論見
興信録
寄生木
松竹梅
三輪車
手不足
表六玉
髪切虫
大和絵
折手本
与野党
全速力
縁起物
個条書
公孫樹
前置詞
乳兄弟
院外団
百万言
学用品
商売敵
大神宮
不正確
唐変木
瀬戸焼
最大手
農産物
総本部
最優秀
遣唐使
空梅雨
非破壊
少子化
特飲街
真犯人
生産財
一切経
差出人
口下手
仲人口
芋名月
蒸寿司
無責任
抗病力
無得点
出雲神
脳出血
結婚式
宝石商
生半尺
全粒粉
希塩酸
暗紫色
点眼水
発行済
現実味
検察官
中国語
半永久
身上持
高画質
悪太郎
灰神楽
氷河期
耳鼻科
船渡御
五葉松
最南端
有向木
極彩色
小学校
映写機
継電器
新幹線
貴金属
地上職
常夜灯
非終端
海水温
六観音
一面観
不人情
中高年
相手方
早場米
無機質
貯水池
非線形
識別子
立方体
太陽熱
番太郎
遊牧民
最寄駅
功労賞
寸胴切
尺貫法
修理工
一致形
連判状
指南番
明後月
不穏当
香具師
南半球
左回帰
背負投
心電図
小座敷
地球人
旅客機
擦過傷
六尺棒
非現業
平行棒
信楽焼
馬小屋
単行法
不承知
対流圏
置時計
根抵当
四死球
延勘定
理不尽
千両箱
唐団扇
没常識
公文書
陰極線
陸屋根
二本差
不行儀
正攻法
板目紙
手弱女
耐故障
掛布団
無造作
無愛想
土佐犬
戸障子
月見草
寝待月
背格好
予測子
屋形船
法華宗
焼却炉
幼友達
衣紋掛
私経済
自家製
知恵歯
外野席
刷毛序
大黒天
大根卸
星月夜
高圧線
動植物
旅芸人
一見識
複複線
考課状
村芝居
不動点
成文法
外為法
船大工
民活法
電信柱
行進曲
受動態
基準局
雪隠詰
府議会
請負人
警部補
不参加
協同体
身代限
緑黄色
重火器
苗代水
直営店
淡水魚
紙芝居
無気味
人間業
大食漢
速度形
筋肉質
観念論
枯尾花
熱転写
愛国心
名残月
冬将軍
用水路
天花粉
不徳義
親切心
絶好調
県議会
正比例
保護色
手料理
終油礼
潮干狩
不成績
多次元
雅楽器
下町風
現代病
同士打
野次馬
稲熱病
蔵人所
順養子
綿帽子
中間子
脳神経
氷菓子
四畳半
賢婦人
長電話
旅商人
落葉樹
仏教徒
不合理
光量子
空文字
大株主
戸数割
小宇宙
補元律
蓄電器
枝被覆
測定機
熱容量
十三夜
押問答
直定数
月世界
販売元
私家版
和漢洋
超自然
公選法
非等価
試験場
鼻下長
出合頭
犬張子
掃除屋
喫茶店
木強漢
好一対
行行子
無任所
母集団
定冠詞
歌祭文
非成層
地球儀
追羽子
鉄火場
農作物
通信員
吹奏楽
海産物
一軒家
潜水病
貝独楽
歓楽街
最低限
満天下
露天商
電磁場
古道具
早仕舞
関心事
均質形
腐葉土
雪景色
地文学
留学生
金属弾
自販機
地動説
人民元
飛行船
秋日和
平野法
無矛盾
世話場
女丈夫
始発駅
青大将
高祖母
七道具
女子衆
都議会
格天井
高野聖
不得意
悪天候
二王門
地獄変
過半数
排中則
源五郎
乳母車
仁王立
寂光土
古代紫
女子大
当番制
浪花節
水蒸気
団平船
用器画
将軍家
不衛生
揚繰網
手荷物
合気道
素粒子
友千鳥
下腹部
委託料
独壇場
一軒屋
同心円
機関車
不世出
大店法
系図買
清水焼
五十音
新生代
肥満児
新鮮味
内務相
幼稚園
益荒男
破魔弓
権現造
生損保
安全弁
最小限
千石船
養親子
不風流
黒死病
前口上
揮販法
遊漁船
立田姫
高気圧
人真似
非公式
夏場所
大動脈
政治家
非常勤
夜見世
不断草
置手紙
犬追物
角屋敷
六地蔵
模様替
保護鳥
白髪染
三角形
消防署
地元民
直方体
初生児
激動期
政財界
有利子
資機材
北斗星
最右翼
左義長
紫雲英
天守閣
金切声
花文字
一筋縄
自転車
往生際
次官補
空中線
救護班
自由形
二尊院
更年期
三重奏
念仏宗
不賛成
地震国
日本紙
婦人病
本草学
扇風機
親告罪
性善説
優等生
無能力
屋台骨
平面体
新分野
人非人
証取法
泣上戸
八里半
弁証法
朱印船
図書館
畜生道
商行為
栄養分
中高層
日射病
東天紅
太刀取
魚河岸
活社会
割台詞
太刀持
私有地
自尊心
油絵具
冠木門
千鳥足
過保護
白帯下
世帯持
認証官
知識欲
基本実
色収差
工学科
数時間
真面目
三重唱
金本位
多面体
影法師
数表現
風馬牛
最恵国
大改革
有難涙
焼死体
左近桜
十露盤
真章魚
南京虫
教職員
心太草
教科書
不都合
出来物
体育館
新体操
粘板岩
小作農
千鳥掛
両極端
桃節句
俗世間
卸相場
点取虫
都市銀
出資法
行政府
半二重
狂犬病
青海原
正反合
有向枝
針供養
手真似
根切虫
女学校
用務員
増長天
直先行
農機具
錬金術
手古舞
刑特法
小太鼓
保育園
助太刀
官公庁
高高指
明太子
桃源郷
高金利
富本節
身代金
鉱工業
等圧線
水酸基
刻煙草
地下街
有頂天
鳥小屋
理学部
天皇陵
聞上手
大福帳
三角柱
影印本
両成敗
道徳心
未成年
白血球
単項式
足拍子
後生気
優勝杯
私小説
百貨店
不可解
白粉花
不戦敗
間仕切
居留民
個人技
胴間声
美容師
延人員
居開帳
書記官
魚市場
引込線
不健全
反義語
禁酒令
笑上戸
愚連隊
紙吹雪
内大臣
自棄酒
傍迷惑
切取線
一等国
放浪癖
屋体店
内分泌
石灰岩
停車駅
土地鑑
十字路
大御所
上半期
渡廊下
冠動脈
太刀筋
重過失
無防備
波布茶
水鉄砲
迫撃砲
居心地
上屋敷
千屈菜
不始末
離乳食
求心力
電機株
銀時計
美少女
自意識
易行道
素人目
土手腹
少年院
十文字
博品館
利権屋
三十路
難行道
町道場
荷為替
四君子
立女形
常緑樹
冗談口
右中間
当番医
波戸場
精神病
小太刀
般若湯
売言葉
大部屋
血反吐
層積雲
小道具
好条件
連立法
往来止
赤信号
世話人
検査官
玉手箱
魚介類
桜前線
両生類
移動子
没法子
殺風景
生返事
三味線
三隣亡
明天子
鹿尾菜
照空灯
農作業
値言語
受話器
道府県
打楽器
話言葉
空気圧
銀本位
交響曲
加比丹
人工芝
人形遣
好景気
調理場
宇宙船
東照宮
不凍液
花吹雪
九官鳥
長屋門
都大路
生活苦
八潮路
黄八丈
四天王
下水道
上下動
南京豆
漢方薬
街路樹
三周忌
見目形
対義語
電磁気
無定形
自作農
大谷石
骨関節
冷暗所
優先株
不適合
奇麗所
石炭酸
余所事
全天候
税務署
薄馬鹿
薄力粉
名演技
不面目
十五夜
四十腕
広範囲
瀬戸際
一目散
寝業師
丸坊主
物真似
浜千鳥
二合半
自己流
党派心
口上手
異分子
二進法
出放題
苦労人
待女郎
昼夜帯
大学生
枯山水
火口丘
満天星
玉砂利
非直結
軽演劇
黄心樹
最上級
主治医
促音便
四次元
日本語
指物師
町議会
難問題
口語体
私法人
好事家
司令塔
通用門
男一匹
海賊版
中学生
黒砂糖
多方面
非有理
黄熱病
遅進児
大御宝
徒競走
渡船場
出次数
貸座敷
依存形
終列車
音楽家
白内障
志望校
先進地
家政学
私家集
非金属
転校生
因果律
並置形
徳義心
和漢薬
祖父母
同年輩
黒八丈
一頭地
火山脈
有名人
禁固刑
腕時計
高天原
近視眼
五摂家
考現学
限量子
原水禁
天然色
問屋場
裁判官
大道芸
外輪船
鳥羽絵
四分六
半母音
群遅延
定常波
春告鳥
陽電気
手工業
出入国
老大家
特装車
遊歩道
暗暗裏
百葉箱
五目飯
屋根裏
景物詩
水時計
十二分
天王星
三角州
文学部
千代紙
引菓子
紋御召
微温湯
収納箱
不道徳
西陣織
沖積世
美濃紙
白玉楼
計算尺
灯心草
静電気
男郎花
指針案
素寒貧
花屋敷
大御言
百面相
弓張月
水準儀
非可分
意気地
国際色
怪我負
秋場所
町奉行
原動力
落葉松
出場所
出会頭
五十肩
夕日影
不体裁
無愛敬
磁鉄鉱
選手権
和菓子
皇漢薬
等間隔
常得意
吉野紙
成人病
健胃剤
出無精
多宝塔
出回線
税理士
待合室
殺陣師
指揮棒
湯湯婆
無一物
都知事
鉄砲水
落第生
味選人
平土間
分相応
多項目
唐辛子
二毛作
怪文書
中耳炎
非一致
裁判所
不戦勝
八頭身
小田巻
花御堂
陽解法
双眼鏡
向学心
雷親父
全盛期
焼却灰
非戦論
凝灰岩
断末魔
中間色
単細胞
新開地
親言語
注意報
準決勝
高校生
高姿勢
総仕舞
丁定規
一元論
乳白色
紫露草
駐輪場
渡奉公
海坊主
非衝撃
公社債
晴雨計
起重機
放射線
三毛作
根拠地
無利息
胸三寸
立太子
不可分
連続束
高学年
稚児輪
糸繰車
網構成
矢車草
軽水炉
十字軍
中学年
破魔矢
炭水車
軽業師
不適任
十二支
紺飛白
備忘録
教会堂
銀行員
多端子
豆鉄砲
地上波
女学生
伏魔殿
不動尊
園遊会
勧工場
太政官
畑水練
四季施
満年齢
子午線
血色素
遠距離
不特定
時代色
切支丹
飛行場
高架線
無風流
留守電
軍楽隊
略本暦
力仕事
守護神
家具調
合州国
格闘技
下世話
立振舞
正社員
手間代
編年体
不知火
土性骨
面白味
変光星
二皮目
精進揚
呼子鳥
黙示録
本拠地
無演算
美人局
劣後債
水密桃
刑訴法
乾菓子
借金取
一夜酒
老婆心
空管理
陣太鼓
多数決
特措法
火打石
市街地
鉛直線
加減物
無気力
絵空事
最先端
見取算
半両銭
湯豆腐
商売気
食糧難
八千代
仕事師
交通網
変化球
予備校
合歓木
前渡金
未経験
張本人
沖仲仕
不身持
玄武岩
少人数
映画館
三連星
紅絹裏
北西殿
助産婦
見物人
過電圧
複本位
大宮人
代議士
執達吏
青道心
無定見
同類項
下半期
多角柱
打物業
割普請
小学生
遊水地
十二単
早教育
千秋楽
理想郷
輸卵管
金太郎
非武装
船問屋
座標軸
原水爆
独航船
師範代
浅草紙
電信形
季節風
寝正月
目八分
兵六玉
百物語
彼岸桜
舞台面
消防局
自動詞
石灰乳
集配人
義勇軍
給排水
硬骨魚
現代書
日本一
知情意
照葉樹
門徒宗
炭化物
噴火口
基本給
受精卵
一隻眼
薬局方
看板娘
陽電子
歓喜天
廉恥心
問題児
道中差
高利貸
単行本
歌謡曲
着心地
南京錠
北寄貝
波布草
相思樹
一夜妻
原子病
中心地
対頂角
加速器
小荷物
上首尾
鳥渡見
地吹雪
地方紙
姫百合
複数個
死装束
絵日記
終電車
奏鳴曲
衣装方
最高潮
文房具
舞踊団
垂直形
十二宮
不如帰
出来心
列方向
増幅器
横隔膜
音頭取
風来坊
病虫害
商売人
次期防
盛漁期
博多帯
絞首刑
照魔鏡
未亡人
無生物
手細工
香辛料
慰霊祭
分教場
大時代
帰休兵
大前提
浅黄裏
医学部
初太刀
火事場
花供養
交差点
一本刀
表操作
着背長
日和見
手数料
生欠伸
産婦人
公使館
潜伏期
帳本人
出来高
白鹿毛
守本尊
潤滑油
長音符
竹夫人
除虫菊
三行半
村八分
矢車菊
送受信
注釈行
金字塔
半導体
墨曲尺
肝不全
輸出入
尾長鶏
古事記
奉加帳
冷蔵庫
好都合
防波堤
陣羽織
橋供養
解熱剤
不行跡
広目屋
一周忌
一代記
博言学
多血質
十姉妹
数奇屋
氷点下
道普請
大名芸
過渡解
銀婚式
八百屋
輸尿管
大車輪
水銀柱
欧数字
主題歌
州浜台
赤芽芋
噴井戸
無邪気
頭状花
無辺際
前頭葉
無機物
土俵際
不景気
遺留分
長談義
出開帳
高麗芝
復原力
代八車
捕虫網
大夫元
馬鹿力
七面鳥
五倍子
小正月
小利口
野放図
人一倍
高飛車
筆無精
身奇麗
奇天烈
高水準
無神経
無関心
不具合
意固地
高信頼
不安定
不鮮明
無遠慮
不自然
大丈夫
気丈夫
大人気
短兵急
無関係
可哀想
未定義
赤裸裸
不本意
不気味
無節操
不明確
不満足
手奇麗
不自由
不用心
不完全
不誠実
未確認
無計画
精一杯
小奇麗
得意気
不条理
不人気
不経済
不必要
親孝行
可哀相
七面倒
親不孝
不明朗
不可欠
小規模
不名誉
神経質
無用心
無意味
未定稿
無尽蔵
鼻高高
居丈高
人間並
心丈夫
力不足
再来年
一昨年
短時間
再来月
一昼夜
再来週
長時間
一時期
時節柄
水無月
今時分
長期間
世界一
真昼間
集大成
転貸借
受発信
中実化
再検討
不溶化
乱反射
雑魚寝
最敬礼
円運動
空取引
野垂死
再導通
離着陸
棒暗記
誤動作
一段落
一苦労
明文化
失血死
試運転
縦磁化
直輸入
土下座
水酸化
熱重合
立往生
小細工
立候補
非専攻
一元化
手加減
総決算
楽隠居
直輸出
一体化
左前打
早合点
仮釈放
急上昇
事故死
大発見
横恋慕
長大息
光励起
内出血
商取引
留守番
光応答
気苦労
直談判
戦病死
単一化
離発着
急降下
寝不足
急停車
日光浴
箇条書
二重化
深呼吸
乱高下
不時着
受発注
仮調印
仮処分
再始動
斜陽化
後始末
微苦笑
熱処理
投開票
多極化
確実視
受送信
八百長
反比例
逃避行
誤操作
入出力
度外視
食中毒
密輸入