滅法界
力一杯
如何程
便宜上
人一倍
鞠躬如
末始終
金輪際
精一杯
什麼生
層一層
腹一杯
東半球
大蔵経
寄生虫
口言葉
連用形
方解石
側用人
薩摩芋
小倉餡
盛菓子
紡錘形
休閑地
海仁草
財政難
段梯子
一転機
埋納経
身柱元
出目金
辨慶縞
一夜漬
室内楽
無精卵
暴対法
進退伺
花言葉
随意筋
手道具
当世風
同年代
大正琴
多神教
行灯袴
小糠雨
格子戸
菜種油
一匹狼
田楽刺
未決監
電位差
翌翌週
豊葦原
秋刀魚
自身番
左中間
合衆国
四十雀
度量衡
二乗根
指導室
水海道
南京玉
釣鐘草
不死身
平家蟹
砂糖黍
緋牡丹
予科練
真田虫
草野球
寄宿舎
正会員
不死鳥
八重桜
一昨週
士君子
労基局
多色刷
妃殿下
柳葉魚
綿実油
事務所
陶磁器
高分子
清教徒
地久節
高土間
活性炭
邪魔気
実事師
和歌集
七福神
草双紙
烏天狗
空景気
繰入金
水俣病
一家言
伊呂波
忠魂碑
如菩薩
独擅場
竜田姫
凍豆腐
洋菓子
自閉症
核保有
経帷子
青人草
世捨人
天文台
非対称
千羽鶴
阿闍梨
幅走査
不平衝
帝釈天
浸出液
類概念
司法官
犢鼻褌
海鼠腸
三和音
自小作
山茶花
群計数
玄関子
条件下
郵便箱
白血病
有意義
製造元
寺子屋
仙台平
実生活
小男鹿
食道楽
名残折
数表示
一個人
糞度胸
冷罨法
逆茂木
消息筋
栗饅頭
浜防風
駒下駄
善智識
読後感
生放送
七曜暦
防潜網
黄鉄鉱
身口意
狐格子
弁才天
長丁場
合言葉
食人種
白地図
研究所
伝声管
焼夷弾
山査子
鈴蘭灯
無慈悲
不養生
最年長
釣天井
海草類
気狂水
波止場
似我蜂
博多織
風営法
蚊蜻蛉
黄精飴
原材料
前立腺
画箋紙
視話法
屋体骨
脳腫瘍
道祖神
蜘蛛猿
配達員
仲見世
新生児
宣教師
赤味噌
画用紙
近距離
烏帽子
不寝番
目分量
肉用種
折紙付
従量税
玉蜀黍
探海灯
紅蜀葵
浅茅生
新聞紙
連合体
小牡鹿
山東菜
雪花菜
二重唱
羽二重
伊達巻
反駁木
耳年増
薬学部
二次元
類義語
蛍烏賊
舞台裏
夕月夜
大和芋
白飛白
遊撃手
天主教
葦原雀
高速艇
同窓生
早言葉
人待顔
茶飯事
熟練工
懸壅垂
太鼓腹
酔心地
狂詩曲
紫外線
無免許
馬追虫
糖原質
不恰好
蕎麦殻
順不同
高性能
麒麟児
遅知恵
不純物
下馬評
時間割
大和心
秘蔵子
村役人
荒療治
金平糖
落花生
幻想曲
水加減
現在地
手間賃
仕立物
海鼠壁
無調法
円為替
亜高木
葉煙草
媒染剤
鉄無地
方程式
鉄床雲
一口話
入小作
巴旦杏
二王立
無試験
摩天楼
水様液
英単語
蛸配当
死刑囚
陽極線
宿駕篭
非常識
石火矢
上得意
主調音
軽金属
管楽器
念持仏
不拡大
真桑瓜
骨髄腫
直視形
市庁舎
脳硬塞
土俵入
不首尾
片脳油
高瀬舟
股火鉢
墓碑銘
平方和
中生代
走高飛
貝殻虫
三題咄
土壇場
杓文字
固有値
副走査
野心作
下級生
南京鼠
五重塔
有神論
長火鉢
店仕舞
二等親
私生子
船板塀
未登録
重母音
見栄坊
小理屈
道産子
陰電子
横断幕
金玉糖
点鬼簿
芥子菜
高学歴
六十路
管弦楽
胃下垂
鹹水魚
鳥打帽
編年史
人心地
飛込台
浜納豆
悪材料
夜想曲
雇用法
半減算
常磐津
軽音楽
過不足
蛸坊主
枝垂柳
一次元
超党派
現時点
屋根船
蔵屋敷
玄関番
左大臣
信用貸
中二階
香味料
瀬戸引
緋鹿子
吸血鬼
疝気筋
暗剣殺
才槌頭
弟切草
早生児
黒曜石
右犠飛
裏背戸
三塁打
明後週
絹積雲
輪島塗
誘蛾灯
紀元節
全日本
小動物
預貯金
晒木綿
不心得
腰羽目
青少年
覗機関
農繁期
過渡期
水風呂
与太郎
四重唱
多人数
禁治産
百合鴎
動脈血
小役人
売国奴
服役囚
霊柩車
牡丹餅
高野槙
分水嶺
帰謬法
水栽培
空元気
表彰台
八文字
筆記具
生態学
一閑張
七十路
糸蚯蚓
変革期
鎖帷子
経師屋
塩乾魚
木捻子
天然石
大気圏
買気配
大業物
村役場
旗指物
酢豆腐
小意気
望遠鏡
黒装束
受水槽
鳳仙花
水絵具
精霊舟
壊血病
土用干
捨扶持
没食子
寝小便
白装束
自然体
投島田
青梅綿
背筋力
相弟子
箱提灯
入木道
立志伝
内祝言
消息子
用箪笥
明後年
看護婦
代議員
王代物
大文字
閉曲線
引出物
美意識
湯文字
不親切
無感覚
蜜柑色
弩級艦
節博士
安息香
大団円
紅差指
雪割草
好人物
太平楽
内親王
菩薩戒
胸膜炎
饂飩粉
浮世絵
真魚鰹
転換期
三遊間
寒念仏
器量人
編組線
藁布団
大臣殿
伝染病
転写形
粘液質
青銅器
肝硬変
智慧歯
紅生姜
胡麻幹
払出人
回帰線
律令制
角細工
放射光
小綬鶏
乙女子
青天井
六面体
糸織姫
過飽和
不動産
有機物
有平糖
仙人掌
恋女房
賢夫人
独楽鼠
市議会
逃口上
没交渉
否定和
刑務所
湯桶読
不消化
炎天下
国貿促
茶褐色
一欠片
岩躑躅
占星術
悪洒落
居場所
裏千家
受験生
茶菓子
妊産婦
仮払金
聴神経
親会社
弁慶草
置炬燵
文庫本
男子校
鯣烏賊
長短打
大叔母
制海権
借入金
夏座敷
通勤着
卵塔場
壁下地
一毛作
辨慶草
源氏車
四手網
金環食
副産物
帆立貝
五七調
未知数
美女桜
梁山泊
被加数
気管支
多年生
十字架
卒塔婆
内弁慶
自乗根
所帯持
古戦場
出来事
笊蕎麦
黄檗宗
鴨跖草
末摘花
旅篭銭
無風帯
一弦琴
同父母
有理数
弾着点
副食物
盲法師
雑収入
専門医
緑内障
指向形
柱時計
一大事
中規模
友好国
爪楊枝
絵文字
不料簡
緩下剤
潜勢力
脚線美
特攻隊
北極熊
大仏殿
奴豆腐
不十分
披露宴
小納戸
買言葉
春場所
枝垂桜
指南車
菩提心
東海岸
吹井戸
高周波
生産物
吉野桜
世話物
一院制
枯露柿
京鹿子
千歳飴
年賀状
転轍機
一本気
土産物
三羽烏
羊皮紙
少納言
公労協
国公立
葉緑素
裸一貫
単衣物
善知鳥
昔気質
仏弟子
翠緑玉
恵比寿
人国記
不履行
海酸漿
含羞草
非単調
貝殻骨
総互先
竜騎兵
黄表紙
乗用車
国内産
花菖蒲
姉女房
亜硫酸
山帽子
文語文
火口湖
大宰府
保健所
早飛脚
弁護士
労基法
焼豆腐
破防法
直弟子
軽気球
裏街道
薩摩焼
多方向
大入道
持仏堂
不審火
真骨頂
珊瑚礁
筒井筒
水溶液
長脇差
倦怠期
若旦那
仏桑華
非人情
醍醐味
無意識
人情本
身勝手
生字引
田舎家
拡大鏡
不祝儀
病原菌
農工高
昼行灯
信号機
不感帯
所得顔
消火器
事務職
巻繊汁
出歯龜
不義理
卑金属
冷凍庫
赤目魚
貿易風
停留所
切狂言
重水素
水仕事
不見識
木棺墓
海老錠
義太夫
不銹鋼
天麩羅
電磁波
仏掌薯
遠地点
同期生
致命傷
二重奏
相談役
水中花
花電車
道具立
真名鶴
抜衣紋
勘亭流
脱脂綿
草鞋虫
運営上
七種粥
人相書
遊閑地
夢心地
長信銀
始生代
極座標
敵愾心
溶連菌
末代物
山津波
肺結核
古本屋
金相学
観世音
男伊達
単本位
医薬品
不規則
植木鉢
健忘症
常居所
南宗画
腱鞘炎
糸蒟蒻
光電管
似顔絵
三杯酢
地団太
有田焼
公民館
玉虫色
頭文字
大御代
意地悪
運転手
消防車
義兄弟
泥仕合
豆名月
地下道
菠薐草
孫弟子
手塩皿
幅優先
浮塵子
短長打
多年草
考古学
黒褐色
白兵戦
革製品
塩加減
真四角
暴風雨
光合成
半可通
中学校
装飾音
大陸棚
若白髪
神通力
能動態
人相見
無重力
用部屋
増分値
未開拓
浜木綿
家庭科
店頭株
地磁気
金鳳花
薬包紙
補聴器
深編笠
大腸菌
美濃判
水耕法
夕御飯
円軌道
海軟風
瀝青炭
薄荷油
内侍司
租庸調
制癌剤
追試験
指標語
受領証
上調子
寒垢離
破瓜期
走馬灯
介党鱈
無作為
高等官
大謀網
当推量
八分目
可耕地
同級生
天日塩
成功裏
可処分
自賠責
気違水
全国一
仮名遣
数種類
非同期
握寿司
小前提
不作法
生子壁
新生面
一輪車
出世頭
不利益
純資産
大和尚
尾頭付
底曳網
利金債
海人草
木太刀
旗本奴
黄櫨染
加圧水
手土産
魔法使
曳光弾
三白眼
転廃業
視神経
無頼漢
几帳面
下手糞
接骨木
金一封
小料理
圧縮項
尿毒症
計理士
渡世人
白玉粉
無期限
虫眼鏡
馬鹿貝
遠海魚
観覧席
蚕卵紙
心字池
利休鼠
陸蒸気
日時計
総動員
間歇泉
四半分
名店街
山津浪
参事院
攻道具
四六文
網襦袢
祝賀会
富士額
大島紬
等距離
吹出物
蓄膿症
面目玉
麝香猫
固溶体
蓄音器
岡場所
銀杏形
猿真似
毛繻子
軽鬆土
墨烏賊
木蘭色
藻汐草
公務員
選択肢
帯代裸
庭木戸
無双窓
神無月
薬剤師
流行眼
轆轤台
真実味
強意見
横文字
最北端
比目魚
日照雨
子会社
助監督
副葬品
葉鶏頭
無縁仏
製作所
草雲雀
若隠居
人文研
過不及
最前線
岩清水
巻取紙
最高峰
毛細管
計数形
川千鳥
網代木
壁新聞
清汁屋
綺羅星
間欠泉
作用子
被参照
職業病
霊安室
月桂樹
公会堂
藁半紙
降誕祭
薄葬令
従価税
出入口
自治領
好男子
議事堂
懐中物
類人猿
大司教
甘納豆
行政官
放下僧
鹿子餅
町役人
禅問答
囲炉裏
女王蜂
蒲鉾形
木製品
未処理
無党派
一里塚
非合法
夜汽車
振分髪
白木綿
擬態語
水平形
精進落
触太鼓
斬奸状
雨合羽
松葉菊
初節句
文字数
風通織
五角形
貯蔵庫
余所見
開発元
真田紐
活魚車
年代層
高等裁
弾道弾
七宝焼
草屋根
脳溢血
天動説
竹似草
老眼鏡
可惜物
女郎花
茶筌髪
記念碑
序数詞
布袋腹
三重苦
具足煮
増上慢
助動詞
以遠権
牛尾菜
会計士
社外秘
朧昆布
使行録
紅葉狩
野武士
蝦夷松
中納言
不可測
小間物
小町糸
砂時計
日本学
置土産
都立高
陰陽暦
大八車
鎮魂歌
綿織物
万華鏡
二重腰
肺活量
汲取口
福祿寿
重箱読
新入生
一直線
出世魚
国土法
延煙管
集塵機
頚動脈
航続力
普化僧
赤道祭
転入生
金剛力
比丘尼
七分搗
聴解力
国文学
基準縁
口蓋垂
小手先
母子草
詞華集
経閉期
綿津見
小天地
千里眼
紅葉葵
小松菜
甘海苔
手内職
年格好
土饅頭
唯名論
定小屋
寝間着
如雨露
納品書
山百合
不透明
調査官
三等親
薄荷脳
分度器
食扶持
陸海空
四方拝
万国博
低価法
黒水引
石榴口
荷厄介
正方形
一類米
下仕事
間投詞
和御魂
寝物語
最上階
不評判
薬研堀
前受金
私生児
同士討
脂肪酸
不合格
鍾乳石
千六本
陰日向
金壷眼
河鹿蛙
躁鬱病
転路器
法螺貝
重労働
実体験
阿修羅
風信子
一角獣
筍生活
後頭部
記念祭
背負子
物価高
所司代
発炎筒
四六判
豆板銀
無一文
破天荒
腸捻転
彼岸花
土石流
繰越金
針葉樹
上半身
四全総
地公法
上機嫌
新建材
貴婦人
連小便
零余子
昼光色
前景気
印欧語
勝手元
府県連
追徴金
差出口
弁財天
直流形
変成岩
隠元豆
検孔機
殿様蛙
油障子
不適当
句読点
令夫人
同性愛
雁来紅
微生物
疑問符
散寿司
火山灰
貨客船
土気色
準会員
唐丸篭
交易会
進駐軍
婿養子
陰電気
時代物
胃拡張
不定称
都府県
最大限
古生代
身欠鰊
中心線
新大陸
羞恥心
運搬船
閑文字
通信使
一口咄
臨済宗
二期作
出鱈目
扁桃腺
兄弟分
花椰菜
探査子
検事正
反対色
三角巾
新体詩
南京袋
男所帯
皇太子
寝装品
八重歯
間欠熱
国内線
公権力
入知恵
光電池
快男児
新発意
番外地
石炭殻
試験管
親馬鹿
付立画
賃貸借
四角形
双方向
近代詩
道交法
終止符
四目垣
菩提所
譲受人
皆既蝕
核弾頭
秋海棠
散歩道
一刀彫
養嗣子
夏時間
硅藻土
底意地
遺句集
私企業
口真似
機織虫
有向道
大元帥
判取帳
下検分
強談判
麦芽糖
萌葱色
集魚灯
常世国
公労法
重化学
協業化
極楽鳥
一片食
笹竜胆
強精剤
徳政令
連体詞
万葉集
瓦斯糸
売気配
好敵手
修道院
虫垂炎
大内裏
倒卵形
鳩羽鼠
公労委
悪条件
八十路
一寸見
普陀落
不文法
天邪鬼
全責任
電気銅
馬糞紙
肉体美
早月雨
人文字
放生会
袋小路
責道具
百分比
国際線
身贔屓
竜涎香
雪月花
等高線
敵対心
山葵漬
翌翌月
仙花紙
阿羅漢
黒文字
熱血漢
売買春
女房詞
不導体
刀鍛冶
天道虫
茶坊主
常習犯
底引網
悪影響
執着心
十進法
知識人
序破急
火打金
府知事
絵葉書
不器量
口約束
光化学
複合項
芙蓉峰
腹足類
艷布巾
不適切
座敷牢
複合語
原産地
袋戸棚
人外境
救急車
真人間
雨夜花
天蚕糸
米穀店
芸能人
新銀河
宮内卿
伝書鳩
血達磨
夜尿症
工学部
社公民
正覚坊
水泡音
前夜祭
宿根草
画仙紙
走幅飛
生世話
親和力
増減税
初場所
連分数
鍾乳洞
金剛杖
巻積雲
古筆切
取沙汰
宝物殿
四相撲
予防線
名乗字
三目錐
安山岩
陸産物
枢機卿
要注意
停車場
過現未
鵞口瘡
完形品
依頼心
小普請
十字火
休耕田
天保銭
生地獄
法治国
海水浴
蒸菓子
対角線
日本間
草相撲
遠日点
命冥加
義理合
太鼓判
曹達水
炭酸泉
大和魂
地震動
日本食
変復調
基督教
従姉妹
殺文句
乱気流
走高跳
府県境
用心棒
広葉樹
参事官
胃痙攣
曖昧屋
無駄口
鶴亀算
悪感情
今世紀
革新党
火取虫
白拍子
片山里
雰囲気
饅頭笠
弟弟子
広帯域
指話法
明障子
営養素
発振器
赤褐色
起請文
本支社
水菓子
希土類
長広舌
唐萵苣
石子詰
夏蜜柑
消石灰
風水害
式次第
偏執狂
安普請
連子窓
酒石酸
一酸化
心得顔
抗毒素
一方向
住環境
二重蓋
胡座鼻
艶福家
無声音
中山道
皮製品
金海鼠
不美人
小気味
一口噺
燕子花
赤新聞
原動機
紙細工
流作業
厚化粧
腹話術
散蓮華
里言葉
営林署
不一致
大理石
微積分
宣命書
詞花集
山梔子
一騎討
紫宸殿
話半分
懲戒免
制空権
執行官
騎兵隊
野暮天
腎臓炎
寒稽古
白無垢
村時雨
堆積岩
畜生腹
初日出
下降形
個個人
推計学
培養基
抑鬱症
飲兵衛
腹膜炎
寝心地
海老腰
茶道具
警戒色
長椅子
仲買人
短距離
性教育
未決済
丹頂鶴
聖母子
三角波
心不全
優勝旗
喧嘩腰
英数字
軽工業
無利子
接続詞
備前焼
左合同
浅知恵
新聞種
不等号
仏法僧
不調法
交通死
下半身
新所帯
乾電池
空気枕
大震法
野太鼓
三叉路
表玄関
寝殿造
小馬鹿
未払金
不見転
乳幼児
気象台
生臭物
紋白蝶
格文法
逆光線
若年寄
装身具
陽明学
糸切歯
形而下
川崎病
据風呂
考課表
伸展葬
破落戸
大風子
先入観
小豆色
枸櫞酸
水成岩
瓦煎餅
不如意
勧進元
広小路
経産婦
一絃琴
群千鳥
安全灯
精進物
金剛砂
下屋敷
名付親
腕相撲
四本柱
鉄格子
丸木舟
変更子
棒高跳
殿様芸
神嘗祭
冷飯食
共白髪
吉祥天
作業場
生理学
頼信紙
蔓植物
無政府
一身上
無体物
美男葛
視聴覚
顔写真
広目天
体温計
象皮病
表沙汰
結城紬
傾斜地
小文字
長距離
紋縮緬
糖衣錠
自治体
等深線
根無草
国務相
成層圏
出不精
小間使
吃水線
社有地
栄養剤
隙間風
鼻濁音
菊日和
居催促
電話形
阿片窟
脳膜炎
生化学
草木瓜
不細工
長粒種
一合目
対位法
紙鉄砲
鼻風邪
居留守
法学部
村夫子
稲荷鮨
冷血漢
空気泡
流離譚
真正面
飛行機
大震災
蒙古斑
平蜘蛛
子煩悩
未曾有
上成績
不行届
飛竜頭
猪口才
二筋道
括約筋
仕事場
絹層雲
入次数
格納域
寿老人
雁皮紙
大統領
女剣劇
印刷所
不夜城
友禅染
二輪車
策源地
指人形
福祿神
三文判
海鼠餅
食意地
里神楽
旅興行
小米花
鬼百合
分解能
変声期
太刀風
十八般
眼鏡蛇
風媒花
一粒種
貧民窟
慣用音
風呂敷
思想家
小切手
少女子
全紙面
股関節
本調子
白南風
得失点
被減数
追羽根
初診料
黒内障
左団扇
音数律
早少女
棒高飛
不精髭
持国天
塩辛声
二字口
開業医
電離層
菖蒲湯
飛道具
天下取
巻層雲
出張所
軍資金
天南星
遺伝子
外祖母
密入国
自然人
区役所
土佐絵
基本形
町火消
見廻組
巻煙草
座蒲団
土蜘蛛
左系列
不思議
虚無僧
生菓子
報道陣
雑木林
不愉快
奇麗事
手間取
底気味
脳外科
判任官
容易軸
籐椅子
初感染
油送船
失敗談
絆創膏
衣紋竿
在校生
深切気
隆鼻術
銘銘皿
翌翌年
部屋住
初舞台
積乱雲
公立大
手風琴
肘鉄砲
亜砒酸
不釣合
平方根
三段跳
後遺症
上級生
私文書
得意顔
鳴物入
不摂生
可変長
一生面
書翰箋
旗行列
竜眼肉
信天翁
膝蓋骨
目正月
手拭地
車井戸
立待月
初対面
発頭人
心意気
満艦飾
姫小松
金婚式
次世代
夜盗虫
助惣鱈
無駄骨
殊勲賞
多汗症
食生活
明朝体
羽団扇
絹織物
手作業
仕方咄
盧遮那
茶箪笥
千分比
荒法師
秘書官
一次局
大経師
二科展
味噌汁
二重瞼
原住民
金木犀
部屋割
多角錐
押取刀
暴力団
脳貧血
半人足
鼠咬症
高調子
緩斜地
解像力
風土記
八目鰻
真善美
中性子
山羊鬚
有難味
太陽光
自制心
小百姓
背理法
太夫元
水茶屋
吾妹子
鉄砧雲
甘味噌
丁字帯
複素数
輪袈裟
客商売
同義語
氷砂糖
角砂糖
鉄砲玉
生蕎麦
不格好
代名詞
射距離
富士絹
鉄板焼
一神教
抛物線
車海老
敵同士
海老根
八重葎
太鼓持
熱帯魚
薩摩守
裏番組
歌合戦
深成岩
銀砂子
金無垢
火食鳥
河太郎
緑柱玉
火加減
両脚規
大回転
真言宗
無作法
婦女子
自公民
蛋白石
約束事
手仕事
非常駐
標準軌
両方向
控屋敷
紙一重
縄暖簾
非常口
受太刀
地団駄
牽牛花
言葉尻
菎蒻版
地方裁
夢物語
紅生薑
研究生
未検出
仮命令
竹細工
浚渫船
宵待草
膝小僧
加減算
白粉下
井戸車
小論文
夾竹桃
腓腸筋
噛煙草
水笑売
泉貨紙
七五調
宮芝居
片田舎
唐津焼
私書箱
並大抵
裏長屋
応接間
正反対
未央柳
起工式
肥胖症
手仕舞
雛菓子
日本犬
絵巻物
感化院
染抜紋
人情噺
高下駄
奉公人
没趣味
聴講生
無条件
空世辞
踊念仏
唯脳論
淋巴管
聖観音
重工業
東西屋
大僧正
乳製品
作用素
把頭飾
富士見
誣告罪
天竺鼠
神経痛
赤茄子
不等式
縄梯子
名題下
外科医
離散形
生兵法
葱坊主
当狂言
赤電車
花水木
髪結床
天眼鏡
仏頂面
夕陽影
掛時計
石南花
雪女郎
授乳期
紅鉄漿
突破口
鳩羽色
消火栓
平野水
無礼講
原子力
荏胡麻
水芭蕉
天主堂
立方根
六道銭
軸馬力
助数詞
箇箇人
石竹色
日本酒
不健康
中距離
生石灰
施餓鬼
三世相
法蓮草
流灯会
博物館
六角形
丸天井
木炭紙
被乗数
多毛作
隠退蔵
迎賓館
草競馬
栄養士
芥子泥
変奏曲
闇相場
玉案下
節形式
市役所
府選管
辞任願
道具方
警察官
昔馴染
矢飛白
正書法
野良犬
四十路
白真弓
自営業
円舞曲
公法人
一辺倒
石首魚
高麗鼠
幾星霜
口喧嘩
内国債
未完成
女学院
蕎麦湯
格納庫
表面積
葡萄糖
孟宗竹
座布団
小柴垣
発起人
勿忘草
三冠王
連文節
謂因縁
無制限
反意語
法華経
蝦蟇口
不可避
金砂子
大角豆
風見鶏
空手形
肩胛骨
莢豌豆
四重奏
選択枝
複文節
布袋草
不退転
地下鉄
門外漢
悉皆屋
乱層雲
井戸端
三太夫
水族館
丼勘定
生意気
集光器
手文庫
仕付糸
人間像
曼陀羅
十六夜
六歌仙
放射状
不生産
店屋物
逃言葉
公倍数
電磁石
夜盲症
敗血症
鼻眼鏡
蘭塔場
精霊会
箱馬車
原生代
宮大工
反魂香
重金属
匙加減
徒刑囚
大政所
彼岸会
一対多
一昨月
道化師
信太鮨
都都逸
上手物
立法府
絽縮緬
牢役人
風知草
検案書
朝寝坊
有機米
大学卒
歳徳神
段別割
敷布団
山鳩色
小中学
片意地
脳充血
口拍子
又弟子
灯台守
劇映画
無名指
不燃材
青瓢箪
都人士
早月闇
小為替
無自覚
胡蝶花
右近橘
火成岩
走馬燈
人力車
月桂冠
連絡所
並木道
天文学
違和感
白昼夢
普段着
猿知恵
化粧下
腰巾着
安近短
重軽傷
碁盤割
草鞋銭
表座敷
初一念
栄養素
行人偏
肺浸潤
花柳界
胆汁質
地平線
出歯亀
腰長押
大見得
日本晴
付焼刃
金盞花
蟻地獄
非適応
欣欣然
破傷風
亜麻仁
消息通
薯蕷芋
菩提樹
事故調
大山木
覇王樹
居待月
国大協
人差指
国言葉
羽斑蚊
深海魚
不可侵
邯鄲師
色鉛筆
角封筒
薄葉紙
結膜炎
美少年
星取表
大嘗祭
片一方
新嘗祭
周波数
下相談
三国一
支配人
梵論字
二塁手
耶蘇教
所在地
下稽古
仮免許
注連縄
藤四郎
小惑星
閉村式
無記憶
俄狂言
提灯屋
切炬燵
絃楽器
木目込
流線型
毛織物
終着駅
唐芥子
国文法
搬送波
産土神
偽文書
不得手
耳下腺
名刺判
行財政
野太刀
無事故
捩鉢巻
小坊主
出退勤
異教徒
早月晴
無愛嬌
財特法
雛節句
伝馬船
綺麗事
馬鹿面
手一杯
五等爵
三原色
井戸水
通行人
狂想曲
食用蛙
弦楽器
内裏雛
鳩時計
月行事
番小屋
焼太刀
白膠木
一周年
桧舞台
独参湯
無投票
地蔵顔
銀世界
真似事
無配当
追分節
叙情詩
片貿易
唐獅子
最下位
過積載
難事件
出小作
硝酸塩
二次局
手拍子
三毬杖
割線法
木阿彌
葉菜類
派出所
蔦紅葉
利休色
羅紗紙
有体物
希元素
為替尻
溶鉱炉
無花果
美丈夫
四現業
仏舎利
形容詞
知恵袋
濡事師
口語文
熱帯夜
若殿原
主成分
微粒子
葉茶屋
尻子玉
引立役
書院造
取締役
高御座
万灯会
石楠花
不調和
黒百合
洗面所
風雲児
核言語
役不足
脳血栓
不所存
色眼鏡
招待客
口内炎
初会合
放物線
深見草
二等兵
最尤法
長短期
勝負事
屠蘇散
国家老
蝙蝠傘
天理教
親切気
唐茄子
虫媒花
凹面鏡
煉製品
好角家
強心剤
恐怖症
肋膜炎
洗張屋
一般人
松花堂
粗収入
無精髭
私立高
水掛論
都会人
磯馴松
猿芝居
五輪塔
大目玉
良導体
渉禽類
国事犯
跡始末
出来値
大原女
美術家
突拍子
下士官
浮河竹
旅客船
芝海老
報道局
撞木杖
蝿取草
天然痘
内弟子
金米糖
中高生
烏犀角
仮名書
駆潜艇
大発会
居合腰
愁嘆場
渡台詞
娘子軍
貧乏神
入退院
青写真
魚灯油
非特異
木菟入
吐月峰
不定期
金蘭簿
没義道
町年寄
機帆船
病害虫
乞巧奠
石榴鼻
大盤石
殿上人
豪速球
守銭奴
全人代
胡頽子
寝道具
天瓜粉
本場所
熔鉱炉
土百姓
皐月雨
大審院
小連翹
浅葱裏
不可能
水商売
測候所
海老茶
年度末
投光器
電話機
枢密院
致死傷
不信心
融資枠
温泉郷
赤芽柏
長方形
小麦粉
庚申待
不整脈
獅子鼻
木賃宿
競争心
博物学
悪知恵
天眼通
日本円
片手間
貴公子
多項式
祈年祭
表街道
表示法
南氷洋
着道楽
高血圧
奨学生
天球儀
悲喜劇
親類書
辻駕篭
海王星
思春期
反別割
大入袋
夜光虫
娑婆気
種種相
世間気
如何物
手弁当
登竜門
西海岸
磨崖仏
教習所
世間師
山葡萄
蓄音機
使用人
組天井
双曲線
不用意
蔓茘枝
河川敷
塩類泉
編集形
弔合戦
大広間
五十路
薄荷精
説経節
馬刀貝
貧乏人
隠君子
新入学
梅雨晴
留風呂
現人神
祿盗人
洲浜台
数寄屋
新天地
結城縞
下克上
貧乏籤
荒御魂
七曜星
手裏剣
紳士録
積層形
十字形
見世物
芝居気
死場所
管絃楽
水垢離
早乙女
碧瑠璃
火砕流
熱射病
直滑降
不祥事
零交差
不揮発
宗太鰹
排中律
内風呂
一段法
糠味噌
甲状腺
百済琴
新社屋
性悪説
入道雲
帆前船
大道具
讚美歌
英会話
現住所
女子高
中長期
相部屋
大使館
布海苔
従兄弟
研修生
角力取
鉛灰色
資料館
片割月
走幅跳
男冥利
踊子草
苗代田
水不足
長尾鶏
地労委
便衣隊
是沙汰
叉手網
不起訴
類音語
太陽年
不作為
羊羹色
洒落本
純文学
固有部
謝肉祭
甘露煮
拍子木
大極拳
運動会
優曇華
皆既食
同窓会
双生児
指示薬
翰林院
星条旗
侍大将
帆掛舟
三段飛
蝋細工
鎮咳剤
弁慶縞
原子核
行在所
高嶺颪
試金石
誓文払
枕屏風
練製品
聖誕祭
物相飯
銀灰色
螻蛄首
寒暖計
生一本
春慶焼
可溶片
神学校
兵児帯
蓄電池
金剛心
間狂言
円熟味
山法師
観艦式
多趣味
丸合羽
荒物屋
警邏隊
卒業生
大番組
土佐節
進学校
鉄砲虫
喇嘛教
高山病
入母屋
風物詩
後見人
天満宮
高島田
法親王
珊瑚樹
救命具
能狂言
干菓子
宅急便
回転子
腹時計
大本営
太神楽
給与法
荒仕事
杣小屋
出教授
涅槃会
無趣味
症候群
車前草
瀬戸物
客座敷
赤血球
恐水病
農用地
見取図
詰将棋
割下水
擂粉木
縮緬皺
何首烏
好影響
水平面
堪忍袋
出稽古
保証書
青果物
気保養
太公望
淋巴液
山小屋
三次元
喫水線
上達部
唐破風
皇太后
芸術家
巻子本
出来秋
風邪声
預金高
蝿地獄
非売品
副読本
右大臣
佐保姫
造物主
常磐木
穀象虫
鼓笛隊
門前払
大黒柱
土用波
短音階
増血剤
摩擦音
間一髪
銀行株
怪我勝
褐鉄鉱
大学院
代理人
非課税
楽屋裏
私生活
敷蒲団
木戸銭
空相場
螺子釘
山毛欅
奈良漬
表彰状
美術館
中世代
蒸溜酒
梯子段
門下生
味噌歯
不成立
形而上
掛蒲団
朱子学
三拍子
珍無類
好成績
日本髪
腸閉塞
頼母子
上信越
不正直
装甲車
邪宗門
不妊症
一等親
戦闘帽
欠乏症
九谷焼
百磯城
絵双紙
半線形
処方箋
腰障子
狐饂飩
資料集
旦那芸
間歇熱
自主権
本因坊
動物界
色気違
赤砂糖
瓦斯灯
無駄足
付立染
一般木
牡丹桜
絵草紙
不信任
垂乳根
既判力
交響楽
沈丁花
花林糖
聖家族
保護司
売掛金
庭石菖
顔馴染
審判官
避雷針
無鉄砲
表千家
理化学
小品文
長音階
短日月
日本刀
欧文脈
蝦夷菊
初日影
式言語
被写体
燕尾服
私娼窟
半夏生
正念場
適齢期
胃潰瘍
覚醒剤
衣食住
向日葵
皮脂漏
地獄耳
耳学問
盛蕎麦
連言肢
被除数
伽羅木
叙事詩
塩干魚
偏頭痛
螺子切
特効薬
女文字
不連続
気動車
切口上
中仕切
白玉椿
虚仮猿
半風子
無煙炭
換気扇
瓢箪鯰
無意義
天井値
中種式
天産物
片方向
太陰暦
栗名月
実定法
小具足
三塁手
微塵子
日本猿
北西部
最終盤
抗張力
両棲類
思秋期
上水道
忘年会
羽布団
多連装
両天秤
石灰洞
小冊子
折菓子
鴨脚髷
自在鉤
菩薩道
養毛剤
宮入貝
商学部
蓮華草
居酒屋
刈草地
強力粉
屋台店
六分儀
狸囃子
総領事
夢遊病
救世主
畳水練
抹香鯨
中国人
裏鬼門
信玄袋
素因数
爬虫類
撥音便
失語症
泌尿器
散文詩
狂牛病
濃藍色
探照灯
地方銀
黄金虫
心食虫
真珠貝
雑種犬
冷暖房
仁王門
雪合戦
巾着網
皮針形
七変化
反対称
一中節
前句付
水産物
啄木鳥
出世間
偏執病
二元論
航空機
内玄関
案山子
慣手段
日章旗
破廉恥
紫陽花
勝手口
赤行嚢
針仕事
衣紋竹
法医学
正教会
四拍子
抒情詩
鱈場蟹
背番号
野狐禅
黄泉路
歯学部
伴天連
尺取虫
軽犯罪
人間味
内侍所
自力門
鬼蜘蛛
苔清水
古物商
非決定
助教授
整腸剤
馬酔木
花崗岩
血友病
活人画
不公平
上上吉
卓袱屋
義援金
母者人
駄法螺
帳面面
如鱗木
超電導
文化財
三幅対
顔見世
絵手紙
大自然
片男波
短期間
呑兵衛
重量挙
未開発
継父母
大納会
君子人
人造湖
西王母
親文字
遺家族
高祖父
好好爺
空念仏
召集令
三悪道
形態素
外祖父
前膊骨
雛人形
荒木田
金緑玉
泥鰌髭
後処理
血管腫
愛弟子
輻射熱
様子見
没理想
下手人
自動車
紹興酒
石斑魚
営養食
一等星
多聞天
田舎道
稲妻形
肉襦袢
避病院
滑稽本
大薩摩
印半纏
大納言
郷土色
肌襦袢
官公労
定足数
坊主枕
太刀魚
不相応
無表情
向上心
不正規
胡麻塩
耕運機
手柄顔
桜海老
牧羊神
持久走
一本槍
左内側
哺乳類
赤切符
賃仕事
大和琴
鉄面皮
始端部
県知事
四等官
不可逆
現御神
洗浄液
外字紙
金比羅
胡麻油
吾木香
風土病
遠山里
四半期
読心術
君子蘭
養父母
草臥儲
記念樹
鴨脚形
神経症
掛茶屋
首実検
扇状地
不感症
単安定
急斜面
綺麗所
混在形
易損品
不品行
沸騰水
一面識
柳行李
到来物
古文書
渋団扇
足袋跣
先住民
二刀流
盲学校
嬶天下
真行草
独禁法
太陽暦
赤間石
二本棒
蕎麦滓
一安心
歌留多
攻太鼓
嘗味噌
洪積世
不可視
座胼胝
櫓太鼓
火消壷
大上段
林産物
茶屋酒
管制塔
前勘定
熬海鼠
蛸入道
一升瓶
餅菓子
牡丹雪
蒼鉛剤
奥津城
囃子詞
八卦見
遠眼鏡
未確保
衝撃波
実社会
端境期
印刷物
永久歯
梯子酒
仏手柑
借受金
顕微鏡
小判戴
花魁草
小夜曲
後生楽
産官学
硝酸銀
小型車
怪気炎
尼法師
誕生石
府県警
繊維素
内服薬
為事師
処女峰
非国民
乳化剤
有声音
枝折戸
猩猩蝿
中粒種
神代杉
世迷言
夏安居
草木染
単文節
偉丈夫
流行児
助兵衛
古武士
金釘流
値嵩株
不注意
岩田帯
歌舞伎
吾亦紅
人情味
点緩和
印象派
腰屏風
払出金
日本人
無所属
牡丹杏
所作事
舞台劇
轆轤首
無患子
無抵抗
農学部
月輪熊
無軌道
青信号
常備薬
八幡宮
警防団
小児科
赤外線
福寿草
直後続
非公開
精霊棚
暦年齢
不出場
配送所
兄弟子
異母弟
瑞宝章
要心棒
五斗米
潜望鏡
火山岩
一対一
多辺形
小麦色
磁気圏
世間体
親衛隊
核家族
紙工品
盲滅法
紅白粉
蒟蒻玉
本総会
青二才
事業主
興信所
同素体
花柳病
地政学
定収入
三津屋
浜離宮
人畜生
近衛府
自画像
協奏曲
側帯波
非合理
警備隊
天長節
関節炎
延日数
檀那芸
羽根車
上級車
臭化物
旅篭屋
長上下
野薔薇
老夫婦
手間損
広告塔
公判廷
門弟子
脳死体
営林局
誘導体
葉牡丹
石灰石
放射能
大和歌
下手物
火縄銃
求知心
延長線
夏秋草
鼠毒症
主人公
最年少
灰白色
余所目
光静電
倉敷料
寺小姓
凸計画
獅子王
地鎮祭
未払込
小楊枝
未解決
源氏蛍
黄櫨漆
否定積
双球菌
標目表
金槌頭
二酸化
繊維状
森林浴
侍気質
不均衡
天下一
歯科医
打撲傷
菎蒻玉
健康上
白頭翁
不手際
定置網
変形法
領事館
不承認
感無量
文字種
疫病神
超新星
燐灰土
領収証
目論見
興信録
寄生木
松竹梅
三輪車
手毬花
手不足
弓篭手
表六玉
亜熱帯
髪切虫
大和絵
折手本
与野党
福神漬
全速力
縁起物
金魚鉢
個条書
公孫樹
前置詞
乳兄弟
院外団
百万言
学用品
水疱瘡
商売敵
大神宮
不正確
狗尾草
唐変木
瀬戸焼
最大手
農産物
総本部
最優秀
遣唐使
竜吐水
大福餅
後鉢巻
空梅雨
非破壊
少子化
辻説法
特飲街
曾祖父
真犯人
生産財
一切経
差出人
口下手
仲人口
芋名月
莫大小
蒸寿司
無責任
抗病力
豆腐殻
無得点
出雲神
板草履
核兵器
脳出血
結婚式
阿彌陀
宝石商
生半尺
全粒粉
希塩酸
暗紫色
点眼水
辛味噌
下剋上
発行済
現実味
検察官
中国語
常套句
半永久
身上持
高画質
悪太郎
蝉時雨
灰神楽
柑橘類
氷河期
流鏑馬
耳鼻科
船渡御
五葉松
最南端
皐月闇
有向木
極彩色
小学校
映写機
継電器
新幹線
芥子粒
貴金属
地上職
常夜灯
非終端
海水温
六観音
既往症
一面観
不人情
中高年
相手方
早場米
無機質
貯水池
非線形
賓頭盧
識別子
髭題目
偽証罪
立方体
太陽熱
番太郎
遊牧民
最寄駅
功労賞
寸胴切
尺貫法
修理工
一致形
連判状
指南番
明後月
不穏当
一張羅
泥試合
香具師
南半球
越中褌
稀塩酸
左回帰
背負投
心電図
小座敷
地球人
旅客機
割戻金
擦過傷
六尺棒
非現業
平行棒
微塵粉
信楽焼
馬小屋
単行法
不承知
泥板岩
対流圏
置時計
小荷駄
根抵当
兵器廠
水浅葱
阿堵物
四死球
囃子物
延勘定
無駄花
理不尽
淋巴腺
千両箱
波羅蜜
唐団扇
没常識
公文書
陰極線
陸屋根
二本差
不行儀
正攻法
板目紙
手弱女
耐故障
掛布団
棊子麺
無造作
無愛想
毛氈苔
土佐犬
戸障子
月見草
寝待月
背格好
予測子
屋形船
蕁麻疹
法華宗
焼却炉
幼友達
衣紋掛
麦粒腫
私経済
自家製
知恵歯
外野席
刷毛序
茶碗蒸
泰山木
鎌倉彫
大黒天
大根卸
星月夜
高圧線
動植物
旅芸人
一見識
修羅場
複複線
考課状
村芝居
不動点
成文法
外為法
船大工
民活法
電信柱
行進曲
蜘蛛手
受動態
基準局
雪隠詰
府議会
請負人
警部補
不参加
協同体
身代限
緑黄色
重火器
侘住居
苗代水
直営店
淡水魚
紙芝居
無気味
補陀落
人間業
驃騎兵
大食漢
速度形
脳震盪
筋肉質
観念論
枯尾花
熱転写
愛国心
名残月
冬将軍
用水路
天花粉
不徳義
宇宙塵
親切心
絶好調
県議会
正比例
保護色
雛罌粟
鍬形虫
手料理
終油礼
手榴弾
潮干狩
田吾作
花相撲
天鵞絨
不成績
亜低木
多次元
雅楽器
下町風
現代病
不謹慎
同士打
逆蜻蛉
野次馬
稲熱病
頭蓋骨
蔵人所
順養子
綿帽子
中間子
独眼竜
脳神経
氷菓子
四畳半
賢婦人
鹿子斑
長電話
旅商人
落葉樹
膝栗毛
仏教徒
釣天狗
不合理
朴念仁
光量子
空文字
大株主
戸数割
小宇宙
不眠症
補元律
茄子紺
蓄電器
枝被覆
消化腺
測定機
嘘八百
熱容量
十三夜
押問答
直定数
月世界
販売元
私家版
和漢洋
超自然
貿易尻
公選法
乳酸菌
非等価
試験場
鼻下長
出合頭
犬張子
閑日月
掃除屋
喫茶店
亜潅木
木強漢
好一対
行行子
焼石膏
喉頭蓋
無任所
母集団
定冠詞
薄化粧
歌祭文
伝法肌
非成層
地球儀
追羽子
鉄火場
農作物
通信員
吹奏楽
海産物
一軒家
潜水病
瑠璃鳥
空閑地
天秤棒
貝独楽
朝風呂
歓楽街
恵比須
亜寒帯
最低限
満天下
露天商
電磁場
古道具
早仕舞
小手毬
関心事
均質形
蒟蒻版
腐葉土
雪景色
地文学
留学生
金属弾
惣太鰹
嗅煙草
自販機
地動説
片口鰯
人民元
飛行船
秋日和
平野法
聖譚曲
無矛盾
世話場
女丈夫
始発駅
青大将
高祖母
七道具
女子衆
都議会
格天井
牢名主
鴉片窟
高野聖
不得意
悪天候
二王門
地獄変
過半数
排中則
砂風呂
源五郎
乳母車
仁王立
寂光土
古代紫
女子大
当番制
浪花節
水蒸気
団平船
用器画
三稜鏡
将軍家
不衛生
揚繰網
謄写版
手荷物
布袋葵
合気道
大江戸
馬鈴薯
素粒子
指相撲
友千鳥
下腹部
委託料
凸面鏡
独壇場
一軒屋
同心円
機関車
不世出
大店法
系図買
陰弁慶
清水焼
火熨斗
五十音
海苔巻
汎神論
累進税
新生代
肥満児
自棄糞
新鮮味
内務相
幼稚園
盲腸炎
膝拍子
青壮年
益荒男
破魔弓
権現造
生損保
緑藻類
安全弁
最小限
千石船
養親子
内交渉
不風流
黒死病
前口上
珊瑚珠
揮販法
遊漁船
立田姫
商売仇
草履虫
高気圧
人真似
非公式
夏場所
大動脈
政治家
火炎瓶
非常勤
夜見世
不断草
巾着切
置手紙
犬追物
膃肭臍
角屋敷
孔雀石
坐胼胝
六地蔵
模様替
保護鳥
仕込杖
人面疽
落下傘
白髪染
入内雀
江戸詰
尚尚書
三角形
消防署
地元民
直方体
初生児
激動期
軟文学
政財界
有利子
私書函
資機材
北斗星
最右翼
左義長
紫雲英
天守閣
金切声
花文字
平衡木
一筋縄
自転車
往生際
次官補
空中線
救護班
自由形
二尊院
更年期
三重奏
念仏宗
不賛成
地震国
日本紙
婦人病
本草学
扇風機
蒸風呂
弘済会
親告罪
性善説
優等生
摂護腺
無能力
屋台骨
平面体
新分野
人非人
証取法
泣上戸
芥子頭
八里半
弁証法
朱印船
図書館
畜生道
商行為
基本懇
栄養分
黄蜀葵
莢隠元
中高層
襤褸糞
日射病
眉唾物
東天紅
太刀取
魚河岸
楕円弧
活社会
筋繊維
割台詞
太刀持
私有地
自尊心
伊賀袴
油絵具
漸層法
冠木門
千鳥足
過保護
白帯下
世帯持
認証官
知識欲
尻胼胝
獅子舞
不干渉
基本実
色収差
工学科
松葉杖
数時間
鳥瞰図
真面目
擬宝珠
三重唱
金本位
多面体
影法師
数表現
風馬牛
未決囚
最恵国
大改革
有難涙
焼死体
左近桜
十露盤
真章魚
南京虫
教職員
轆轤鉋
心太草
教科書
不都合
出来物
体育館
新体操
粘板岩
合併症
小作農
千鳥掛
大叔父
両極端
勅封倉
桃節句
俗世間
雪化粧
卸相場
点取虫
茶柄杓
都市銀
出資法
行政府
半二重
狂犬病
青海原
正反合
有向枝
針供養
手真似
根切虫
擲弾筒
女学校
用務員
深山颪
増長天
直先行
農機具
錬金術
手古舞
刑特法
自叙伝
小太鼓
保育園
助太刀
官公庁
高高指
明太子
庚申塚
桃源郷
高金利
富本節
身代金
鉱工業
等圧線
扁平足
水酸基
花蘇芳
蟹工船
抗癌剤
刻煙草
井戸塀
辻強盗
地下街
有頂天
鳥小屋
理学部
天皇陵
板硝子
聞上手
大福帳
三角柱
陀羅尼
影印本
媒酌人
両成敗
道徳心
未成年
檳榔樹
白血球
単項式
覗眼鏡
足拍子
後生気
優勝杯
私小説
百貨店
不可解
大鋸屑
白粉花
不戦敗
間仕切
居留民
生醤油
個人技
胴間声
美容師
延人員
護摩壇
居開帳
足長蜂
書記官
魚市場
引込線
不健全
反義語
稀元素
禁酒令
笑上戸
愚連隊
紙吹雪
内大臣
瓜実顔
自棄酒
傍迷惑
長襦袢
切取線
一等国
放浪癖
屋体店
内分泌
石灰岩
停車駅
土地鑑
十字路
大御所
上半期
渡廊下
冠動脈
太刀筋
重過失
無防備
揚羽蝶
波布茶
贈収賄
水鉄砲
迫撃砲
居心地
熨斗袋
上屋敷
千屈菜
不始末
離乳食
求心力
潅仏会
電機株
銀時計
美少女
自意識
易行道
素人目
土手腹
少年院
十文字
魔法瓶
片栗粉
博品館
追而書
利権屋
三十路
難行道
町道場
荷為替
四君子
立女形
常緑樹
冗談口
右中間
当番医
波戸場
精神病
小太刀
般若湯
熨斗目
売言葉
格子縞
大部屋
羅針儀
芭蕉布
手鞠花
血反吐
層積雲
小道具
月夜烏
好条件
疥癬虫
連立法
往来止
赤信号
世話人
検査官
玉手箱
魚介類
五線譜
磯蚯蚓
贔屓目
桜前線
両生類
年甲斐
移動子
没法子
殺風景
生返事
書簡箋
三味線
適応症
三隣亡
明天子
鹿尾菜
屁理屈
照空灯
農作業
須彌壇
値言語
熨斗鮑
薩摩絣
乾海鼠
木乃伊
受話器
橋頭堡
無沙汰
縁起棚
助教諭
葡萄色
併立制
道府県
打楽器
話言葉
空気圧
銀本位
交響曲
加比丹
人工芝
人形遣
幼馴染
好景気
火事泥
廊下鳶
調理場
宇宙船
蚤取粉
東照宮
二絃琴
不凍液
花吹雪
九官鳥
殺鼠剤
曾祖母
大伯母
長屋門
細胞腫
都大路
生活苦
冥王星
八潮路
黄八丈
生甲斐
四天王
下水道
衣裳方
遮音壁
上下動
南京豆
葡萄茶
漢方薬
早駕篭
大袈裟
青豌豆
街路樹
酢文字
三周忌
見目形
比翼塚
対義語
電磁気
擬餌針
無定形
自作農
大谷石
骨関節
冷暗所
青海苔
膿疱疹
優先株
不適合
聾桟敷
奇麗所
石炭酸
余所事
全天候
税務署
薄馬鹿
薄力粉
名演技
不面目
十五夜
四十腕
広範囲
瀬戸際
一目散
寝業師
天津飯
丸坊主
物真似
羅針盤
巡洋艦
浜千鳥
二合半
慈姑頭
自己流
四目錐
党派心
口上手
雪達磨
異分子
二進法
出放題
苦労人
待女郎
昼夜帯
薮柑子
大学生
枯山水
籐製品
火口丘
満天星
玉砂利
非直結
杓子菜
懐勘定
軽演劇
腎盂炎
黄心樹
最上級
主治医
促音便
四次元
日本語
指物師
町議会
難問題
口語体
晴衣裳
私法人
藻塩草
好事家
盲導犬
司令塔
通用門
男一匹
海賊版
中学生
黒砂糖
多方面
非有理
黄熱病
遅進児
大御宝
徒競走
渡船場
出次数
音沙汰
貸座敷
手間隙
相合傘
猩紅熱
依存形
亜喬木
終列車
音楽家
白内障
志望校
高蒔絵
先進地
偏西風
家政学
私家集
藁工品
非金属
転校生
因果律
並置形
徳義心
茶筅髪
和漢薬
祖父母
同年輩
浄化槽
護謨長
倶楽部
黒八丈
一頭地
火山脈
有名人
桧皮葺
禁固刑
腕時計
高天原
壁訴訟
近視眼
蜃気楼
金毘羅
五摂家
考現学
限量子
原水禁
天然色
問屋場
裁判官
大道芸
外輪船
鳥羽絵
四分六
大伯父
半母音
群遅延
智能犯
定常波
無駄飯
春告鳥
陽電気
手工業
長須鯨
出入国
老大家
特装車
遊歩道
断断乎
楊弓場
砒酸鉛
暗暗裏
旋頭歌
百葉箱
春慶塗
五目飯
屋根裏
景物詩
花骨牌
五寸釘
水時計
十二分
天王星
三角州
核軍縮
文学部
千代紙
引菓子
紋御召
微温湯
収納箱
不道徳
西陣織
沖積世
美濃紙
白玉楼
計算尺
灯心草
静電気
男郎花
頓珍漢
指針案
素寒貧
花屋敷
大御言
百面相
弓張月
払戻金
水準儀
読唇術
装薬銃
非可分
意気地
国際色
寒冷紗
怪我負
秋場所
町奉行
野幇間
原動力
落葉松
出場所
出会頭
五十肩
夕日影
不体裁
無愛敬
磁鉄鉱
選手権
和菓子
箝口令
皇漢薬
等間隔
常得意
吉野紙
成人病
健胃剤
数珠玉
出無精
多宝塔
出回線
税理士
待合室
殺陣師
指揮棒
湯湯婆
無一物
都知事
鉄砲水
落第生
味選人
平土間
分相応
多項目
唐辛子
二毛作
怪文書
中耳炎
非一致
裁判所
不戦勝
睡眠薬
八頭身
小田巻
花御堂
陽解法
双眼鏡
向学心
雷親父
全盛期
焼却灰
偏平足
非戦論
凝灰岩
断末魔
中間色
単細胞
新開地
親言語
注意報
準決勝
高校生
自然薯
高姿勢
総仕舞
丁定規
一元論
乳白色
紫露草
駐輪場
渡奉公
海坊主
非衝撃
公社債
晴雨計
起重機
放射線
皐月晴
三毛作
根拠地
無利息
鎮痙剤
胸三寸
立太子
湯帷子
狭心症
不可分
連続束
高学年
軟口蓋
稚児輪
糸繰車
網構成
銘柄米
烏龍茶
矢車草
婆羅門
軽水炉
十字軍
中学年
嬰記号
金雀児
破魔矢
炭水車
軽業師
不適任
十二支
紺飛白
備忘録
教会堂
銀行員
多端子
豆鉄砲
三宝柑
地上波
偏自己
女学生
唐胡麻
伏魔殿
不動尊
黄雀風
磁気嵐
金剛石
江戸紫
藤八拳
園遊会
勧工場
腓腹筋
太政官
畑水練
四季施
満年齢
子午線
血色素
遠距離
不特定
時代色
切支丹
赤楝蛇
飛行場
高架線
干海苔
鱗翅類
無風流
留守電
軍楽隊
略本暦
囃子方
頭陀袋
大和塀
力仕事
守護神
回灯篭
家具調
合州国
格闘技
下世話
火達磨
立振舞
正社員
手間代
編年体
不知火
脳味噌
駄菓子
土性骨
面白味
変光星
地蜘蛛
二皮目
精進揚
呼子鳥
黙示録
本拠地
無演算
太極拳
美人局
劣後債
法曹界
防空壕
水密桃
刑訴法
乾菓子
本塁打
粉糠雨
二杯酢
借金取
一夜酒
老婆心
鬱金香
空管理
陣太鼓
多数決
大相撲
菖蒲酒
麝香鹿
特措法
三題噺
火打石
市街地
鉛直線
加減物
無気力
絵空事
最先端
見取算
半両銭
窮措大
竹蜻蛉
湯豆腐
商売気
食糧難
糸柾目
八千代
仕事師
酢味噌
交通網
超弩級
変化球
予備校
合歓木
前渡金
未経験
張本人
沖仲仕
不身持
赤蜻蛉
玄武岩
天竺葵
少人数
映画館
三連星
紅絹裏
棗椰子
北西殿
助産婦
見物人
獅子頭
七草粥
庭下駄
遊冶郎
過電圧
複本位
大宮人
代議士
執達吏
偃月刀
青道心
唐人髷
無定見
同類項
下半期
桐一葉
多角柱
打物業
山駕篭
朧月夜
割普請
小学生
遊水地
十二単
卓袱台
早教育
千秋楽
理想郷
高楊枝
投融資
輸卵管
金太郎
非武装
船問屋
座標軸
原水爆
山椒魚
独航船
佝僂病
師範代
浅草紙
電信形
粉微塵
草蜉蝣
季節風
寝正月
目八分
兵六玉
百物語
枢機官
彼岸桜
阿弥陀
舞台面
消防局
自動詞
石灰乳
集配人
義勇軍
白味噌
閑古鳥
国幣社
給排水
硬骨魚
現代書
日本一
知情意
照葉樹
門徒宗
炭化物
噴火口
分析計
仏菩薩
基本給
受精卵
二弦琴
一隻眼
薬局方
凌霄花
看板娘
陽電子
歓喜天
手洗鉢
腺病質
廉恥心
問題児
痩我慢
信田鮨
道中差
肺気腫
燐灰石
高利貸
単行本
歌謡曲
着心地
南京錠
北寄貝
波布草
相思樹
槍烏賊
一夜妻
原子病
附家老
櫓拍子
中心地
対頂角
加速器
小荷物
上首尾
駄洒落
鳥渡見
地吹雪
地方紙
姫百合
複数個
死装束
絵日記
農閑期
終電車
奏鳴曲
衣装方
乾海苔
最高潮
潜水艦
文房具
舞踊団
垂直形
浄玻璃
不貞寝
泥絵具
擬声語
唐縮緬
十二宮
不如帰
古馴染
出来心
列方向
増幅器
横隔膜
音頭取
風来坊
病虫害
廻転子
如夜叉
商売人
次期防
曼荼羅
盛漁期
味噌豆
博多帯
絞首刑
定斎屋
照魔鏡
未亡人
癇癪玉
無生物
手細工
香辛料
慰霊祭
分教場
日傭取
大時代
帰休兵
蛇皮線
大前提
浅黄裏
医学部
初太刀
火事場
花供養
交差点
蒲公英
一本刀
表操作
銀杏髷
着背長
小判鮫
相撲取
磯巾着
日和見
手数料
生欠伸
産婦人
大津絵
公使館
不倒翁
潜伏期
帳本人
出来高
白鹿毛
青竜刀
蜘蛛膜
守本尊
硫酸紙
潤滑油
長音符
竹夫人
除虫菊
片手桶
三行半
村八分
矢車菊
送受信
花毛氈
注釈行
金字塔
半導体
墨曲尺
肝不全
昇汞水
五目鮨
車椅子
輸出入
芋蔓式
尾長鶏
琺瑯質
古事記
奉加帳
冷蔵庫
好都合
盂蘭盆
防波堤
陣羽織
地下茎
橋供養
解熱剤
二塁打
不行跡
揚雲雀
広目屋
一周忌
一代記
博言学
多血質
珪藻土
十姉妹
貝杓子
数奇屋
氷点下
連子鯛
家壁蝨
野良猫
彌次馬
道普請
大名芸
栃麺棒
過渡解
内火艇
薩摩揚
銀婚式
八百屋
竜舌蘭
緋縮緬
輸尿管
大車輪
急先鋒
水銀柱
欧数字
主題歌
州浜台
赤芽芋
焼明礬
噴井戸
烏竜茶
無邪気
頭状花
無辺際
猩猩緋
仄仄明
前頭葉
無機物
陸軟風
謳文句
土俵際
不景気
薔薇色
遺留分
長談義
鳶人足
出開帳
高麗芝
復原力
智慧袋
代八車
楽屋雀
捕虫網
浄瑠璃
大夫元
馬鹿力
七面鳥
五倍子
花茣蓙
小正月
小利口
野放図
高飛車
筆無精
身奇麗
奇天烈
高水準
無神経
無関心
不具合
意固地
味噌糞
高信頼
不安定
不鮮明
無秩序
無遠慮
不自然
無頓着
大丈夫
気丈夫
大人気
素頓狂
突慳貪
短兵急
無関係
可哀想
未定義
自堕落
赤裸裸
不本意
不気味
不徹底
無節操
不明確
不明瞭
不満足
手奇麗
不自由
不用心
不完全
不誠実
未確認
無計画
依怙地
小奇麗
得意気
不条理
不人気
不経済
不必要
親孝行
可哀相
小綺麗
七面倒
親不孝
不明朗
不可欠
小規模
不名誉
神経質
無用心
糞味噌
不機嫌
無意味
未定稿
無尽蔵
鼻高高
不充分
居丈高
人間並
冥加金
心丈夫
大雑把
力不足
再来年
一昨年
短時間
再来月
一昼夜
再来週
長時間
一時期
時節柄
水無月
今時分
長期間
世界一
真昼間
集大成
転貸借
受発信
中実化
再検討
不溶化
乱反射
雑魚寝
最敬礼
円運動
空取引
野垂死
再導通
離着陸
棒暗記
誤動作
一段落
一苦労
明文化
失血死
試運転
縦磁化
直輸入
土下座
水酸化
熱重合
立往生
小細工
立候補
非専攻
一元化
手加減
総決算
悪循環
楽隠居
直輸出
一体化
左前打
早合点
仮釈放
急上昇
事故死
大発見
横恋慕
長大息
光励起
内出血
商取引
留守番
光応答
核変換
気苦労
直談判
戦病死
単一化
離発着
急降下
棒諳記
寝不足
急停車
日光浴
箇条書
軟着陸
休廃業
二重化
深呼吸
闇取引
乱高下
不時着
受発注
獅子吼
仮調印
仮処分
再始動
斜陽化
後始末
微苦笑
熱処理
投開票
多極化
統廃合
確実視
受送信
八百長
核分裂
反比例
逃避行
誤操作
入出力
度外視
食中毒
密輸入