先月
先日
休日
上手
大学
学校
女子
学生
男子
先生
人気
入学
人口
大手
赤字
本人
男女
文学
人生
大人
年金
中学
出土
下車
文字
見学
目下
出火
中小
左右
年中
本日
入手
空気
出生
町立
正月
小学
土木
青年
上下
名人
女王
本音
大気
上空
中立
名目
先年
入力
中年
花火
空中
学年
水気
天気
白人
右手
右足
天文
花見
草花
下町
本名
山林
正気
中空
本気
中正
気早
大力
大口
花車
年月
口早
正大
火山
火花
出金
休学
出力
入金
森林
本文
手口
村人
手足
左手
町村
気力
左足
大空
人手
先手
王子
下見
下校
入村
人文
車中
日中
足早
本年
雨下
下水
中火
王立
大小
大男
目玉
出足
山車
入水
町中
小石
青空
金文
年下
糸口
空白
名水
水虫
水力
小雨
目先
林立
入校
上気
雨水
年上
手本
足音
土中
口先
先見
人目
本土
火力
白子
小人
手先
町名
土日
耳目
出先
学力
左上
水中
大金
雨林
口中
小男
夕日
力学
先人
山男
小目
名字
天下
雨天
土手
人力
玉石
草木
右目
目白
山気
月日
村立
白文
火口
大玉
天空
手中
口車
早足
白日
上人
赤貝
大雨
女中
子女
水草
大火
見本
空文
女手
口上
月白
学名
見立
青天
川下
山王
王手
日月
人中
小犬
子犬
右上
町人
先入
人出
左目
入日
土足
上白
生気
出目
赤子
土石
名車
大王
金目
口火
大目
目上
生水
空力
生音
王女
下手
出立
出水
早出
立見
上木
休校
出入
火中
校正
生花
子音
水車
先王
中日
山手
男気
雨足
空手
金字
空車
金口
正目
人足
山人
文月
白金
手水
天日
天火
大字
正本
足下
円本
本学
文中
音大
早天
川竹
生木
本石
中音
金力
力車
山立
白下
川中
名文
下女
小火
青竹
虫気
天水
王水
玉子
青草
大入
上天
下人
中口
見目
本校
名犬
入子
名手
雨中
子日
玉目
正中
字音
草子
天女
赤土
中天
水玉
文人
白雨
出花
天草
白玉
山女
水貝
先天
水生
名花
水木
早耳
山水
中気
下目
右下
水音
上玉
日子
林学
天上
小字
本草
石竹
音字
赤手
青玉
年女
月下
下名
早月
青虫
火手
力水
草月
天金
文目
早口
金石
大名
水火
赤目
月見
手車
土気
小名
早年
早生
空音
車力
手下
下男
本四
子中
天人
小手
糸目
上町
本手
糸竹
入目
先口
下足
木立
村雨
左下
火気
空字
木石
天目
小耳
小力
年男
文金
川音
早見
立木
先学
日夕
年子
青貝
口金
本字
先山
金糸
中休
気先
中入
女人
中耳
月草
火玉
王土
校本
正金
中子
玉虫
文名
天王
名月
火水
水天
大円
水足
名木
白目
空耳
上水
白糸
本金
大足
円上
名子
赤本
石女
下草
金気
小中
名山
男手
生糸
上目
夕立
赤口
山子
花月
小女
土人
中手
下火
糸車
山犬
大水
小町
水月
耳金
木目
玉音
日出
本立
人山
空木
田虫
空名
右文
天子
人名
金円
水先
雨空
小金
生年
目見
石火
入口
口気
力足
木耳
雨気
女気
校生
玉糸
山雨
正出
空目
女竹
手金
大白
右左
手玉
水子
下学
草本
正字
小水
正文
赤金
夕空