文明
右目
青色
船人
年上
強力
名答
雪雲
切首
大兄
本人
天声
人心
茶入
国鳥
長子
入海
雲水
円本
本学
正気
大道
元方
目白
合名
文中
手本
馬肉
音声
東西
角書
同夕
工船
雲気
細道
原図
音大
同気
同学
同音
新雪
心月
早天
小書
活計
母上
歌手
電力
形木
公電
会場
東風
下水
船室
馬草
切石
高弟
川竹
生木
本石
山気
中音
強電
口角
金力
市立
原文
引船
黒船
力車
出自
声高
親中
風声
時計
花形
山立
白下
鳥人
川中
気色
岩場
新顔
親父
海気
目方
足音
室内
近目
公用
売店
日食
当山
汽車
語原
大刀
方形
組歌
外地
中肉
海中
金元
遠見
方正
人後
名文
帰心
先高
遠近
文字
西風
新山
船用
立春
下女
小火
立会
長道
草紙
文楽
文台
地金
黄土
大社
水雲
同大
古川
青竹
男工
強心
市子
立毛
南海
寺社
太線
月日
東方
小石
方角
本会
海里
点数
戸前
大地
行楽
切米
黄道
車間
公人
国外
虫気
村立
日記
小池
広角
山道
人体
谷行
半紙
力紙
天水
茶室
交点
本船
天道
王水
用人
前場
同一
朝顔
田野
言外
南東
新来
手近
角行
人里
公金
通草
天工
本歌
毛羽
黒字
週内
白文
白馬
野原
日時
野山
水星
原色
合金
電工
黄玉
字体
直弟
聞耳
火口
正方
魚肉
矢立
竹林
山里
玉子
青草
歌人
知友
車中
生魚
聞手
小心
大玉
道家
黒土
町場
白雲
目色
黒白
手引
名園
絵馬
通人
校歌
女子
自公
大入
古学
国交
黒地
後光
正室
名聞
国風
遠道
上戸
大形
野点
目高
高地
土中
年強
地文
上天
下人
古記
門人
女心
白魚
半弓
本書
前車
矢文
力点
生花
売子
小半
本木
後生
半生
角地
内線
光線
水母
生後
作中
数学
中口
雨戸
見目
上紙
上長
本校
科人
矢先
雨後
前人
白木
遠海
金星
米語
同校
新字
石門
体用
内記
校風
絵心
同左
原生
方図
分科
名犬
古文
台子
地口
強弱
点茶
同家
星雲
名店
小形
生紙
秋水
会下
点画
黒目
女王
入子
画工
学兄
作出
小口
原作
母船
風土
同町
親友
分野
空語
雪白
黒人
山海
原子
来光
会頭
弱電
田地
台車
色白
空馬
室町
中食
名手
原音
小山
中火
子音
羽車
声楽
外人
月読
古楽
活花
生色
画会
足首
合口
花鳥
国学
青空
土方
明王
口先
雨中
分子
明細
力作
天空
食間
合方
子日
魚子
目角
玉目
弓道
友人
知力
大手
店長
教生
形見
古紙
地虫
先見
後金
正中
肉牛
通番
歩道
下番
頭分
近間
字音
小才
間道
分数
手中
日新
火切
口車
才力
火山
何分
早足
上記
白日
用水
合切
国文
原毛
親鳥
年弱
明色
野手
心耳
上人
科白
前科
空自
弱気
頭首
水心
草子
心地
自前
野中
今生
父母
天女
道人
本当
父兄
口語
下田
年中
赤土
会社
公算
草色
海友
止金
文書
竹刀
中天
同体
食後
水玉
里数
弱国
草花
切火
自室
知名
原麦
近国
工大
土語
半円
西口
地声
名前
岩石
金文
小雪
竹紙
中前
語形
小頭
土地
方言
足弱
秋分
谷間
赤貝
長兄
本番
下作
秋気
文人
大声
会友
船虫
人語
見台
後記
大雨
白雨
女中
自今
教本
川上
正体
出花
太刀
草魚
石高
高点
人目
早道
手心
夜直
市長
北画
手間
車体
手形
天草
昼食
目星
歌切
金山
夏休
男心
星合
女形
茶色
中空
体形
教学
語手
回春
当人
電文
時数
船足
通風
長夜
日切
子女
茶気
新木
立方
日計
白玉
青雲
金色
店内
水草
見地
新道
母校
茶人
見番
教書
水門
空言
引手
兄人
山女
強国
川船
中点
多毛
後会
夜空
京女
下絵
水車
当市
弟分
用金
入方
水貝
山寺
先天
中国
花台
親船
雪上
当社
色町
遠足
見場
高見
同色
長円
里人
校内
内耳
校友
社中
左記
黒色
元手
水生
人口
同点
林道
字数
名花
人工
本紙
楽土
食通
電線
新手
林間
図引
雲間
書作
同村
文弱
国花
合理
戸数
水魚
社会
行金
高直
直角
内入
中元
水声
紙子
水木
新本
校外
戸車
早耳
作風
門下
元年
山水
多雨
中間
中気
国電
歌合
地頭
外字
下目
国名
台風
右下
赤地
弱行
外形
工科
心気
左手
気前
水音
上玉
光頭
本土
立合
子細
水計
人台
船首
心算
地下
木場
時日
原書
山行
大火
家電
引数
大川
矢来
後手
社線
白光
同時
才女
回数
週日
牛馬
足形
出船
工数
雪原
人力
夜気
弓手
本科
東天
手紙
楽人
火力
日子
半日
前頭
原野
弟妹
月夜
王公
書店
左角
話頭
元首
手前
入来
林学
後朝
花園
夜話
秋高
丸首
寺男
切紙
天理
船内
後目
春画
土木
用地
小社
長話
社交
南方
新体
黄色
風教
天台
草原
月光
星夜
青地
火色
口数
水絵
白地
数社
天上
古音
見本
男声
才人
図形
園地
今風
小春
立場
米麦
南国
明夜
下町
小字
朝家
道歌
本草
石竹
理数
心頭
小母
白紙
理科
組頭
音字
弱小
手合
大公
公海
地歩
玉門
雲上
麦雨
矢玉
秋冬
茶会
社家
青毛
地紙
行間
馬市
文語
山野
野鳥
山上
外車
金頭
光点
切手
見合
母線
売場
夕顔
夜昼
教門
名画
大気
人知
赤手
絵図
園生
上地
市電
夜行
青玉
水牛
明文
切点
後前
先王
父方
海鳥
赤木
木馬
前線
王立
地米
番外
白色
通力
白番
広前
出会
春光
強風
白子
牛刀
学友
本店
外教
空理
友引
秋日
気弱
年女
黒子
水明
月来
外見
月下
下名
細引
馬頭
東男
西国
鳴戸
天分
間合
月数
黒山
弱年
早月
山田
組長
大小
工高
自明
小国
小人
月色
古色
直中
青虫
大船
火手
高校
赤心
東歌
理国
空文
人馬
冬日
出番
力水
里子
遠方
石弓
火元
遠音
中門
赤毛
白首
空地
今体
家数
女手
細小
公明
名目
手話
北国
知音
立冬
気体
右前
園長
高教
東北
草月
天金
交番
黄金
文目
言行
秋色
門生
手先
大戸
天顔
角通
野草
早口
朝市
岩組
金石
番地
行頭
高空
通言
理知
山地
中風
色女
大風
大名
水火
夜会
色石
水船
地学
前足
家内
里親
赤目
大男
長刀
方円
刀工
長姉
国大
名声
出来
同線
岩船
東国
字引
国書
森林
楽天
月見
出店
手車
長文
土気
春分
道心
晴天
正当
分社
前書
当来
番手
立花
人才
図体
高野
小名
学園
手長
中日
目前
直会
家来
人道
社用
小道
青山
名工
姉妹
地内
食分
工場
本場
歌心
雨間
公会
分外
野外
早年
魚道
道学
山間
春本
原理
上作
南口
長歌
西北
小間
口上
赤道
風鳥
高音
活気
言語
海人
月白
水道
線分
直音
雪見
玉体
山手
外米
自画
王道
雪女
遠目
台本
歌学
東海
目頭
馬車
語口
早生
石頭
男気
読方
紙上
下前
大黒
空音
社風
書風
番線
月番
風間
秋草
体高
入用
来夏
羽子
市町
車力
手下
国人
黒毛
人買
下男
自分
明後
牛耳
大内
学名
本気
本四
直人
青馬
北町
石組
門弟
同工
人生
立体
間口
家計
正道
後室
地雨
子中
分力
大石
社名
弓形
天人
台地
犬馬
遠国
小手
青春
高山
店名
体計
茶話
下手
山村
糸目
交通
半文
古寺
風体
川口
元金
古形
半作
道理
上町
本手
南西
市道
小数
目線
朝見
花色
夕晴
町村
雨足
多生
上方
地歌
村長
牛歩
白羽
丸麦
多聞
糸竹
前文
古書
年長
本体
長雨
半天
内金
見立
入目
当行
遠大
読点
会心
元高
新茶
先口
活字
山色
道教
京間
電池
家教
公知
空手
下図
青天
心友
上声
下足
学理
女色
川下
今方
赤色
山国
自門
長上
同門
日当
母国
黒米
原虫
来車
書記
町名
自大
木立
少弟
少数
色合
多色
学外
図会
絵本
直間
図学
年内
外交
売口
米人
天地
首足
北口
戸口
遠山
国母
書道
後家
台木
後場
小前
水分
字母
細大
後内
羽音
後天
国光
親王
戸外
中正
青木
行方
正木
体内
茶目
歌会
気早
東雲
活魚
土日
入船
北風
強記
寺子
王国
村雨
声色
売国
目下
金工
水口
夜食
土工
図星
生理
線形
本線
山王
人声
南天
才子
食前
光子
才気
左下
同小
台場
日光
月食
耳目
何方
金字
火線
火気
楽長
古本
小用
読本
王手
大家
右記
黄体
空字
船方
自家
国道
小鳥
食道
頭字
木石
秋思
年下
新書
天目
家門
小耳
年数
花時
小力
言文
来電
公子
切目
学会
中道
地場
文頭
明朝
空色
黄門
本名
手刀
買上
先頭
左前
目顔
白土
風草
名分
切羽
時鳥
算数
正門
古刀
家兄
北西
日月
人中
新語
小話
同中
歌書
歌道
年男
気道
明春
谷川
行火
岩頭
草分
同右
文金
川音
金地
岩室
村里
番頭
売人
切花
子分
町立
女声
早見
肉池
立木
工合
風足
新星
口元
小犬
高年
雲母
左近
大台
上手
上田
風下
弱虫
小食
古語
車馬
売名
台紙
切先
出色
先学
考古
地中
半金
風気
語数
黒光
通年
近体
口才
車外
日夕
頭角
年子
東南
青貝
金線
子犬
字画
空車
強弓
明月
大力
海国
出先
口金
原石
学力
糸口
花心
山林
大番
新秋
新米
海外
夜番
金風
社外
麦角
南風
月明
本字
新入
口前
自力
中心
内海
公理
算木
町中
先山
赤紙
原画
右上
社友
出立
玉算
天明
歩合
親子
天来
地道
金糸
中休
下角
冬空
秋晴
夜長
前言
山風
雪男
里方
工手
野分
売上
後方
鳥目
点心
秋風
字形
気先
弟子
風見
後学
中入
当家
週休
町家
木通
女人
牛肉
火花
書画
公道
山場
中外
後口
分明
中耳
番台
声聞
左上
歌口
組合
大黄
朝日
売色
才六
市場
水中
体長
雪空
新店
岩魚
書目
天心
刀心
図書
牛後
風前
古米
大金
本道
夜光
先方
引歌
車道
黒石
公園
電場
細見
台下
新田
細線
地名
名門
白頭
語頭
野立
人外
小昼
茶道
引金
新古
石山
後先
古人
切水
水色
親木
細工
親玉
空気
月草
肉交
小首
火玉
毛色
元正
原本
道行
元本
時空
社寺
電気
父子
王土
色紙
中黒
月切
日直
兄弟
家中
校本
回心
台数
空谷
歌友
色道
春風
同上
書名
大姉
場外
道交
書体
木工
線画
岩山
空中
公休
出方
室外
年少
正金
前古
色弱
同番
気心
記数
大作
声音
同山
何人
中古
歌体
大口
海星
麦作
週間
生母
町人
活力
番長
金口
月毛
広間
休園
小知
天元
店先
山家
冬場
明太
親米
新教
野火
後書
文体
右手
白書
直方
風月
中子
王家
魚心
先入
本音
人文
回文
心太
原語
肉親
心火
高話
玉虫
火矢
大方
夜色
中高
気合
半白
文名
本文
門書
丸木
雨林
切子
日算
内外
海女
知人
船上
天王
玉歩
雲形
車内
分会
後人
家名
名月
知行
楽園
同名
人出
前方
文鳥
学才
細目
原紙
紙切
田作
口内
親分
口中
羽交
色目
紙花
白茶
春雪
左目
本数
昼夜
野犬
火水
正数
通気
国歌
学長
気力
円形
北東
正目
同数
絵画
新聞
人足
新形
下戸
首長
口頭
弱点
回虫
小玉
夏作
白夜
大雪
空電
近親
多目
正教
近海
同文
風花
出合
水天
会長
星空
白線
同店
出丸
前門
小男
目玉
毎会
雨声
車線
上体
古体
古今
冬山
国父
語気
売出
合羽
山形
国土
鳴子
当校
生計
場内
先番
水田
手工
地気
夕日
心木
大円
水足
戸長
車引
後山
秋作
文教
金売
名木
立地
春日
国字
交友
直門
高下
夜学
学年
土星
山番
長計
大山
白目
谷口
同市
教会
空耳
上水
同高
日用
太子
門口
半音
空合
白糸
道場
牛車
肉体
雲海
本金
園内
夜船
図絵
記聞
名刀
男女
国教
大足
用後
広原
天外
半玉
白話
生来
兄子
近東
買気
弱体
地合
生肉
新風
円上
海水
名子
山人
直近
男前
赤本
石女
多売
引戸
国元
兄妹
教理
書林
下草
公方
力学
行文
人気
海草
金気
広場
先生
火星
本家
林野
早場
左足
学校
科学
小川
地方
引分
魚体
内聞
親交
学科
野心
道話
先人
数多
校門
西土
石室
古里
外道
外聞
草書
親水
風力
交声
花車
矢場
小中
地元
図上
大通
名山
小学
高角
市上
市内
馬手
外耳
多角
前日
秋空
小声
米作
多才
水気
毛糸
右近
入日
男手
外紙
青田
光来
本社
同母
馬方
顔色
生糸
風上
外気
回天
夜目
秋月
女工
組下
上目
文色
市会
空白
数行
明星
字書
夕立
船場
後作
地理
人前
内国
西方
点前
野道
手羽
光年
工学
近火
作男
家作
遠火
何頭
教場
竹馬
同書
赤口
大木
夜店
茶店
親元
立話
楽市
耳元
新春
風雪
山男
古来
家風
読手
女体
画才
親方
本山
原人
作土
心音
用足
心土
地引
山子
肉色
土足
天気
生体
売声
番人
新前
自国
早春
国体
花月
晴間
細雪
電子
原名
行場
生首
外線
小女
花道
土人
画室
上白
行書
黒田
同人
土間
原点
南北
中手
下火
玉石
道内
天朝
糸車
内科
角形
店子
音頭
教科
光学
西人
図画
矢車
頭金
語学
麦茶
文才
空家
山犬
気分
草木
思春
足元
才知
野花
後夜
文理
組子
頭数
矢声
近古
大知
人海
早馬
上聞
家長
年金
多分
体力
新刀
前作
大水
円心
国家
内高
星図
太白
立米
早番
点線
気風
手数
春色
見方
形体
公立
小町
新車
水月
形声
黄水
前半
言下
北門
生気
小言
耳金
小父
小店
遠来
心力
青年
村会
年頭
雨水
合間
下心
金時
人頭
出目
手首
毛見
東口
文月
同国
公正
原形
雪国
谷地
文科
合力
父上
木目
家父
書中
雲足
大空
小夜
後足
学内
金高
正月
大学
門外
黄鳥
玉音
船体
名言
冬作
金子
半角
体毛
回船
頭上
色気
白太
雨風
天体
雨雲
細石
外来
半月
海道
石工
年間
電光
子方
切戸
時文
山刀
地顔
馬番
車台
里心
行手
茶園
多少
土用
人手
水引
羽目
門火
赤子
番犬
風船
竹工
近作
歌声
白米
遠心
行学
金魚
理外
長虫
木戸
数字
立秋
出水
生国
同友
同前
足場
分室
体外
小目
朝間
細字
少食
毎戸
間男
曜日
春雨
同社
麦秋
土石
朝来
日出
母体
夜道
引力
肉入
生地
本心
人数
山下
立引
道草
作家
長月
店頭
春作
竹光
肉声
小刀
出足
外角
先手
歌話
本立
間色
夜鳥
多元
切口
名馬
人魚
行人
白人
年月
場数
手口
行内
教頭
新人
糸引
夜顔
古顔
口書
聞書
馬力
黄白
名家
人山
用語
組立
名車
回教
右足
歩数
市中
画風
画一
空木
間引
今上
天馬
公社
地番
大計
汽船
近日
田虫
水上
大半
出口
早計
空茶
茶番
長石
光風
読会
村方
地形
校長
読人
親日
線上
画家
大麦
朝野
記文
家人
同紙
地力
社日
空名
広口
小歌
長音
食肉
母音
外科
名人
名数
上絵
目地
中形
米食
月内
多肉
本分
右文
理学
町会
弓馬
時雨
木本
長女
画数
行道
公国
弱火
田楽
名水
草画
高風
中年
木口
肉太
多国
丸本
日歩
光明
丸太
町内
国会
土台
親書
男子
早出
海牛
強火
楽音
黒点
入声
天子
空母
天才
音色
白金
早昼
秋雨
人名
当会
社内
上古
母子
朝会
夕食
方体
人家
木刀
図工
春秋
風雲
金円
下線
切地
小引
下方
村人
草市
本元
売手
水先
南画
空間
外野
池心
金言
遠矢
土色
半切
新地
木魚
名作
口答
手足
晴雨
公家
地図
口茶
雨空
小金
手水
村社
切線
紙魚
母方
大工
前金
天文
山中
母親
日長
山川
田園
前山
船頭
小作
少雨
名字
買手
黒雲
話語
正直
高台
月間
電車
白星
点火
外山
国内
地色
天日
高足
中秋
水虫
生年
当今
行来
雪間
天下
父親
半休
細雨
天火
用木
体言
回線
教室
日中
上空
前回
大鳥
学生
気書
林地
羽虫
売立
大王
目元
海上
目見
食用
行年
水鳥
学風
後図
作間
本寺
直前
白石
石火
時分
半数
行力
北方
西南
用字
細作
大京
家母
色里
同心
雪線
切売
台形
高木
家元
先考
川原
入口
広野
小麦
公魚
船長
風光
上家
自社
口気
雨天
野牛
組糸
王室
用言
原頭
直心
夜中
羽毛
雨夜
海風
子弟
自火
長手
金目
中小
内地
新家
売文
海内
力足
明週
少女
角力
草体
外国
聞方
雪山
原木
手元
時点
高大
分母
天国
木耳
風雨
下記
口火
岩木
牛頭
通語
新月
雨気
大目
本丸
半目
社人
前週
大国
門地
内室
牛女
長男
手風
中原
王朝
肉細
上角
理工
角番
色絵
女気
大弓
馬場
海原
同形
太山
白鳥
声門
親心
明知
社長
白水
米紙
夏場
毛虫
校生
地点
玉糸
日数
冬木
目上
大字
水線
光画
中学
少年
回米
大門
数理
大本
売女
山鳥
古手
山雨
男色
国原
電話
山車
生家
夜間
花火
室長
親電
番茶
門戸
昼顔
人間
点字
立国
文言
外電
正出
山内
山元
当地
羽風
下地
家学
大海
朝夕
水力
正本
国本
下風
船台
色男
夏山
地上
書家
心室
野天
青書
楽日
週番
風車
内角
同行
半間
生水
魚田
時人
空目
女竹
空力
黒星
手金
人形
赤字
国立
秋口
弱音
語草
新内
科目
本国
大白
土手
右左
高原
海馬
才色
刀自
教父
国歩
立番
数回
外用
上番
書生
前生
分校
野人
計時
弱竹
上前
町方
手玉
道火
水子
心理
国手
同地
国王
下学
海図
草本
生音
読後
少子
黒竹
文学
内心
出前
冬草
電算
町歩
海月
出場
正字
大会
当字
風水
古風
口絵
空前
風色
外語
自体
頭目
足下
門前
正風
大人
小雨
立夏
引合
地目
口合
右角
知見
西日
小米
音楽
来書
本田
太字
王子
小弟
小水
馬子
車止
高遠
目先
木星
長足
国力
木地
正文
前月
町長
市外
内野
年会
社頭
当方
直線
赤金
弓矢
母語
天引
夕空
名親
国語
当店
知合
赤門
本朝
外力
声名
番組
王女
心学
用紙
新生
間遠
口早
生直
見高
足早
高名
小体
強引
内気
広大
多大
気長
親切
長大
細心
元気
生新
気楽
大切
心外
間近
強気
明白
正大
目茶
強大
時間
道中
毎秋
来春
毎朝
明日
明方
来月
半分
今春
土曜
春先
目今
場合
本日
夜前
元朝
今回
時下
来週
早朝
午後
夜半
来年
当分
大数
行先
直後
元来
水曜
木曜
近年
後半
本年
太古
明年
前後
今後
近来
長年
後月
今夏
先夜
今年
当年
同夜
金曜
朝方
少時
昼前
昼間
火曜
今朝
昼中
当時
日毎
夜来
毎時
今時
当夜
毎食
年来
毎年
毎月
夕方
前夜
方今
早秋
今月
今夕
夜分
夜毎
今冬
白昼
半年
先年
先月
後来
毎回
午前
毎日
同年
先日
毎夕
半時
半夜
後日
当月
日曜
前年
多年
後年
休日
多数
日夜
月曜
毎週
同月
大体
元三
本来
近時
新年
正午
生前
今秋
毎夜
来秋
先週
同日
半道
雨下
当日
今週
長日
今日
今夜
水書
間食
通交
門出
口外
買春
家出
同車
外出
水食
当番
明言
合同
計画
出金
外切
合体
力走
自活
引用
見分
内通
会合
自学
立見
下見
公言
用心
見聞
直上
通電
引見
上書
長考
作図
作文
計算
通学
遠出
通算
休心
分家
大書
北上
手交
帰山
声明
林立
入場
来日
帰休
答電
自記
思考
先行
同室
直売
通計
休学
直言
合算
新作
会見
回帰
当直
分水
自立
読図
上木
多食
引火
作画
通行
東上
小売
来場
通用
歩行
帰朝
言上
売買
交合
入朝
頭書
直交
耳語
道楽
東道
大言
書見
中立
出土
来校
花見
引算
直読
休校
合図
下校
自生
走行
手当
外食
出社
白黒
台頭
海食
出国
入村
入北
合計
入社
回答
出入
直下
手記
上船
先後
入道
多言
通知
帰社
下山
売春
生食
記入
算入
休会
手書
当用
同道
校合
足算
計数
帰来
出火
入線
多用
入校
入会
読書
回生
会同
強直
下野
分売
生長
下知
下船
工作
回国
切言
来朝
会計
入国
左右
入水
自足
内分
近道
会読
聞知
活用
小計
用船
下車
帰京
言明
出馬
分村
見学
直話
公売
回読
会話
入園
強行
間作
入手
自首
草食
細書
入室
風聞
心中
直行
休電
入学
生活
下馬
来店
通読
大同
立食
合点
後見
明答
休止
野合
自白
記名
朝食
直立
風食
出走
音読
文通
中止
明記
入京
親近
立言
通話
食言
南下
上京
作用
理会
野生
少考
直通
広言
合本
合作
細分
自作
分合
出家
入力
自書
目算
分地
上気
大食
多読
分光
来社
火食
分立
算用
帰一
入行
直書
高言
出生
行水
算出
正答
見当
多作
点頭
上下
船出
肉食
西下
火中
通夜
合一
帰国
同船
馬食
出力
入内
内切
通園
前売
立売
店番
入電
門番
会食
出頭
力行
入門
休場
計上
内用
前記
作歌
引当
直答
上場
長生
来会
校正
通分
入金
南中