今年
午後
午前
自由
今回
安全
時間
平和
場合
今後
前年
当時
事実
同日
来年
今月
同様
正式
全体
公式
代表
大切
時期
先月
元気
安定
発表
今日
多数
大事
高級
毎日
公正
会談
首相
有力
後半
先日
高度
委員
生活
有名
予定
直後
毎年
決定
合意
当面
研究
会社
同月
計画
大会
会見
電話
前日
来月
意見
半分
重大
世界
今度
表明
活動
教育
開発
平等
会長
反対
深夜
強力
手軽
広場
全国
時代
意外
社会
早急
活発
高等
身近
発言
自分
期待
勝手
使用
出場
次第
休日
本来
写真
正当
来春
仕事
強調
多様
取引
予想
当日
調整
放送
開始
同年
日曜
社長
事業
公平
急速
上手
記者
全部
今春
月曜
市場
公開
野球
正午
見事
理事
発見
予算
外相
中心
運動
長年
今夏
今週
強化
文化
工事
国会
毎月
半年
言葉
強気
地方
大学
病院
意味
発売
作品
外国
平年
反発
登板
行動
国内
家族
作業
旅行
陽気
主流
学校
交流
本部
記事
相談
先週
注目
回答
知事
発足
登場
正直
来週
早朝
新年
理由
対立
帰国
発生
声明
同社
市内
夕方
女子
進出
新聞
会合
国家
皮肉
苦手
高校
決勝
指定
空港
人間
次回
学生
生前
運転
発行
明日
勉強
心配
上品
気軽
強引
幸福
海外
都市
開会
集中
平日
死後
近年
中央
具体
来日
業者
指名
練習
開放
家庭
男子
期間
先生
音楽
着実
中止
決着
当分
今秋
立場
銀行
先行
公表
出発
対話
水曜
去年
用意
商品
相手
悪化
流通
書記
少年
入院
人気
本社
親切
気楽
市長
業界
開港
昼間
地区
出身
入場
死去
通商
分野
意思
部長
注意
会場
局長
部門
学習
部分
木曜
後世
毎週
外交
工場
入学
社員
大使
地味
合同
病気
人口
同市
地元
大手
方向
和平
番組
集会
黒字
交通
当局
行使
所有
赤字
土曜
金曜
安打
国立
本人
土地
息子
決算
後期
首都
科学
全面
農業
見方
場所
友人
食事
出荷
部品
組合
意向
会員
名前
地道
下期
間近
毎朝
前夜
両国
市立
男女
談合
決意
感動
自身
売上
自主
計算
入国
向上
年間
文学
路線
投手
受注
注文
都内
作家
長男
下落
人生
公園
役員
話題
地球
毎回
後日
人事
相当
実行
対決
会計
方式
新人
大人
年金
道路
先進
中学
通算
整理
同意
計上
運用
部屋
終日
合計
交代
早期
母親
丁重
広大
多大
明白
放題
代行
進行
先発
行方
想定
自立
出土
発注
答申
出馬
上期
同夜
大体
来秋
時事
人物
同国
勝負
動物
下車
明記
農家
文書
父親
主人
小売
登山
工作
校長
人工
世代
同行
上場
文字
物語
相場
教員
歌集
電気
石油
転落
定着
活用
会話
配分
発想
電車
番号
学者
近代
前進
通知
記入
投入
見学
目下
今冬
知人
電子
南北
社内
起用
調味
打開
飲酒
表面
思想
前半
声高
有用
様子
売買
発動
入社
出火
内定
意図
休館
気分
中小
死者
打線
内部
定年
定期
明言
動員
大半
食品
工業
手紙
旅館
学会
次期
化学
開業
代理
流動
左右
生命
年度
会館
数字
少女
年中
来夏
空路
春先
本日
太古
昼前
今夜
電力
調子
代金
安心
発電
流行
進学
作曲
同調
読書
談話
転用
出血
世話
所長
鉄道
先物
地上
動向
北部
高名
実力
場面
県内
住所
両親
急落
調理
商売
走行
実感
返事
着手
生息
進歩
乗客
地下
多角
他人
役者
自体
車両
列車
体育
引用
新作
化石
言明
入手
定住
主体
気温
少数
医者
時点
本書
高速
台数
速度
感心
作文
水泳
投書
消火
放火
着服
所持
表記
言語
黒人
頭取
昼食
合理
年内
空気
店頭
事前
地点
当地
短期
台風
医学
植物
用地
身長
人員
実家
部会
用品
教室
商社
室長
通学
投球
流出
両立
着工
究明
野生
乗車
身体
歌手
日記
短歌
近所
店員
両院
文章
新薬
同等
気弱
対等
正業
多感
本意
流石
親身
幸運
古風
切実
平明
内気
美味
身重
整美
病弱
心外
身軽
半日
近日
道中
夜半
朝方
今夕
日夜
球場
書道
絵画
長女
国王
町長
用紙
化合
歩行
飲食
命名
味方
送金
台頭
受理
対面
出生
人形
同町
同点
本紙
町立
内外
正月
半数
大国
空間
生物
東西
体重
県立
区間
農村
小学
読者
路上
両者
外出
登校
開館
面会
通話
画定
開花
会食
作動
定数
重点
中身
書店
土木
切手
本店
打点
具合
海岸
回線
品目
家事
作者
室内
感想
手形
死体
国対
屋根
主力
部下
自国
青年
行事
今朝
集計
直面
由来
通用
学問
入植
実用
運送
多発
売春
休業
配当
出品
上下
発着
行列
兄弟
両日
原子
家電
商店
教委
国道
車内
原点
公立
勝者
太陽
全力
文明
打者
同大
同校
分科
原作
画面
回数
理想
牛肉
西部
内科
画家
名人
出店
開国
回想
通行
追放
配転
手当
入会
消化
宿題
朝食
作用
調和
手配
対局
北方
人体
遊園
女王
役所
対外
会期
助手
院長
強風
祭礼
村長
火事
両社
主役
都銀
年代
図書
本音
指数
学長
国土
同紙
外科
原発
実業
国交
学部
詩人
様相
家具
大気
内相
原理
青春
同区
親子
書面
都合
工学
区内
上空
局面
自決
横行
開通
発音
区分
中立
集合
見物
投下
全勝
開店
運行
子守
算定
送電
上京
進化
返上
黄金
時計
定員
悪口
長打
原油
公算
方言
中部
名目
紙面
運命
体長
白書
台所
体力
受章
全員
元年
中間
夜長
家中
毎秋
元来
先夜
火曜
今時
先年
後年
毎夜
大昔
短大
商工
形式
理科
世間
出番
緑地
心身
先頭
農相
同級
都会
人数
月間
商業
物理
合宿
分配
流用
回遊
引火
助長
区画
回転
急進
実習
入園
強行
急行
先勝
着目
行進
合作
自作
入力
服役
急死
美化
登用
入門
父母
真相
国外
声楽
小屋
手間
戸数
家計
東洋
絵本
体内
荷物
学科
天体
中年
地図
取次
和風
天国
薬物
心理
走者
体調
白紙
姉妹
野外
市道
小物
正面
活力
同店
調書
東部
本物
用語
公社
海上
主食
神社
方面
花火
半島
木星
国語
外遊
商談
下宿
家出
決起
入館
出題
大勝
外食
転校
空想
生育
出向
強打
予感
生長
運休
発送
同感
直行
出世
服用
発病
南進
旅客
岩場
真実
南東
歌人
大物
身内
薬局
気配
中前
農地
全長
組長
組員
子宮
農薬
自家
新書
父子
列島
空中
学年
真意
水気
公安
天気
新車
両方
何者
身元
電波
時速
白人
直球
母子
夕食
王者
緑化
助言
弟子
使命
公金
生後
屋外
会頭
車体
役目
着物
役人
近世
地学
学園
水道
仕様
右手
国歌
文相
高温
取水
学級
右足
上級
天文
白星
半面
頭部
名物
下部
新進
予言
買春
着色
病死
乗馬
返送
悪用
休部
帰休
配本
回帰
発起
花見
着用
入北
始動
落着
算入
出動
転入
対談
配列
等分
追究
整合
転向
先取
答礼
内申
同乗
大声
書物
行員
学期
日時
風速
分子
草花
本番
母校
実体
筆者
美人
手前
下町
前線
手話
速球
紙上
他国
南西
活字
寺院
電流
薬事
本名
後部
商事
山林
全身
漢字
車線
教会
家屋
力投
海水
車列
和紙
足元
都心
手首
外来
外部
集落
教頭
温室
薬品
王朝
書家
上部
手帳
見聞
正気
先安
方正
先高
東方
短小
同一
手近
上等
小心
横様
大形
軽少
皮相
神速
色白
自動
明細
弱気
本当
知名
足弱
全一
中空
風流
文弱
高直
直角
真丸
長命
太平
黄色
弱小
真白
上乗
黒山
自明
暗弱
公明
真暗
横長
真正
大風
真赤
分外
安手
気重
入用
本気
小味
年長
遠大
安楽
重度
多病
意気
中正
茶目
気早
軽度
平気
下等
本式
小食
温和
真青
短気
大力
深遠
分明
下品
年少
大口
中高
新式
多事
平板
多目
多幸
弱体
花車
多才
鉄火
実直
火急
水平
深長
少食
真黒
年月
肉太
深切
有意
大味
荷重
高大
肉細
両手
日数
洋風
勝気
半間
有数
平安
高遠
重体
間遠
横風
口早
口軽
生直
足速
見高
大様
気短
小体
大童
速急
左様
丁度
気長
内福
安気
長大
細心
生新
真当
短目
口速
手短
目深
正大
安直
目茶
強大
真直
口重
和食
合金
火山
用水
細部
悲鳴
店内
水門
温度
院内
校内
同時
都立
目前
人道
次長
西洋
下味
立体
社名
本体
物事
医院
代打
新米
後方
火花
他社
両面
首長
女流
肉体
係長
農林
年次
地理
古来
地面
主題
文科
医局
品物
母体
洋服
町内
外野
名作
王室
古都
門戸
身分
科目
風水
相乗
当番
出金
力走
野宿
植林
公言
用心
分化
長考
乗船
配合
北上
転出
分業
思考
休学
発会
遊泳
筆記
通院
合図
出国
電化
投薬
開校
登記
水死
心中
分乗
面談
出走
返答
落下
転業
肉食
先決
出力
公定
引当
進言
入金
親父
音声
部員
消息
立会
大地
行楽
数学
地表
海洋
風土
表紙
店長
名曲
乗員
夜空
本館
西岸
美女
船員
工員
農場
右前
何事
野草
森林
本場
活気
駅前
進路
母国
州都
国有
軽油
王国
地主
学院
楽屋
原画
肉親
本文
親族
地銀
円形
弱点
先番
陽子
立地
路面
油絵
語学
合間
終身
打数
手口
荷台
村人
同所
役場
本業
題名
文言
対岸
文庫
根元
白色
半身
手足
問屋
売店
点数
反日
海運
足首
全線
歩道
発作
自室
王宮
落語
文部
見地
当社
左手
夏物
物品
神話
様式
元首
言動
両校
公海
口実
東北
風味
里親
流血
全店
目頭
町村
直間
重油
米人
金庫
屋上
目安
地場
館長
口元
大台
考古
自力
元号
地名
元本
係員
書名
木工
中古
週間
分会
気力
口頭
区立
左足
部活
上流
市有
生体
後者
反動
年頭
大空
船体
局員
人手
洋上
道具
先手
校庭
来客
小委
弱火
乗組
神道
同委
船長
手元
前面
毛虫
通路
本国
文物
球界
空前
王子
新生
同化
入港
合体
着想
新調
来島
下見
開門
集金
大病
記帳
直言
流転
休息
所期
反落
死守
調合
来館
土着
定植
下校
決行
出港
動作
進入
入村
発進
決心
転売
待命
代休
消去
楽勝
落馬
注力
配線
帰京
中和
開局
先着
来店
立食
発育
野合
発車
放言
自白
記名
起業
開場
送球
動転
勉学
入所
落球
内助
算出
進級
全開
転身
注入
放流
命中
山道
外見
山間
水面
赤色
客員
人文
頭数
生地
内実
長期
車中
反面
古代
中葉
中世
前期
食前
明朝
真夏
当期
大方
生来
半期
早春
半月
中期
真冬
当代
今期
当今
日中
前回
直前
時分
夜中
前週
夜間
朝夕
内心
前月
足早
真昼
終夜
昔時
明方
目今
夜前
元朝
両度
時下
平生
大数
行先
当世
客月
今次
本年
毎次
明年
客年
去春
近来
後月
他日
他年
他面
当年
少時
客冬
数等
昼中
日毎
夜来
毎時
当夜
毎食
年来
毎秒
毎期
方今
早秋
夜分
夜毎
寒中
帰路
白昼
後来
終年
毎夕
半時
半夜
全日
当月
多年
先度
病後
毎度
元三
近時
去月
毎号
半道
雨下
終生
終世
冬期
長日
月央
下水
社屋
親中
明暗
青豆
苦言
力点
半生
客足
医大
親友
中火
本命
学業
自前
火薬
金具
大豆
小品
医長
気品
病原
青雲
教書
南方
酒場
実相
部数
野鳥
回路
王立
歯科
駅員
大小
園長
両紙
有事
大男
生死
台本
横笛
君主
前文
台帳
空調
歩調
物流
小鳥
投打
通年
新入
前身
古米
出方
室外
大作
古着
北東
助役
目玉
死球
事後
受取
新品
上着
当事
庭園
風雪
親方
列石
図画
本屋
転作
活路
線路
水着
仕草
文様
出足
宿命
図式
天才
校区
湯気
下方
大工
次元
詩集
薬味
食物
旅先
童話
公使
親指
強度
水深
山車
点字
自発
少子
入水
合点
落葉
板金
作物
月数
北国
町中
色紙
古今
気風
宿主
地代
実話
長身
時短
中級
文楽
羽根
小石
意地
対人
週内
山里
全会
始発
内線
男物
同左
王族
仕業
外人
青空
海面
歌曲
実物
全校
心地
等級
金文
始球
国庫
茶色
全文
用事
電線
同村
新緑
作風
旅人
定休
病人
洋酒
角度
社交
南国
秋冬
学友
弱者
次男
駅名
同薬
屋内
島内
病名
死語
開明
定時
動力
王様
水分
生理
年下
世相
年数
期日
正門
北西
同右
和室
全社
糸口
部落
字形
洋楽
打球
名門
社寺
後味
気合
風物
金品
同数
近海
当主
教主
園内
内局
長所
主筆
本家
動画
空白
人前
親元
新春
局部
思春
自助
原形
中流
風船
美顔
春雨
子役
所用
住人
実地
耳鼻
年配
薬湯
茶屋
名水
土台
強火
度数
口調
公庫
船頭
水虫
筆頭
食用
同相
西南
鼻血
小麦
真上
定番
自筆
夏場
生家
水力
内角
定石
新内
寒風
医科
小雨
目先
出船
平行
前後
直送
間食
引受
転化
北面
力泳
行商
下放
転回
予習
入局
直上
遠出
自転
登院
帰着
大書
始業
林立
来院
発走
着岸
配流
詩作
交配
配送
合算
気化
自負
代用
配電
帰化
工面
出所
放鳥
放出
書写
代筆
来場
軽食
具申
直進
遊学
発声
入定
自生
宿直
苦心
筆談
白黒
入荷
風化
直下
係船
発光
先後
直流
赤面
返金
暗記
入線
多用
指図
入校
表決
会同
物色
打電
他界
用船
配水
教練
打算
草食
発明
流会
大同
休止
整地
想起
調教
電荷
文通
親近
南下
感服
少考
交遊
感電
教習
流入
写生
上気
来社
分立
入行
高言
代読
返礼
集荷
見当
多作
起草
船出
予見
通夜
空転
全休
注水
返品
整形
転学
落後
落第
暗転
手品
負荷
起立
人心
上面
谷間
新手
代物
内面
元金
上方
商人
波頭
大根
何人
漢詩
前方
大雪
緑色
寒気
船場
雨水
雨風
音色
高台
通帳
都県
年上
礼金
有線
手本
曲名
原文
時流
足音
漢方
公用
対物
暑中
青葉
陽光
西進
和服
悪女
島国
楽章
手引
校歌
高地
土中
雨戸
血球
道県
強弱
前者
作出
口先
力作
先見
口笛
金物
横顔
館員
重文
会友
後記
正体
太刀
人目
実兄
配点
前歯
体形
文具
返球
薬理
駅長
文集
遠足
内耳
鉄人
林道
林間
実父
顔面
本土
船首
才女
火力
遠洋
光度
局地
長調
外車
組曲
名画
後発
水牛
番外
白子
小人
小指
手先
鉄板
岩船
天守
南都
決死
人命
全集
平屋
県道
店名
画題
本港
部外
道理
神様
古書
長雨
当行
見習
町名
悪意
温水
石炭
全土
後天
同和
使者
土日
両人
本線
同小
耳目
波間
美酒
本島
重荷
曲目
算数
実名
客船
出色
頭角
実子
出先
学力
手動
歩合
家業
週休
左上
主計
水中
大金
車道
全曲
水色
短調
原本
道行
道交
神事
風習
死期
急流
休園
店先
同館
天神
文体
雨林
同名
階級
親分
口中
等身
学童
楽曲
両船
洋画
文面
近親
小男
冬山
場内
夕日
道場
直近
体面
力学
雨期
親交
先人
外聞
前庭
屋台
風上
市会
西方
手羽
同書
水球
山男
次代
長短
国体
冬物
集客
教科
記号
深部
秒速
手練
本流
所内
病苦
細君
歌声
金魚
足場
体外
小目
曜日
本心
正味
全館
外角
天使
病室
悪役
屋号
名所
長旅
茶番
定食
地形
家人
夏期
月内
農学
客数
歯石
田園
名字
中秋
和歌
天下
局番
年商
家元
雨天
子弟
重力
数理
黒板
立国
短詩
所定
黒星
土手
真心
外用
計時
買取
出前
電算
館内
医薬
薬方
商号
水運
市外
当方
鼻歌
終章
出来
下知
重用
放下
算用
西遊
直答
相反
黒白
物心
平地
急坂
小雪
金色
童女
立合
人力
白地
園生
海鳥
黒子
角界
家内
天地
声色
野分
身上
春風
薬代
海路
石室
苦味
玉石
草木
風車
弱音
流星
右目
雪雲
鉄柱
鼻息
国鳥
目白
本号
同夕
幸先
和漢
用具
東風
高弟
山気
黒船
出自
花形
中等
汽車
歯車
海中
表音
悲引
波長
画集
学究
水屋
大社
強心
寺社
月日
車間
都区
音階
村立
広角
谷行
運気
茶室
向学
人里
小豆
合板
人身
代役
役名
白文
寒村
電動
字体
火口
式場
魚肉
高配
生魚
大玉
細身
絵馬
線区
工具
女心
白魚
文筆
列強
光線
全形
横丁
下着
古式
庭木
石門
所作
州立
同家
秋水
漢文
乗用
台車
同業
家相
古楽
対内
分館
先客
神前
天空
曲者
形見
暗部
東院
新都
手中
口車
悲運
早足
白日
上人
空自
毛筆
水心
路地
口語
近県
海友
大役
竹刀
所員
食後
店主
地声
動意
赤貝
神父
湯船
大雨
女中
車庫
年始
草魚
早道
病身
短長
同港
農山
表土
当人
表題
子女
水草
音曲
生身
実車
下絵
弟分
雪上
短刀
通所
公取
黒色
元手
金銀
神木
天命
書作
面相
国名
赤地
外形
葉書
事由
大全
子細
返書
大火
球形
後手
子息
雪原
助員
弟妹
人様
小社
長話
天平
月光
死神
口数
次週
見本
緑豆
安物
理数
祭神
茶会
行間
男坂
文語
苦楽
力動
絵図
市電
夜行
箱屋
水温
白番
時化
遊休
足軽
部局
間合
他方
工高
医事
実弟
理国
空文
里子
火元
赤毛
女手
国定
交番
朝練
南庭
鉄路
数列
長物
朝市
色石
転院
長姉
名声
字引
県土
商船
和洋
当来
歯根
美学
小道
曲線
学区
村落
他者
南口
口上
月白
歌業
新曲
新館
自画
遠目
商会
東海
春物
酒屋
和文
当落
石頭
上役
体高
学名
代走
真顔
横糸
入級
弓形
名実
茶話
目線
同根
牛歩
根気
見立
死生
矢板
電池
定形
下意
青天
洋間
海事
川下
食味
多客
知育
多色
図学
後内
親王
農具
号外
月面
始終
横車
北風
夜食
遊具
放列
図星
開教
山王
日光
読本
王手
銀色
橋台
天宮
左前
葉色
原始
日月
人中
同中
短命
歌道
切花
子分
女声
新星
地平
小犬
他意
悪玉
地中
代地
車外
死力
東南
子犬
先代
申立
薬用
実母
悪友
社外
他馬
苦虫
対空
右上
里方
秋風
調度
公道
毛根
習字
先方
黒石
寒空
毛色
絵筆
終着
歌友
場外
予行
岩山
同族
色弱
気心
南洋
同山
配下
町人
板前
天元
勝算
親米
王家
魚心
先入
本局
古様
門書
前部
船上
原題
人出
大寒
県花
口内
部族
白球
左目
本数
気味
後代
洋名
星空
集題
名品
油田
北岸
船旅
国父
語気
汽笛
生計
昔話
題目
文教
客室
長計
同高
日用
子羊
牛車
秋波
国教
本箱
予科
洋館
生肉
記章
美風
兄妹
火星
林野
引分
魚体
校門
親水
社業
外事
秋空
洋食
小声
米作
毛糸
入日
水流
顔色
大皿
夜目
急場
明星
通期
本題
字書
女神
立話
耳元
原人
死相
土足
番人
反感
上白
起点
開運
大祭
音頭
頭金
麦茶
下級
表意
野花
文理
主文
頭皮
家長
多分
物体
列国
祭具
右岸
北門
生気
家路
出目
雪国
曲想
集名
学内
土物
茶柱
下面
風神
体毛
知命
頭上
色気
雨雲
女坂
馬番
意表
後宮
土用
赤子
番犬
春期
白米
年号
開村
地酒
国事
横町
真空
土石
氷山
女物
神風
人魚
行内
多重
楽所
名車
画風
画一
汽船
開口
夕陽
大麦
朝野
地力
所行
深海
食肉
理学
多国
童心
主知
消夏
同島
図表
小農
人家
風雲
両様
本元
畑地
仕立
階下
母方
少雨
色調
集魚
林地
大王
行年
病者
学風
商用
水銀
中温
同心
羽毛
光速
金目
実定
風雨
口火
血道
大目
半目
死本
牛女
写本
海原
同形
虫歯
多面
学界
目上
古手
本宮
暗雲
農道
外電
神童
海流
生水
空力
秋口
有人
入歯
全馬
生音
石柱
新駅
本薬
前列
春宮
国力
写実
年会
実年
弓矢
同院
外様
王女
名医
遊行
相対
直筆
自重
入来
大息
化生
下手
対語
出立
細工
回心
注油
和楽
合力
出水
早出
点火
落書
発意
他行
横着
安息
同期
水書
深化
通交
起筆
転送
門出
重合
後送
受配
消光
生動
口外
止宿
安着
休神
同車
送波
発心
曲言
水食
放水
植皮
外切
同流
内談
東進
実写
自活
着金
内命
見分
内通
自学
終止
同定
立見
放電
予知
通電
引見
全通
上書
作図
代書
投写
休心
投身
内服
筆算
分家
転地
列記
安神
発出
陽転
考究
手交
返本
出仕
帰山
習練
進発
目指
問答
帰服
送配
乗算
来所
代言
写植
転写
表出
着水
集配
分流
代決
出炭
苦学
入部
整流
答電
自記
送風
落石
同室
直売
買物
放神
通計
下向
朝礼
洋行
指向
起算
直感
受光
用談
開帳
追記
公転
分有
弱化
受業
当直
帰投
分水
同着
早世
入庫
分界
読図
心服
上木
化育
整体
暗算
自乗
多食
和合
羽化
発問
落手
作画
反転
代作
切開
東上
起工
真読
対当
帰朝
言上
苦行
助力
植毛
交合
入朝
頭書
消音
開化
実見
直交
注進
投合
耳語
両分
道楽
板書
暗合
黄葉
東道
放心
大言
犬死
雲集
書見
目送
受命
仕度
来校
引算
直読
休校
配色
度外
血書
味見
着地
高調
筆写
分宿
美食
開板
進上
活着
速決
反命
出社
追考
下乗
海食
使送
仕分
行持
回向
速記
流下
転調
放歌
止血
分列
配向
出入
下命
手記
運算
自習
横死
上船
筆答
表白
生起
入道
多言
着荷
帰社
定立
投出
立身
親祭
使役
助走
生食
消長
休会
手書
当用
作表
兄事
着筆
行幸
同道
来談
元服
校合
帰農
足算
計数
帰来
着意
開園
同宿
調進
他出
回生
強直
分売
飲用
下船
感化
対顔
回国
切言
来朝
発火
教化
回申
調薬
外注
自足
急送
平方
内分
直談
近道
会読
聞知
転進
小計
他言
転宿
炭化
赤化
分村
服薬
火定
直話
感光
反目
公売
族生
回読
早死
感知
内向
間作
着電
自首
細書
入室
着火
風聞
速答
空発
自問
育毛
近着
開立
休電
受用
植字
送出
下馬
両用
通読
発赤
後見
切死
明答
速写
集線
反問
配員
予期
平定
作詩
発向
具有
発色
送水
起動
受電
回送
進水
帰港
目礼
安住
直立
風食
音読
荷電
転記
転生
上申
出庫
口受
金打
重出
入京
立言
食言
鳴動
入湯
助命
放校
理会
後進
合流
帰館
直通
広言
合本
風発
細分
回礼
分合
来遊
味読
出家
神化
急転
自書
放談
習合
目算
分地
落筆
高談
投石
大食
想見
急追
多読
分光
感受
分筆
開所
活写
火食
早着
着船
本有
帰一
直書
客死
南面
会商
投宿
着生
来着
行水
手写
注記
正答
点頭
整列
開院
西下
火中
運開
転住
指教
下問
合一
横転
親和
落命
列立
等化
同船
高進
馬食
送受
入内
交感
内切
通園
送話
終決
電送
公有
遊歩
前売
立売
店番
入電
門番
代入
対生
出頭
力行
休場
終息
開平
内用
前記
対校
調練
作歌
追想
長生
来集
引決
配車
去来
来会
校正
通分
平分
転読
終業
転乗
指南
南中
研学
遠泳
油紙
気色
遠近
西風
黄土
客体
天道
本所
本歌
白馬
白銀
黒土
白雲
名聞
国風
出鼻
生花
後生
氷魚
板木
客語
大君
子音
字面
身代
苦力
天漢
下作
月代
女形
急火
他所
立方
新道
出面
前世
空言
水車
深緑
悪日
前頭
玉章
横道
先王
真書
詩歌
遠方
白首
空地
長刀
横手
前書
中日
長歌
高音
悪行
山手
男気
古寺
風体
雨足
空手
下図
主命
歌会
頭打
金字
神酒
切羽
祭文
番頭
工合
軽重
雲母
去声
空車
主客
母屋
和声
近習
白炭
電場
人外
先負
外面
声音
金口
山家
曲事
短夜
強者
高話
名代
細目
正目
人足
白夜
面子
神代
生薬
山人
身命
下屋
点前
石庭
竹馬
女体
大業
行場
花道
悪血
文身
手数
言下
人頭
文月
石工
細字
麦秋
和名
宿世
母音
反古
白金
手水
前金
悪名
大身
天日
高足
行来
天火
生業
人界
人屋
海神
仕丁
大字
深雪
男色
月次
正本
白面
草屋
船主
小路
客土
形相
足下
大所
船具
心血
青色
他門
船人
期首
名答
君子
来由
両頭
美育
切首
大兄
悲話
天声
他生
神明
受口
茶入
曲玉
長子
入海
雲水
円本
本学
和様
主神
元方
合名
平泳
鉄山
文事
歯学
文中
馬肉
角書
追手
等温
倍音
工船
雲気
細道
命数
原図
音大
同気
水神
同学
同音
新雪
心月
県人
早天
主用
小書
活計
母上
形木
家運
公電
和子
流矢
船室
馬草
切石
川竹
会所
国界
生木
相者
本石
重工
中音
強電
名乗
口角
宿所
重石
金力
引船
湖上
新湯
力車
暗流
有終
風声
暗色
魚屋
都道
山立
首級
白下
鳥人
品玉
川中
新顔
海気
目方
荷馬
短所
近目
日食
当山
星章
語原
島台
頭注
大刀
方形
駅路
組歌
外地
中肉
麦笛
引鉄
金元
遠見
面白
人後
名文
帰心
湯元
祭主
南港
生皮
船用
内界
立春
下女
和算
小火
打歩
長道
草紙
酒代
美童
文台
子持
苦役
地金
横物
軽水
後身
宿業
客人
事物
水雲
丁半
青竹
男工
天界
市子
立毛
葉虫
後住
上根
温気
真前
横木
馬追
南海
和金
太線
子葉
方角
本会
練物
海里
戸前
投物
切米
茶味
黄道
血色
公人
大局
商才
虫気
声調
悪場
等号
全波
門流
山幸
鉄心
半紙
力紙
天水
野次
後事
根号
交点
本船
時運
神文
京童
入相
王水
用人
発頭
前場
朝顔
電路
次女
言外
新来
県西
子安
火皿
角行
原注
暗箱
育休
勝地
通草
天工
肉筆
毛羽
実悪
代品
遠島
真打
石持
病理
流水
雨皮
社運
駅手
礼服
組打
放生
野山
水星
原色
電工
合服
母港
黄玉
木具
歌意
直弟
聞耳
氷海
短音
院本
正方
矢立
倍数
男波
旅宿
水根
玉子
青草
国号
話者
知友
聞手
血相
足湯
原級
波高
悪習
道家
詩形
雪路
夜宮
船客
町場
中宮
目色
名君
暑気
局紙
田遊
表号
名園
乗打
平服
病根
通人
宿帳
乗数
習知
自公
田植
大入
正号
古学
銀波
転注
黒地
後光
正室
遠道
上戸
式次
野点
同県
目高
年強
白州
地文
上天
悪所
面部
下人
全県
死病
古記
門人
半弓
前車
矢文
女持
売子
小半
血祭
旅銀
後葉
和上
角地
時世
氷炭
油土
水母
小波
次数
作中
外商
中口
君公
見目
上紙
終点
上長
本校
科人
矢先
守刀
雨後
前人
外皮
遠海
金星
米語
新字
体用
悪文
内記
校風
絵心
原生
悪筆
使番
方図
外宮
酒色
名犬
古文
帳面
台子
白根
金平
地口
原酒
和物
花畑
乗物
族長
点茶
星雲
名店
小形
真中
生紙
小暑
古物
全市
会下
板屋
点画
下表
黒目
水仕
練炭
入子
神火
画工
赤鼻
学兄
遊楽
公事
実方
死文
母船
白歯
返点
空語
丸取
他心
雪白
山海
何様
階数
来光
弱電
委曲
田地
研北
空馬
公主
波数
青物
室町
雪消
中食
名手
原音
神君
羽車
配役
月読
活花
岩根
花氷
生色
化工
全角
鳴神
玉代
画会
合口
花鳥
国学
明王
雨中
負目
電柱
国運
小事
悲調
練糸
食間
合方
子日
魚子
強談
昭代
目角
金鉄
玉目
弓道
死所
知力
平手
強味
列代
教生
古紙
地虫
悪才
横波
後金
戸主
正中
肉牛
通番
口取
下番
黒豆
頭分
近間
字音
血族
頭重
小才
金波
湯花
間道
都鳥
分数
日新
火切
実科
世才
才力
黒血
明主
何分
草取
上記
合切
国文
原毛
黒酒
親鳥
年弱
明色
野手
全局
心耳
立礼
科白
前科
頭首
身根
金主
草子
工期
旅所
受入
身空
今生
次兄
天女
宿悪
道人
農作
馬主
悪者
父兄
音物
赤土
体感
草色
止金
持前
中天
本章
同体
水玉
里数
遊子
全品
弱国
仕向
宮中
切火
待合
原麦
近国
落口
工大
聞事
土語
立板
県外
小業
半円
当路
向暑
空豆
岩石
旅心
福引
竹紙
外客
語形
小頭
中表
鼻薬
員外
秋分
波線
両部
長兄
秋気
文人
祭式
船虫
人語
薬園
見台
和語
用命
白雨
食指
自今
板間
温州
教本
出花
宿根
石高
高点
宿屋
手心
夜直
北画
神都
明君
落魚
外界
鉄筆
方様
天草
終期
目星
歌切
両目
薬石
早業
大波
夏休
物界
男心
星合
談林
重代
祭日
海員
取前
自他
教学
語手
下流
回春
電文
夜寒
他県
牛皮
時数
服地
船足
通風
鉄血
長夜
日切
知歯
茶気
新木
意力
日計
白玉
鳥屋
銀漢
旅物
茶人
死目
暗君
勝運
見番
追福
神馬
主持
引手
全車
首題
兄人
目鼻
運上
山女
強国
式服
川船
感度
中点
重役
心根
多毛
進物
後会
君王
用筆
春寒
京女
受苦
行宮
落花
当市
物日
細波
氷野
用金
入方
港口
古事
有高
水貝
両前
山寺
先天
中国
花台
親船
用役
守神
日和
正員
色町
草笛
指物
悪気
筆画
軽風
負数
葉音
見場
同色
豆炭
長円
父様
山神
里人
乗具
路銀
朝酒
秋期
流人
校友
宿場
社中
左記
水生
電球
字数
名花
切岸
楽土
食通
悪形
表地
金持
図引
雲間
神米
取組
国花
氷点
和書
県下
地階
水魚
帰命
飲茶
横目
行金
時様
内入
買主
水声
紙子
水木
来意
新本
校外
他力
戸車
早耳
門下
売主
悪相
山水
定理
多雨
助炭
和習
中気
洋室
外局
国電
歌合
地頭
外字
下目
右下
弱行
社主
工科
真理
銀笛
心気
気前
水音
上玉
光頭
家主
平体
水計
人台
外題
福分
野羊
心算
氷柱
反歌
母式
黄身
麦畑
時日
原書
板目
礼者
山行
主音
引数
足代
矢来
有休
名題
社線
白光
打切
板元
週日
牛馬
死身
足形
工数
荷受
場代
小身
夜気
弓手
本科
東天
楽人
日子
大部
両足
下界
買薬
世道
月夜
王公
下根
化物
界線
箱書
住持
左角
薬玉
話頭
宿雨
林学
書役
後朝
全音
教具
花園
夜話
用次
秋高
丸首
名主
寺男
有生
急病
切紙
天理
船内
点薬
町役
医用
後目
麦湯
乗合
才取
何等
春画
新体
風教
天台
家集
対地
港内
草原
飲水
画商
星夜
流物
青地
火色
水絵
米屋
漢書
緑野
間者
数社
消口
勝味
天上
古音
投売
男声
地物
取調
才人
油送
図形
列後
園地
出湯
今風
旅路
詩学
小春
寒流
米麦
明夜
神学
語意
小字
北洋
重科
朝家
面体
道歌
仕切
本草
石竹
歯音
心頭
農事
小母
荷船
手鼻
細事
上代
委細
組頭
音字
手合
大公
地歩
玉門
雲上
回章
麦雨
間柱
矢玉
紙屋
温習
他見
社家
青毛
豆本
地紙
有界
馬市
柱石
金頭
光点
船板
見合
母線
売場
生酒
夕顔
反米
夜昼
火屋
教門
人知
君国
赤手
間服
行旅
青玉
板子
内庭
神水
明文
切点
後前
緑酒
所見
父方
山畑
木馬
太物
植生
業風
真金
地米
他家
内所
生面
通力
定点
追分
日動
広前
定命
切所
出会
倍速
深酒
真竹
春光
速算
和人
牛刀
商家
定見
外教
空理
友引
秋日
刀身
年取
空身
悪神
和字
年女
水明
月来
鳥追
月下
下名
細引
飲代
馬頭
東男
部立
根太
西国
鳴戸
天分
洋書
炭田
弱年
早月
原品
根深
今様
神気
小国
見世
月色
古色
直中
青虫
大船
火手
着駅
守役
赤心
笛竹
東歌
明神
語路
人馬
実線
冬日
丸打
力水
始期
石弓
色神
間代
遠音
光波
中門
仕合
福運
持家
羊毛
今体
夕波
級数
家数
年波
真人
短章
細小
鼻紙
筆生
知音
立冬
気体
夜具
全階
炭庫
福茶
月役
高教
中州
重心
草月
内皮
天金
食客
緑青
文箱
文目
人波
言行
秋色
門生
横列
歩度
局所
湯屋
指分
申文
大戸
天顔
白身
薬草
角通
目路
始原
荷足
今昔
平温
早口
明度
岩組
金石
番地
帳場
行頭
高空
式台
歯肉
死線
通言
有色
理知
目次
中風
色女
大名
炭山
水火
夜会
水船
円柱
流者
小鼻
前足
他動
局方
赤目
魚族
自注
主動
有期
方円
庭草
美田
商館
刀工
血豆
平皿
国大
大暑
正負
同線
絵具
東国
身心
悪書
国書
表皮
石筆
表門
楽天
月見
手車
門歯
長文
先箱
土気
重陽
田打
急使
春分
道心
晴天
分社
番手
東屋
人才
図体
宮門
持主
小名
次点
手長
重苦
直会
力業
家来
終車
大悲
古筆
社用
近業
路次
園丁
名工
花期
顔役
血目
皮具
地相
目板
山相
地内
食分
歌心
雨間
公会
他流
正調
早年
魚道
林業
道学
重言
春本
帳合
上作
西北
温色
美名
小間
陽動
赤道
風鳥
木炭
海人
船着
平身
上使
打物
悪漢
起電
物見
対日
詩才
線分
直音
薬研
通運
雪見
神子
玉体
空列
待人
手相
外米
王道
雪女
歌学
小者
寒月
両家
外港
上板
東路
軽石
馬車
薬礼
語口
木表
早生
和学
小乗
市部
県南
都度
読方
深交
下前
知者
荷役
日待
金歯
空音
社風
書風
地神
番線
月番
始筆
区切
病家
秋草
全港
真土
羽子
悪食
元帳
車力
有心
新身
手下
国人
死角
黒毛
天球
人買
下男
来者
昔日
明後
牛耳
先様
本四
直人
青馬
使丁
線表
北町
石組
門弟
平語
同工
庭前
間口
石板
正道
丁数
自流
後室
地雨
子中
氷雨
白湯
実意
分力
洋語
庭球
天人
台地
春着
犬馬
遠国
小手
体計
林相
糸目
重土
力持
代数
持分
半文
調車
助平
鼻毛
湯女
起原
古形
半作
上町
練鉄
本手
農大
小数
強面
朝見
花色
高根
夕晴
時局
多生
雲級
地歌
放線
白羽
丸麦
多聞
糸竹
命日
急用
他用
半天
新着
内金
日商
追風
身柱
指頭
入目
音調
色物
力感
荷車
相聞
読点
会心
短波
元高
新茶
落度
先口
山色
道教
薬指
京間
主上
家教
礼楽
公知
実記
夜着
野路
心友
中研
上声
下足
学理
倍大
女色
今方
礼式
神算
山国
急白
部所
速力
自門
家持
長上
当所
同門
日当
銀地
入神
黒米
原虫
君命
受話
来車
血気
新宮
鉄石
炭車
自大
木立
遠路
少弟
命毛
飲助
色合
緑茶
学外
図会
寒色
部面
身方
売口
短才
油虫
首足
戸口
国母
美音
豆銀
後家
台木
後場
小皿
小前
字母
長持
細大
深林
国表
弱味
羽音
球速
国光
道者
苦界
遊金
消炭
美文
詩意
肉屋
戸外
局外
長波
美形
山羊
所天
整調
東雲
活魚
入船
悪感
強記
寺子
手代
主部
村雨
寒竹
死場
売国
曲筆
金工
写場
土工
筆意
茶事
岩屋
人品
火消
線形
両三
見所
事始
人声
南天
才子
君父
重手
定式
仕組
光子
才気
左下
医業
台場
月食
何方
火線
足業
業物
火気
楽長
美神
助人
作意
和本
小用
業主
暗夜
右記
波風
氷水
和音
区点
黄体
空字
船方
物相
主意
食道
頭字
木石
反身
秋思
所生
正使
柱頭
洋才
酒食
雨氷
朝湯
運筆
天目
家門
福相
小耳
鉄色
花時
小力
門葉
丸薬
言文
礼物
反語
重病
他物
来電
公子
切目
終曲
語調
宮家
元物
文頭
神歌
死人
空色
黄門
何役
章魚
手刀
買上
波動
花代
目顔
流言
風草
名分
対向
倍長
時鳥
晴着
近事
聞役
全知
筆先
古刀
死地
音感
家兄
内題
左岸
終局
新語
号音
平面
小話
歌書
理化
長路
年男
気道
明春
行火
親等
対米
波路
岩頭
草分
文金
童形
球心
駅頭
水路
川音
金地
深意
岩室
村里
島守
売人
都電
後列
早見
医道
肉池
立木
横線
風足
来期
半開
夏服
他聞
高年
左近
氷原
風下
弱虫
高次
定日
童歌
落体
古語
車馬
事理
売名
暗号
台紙
主調
切先
死時
先学
神祭
半平
半金
風気
詩書
宿学
波形
宿木
語数
黒光
取立
近体
口才
対屋
日夕
年子
羊頭
聞物
金談
魚板
青貝
金線
火酒
客間
葉月
字画
強弓
明月
和式
海国
具足
口金
原石
外物
打身
鼻声
花心
宿運
開山
大番
新秋
農期
県会
船宿
級長
夜番
金風
麦角
他事
南風
月表
神通
詩想
月明
題詩
本字
小曲
鉄橋
号車
有体
口前
女波
予後
相方
公理
算木
心意
先山
赤紙
細筆
上物
指事
曲直
社友
玉算
天明
湯茶
緑玉
油気
負号
意中
界面
天来
題意
馬丁
金糸
中休
球道
多倍
下角
横雲
冬空
地役
遊君
上客
速歩
秋晴
内宮
平場
前言
山風
雪男
工手
角笛
人死
医員
両次
大安
申入
鉄線
色悪
鳥目
名流
定温
点心
悲母
前代
気先
箱庭
鼻木
風見
暗室
流氷
後学
中入
当家
赤身
町家
木通
表方
秋物
女人
死水
助祭
書画
山場
中外
中波
後口
上薬
中耳
番台
声聞
打力
真名
山守
歌口
大黄
苦竹
売色
才六
雪空
新店
合着
岩魚
悪心
書目
天心
刀心
持薬
中指
人面
牛後
品数
書屋
風前
船路
式目
横紙
本道
夜光
反物
相客
生湯
引歌
実理
式部
丁場
王化
全戸
画筆
台下
細線
意想
漢才
平話
白頭
語頭
急電
野立
小昼
茶道
引金
主君
新古
後先
路用
古人
詩文
切水
道着
親木
古昔
院外
朝命
親玉
弓取
主祭
平声
洋品
品名
薬科
暗主
整式
花祭
月草
肉交
気転
死金
小首
火玉
銀山
病葉
元正
主語
時空
内意
波面
童顔
美声
学事
王土
中黒
深手
実生
道服
月切
所感
日直
真弓
泳者
目代
配所
遊糸
花守
校本
洋式
空谷
落日
表口
花屋
色道
和談
港外
組重
氷室
地温
書院
茶代
部室
野乗
陽画
肉感
同上
大姉
全島
書体
線画
上表
公休
目薬
平米
正金
陽春
前古
同番
記数
馬具
対数
雲路
勝星
古血
歌体
海星
立業
麦作
曲馬
薬酒
湯玉
両所
生母
年期
文意
色相
番長
悪道
原意
月毛
表作
広間
苦肉
小知
進取
人世
筆紙
冬場
急足
明太
島山
新教
語根
重湯
心神
野火
流速
後書
有半
大路
終発
大葉
読物
虫薬
直方
風月
悪様
中子
通有
回文
反立
長湯
心太
原語
引物
心火
真筆
玉虫
守宮
先君
火矢
面前
夜色
花実
写絵
受持
打豆
船荷
緑林
半白
流体
上世
鼻音
夜業
曲面
文名
中農
丸木
切子
日算
海女
世路
体様
医方
天王
玉歩
雲形
後人
家名
間着
神橋
名月
知行
楽園
投首
店屋
分秒
文鳥
学才
原紙
紙切
田作
中有
羽交
整数
色目
紙花
真先
白茶
天意
取口
女医
持場
春雪
薬学
式年
昼夜
野犬
火水
正数
鼻柱
列火
通気
美点
曲調
仕打
天真
詩語
死物
花落
大意
音速
面皮
東遊
拾屋
新形
下戸
指命
血路
火打
米所
軽口
市区
切炭
外洋
業病
回虫
漢土
矢庭
水油
行平
平曲
命運
夏作
箱船
才物
命題
空電
真草
図様
正教
同文
調歩
風花
実姉
神式
出合
水天
板本
屋体
名筆
白線
心持
定宿
出丸
前門
毎会
雨声
軽業
上体
同君
古体
売出
表具
番所
合羽
真横
鳴子
立役
室温
当校
戸板
大福
手工
地気
物上
心木
大円
水足
戸長
車引
語感
後山
秋作
新院
氷雪
金売
名木
手植
祭場
仕形
国字
部内
交友
直門
高下
夜学
土星
山番
持病
所書
空談
白目
空耳
上水
太子
門口
両市
半音
空合
白糸
多血
両朝
同役
雲海
本金
夜船
書取
図絵
当館
記聞
上様
平麦
名刀
聞酒
題画
小面
両道
炭取
横形
通箱
緑門
天主
大足
用後
広原
天外
半玉
外向
画業
白話
水物
役牛
銀子
打首
兄子
近東
馬面
買気
音波
地合
楽想
寒心
新風
神色
両年
円上
童部
名子
大死
根毛
男前
遊女
王代
通事
実字
主教
赤本
石女
多売
商科
調音
引戸
国元
公役
新酒
和船
緑風
教理
洋学
書林
下草
公方
重箱
商学
真皮
行文
起死
国持
海草
金気
犬歯
手事
全期
売薬
王事
事相
早場
主薬
寺号
内聞
西陽
酒手
野心
相国
道話
係数
数多
船守
火祭
客地
西土
古里
丁年
外道
草書
洋弓
鼻面
風力
交声
上屋
落陽
矢場
小中
医書
漢語
真向
図上
大乗
大通
代人
上皮
名山
礼電
行路
落人
高角
返電
市上
船級
馬手
外耳
水筆
全紙
洋本
木皮
光陽
等式
神楽
商運
空事
右近
男手
用度
外紙
南岸
絵所
門主
客気
土筆
福助
門柱
光来
同母
取高
馬方
円転
生糸
色感
気息
酒気
男根
画板
外気
回天
寒行
秋月
女工
組下
上目
国主
文色
家君
昔年
入物
悪童
遠流
数行
夕立
当流
後作
海港
落首
内国
野道
上意
数式
村役
光年
宿六
角柱
近火
作男
倍角
家作
遠火
何頭
教場
湯葉
地所
赤口
出様
平時
夜店
茶店
楽市
寒波
小童
有様
主家
仕手
寒天
家風
主事
読手
鼻先
画才
元始
茶所
反間
豆板
作土
球体
動体
心音
用足
心土
地引
山子
和親
肉色
売声
新前
酒肉
館主
同病
直列
花月
晴間
宮室
画意
男持
細雪
原名
春陽
生首
病犬
外線
小女
雨具
所由
土人
画室
名号
有向
行書
来世
同人
土間
中手
全作
下火
道内
天朝
糸車
角形
店子
光学
西人
形勝
矢車
畑作
湯水
気運
聞所
両町
文才
空家
気根
所出
拾物
神国
神助
山犬
羊水
男役
才知
後夜
組子
矢声
近古
分身
大知
息女
人海
神州
写字
早馬
丁字
魚油
洋銀
豆油
人定
上聞
消暑
先住
反歩
新刀
小寒
前作
大水
遊山
和毛
父君
円心
実学
島根
内高
星図
太白
作事
庭先
立米
早番
点線
春色
終電
形体
業苦
小町
気流
水月
形声
住戸
黄水
発話
実事
受身
大命
小言
耳金
小父
明笛
小店
遠来
気持
心力
級友
村会
追号
名勝
病体
全学
員数
事大
悪寒
有理
本身
大度
下心
金時
毛見
中業
暗黒
東口
丁子
公館
画帳
谷地
父上
木目
家父
相宿
書中
雲足
悪声
返歌
小夜
天物
切畑
歯形
詩体
後足
金高
村童
夜曲
小使
門外
血行
他校
黄鳥
人橋
玉音
名言
冬作
半角
回船
実員
苦寒
走路
白太
細石
世知
荷作
神階
海道
年央
会意
電光
化身
天運
湖岸
手持
子方
始点
切戸
時文
山刀
地顔
細面
車台
点者
乗手
里心
人相
飲屋
先登
行手
茶園
多少
手打
高波
登高
起毛
筆箱
水引
羽目
文題
門火
漢音
竹工
死花
近作
火柱
遠心
行学
大農
理外
番屋
長虫
立秋
生国
同友
同前
深間
原皮
筆太
分室
町医
主面
朝間
回流
神意
王命
商都
毎戸
重水
間男
朝来
日出
夜祭
橋板
夜道
出物
引力
式日
肉入
酒家
母物
道化
立引
速足
道草
長月
星宿
高所
春作
竹光
紙帳
所化
正客
美談
肉声
小刀
宿駅
気球
歌話
本立
間色
飲物
夜鳥
両行
油屋
多元
古流
切口
名馬
悪手
油分
向寒
行人
神宮
対流
転帰
場数
図面
天助
受書
他紙
糸引
夜顔
古顔
口書
聞書
才筆
馬力
黄白
名家
人山
校章
組立
打水
洋刀
人柱
電界
回教
板場
歩数
直宮
市中
生血
急談
空木
間引
神主
悪人
今上
車代
血合
詩草
天馬
宿意
世心
地番
大計
真水
緑土
田虫
洋紙
早計
空茶
長石
客分
相銀
光風
読会
数次
村方
客車
体温
葉風
当住
漢和
読人
中味
両県
題言
所外
親日
貝柱
線上
記文
死中
意字
長者
銀紙
社日
空名
時服
広口
実正
和牛
教区
小歌
長音
神体
研屋
名数
上絵
湖水
目地
中形
米食
冬着
引起
筆名
軽四
多肉
本分
右文
白酒
反橋
町会
弓馬
時雨
福音
画数
行道
公国
田楽
炭火
真面
長流
半球
草画
路頭
式事
高風
神品
丸本
温石
区会
日歩
定木
悲歌
光明
丸太
書式
短見
親書
海牛
神業
物持
楽音
黒点
入声
楽員
天子
原詩
空母
語族
新味
早昼
根方
持物
客来
秋雨
手箱
全科
人名
当会
日次
上古
朝会
習作
方体
風向
木刀
同者
毛皮
図工
春秋
金円
社命
下線
湖面
切地
小引
世人
所業
草市
売手
水先
南画
反切
右筆
池心
前章
金言
遠矢
土色
半切
新地
木魚
口答
川面
究理
原動
人君
実数
晴雨
本代
公家
口茶
雨空
小金
進運
村社
面長
都下
切線
女院
紙魚
女童
後指
日長
美身
小作
語物
買手
雲表
医家
黒雲
話語
鳴物
黒炭
細流
身中
身形
手負
品等
新橋
祭事
申楽
地色
国守
生年
世上
馬屋
雪間
落丁
球面
半休
題字
細雨
出歯
用木
体言
算式
船医
語部
主点
楽界
美男
大鳥
年歯
切身
気書
鉄分
遊客
羽虫
相思
売立
進度
目元
目見
着発
水鳥
酒客
後図
作間
童画
本寺
鼻水
石火
太守
行力
面持
詩家
用字
細作
矢面
麦酒
大京
家母
野面
色里
原板
遊里
品番
雪線
切売
台形
先考
等外
農園
入口
暗中
全区
公魚
福豆
美感
風光
上家
業火
自社
口気
文運
野牛
組糸
次号
用言
列世
原頭
手業
同列
古鉄
当身
直心
悪病
世子
雨夜
海風
自火
長手
号笛
薬店
持味
有形
有配
中庭
苦海
内地
売文
海内
力足
皮下
明週
風波
角力
和国
草体
聞方
雪山
両君
原木
形代
階上
分母
平作
部首
木耳
下記
神人
水柱
校医
悪風
岩木
古詩
雪氷
牛頭
直路
通語
両生
新月
平文
見様
短文
水練
雨気
同筆
本丸
院生
社人
門地
大礼
内室
帳元
手風
実妹
上角
理工
角番
色絵
売品
女気
白波
山坂
祭服
大弓
深度
庭石
横根
太山
原物
勝目
声門
悪事
宮人
親心
明知
平目
平家
曲学
品行
米紙
校生
血肉
玉糸
平水
鉄工
流木
受皿
冬木
坂道
取分
下役
実竹
水線
荷主
光画
速筆
血刀
回米
売女
山鳥
童体
行者
持番
急所
漢意
山雨
漢学
書庫
国原
雲助
詩話
度合
親電
理路
番茶
色事
取手
全書
昼顔
車速
球根
相役
安宿
行実
正出
学都
医界
板紙
羽風
院号
投力
家学
大海
洋算
正真
下風
船台
親筆
色男
院主
夏山
等角
白丁
世事
心室
野天
青書
楽日
銀天
題号
週番
根雪
悪業
魚田
両全
時人
空目
女竹
手金
指先
農工
童詩
心事
宮守
語草
急調
乗場
真言
大白
平打
悪運
右左
寒路
内湯
海馬
才色
刀自
教父
国歩
立番
区長
数回
遊星
上番
相等
金員
書生
前生
分校
等親
取消
定本
野人
弱竹
上前
町方
手玉
相生
羊歯
道火
流感
水子
国手
同地
水薬
打荷
死命
両刀
会式
下学
海図
山号
草本
読後
開題
所思
黒竹
局内
冬草
肉界
町歩
海月
正字
当字
筆力
口絵
風色
生者
数物
外語
助字
頭目
門前
正風
大洋
福耳
立夏
引合
湖心
東宮
地目
口合
右角
死活
表高
知見
西日
小米
去秋
庭口
星祭
次子
来書
太字
小弟
小水
物音
受動
暗線
馬子
車止
屋形
死出
長足
木地
正文
温顔
商港
社頭
原由
童子
銀糸
直線
赤金
年表
母語
電鉄
天引
近流
平首
夕空
名親
草根
組物
茶庭
見神
美事
当店
知合
赤門
全数
本朝
外力
声名
心学
転石