必要
昨年
今年
午後
午前
自由
今回
安全
時間
特別
平和
結果
場合
今後
前年
重要
当時
以来
事実
自然
同日
来年
今月
同様
健康
最近
正式
全体
不安
不明
公式
大変
代表
戦後
完全
大切
会議
時期
関係
先月
元気
安定
主要
選挙
発表
今日
当初
協議
参加
多数
大事
高級
毎日
公正
会談
首相
不正
大量
有力
無理
後半
先日
高度
委員
生活
有名
予定
直後
毎年
決定
合意
当面
研究
残念
好調
順調
会社
同月
計画
不当
大会
会見
電話
前日
来月
意見
試合
半分
重大
世界
連立
今度
協力
今季
表明
無事
活動
教育
開発
結局
平等
会長
連続
反対
深夜
以前
未明
戦争
利用
強力
手軽
広場
説明
全国
時代
要求
意外
関連
社会
早急
活発
高等
身近
発言
自分
生産
長官
選手
国民
期待
熱心
勝手
便利
記録
使用
議員
出場
次第
休日
本来
写真
正当
未定
来春
仕事
強調
多様
取引
管理
記念
出席
予想
不要
有利
当日
調整
共同
放送
料理
連合
開始
同年
日曜
社長
事業
冷静
公平
急速
上手
記者
全部
今春
月曜
市場
公開
野球
正午
法的
見事
理事
発見
予算
外相
労働
中心
改正
運動
努力
必死
長年
今夏
今週
強化
成立
文化
機関
工事
国会
毎月
半年
決議
試験
言葉
強気
地方
大学
病院
意味
発売
作品
実験
成長
外国
平年
反発
登板
行動
国内
家族
作業
旅行
陽気
主流
学校
公的
通信
交流
希望
本部
記事
相談
協会
議長
先週
注目
投票
最終
回答
知事
発足
結成
登場
不調
健全
正直
来週
早朝
新年
理由
協定
対立
帰国
議会
市民
発生
声明
同社
市内
以後
夕方
女子
卒業
進出
新聞
会合
国家
皮肉
苦手
高校
決勝
不服
平静
不幸
競争
指定
空港
人間
次回
学生
年末
生前
運転
発行
明日
観光
勉強
心配
景気
目標
上品
気軽
強引
幸福
海外
都市
開会
登録
集中
軍事
最大
生徒
平日
死後
近年
中央
具体
来日
約束
業者
入札
金利
指名
練習
開放
成功
家庭
男子
期間
先生
変化
音楽
不便
着実
低下
中止
決着
当分
昨今
昨日
今秋
連日
立場
銀行
先行
最後
体験
公表
出発
取材
対話
飛行
法案
料金
水曜
去年
週末
用意
産業
商品
相手
悪化
差別
流通
不足
公共
書記
目的
少年
完成
入院
人気
本社
人的
親切
気楽
順当
民間
市長
周辺
予選
業界
開港
住民
各国
昼間
当選
勝利
地区
出身
入場
死去
通商
作成
訓練
連勝
分野
昨夏
意思
命令
調達
部長
主席
失業
注意
会場
局長
部門
法人
学習
部分
時折
木曜
後世
毎週
方法
外交
工場
特定
入学
社員
大使
民主
老人
地味
無礼
失敗
合同
対戦
病気
人口
同市
地元
大手
調印
方向
和平
番組
集会
黒字
交通
課題
当局
行使
選考
達成
所有
赤字
土曜
昨秋
席上
金曜
選出
安打
国立
本人
土地
息子
決算
後期
首都
科学
全面
要望
農業
見方
場所
民族
友人
満足
食事
出荷
部品
自治
組合
意向
会員
名前
課長
地道
強固
有害
下期
間近
毎朝
初頭
前夜
共通
特集
両国
市立
男女
談合
決意
感動
自身
種類
売上
自主
欠席
計算
入国
同席
固定
試算
向上
年間
材料
文学
路線
投手
参考
受注
注文
反省
都内
建物
作家
各地
長男
下落
助成
人生
公園
役員
話題
地球
少量
毎回
後日
人事
相当
給水
実行
対決
会計
方式
新人
大人
年金
関心
道路
先進
中学
通算
司令
参照
整理
同意
公約
受験
計上
運用
部屋
各社
市議
英語
終日
協調
合計
交代
無料
早期
母親
丁重
知的
不利
広大
多大
無残
同然
明白
無口
放題
有望
代行
進行
位置
先発
着陸
行方
工夫
想定
加工
自立
出土
発注
答申
出馬
出産
最中
上期
昨春
同夜
大体
来秋
高官
時事
人物
同国
機会
勝負
動物
国産
放置
変動
下車
明記
苦労
事典
通産
農家
文書
付近
父親
主人
小売
登山
工作
予約
校長
人工
法相
作戦
世代
同行
加入
上場
文字
物語
相場
首位
笑顔
成果
教員
歌集
電気
石油
転落
参入
定着
活用
会話
配分
発想
電車
小説
番号
学者
近代
部隊
前進
通知
改定
記入
投入
見学
落札
目下
最期
今冬
昨夜
野菜
知人
電子
南北
社内
散歩
客観
起用
給付
調味
打開
連敗
育成
発覚
飲酒
表面
思想
前半
声高
無用
器用
馬鹿
清新
低調
有用
無力
良好
大臣
様子
上位
上陸
売買
発動
信用
入社
出火
内定
意図
失点
結集
休館
気分
中小
死者
打線
内部
定年
定期
明言
続出
借金
動員
追加
合唱
印刷
同省
大半
食品
工業
手紙
感覚
旅館
学会
次期
化学
機械
開業
形成
代理
育児
流動
観察
左右
戦死
生命
年度
会館
次官
数字
少女
年中
来夏
空路
春先
本日
太古
昼前
今夜
電力
調子
代金
安心
発電
終結
流行
進学
養成
作曲
交付
発令
同調
読書
談話
転用
出血
世話
機器
自信
所長
鉄道
観客
季節
先物
地上
動向
北部
高名
直径
友好
実力
場面
県内
住所
両親
面積
急落
調理
欠場
商売
走行
実感
返事
着手
生息
進歩
連動
乗客
地下
多角
他人
定例
役者
自体
競売
車両
列車
体育
教徒
上司
書類
引用
合成
完投
新作
化石
受給
言明
入手
定住
案内
府内
主体
気温
少数
医者
風景
時点
本書
高速
台数
理念
速度
感心
開票
作文
植民
水泳
投書
参列
消火
放火
配達
着服
所持
便乗
発給
表記
言語
児童
黒人
頭取
昼食
合理
人類
年内
最多
空気
店頭
事前
地点
当地
世帯
入試
短期
台風
医学
植物
用地
単位
西側
身長
人員
労組
実家
産地
部会
用品
教室
商社
室長
成人
通学
投球
流出
協同
両立
着工
究明
観戦
楽観
持参
入選
連行
野生
集約
乗車
身体
歌手
日記
終戦
短歌
近所
店員
機動
両院
文章
新薬
同等
極度
気弱
対等
不法
希有
達者
正業
多感
本意
流石
無法
親身
幸運
古風
切実
物的
平明
無学
内気
美味
身重
整美
病弱
心外
身軽
半日
近日
道中
夜半
朝方
今夕
日夜
球場
内戦
書道
絵画
司法
大陸
最新
長女
国王
町長
用紙
化合
歩行
飲食
加速
命名
味方
付帯
送金
台頭
受理
対面
競合
給食
出生
改良
人形
同町
連休
冷戦
同点
本紙
友達
食料
電機
町立
内外
正月
給料
陸上
競馬
半数
大国
空間
生物
東西
治安
体重
県立
不信
区間
地位
農村
小学
読者
路上
両者
人民
静止
外出
失速
連結
送信
教訓
帰省
結合
分類
好投
送付
登校
自覚
愛好
開館
面会
通話
画定
祝福
待機
開花
会食
作動
全焼
定数
最長
大戦
重点
中身
書店
土木
切手
本店
原案
打席
打点
具合
人材
海岸
共和
夫人
伝説
回線
品目
家事
作者
室内
未来
感想
数量
手形
社説
死体
式典
国対
種目
屋根
入管
主力
部下
自国
青年
各種
行事
今朝
集計
共生
念願
直面
由来
入省
連打
通用
連想
学問
入植
実用
運送
多発
曲折
売春
休業
相続
共感
配置
競泳
配当
対照
求人
出品
節水
続行
上下
発着
行列
兄弟
信号
両日
原子
家電
漁業
商店
教委
国道
議院
衣料
車内
勇気
業種
原点
天然
初戦
公立
勝者
太陽
全力
文明
打者
同大
同校
分科
原作
画面
地帯
回数
理想
指標
議席
初期
牛肉
商法
事例
西部
内科
画家
名人
出店
開国
回想
追求
周知
通行
追放
結束
配転
手当
清算
照会
入会
選定
消化
人選
宿題
議決
失望
朝食
作用
持続
調和
通達
手配
後続
対局
愛着
北方
氏名
隊員
人体
遊園
女王
役所
敗者
対外
会期
助手
院長
強風
加害
祭礼
村長
火事
末期
街頭
両社
町議
主役
軍人
都銀
年代
図書
本音
指数
学長
残高
国土
同紙
外科
原発
東側
光景
実業
軍部
国交
争点
学部
詩人
様相
家具
大気
内相
動機
原理
青春
同区
親子
書面
都合
工学
区内
順位
上空
局面
民事
陸軍
有無
自決
横行
開通
配給
照明
発音
強要
考察
区分
調節
集積
中立
集合
見物
好転
改選
直結
投下
全勝
開店
発信
建立
運行
発達
子守
加点
算定
送電
敗北
上京
散会
合戦
進化
司会
返上
変形
黄金
時計
無死
熱戦
定員
悪口
長打
駅伝
原油
公算
方言
栄養
中部
名目
紙面
首席
治験
兵器
運命
農民
体長
白書
念頭
立法
台所
体力
工芸
受章
全員
元年
中間
夜長
家中
初日
毎秋
元来
昨冬
先夜
火曜
今時
倍量
月末
先年
後年
毎夜
大昔
短大
通貨
商工
形式
理科
世間
公害
出番
緑地
心身
女児
消極
先頭
農相
観点
府議
同級
都会
人数
月間
商業
物理
力説
参戦
合宿
分配
伝達
飛散
選別
流用
建都
回遊
引火
挙式
録音
助長
区画
回転
山積
急進
実習
入園
強行
参画
連帯
急行
先勝
区別
着目
行進
合作
自作
入力
服役
急死
待望
順守
美化
登用
共鳴
入門
父母
梅雨
酒類
真相
国外
声楽
小屋
冷夏
手間
戸数
北側
家計
東洋
絵本
体内
荷物
側近
徒歩
学科
天体
究極
戦線
中年
地図
取次
和風
天国
薬物
管内
心理
特使
走者
体調
白紙
愛犬
車種
男児
姉妹
野外
戦車
市道
天井
人種
小物
各紙
正面
辞表
活力
同店
調書
東部
本物
軍機
木材
用語
公社
国旗
貨物
海上
主食
神社
方面
花火
半島
水産
木星
国語
外遊
商談
下宿
家出
配信
決起
考案
交信
入館
出題
変身
立案
大勝
外食
転校
空想
生育
敗戦
出向
強打
予感
生長
運休
発送
加算
祝賀
同感
直行
続発
加重
量産
悲観
残業
競走
発案
苦戦
出世
付加
加熱
服用
発病
南進
出願
失明
付着
共有
旅客
岩場
真実
新卒
府県
側面
満点
南東
歌人
大物
身内
薬局
気配
中前
農地
利息
無名
全長
景観
組長
標高
包丁
組員
子宮
農薬
自家
新書
要員
商戦
労相
本選
父子
列島
空中
学年
真意
水気
公安
天気
新車
両方
特例
灯油
何者
身元
電波
原料
時速
白人
気候
直球
母子
夕食
県民
王者
両氏
緑化
助言
弟子
土器
使命
好機
手法
公金
節目
生後
屋外
会頭
車体
役目
着物
役人
近世
漁船
地学
学園
水道
無期
府民
南側
仕様
軍隊
学芸
右手
勝敗
国歌
消印
民放
空軍
文相
兵力
高温
取水
学級
右足
熱気
戦力
上級
天文
白星
半面
頭部
府立
名物
下部
新進
機運
予言
連発
買春
照合
着色
病死
乗馬
返送
悪用
休部
帰休
老化
配本
回帰
連戦
発起
入浴
花見
着用
熱中
落選
入北
始動
落着
算入
出動
転入
対談
指令
配列
参観
結実
等分
協約
追究
焼死
整合
転向
上達
受付
愛読
先取
答礼
内申
受信
決戦
交戦
節約
同乗
実戦
大声
書物
行員
成分
伝記
学期
日時
風速
器具
景品
文芸
分子
市街
草花
本番
母校
実体
園芸
筆者
美人
手前
例外
重量
好物
下町
前線
手話
速球
老後
紙上
他国
戦場
南西
活字
寺院
熱意
利子
電流
薬事
本名
後部
商事
順番
山林
全身
漢字
車線
自伝
教会
家屋
力投
海水
車列
和紙
古典
足元
都心
手首
外来
外部
集落
新法
教頭
温室
宮司
終末
薬品
町民
王朝
書家
草案
機種
上部
手帳
見聞
正気
無芸
先安
方正
先高
不徳
浅学
公然
東方
温良
別様
未練
短小
同一
手近
不運
極悪
上等
小心
希少
横様
大形
老実
不全
軽少
皮相
無念
神速
悪徳
色白
自動
明細
極道
不動
弱気
本当
合法
知名
足弱
広量
多芸
全一
中空
無病
無様
勇健
未読
風流
無知
文弱
達筆
高直
直角
真丸
無害
長命
単一
博大
太平
無道
黄色
失当
弱小
真白
不平
無類
最高
上乗
多量
黒山
自明
暗弱
不定
公明
真暗
横長
真正
大風
無根
不意
博学
切要
真赤
分外
未開
安手
気重
入用
本気
健勝
内的
小味
好運
不様
年長
不変
遠大
調法
安楽
重度
安静
本望
多病
意気
好色
冷血
特有
不整
中正
茶目
気早
固有
軽度
不順
不味
無体
多種
平気
下等
本式
利根
小食
老練
不同
温和
無味
真青
最下
寒冷
短気
大力
希代
深遠
光栄
分明
入念
強健
初心
下品
年少
大口
中高
老弱
新式
多事
単調
平板
多目
最良
美的
不等
多幸
無筆
弱体
徳用
広博
無人
花車
多才
鉄火
実直
極大
多望
火急
極少
最上
利発
不覚
水平
不和
深長
少食
真黒
年月
不満
温順
親愛
順良
不用
無数
肉太
利口
深切
有意
最低
英明
大味
荷重
最悪
小量
軽便
高大
肉細
両手
日数
笑止
洋風
勝気
半間
極小
有数
遠浅
望外
平安
高遠
重体
高位
心的
間遠
横風
口早
口軽
生直
足速
見高
病的
全的
低級
積極
大様
気短
小体
量的
然様
法外
不良
大童
速急
左様
丁度
不毛
健気
気長
内福
詩的
安気
長大
細心
生新
真当
短目
口速
必定
不束
学的
静的
強的
手短
目深
動的
正大
安直
目茶
外的
強大
肉的
真直
当然
口重
和食
親類
選管
合金
有印
利害
土産
火山
用水
細部
道徳
海軍
悲鳴
店内
水門
温度
院内
最古
校内
同時
祝日
都立
所信
満開
食管
目前
人道
次長
西洋
下味
立体
社名
本体
陸連
番付
漁村
物事
医院
代打
日付
新米
英文
後方
火花
他社
同案
満席
両面
首長
月例
女流
肉体
両省
係長
農林
年次
地理
古来
要人
地面
衣服
主題
特色
本戦
文科
試練
医局
初代
品物
各氏
母体
洋服
町内
外野
名作
空席
王室
古都
門戸
身分
科目
法要
風水
失礼
欠落
主管
相乗
当番
出金
力走
野宿
植林
号泣
公言
用心
分化
長考
乗船
配合
北上
転出
分業
食害
思考
休学
散発
生成
発会
特選
遊泳
焼失
筆記
通院
連取
合図
出国
観念
着衣
電化
試作
投薬
的中
刷新
点灯
開校
登記
全治
改悪
水死
心中
完走
改名
所要
休戦
分乗
面談
完売
氷結
出走
始末
願望
試食
決別
返答
係争
落下
転業
肉食
先決
出力
公定
引当
進言
入金
親父
音声
部員
消息
不作
立会
副長
大地
行楽
数学
地表
海洋
風土
表紙
店長
軍国
兵隊
使節
名曲
乗員
夜空
本館
西岸
美女
船員
車輪
工員
農場
極右
右前
何事
野草
森林
熱湯
春季
労使
本場
活気
初歩
駅前
係官
教材
同府
進路
口径
子孫
母国
大佐
州都
国有
軽油
王国
食器
地主
学院
楽屋
原画
議題
肉親
熱帯
本文
最短
親族
地銀
円形
弱点
兆候
先番
陽子
立地
路面
手順
油絵
左側
外貨
語学
合間
終身
信金
電器
打数
手口
国軍
水位
要録
教養
荷台
村人
細管
機体
同所
役場
本業
題名
根底
文言
欠点
対岸
文庫
根元
白色
半身
各界
手足
問屋
有給
辞意
売店
極地
点数
反日
愛国
海運
種子
倉庫
単品
足首
全線
歩道
発作
試案
花束
自室
王宮
落語
文部
見地
当社
左手
夏物
物品
神話
様式
球児
元首
果物
言動
両校
公海
議事
題材
名残
口実
東北
風味
島民
同博
里親
民家
流血
例会
園児
全店
目頭
県議
定説
町村
直間
重油
米人
前例
金庫
屋上
目安
地場
館長
同機
口元
民意
大台
天候
標語
標的
考古
産物
自力
元号
地名
民法
元本
係員
書名
木工
中古
週間
友愛
無線
花輪
分会
気力
口頭
区立
秋季
無実
左足
部活
上流
好意
市有
生体
後者
反動
街角
目録
楽器
年頭
利付
指輪
大空
船体
局員
人手
洋上
道具
先手
校庭
来客
小委
有料
弱火
同種
景色
乗組
神道
同委
船長
品位
手元
前面
法定
毛虫
通路
本国
文物
球界
空前
成案
王子
祭典
新生
休養
固辞
察知
同化
入港
分岐
合体
着想
新調
来島
思案
下見
伝来
開門
単行
完歩
愛用
仲買
説教
集金
大病
完敗
記帳
直言
流転
試写
知覚
休息
失笑
所期
反落
発熱
死守
調合
来館
土着
半焼
定植
伝送
内包
下校
特筆
完結
決行
出港
動作
左折
進入
入村
大敗
発進
自給
決心
所管
転売
完勝
待命
代休
消去
楽勝
大別
固守
落馬
注力
安置
配線
加味
帰京
交差
中和
開局
先着
産休
談笑
来店
立食
発育
野合
発車
放言
自白
記名
起業
開場
送球
右折
試飲
印字
切望
給油
動転
勉学
入所
改札
落球
内助
算出
目印
進級
全開
苦笑
転身
注入
放流
熱望
命中
飛来
山道
外見
山間
水面
赤色
牧場
飲料
客員
人文
頭数
生地
各人
内実
長期
車中
反面
古代
中葉
戦時
行末
最初
冬季
時季
中世
前期
食前
明朝
例年
真夏
当期
大方
生来
半期
早春
半月
戦前
中期
真冬
当代
今期
当今
日中
前回
満面
直前
時分
夜中
単身
前週
年初
夜間
朝夕
内心
前月
足早
案外
真昼
終夜
昔時
明方
目今
夜前
元朝
両度
産後
時下
満目
平生
大数
行先
末葉
当世
客月
今次
本年
初年
毎次
明年
客年
去春
半季
近来
後月
他日
他年
他面
当年
昨月
少時
客冬
数等
昼中
日毎
夜来
毎時
当夜
毎食
年来
毎秒
毎期
以上
方今
当節
早秋
夜分
夜毎
寒中
本初
昨夕
満都
帰路
白昼
後来
終年
毎夕
半時
半夜
昨週
全日
当月
多年
例日
満場
先度
各員
城内
病後
毎度
陸路
元三
近時
昨朝
各自
初度
去月
毎号
当季
初冬
半道
雨下
終生
終世
冬期
長日
月央
村民
下水
社屋
親中
機首
好感
明暗
青豆
投機
高熱
苦言
力点
半生
客足
医大
親友
次席
中火
本命
学業
旗手
議連
自前
火薬
金具
大豆
小品
医長
気品
病原
青雲
教書
有機
南方
酒場
実相
教官
沖合
部数
野鳥
回路
王立
外信
歯科
駅員
大小
白票
漁民
機材
園長
両紙
有事
大男
官民
生死
特急
隊列
台本
覚書
横笛
反戦
君主
大差
前文
速達
台帳
海辺
空調
歩調
物流
小鳥
右側
投打
信念
通年
大卒
新入
文民
前身
古米
初回
期末
酒席
外側
労連
出方
室外
大作
古着
北東
最小
助役
目玉
民芸
死球
灯台
事後
受取
新品
上着
当事
庭園
風雪
親方
列石
特産
図画
本屋
転作
動議
通念
活路
線路
水着
両側
仕草
文様
外伝
夏季
出足
宿命
利点
図式
特番
便数
衣類
対案
英字
天才
校区
戦友
湯気
下方
芸者
大工
次元
詩集
望遠
関門
議場
薬味
客席
食物
旅先
童話
司書
公使
親指
軍用
強度
多選
水深
山車
点字
自発
少子
初球
結社
議定
入水
合点
分別
落葉
板金
作付
作物
月数
北国
冷水
町中
色紙
古今
気風
各局
宿主
前夫
地代
鏡台
実話
長身
時短
中級
文楽
門松
羽根
別館
線量
小石
意地
対人
酒量
週内
山里
全会
始発
内線
男物
同左
転機
王族
年産
仕業
体協
外人
青空
海面
歌曲
区民
実物
雨量
手芸
全校
心地
等級
金文
始球
病巣
国庫
茶色
品種
全文
用事
旗印
金貨
良心
電線
同村
新緑
作風
旅人
飛球
血管
州兵
定休
病人
洋酒
近辺
角度
社交
下位
満身
全量
南国
秋冬
社協
学友
弱者
次男
辞令
伝灯
駅名
物産
同薬
香典
愛想
労作
屋内
市井
島内
病名
本位
死語
要所
開明
定時
動力
王様
部位
浴室
岸辺
固形
芸人
戦中
低温
水分
伝票
連中
関取
生理
年下
世相
年数
送料
期日
正門
北西
同右
満員
和室
全社
糸口
標本
味覚
部落
字形
洋楽
悲願
兵員
打球
別表
下辺
名門
都民
社寺
栄光
月産
後味
水害
害虫
未知
気合
風物
金品
隊長
表札
同数
不仲
近海
当主
教主
利便
園内
内局
長所
古巣
主筆
本家
昨季
動画
空白
人前
親元
新春
局部
思春
無言
街路
無配
自助
原形
積雪
主観
特区
中流
辞書
小児
風船
美顔
春雨
子役
所用
住人
実地
耳鼻
年配
公司
低空
産年
軍転
薬湯
茶屋
名水
土台
多岐
達人
強火
度数
口調
管区
公庫
競輪
船頭
水虫
各部
筆頭
食用
同相
西南
鼻血
小麦
真上
定番
自筆
夏場
戦列
生家
水力
内角
定石
新内
縄文
未然
寒風
医科
小雨
名産
目先
出船
平行
前後
直送
間食
伝言
群発
引受
転化
北面
要約
配管
力泳
標記
日参
群生
分散
行商
下放
特約
転回
予習
入局
直上
成形
遠出
自転
登院
借入
帰着
大書
直観
始業
協業
林立
改新
来院
静養
発走
散水
熱愛
着岸
列挙
配流
詩作
起案
集散
特進
交配
配送
鳥観
合算
気化
自負
代用
相伝
包帯
配電
希求
帰化
工面
才覚
折半
出所
放鳥
放出
書写
代筆
来場
軽食
具申
安産
直進
類焼
遊学
発声
入定
必着
静観
小便
計量
自生
公選
宿直
入隊
苦心
筆談
建議
白黒
入荷
風化
直下
係船
発光
先後
冷笑
付録
直流
連係
赤面
返金
録画
帰結
暗記
入線
多用
指図
別送
入校
低落
表決
会同
手続
物色
打電
挙手
他界
必見
用船
配水
教練
見参
打算
草食
発明
加筆
遊説
流会
流失
関知
大同
集結
失火
休止
類別
焼香
建国
発散
改組
整地
変節
想起
調教
電荷
必読
文通
親近
南下
感服
少考
交遊
感電
教習
選曲
流入
改変
写生
上気
来社
分立
入行
栄転
高言
遠望
列席
代読
返礼
集荷
改心
見当
多作
起草
船出
予見
通夜
空転
卒去
全休
焼身
注水
急変
返品
借用
整形
熱発
転学
落後
着席
競落
成育
落第
落成
暗転
手品
開戦
試乗
負荷
起立
人心
上面
各行
塩水
各組
谷間
新手
代物
内面
元金
上方
商人
波頭
大根
何人
漢詩
前方
大雪
緑色
寒気
船場
雨水
雨風
心底
音色
高台
通帳
残飯
都県
世辞
年上
礼金
有線
手本
老年
各線
試薬
曲名
原文
時流
足音
漢方
公用
北倉
対物
暑中
青葉
陽光
事案
実例
西進
和服
悪女
民生
島国
楽章
司祭
手引
建前
校歌
課員
省内
高地
土中
高給
雨戸
血球
道県
強弱
前者
作出
最強
法学
口先
力作
先見
口笛
信教
点差
金物
健児
残雪
祝電
横顔
機電
館員
代官
浴用
重文
菜園
会友
後記
正体
不実
太刀
人目
主戦
実兄
配点
官公
前歯
体形
文具
返球
各店
薬理
駅長
軍民
文集
遠足
内耳
鉄人
林道
林間
実父
海底
残土
内径
顔面
本土
船首
才女
変電
農産
火力
自軍
陸地
遠洋
底辺
光度
局地
水利
長調
外車
組曲
名画
後発
水牛
番外
白子
焼肉
器械
物議
小人
連隊
小指
手先
鉄板
岩船
初級
天守
南都
決死
人命
全集
平屋
見積
半径
初夏
県道
失投
公民
店名
画題
本港
部外
火器
道理
神様
年輪
古書
長雨
少佐
当行
香木
見習
単月
町名
同軍
悪意
温水
石炭
全土
後天
同和
使者
土日
両人
本線
落差
同小
耳目
建材
波間
美酒
本島
重荷
曲目
康平
算数
熱病
県連
実名
客船
観葉
出色
法王
頭角
結末
実子
出先
学力
土建
手動
老母
歩合
卒中
家業
週休
左上
主計
水中
山菜
大金
前兆
車道
全曲
水色
短調
原本
道行
道交
好天
神事
風習
死期
急流
半量
休園
店先
同館
天神
文体
曲芸
雨林
同名
階級
親分
口中
等身
対極
民話
学徒
学童
決選
度量
楽曲
野選
両船
同位
洋画
文面
近親
季語
美徳
小男
冬山
場内
食材
夕日
道場
直近
無機
体面
力学
芸風
極意
雨期
親交
先人
外聞
前庭
青果
年賀
司教
屋台
近景
風上
市会
州法
西方
手羽
同書
水球
水兵
山男
次代
長短
国体
冬物
必然
集客
教科
記号
祝辞
深部
秒速
手練
本流
日課
老害
所内
低音
特長
病苦
細君
歌声
金魚
法文
芸談
足場
体外
功労
小目
曜日
電信
本心
正味
全館
勝機
外角
天使
病室
悪役
屋号
名所
会席
力量
長旅
茶番
定食
地形
家人
農協
夏期
月内
果肉
音量
労力
農学
選者
反旗
芸名
客数
歯石
田園
名字
時給
新芽
中秋
和歌
天下
各所
局番
民宿
年商
魚類
家元
月給
雨天
冷害
軽量
類例
子弟
別人
道順
重力
急戦
学説
数理
黒板
念力
産油
立国
短詩
福利
所定
首輪
初老
黒星
土手
真心
外用
計時
関節
買取
出前
電算
館内
便所
医薬
薬方
勇名
商号
水運
市外
当方
鼻歌
終章
出来
赤熱
出漁
発議
下知
根治
重用
陸行
放下
算用
立願
西遊
借問
直答
相反
黒白
物心
平地
急坂
借家
小雪
金色
童女
立合
人力
上辺
大輪
水辺
白地
園生
新香
海鳥
黒子
角界
家内
各校
天地
声色
博徒
野分
身上
春風
初孫
薬代
海路
老酒
夕飯
末弟
好事
石室
苦味
玉石
草木
花街
風車
弱音
流星
朝臣
右目
雪雲
語録
正伝
初子
鉄柱
門徒
鼻息
国鳥
目白
功利
本号
同夕
幸先
和漢
以東
用具
東風
高弟
答案
漁港
見栄
山気
方位
黒船
出自
花形
中等
冷風
本省
汽車
歯車
海中
表音
悲引
波長
博物
画集
学究
文末
水屋
大社
強心
小康
寺社
月日
不敗
車間
都区
音階
村立
左飛
広角
谷行
運気
茶室
方便
向学
人里
小豆
血便
出欠
以西
合板
置物
人身
黄旗
代役
役名
白文
寒村
花器
電動
字体
火口
式場
魚肉
高配
生魚
大玉
残部
細身
絵馬
線区
特大
銀貨
大夫
工具
女心
白魚
文筆
列強
光線
全形
横丁
前節
下着
古式
時差
低速
庭木
石門
所作
期初
州立
同家
秋水
漢文
乗用
成魚
台車
多産
同業
学位
家相
不学
古楽
対内
陸相
産別
分館
先客
神前
天空
滋養
曲者
元利
議案
形見
熊毛
暗部
東院
新都
気功
手中
旗本
口車
悲運
早足
白日
母印
上人
空自
毛筆
水心
路地
口語
近県
海友
大役
敗色
竹刀
所員
食後
必勝
官軍
身辺
店主
香料
地声
動意
赤貝
神父
極寒
湯船
大雨
女中
車庫
小差
年始
草魚
早道
病身
短長
同港
農山
原産
表土
金満
当人
表題
子女
水草
音曲
生身
実車
下絵
弟分
産品
雪上
短刀
通所
府会
公取
黒色
元手
金銀
神木
章典
労農
天命
書作
極印
競書
左官
面相
国名
赤地
外形
葉書
事由
大全
子細
声量
返書
特典
大火
球形
後手
子息
雪原
助員
弟妹
人様
巣箱
愛車
大便
選書
街談
小社
長話
天平
月光
死神
口数
次週
花芽
見本
緑豆
両極
安物
本隊
理数
祭神
茶会
行間
男坂
文語
英紙
軍楽
苦楽
力動
絵図
市電
夜行
箱屋
水温
信徒
陸運
温帯
白番
時化
借地
遊休
刷毛
立札
法量
足軽
部局
間合
他方
工高
医事
実弟
理国
空文
里子
火元
岐路
赤毛
女手
国定
交番
各委
朝練
南庭
鉄路
未完
数列
長物
中佐
議運
朝市
信組
愛馬
色石
転院
週給
別名
長姉
名声
字引
県土
商船
和洋
当来
歯根
美学
小道
曲線
学区
成年
村落
他者
南口
口上
月白
野望
歌業
新曲
戸別
別線
新館
自画
遠目
商会
東海
春物
酒屋
説話
和文
当落
石頭
上役
式辞
体高
初雪
塩分
学名
代走
不発
時機
給湯
塩味
真顔
横糸
入級
弓形
名実
茶話
表側
法事
課目
目線
同根
無間
牛歩
根気
見立
死生
矢板
軽協
電池
定形
下意
青天
洋間
海事
物置
川下
食味
変年
計器
内陸
多客
知育
手管
内側
多色
図学
最愛
成金
末路
愛児
後内
親王
各次
農具
号外
月面
始終
横車
北風
美観
電極
夜食
遊具
放列
図星
国選
開教
山王
参道
果実
日光
大群
読本
王手
銀色
笑芸
気付
橋台
各位
静物
天宮
洋梨
続開
単打
正札
左前
葉色
原始
日月
人中
同中
短命
歌道
便器
不問
同隊
切花
子分
女声
新星
地平
小犬
他意
夫役
悪玉
地中
線香
代地
車外
死力
東南
徳育
子犬
古老
辞典
先代
申立
薬用
実母
悪友
社外
老公
特会
治世
長老
画材
他馬
苦虫
対空
右上
木札
機内
臣民
里方
秋風
英知
調度
公道
戦記
陸海
毛根
単科
郡部
外観
習字
法会
先方
文法
黒石
陸協
半旗
器物
軍命
図利
寒空
悪法
毛色
絵筆
終着
歌友
商標
場外
予行
大老
道民
岩山
同族
用材
色弱
気心
南洋
同山
配下
最速
町人
末日
願書
板前
天元
勝算
親米
無敗
上官
初産
候鳥
王家
魚心
先入
本局
古様
門書
前部
船上
原題
新説
人出
大寒
県花
口内
部族
白球
左目
本数
気味
後代
図案
学卒
両機
類書
満天
洋名
打順
器量
星空
集題
名品
油田
北岸
船旅
国父
語気
高卒
汽笛
生計
昔話
次節
題目
文教
中倉
客室
無神
長計
同高
浴衣
日用
民業
子羊
牛車
秋波
海兵
国教
本箱
鳥類
選良
予科
洋館
生肉
記章
電材
美風
兄妹
自説
正副
火星
林野
引分
魚体
積年
校門
石材
親水
周期
底力
遠景
産声
好守
社業
小包
外事
秋空
洋食
小声
米作
毛糸
入日
徳利
水流
顔色
大皿
節度
夜目
急場
赤軍
明星
群島
通期
本題
字書
女神
特命
漁具
実利
立話
耳元
各省
原人
死相
土足
番人
反感
上白
起点
成体
開運
大祭
音頭
王位
頭金
麦茶
下級
表意
富商
体積
野花
文理
産科
主文
頭皮
家長
多分
物体
高利
列国
祭具
右岸
南倉
官業
単語
北門
生気
所産
老木
英才
返信
家路
出目
色街
雪国
養子
積立
曲想
集名
学内
土物
茶柱
下面
風神
最深
体毛
知命
頭上
色気
雨雲
水軍
女坂
馬番
意表
後宮
土用
周波
米兵
連投
赤子
番犬
春期
白米
大軍
年号
開村
地酒
村議
国事
富農
横町
真空
老親
土石
野辺
氷山
女物
神風
人魚
行内
大漁
漁場
多重
楽所
内輪
名車
画風
画一
手鏡
全席
汽船
開口
夕陽
伝令
仲人
大麦
朝野
地力
所行
漁協
深海
民兵
食肉
貝類
電灯
理学
多国
角材
童心
主知
消夏
同島
図表
小農
新種
宿願
低利
労音
人家
風雲
両様
本元
畑地
仕立
短観
階下
火種
香道
母方
明器
少雨
戦意
色調
集魚
林地
大王
光熱
行年
病者
学風
軍配
春節
商用
水銀
側石
冷茶
中温
念書
単勝
同心
末席
外周
羽毛
参事
光速
金目
実定
風雨
口火
血道
省油
大目
半目
浴場
死本
牛女
単形
写本
機上
料飲
海原
同形
虫歯
多面
学界
水量
目上
古手
本宮
暗雲
農道
牧草
州民
外電
無休
器官
神童
海流
生水
空力
火付
秋口
有人
入歯
法主
光量
全馬
末代
顔料
無形
単願
成鳥
隊商
生音
石柱
新駅
本薬
副業
戦火
落果
前列
器材
春宮
予兆
続投
養父
国力
写実
中産
年会
実年
弓矢
同院
反共
良薬
外様
王女
清風
名医
矢印
遊行
変名
相対
直筆
自重
入来
大息
化生
下手
対語
出立
細工
回心
注油
和楽
合力
成敗
出水
早出
徒食
点火
落書
発意
他行
円満
伝法
無茶
横着
無心
安息
大挙
同期
印加
水書
深化
消灯
特待
通交
起筆
転送
節米
通関
門出
湯治
特注
試行
熱願
重合
栄達
後送
受配
低回
消光
高唱
生動
散点
口外
約言
止宿
速成
差配
安着
票決
結球
出府
休神
同車
送波
発心
曲言
水食
細説
初出
放水
念持
固化
植皮
外切
信服
合議
同流
積分
参朝
内談
東進
実写
出札
予覚
自活
着金
参進
固持
清書
内命
宿望
訓話
見分
満水
内通
付言
自学
力戦
終止
直覚
追録
同定
老成
変改
立見
参宮
群集
約分
放電
加階
予知
通電
引見
量定
全通
上書
作図
治水
申達
変位
代書
省筆
投写
休心
投身
内服
筆算
案出
分家
建言
転地
消失
列記
入信
消散
安神
発出
送別
陽転
考究
塩焼
訓電
手交
付課
返本
出仕
帰山
残害
訓読
配付
入城
習練
進発
細別
目指
変約
問答
仕官
帰服
帯電
終漁
送配
乗算
転変
来所
開札
辞去
代言
老死
血戦
写植
転写
変転
表出
愛飲
着水
順礼
集配
単作
分流
代決
給血
対置
出炭
苦学
標定
不参
入部
整流
答電
訓令
思料
説法
自記
代議
感泣
送風
落石
死産
欠礼
小別
同室
直売
節電
付議
買物
心労
放神
通計
回議
下向
朝礼
洋行
指向
起算
帯同
直感
落城
受光
用談
出芽
改印
周回
集成
開帳
定置
口約
暗唱
追記
公転
内祝
分有
思念
自愛
弱化
受業
改題
当直
協和
帰投
分水
思量
同着
早世
入庫
伝習
集貨
分界
相愛
読図
転位
心服
上木
化育
流産
整体
暗算
帰順
自乗
多食
和合
下付
羽化
失神
発問
落手
作画
反転
改作
代作
切開
東上
塩化
起工
改行
図説
倍加
付置
変死
放散
真読
対当
帰朝
言上
入梅
苦行
成約
助力
植毛
交合
入朝
頭書
消音
共用
登城
開化
実見
直交
注進
変心
投合
耳語
両分
道楽
内観
板書
暗合
黄葉
参学
塩梅
東道
印行
放心
大言
来観
犬死
雲集
書見
目送
受命
仕度
来校
参内
要談
引算
直読
通観
休校
約定
配色
度外
続落
血書
味見
着地
化成
高調
連作
筆写
分宿
美食
開板
付会
使令
和協
進上
活着
共立
転成
挙用
速決
朝賀
散大
徒死
反命
選歌
出社
欠食
着信
生録
追考
下乗
海食
使送
仕分
代願
行持
回向
内約
欠配
速記
流下
転調
定位
放歌
止血
分列
配向
底止
出入
下命
達観
栄進
手記
運算
自習
横死
低唱
臣事
上船
筆答
参究
表白
生起
参上
失調
試問
内達
入道
参府
多言
連記
着荷
帰社
定立
全敗
投出
放熱
早産
低頭
立身
親祭
病欠
使役
令達
特売
助走
選好
連乗
生食
消長
休会
手書
当用
作表
兄事
着筆
重刷
行幸
望見
同道
来談
相関
元服
別売
校合
参着
帰農
足算
周遊
計数
帰来
給養
内借
着意
開園
失念
帯出
同宿
調進
別家
他出
回生
生別
強直
養育
分売
飲用
欠課
順行
節録
改元
下船
感化
給電
対顔
送達
回国
極言
切言
来朝
発火
参会
大観
教化
回申
信愛
集録
進達
調薬
愛育
外注
自足
急送
明察
平方
内分
首唱
直談
連用
近道
会読
聞知
転進
予察
卒読
小計
勇戦
臣服
特訓
案分
回付
選炭
徒長
死別
実働
輪作
節食
他言
転宿
炭化
赤化
着帯
分村
半周
服薬
火定
直話
感光
特出
反目
公売
族生
参賀
回読
自害
重唱
帯刀
早死
想望
感知
内向
散開
代位
変成
間作
清遊
発願
着電
苦節
自首
細書
入室
産出
完工
折中
内省
共栄
回訓
歌唱
着火
治定
風聞
陸送
結氷
速答
回折
官給
所望
長欠
育英
輪転
自選
急冷
空発
自問
育毛
近着
開立
休電
受用
植字
商量
送出
徳化
下馬
白熱
両用
通読
育種
発赤
後見
共起
切死
明答
速写
集線
成道
下城
参向
反問
配員
予期
平定
作詩
切願
験算
発向
具有
成業
発色
送水
変速
起動
受電
回送
進水
帰港
分極
伝動
自省
目礼
失言
側聞
安住
静思
帰参
直立
温浴
風食
特配
音読
荷電
愛唱
放牧
特記
下達
参集
協商
積算
転置
試走
商議
転記
転生
上申
出庫
挙兵
主唱
口受
金打
重出
入京
発芽
放念
立言
養生
食言
会戦
鳴動
変色
熱唱
追試
入湯
助命
通約
放校
理会
観照
後進
合流
帰館
直通
広言
売約
改号
続生
伝道
合本
風発
細分
回礼
分合
来遊
味読
出家
神化
残置
急転
自書
固着
放談
組成
習合
集束
連関
目算
信心
加給
分地
落筆
高談
投石
課金
大食
訓育
入漁
想見
返付
急追
多読
分光
散見
種別
焼成
口達
感受
分筆
開所
書置
活写
火食
早着
失心
号令
着船
本有
帰一
流連
直書
伝聞
客死
南面
会商
水浴
遊牧
節酒
変説
投宿
着生
伝写
代参
敗走
行軍
唱和
建白
来着
行水
手写
順化
注記
正答
点頭
転戦
登極
整列
開院
前借
求愛
代置
菜食
転借
西下
火中
運開
転住
指教
下問
周章
流伝
特発
合一
加配
考量
横転
親和
別注
落命
列立
等化
分節
同船
高進
別記
給仕
開城
馬食
軽信
進軍
戦勝
送受
入内
輪唱
交感
内切
挙行
先議
代香
通園
司式
送話
仕付
変調
終決
観望
雲散
出兵
唱道
電送
公有
遊歩
試用
前売
立売
店番
文選
生害
先達
入電
門番
代入
対生
出頭
要心
力行
大成
入府
休場
終息
開平
追給
内用
前記
付記
加持
対校
調練
作歌
省察
追想
返辞
練達
競作
長生
来集
変通
色刷
引決
配車
去来
来会
校正
挙止
愛重
通分
別言
平分
輪読
転読
終業
自失
転乗
指南
南中
陸生
返照
研学
遠泳
油紙
気色
遠近
西風
黄土
文治
客体
飛白
天道
本所
音信
本歌
白馬
白銀
黒土
白雲
名聞
国風
出鼻
生花
後生
氷魚
浴客
板木
客語
求道
大君
子音
合印
良家
陸風
字面
身代
末学
苦力
天漢
下作
水底
月代
差金
女形
急火
他所
立方
新道
出面
前世
空言
水車
深緑
悪日
前頭
玉章
賀正
横道
強飯
各回
部民
先王
真書
副官
詩歌
遠方
白首
空地
地熱
初秋
長刀
横手
黒衣
前書
中日
白旗
長歌
高音
悪行
山手
法衣
男気
大望
土焼
古寺
風体
雨足
徒花
空手
下図
主命
歌会
頭打
金字
神酒
切羽
冷酒
祭文
番頭
工合
軽重
雲母
漁期
去声
空車
主客
母屋
和声
道標
法度
末子
近習
白炭
外輪
電場
人外
先負
付人
外面
末孫
声音
金口
漁火
山家
曲事
短夜
強者
高話
人徳
名代
白衣
細目
正目
人足
白夜
法体
面子
白熊
神代
生薬
山人
身命
下屋
利札
高札
点前
石庭
竹馬
女体
大業
行場
花道
悪血
文身
高低
手数
言下
女官
人頭
文月
兵法
石工
細字
麦秋
有徳
和名
手札
宿世
初春
残火
母音
大願
船便
反古
浅緑
灯火
白金
不治
手水
前金
悪名
末流
大身
天日
高足
行来
天火
生業
大兵
船倉
人界
人屋
流説
海神
仕丁
大字
深雪
男色
月次
正本
白面
草屋
船主
小路
客土
形相
足下
大所
船具
功徳
別後
心血
軍法
学課
青色
他門
林産
船人
期首
連送
冷気
名答
君子
来由
両頭
井守
清朝
失意
美育
切首
気位
大兄
円周
悲話
天声
塩引
他生
神明
帯紙
芸林
種皮
受口
茶入
曲玉
長子
入海
雲水
円本
本学
和様
主神
印形
元方
合名
平泳
法印
鉄山
文事
守札
歯学
上側
鏡板
標縄
文中
英和
焼野
馬肉
角書
追手
等温
折紙
倍音
菜花
工船
雲気
細道
位階
命数
原図
音大
菜館
同気
国利
海戦
水神
遊民
同学
同音
熱線
新雪
各室
心月
次位
県人
早天
平熱
主用
雪景
小書
活計
塩物
母上
形木
家運
公電
城下
和子
流矢
答辞
船室
馬草
軍服
無熱
切石
言説
川竹
会所
国界
電熱
生木
正念
相者
本石
重工
中音
強電
順法
名乗
口角
宿所
徒弟
重石
金力
老兵
公案
引船
湖上
新湯
力車
刷本
未生
半輪
正貨
電位
暗流
有終
風声
暗色
魚屋
官有
都道
残月
実機
借物
間縄
不通
山立
首級
白下
鳥人
品玉
養老
単向
中折
川中
新顔
早老
最前
側室
間欠
海気
目方
荷馬
連山
気節
短所
血清
近目
日食
当山
名案
星章
語原
島台
頭注
大刀
方形
対辺
駅路
組歌
外地
前芸
中肉
麦笛
礼法
横隊
引鉄
記法
金元
下種
遠見
面白
梨園
人後
名文
不帰
番卒
帰心
主辞
湯元
祭主
先例
法問
南港
続飯
機才
宿徳
大勇
冬芽
兵科
街道
観相
照星
生皮
船用
内界
立春
下女
和算
小火
銀輪
打歩
有司
信女
長道
草紙
借着
酒代
美童
文台
子持
苦役
地金
横物
軽水
後身
神変
油単
宿業
客人
信書
戦敗
事物
水雲
丁半
芸界
愛別
折山
新兵
青竹
男工
天界
市子
立毛
葉虫
後住
兵学
上根
温気
真前
横木
馬追
考課
南海
和金
太線
子葉
岡三
方角
切札
法式
本会
左府
練物
未成
良筆
好漢
空位
海里
本管
戸前
投物
年別
城門
切米
茶味
黄道
血色
公人
大局
商才
虫気
声調
清流
悪場
等号
産金
全波
門流
特用
水冷
山幸
鉄心
半紙
力紙
天水
飛板
功科
灯光
野次
後事
法楽
軽焼
根号
門灯
交点
本船
成語
功力
時運
神文
京童
入相
秋冷
王水
飯事
用人
発頭
付目
前場
果菜
朝顔
電路
好戦
次女
借間
言外
置市
産湯
新来
県西
子安
辞世
火皿
角行
原注
暗箱
加法
徒者
育休
勝地
付子
内積
軍船
極熱
好例
文案
好漁
良相
通草
天工
肉筆
毛羽
実悪
代品
遠島
太極
節気
香油
真打
石持
病理
無業
流水
岡目
投信
雨皮
社運
前説
駅手
声帯
礼服
組打
放生
野山
引札
海参
水星
原色
信望
書札
位相
電工
欠文
合服
求法
母港
黄玉
木具
歌意
直弟
聞耳
急便
氷海
短音
院本
正方
料紙
宿料
矢立
倍数
男波
旅宿
司直
松風
水根
良貨
玉子
青草
国号
話者
知友
漁色
黄梅
自利
聞手
血相
足湯
原級
波高
悪習
道家
詩形
雪路
夜宮
帯祝
英図
船客
町場
帯皮
中宮
目色
名君
残暑
暑気
局紙
満室
害鳥
田遊
選集
日給
君徳
戦功
表号
名園
語法
乗打
平服
病根
通人
宿帳
名器
乗数
習知
自公
田植
親好
大入
連体
金的
県令
正法
工兵
正号
茶利
古学
底面
銀波
転注
黒地
後光
正室
連年
転結
遠道
上戸
各面
無月
式次
野点
同県
民活
目高
帯地
年強
白州
代印
地文
上天
悪所
面部
正訓
国府
下人
達見
折本
農兵
全県
死病
古記
門人
半弓
前車
矢文
女持
梨地
売子
小半
血祭
旅銀
後葉
和上
角地
時世
氷炭
成典
油土
全景
水母
小波
次数
作中
外商
中口
君公
見目
民草
上紙
終点
神典
上長
多照
本校
科人
矢先
守刀
借方
牧者
雨後
連対
借景
家令
前人
不感
外皮
遠海
酒倉
祝祭
金星
米語
鉄材
新字
共学
体用
正覚
重器
悪文
内記
校風
火夫
絵心
原生
悪筆
使番
方図
外宮
才徳
酒色
名犬
作法
引縄
古文
帳面
養家
台子
白根
清談
金平
地口
原酒
和物
花畑
積悪
乗物
族長
水菜
点茶
星雲
名店
小形
名節
真中
生紙
無音
小暑
茶器
大徳
古物
功臣
全市
印池
会下
板屋
折角
点画
下表
人夫
黒目
見付
図録
利所
水仕
練炭
入子
側節
直伝
神火
画工
赤鼻
学兄
遊楽
初荷
公事
年利
実方
死文
母船
白歯
返点
空語
民力
聞香
丸取
他心
雪白
山海
差等
何様
階数
来光
実害
置数
弱電
委曲
田地
研北
空馬
公主
波数
億万
民地
別物
青物
室町
雪消
中食
名手
原音
神君
名利
船底
羽車
配役
群臣
令色
月読
死票
原隊
熱風
活花
岩根
花氷
生色
化工
全角
鳴神
玉代
画会
散人
合口
花鳥
前景
国学
明王
旗日
便船
雨中
負目
月極
印肉
電柱
国運
小事
悲調
練糸
食間
合方
子日
魚子
花梨
強談
昭代
目角
金鉄
熱血
玉目
弓道
死所
知力
平手
想念
平信
強味
列代
教生
病害
古紙
地虫
書付
折節
悪才
横波
席画
後金
小伝
間夫
戸主
各市
正中
塩花
肉牛
庭梅
熱度
通番
底流
口取
仲直
下番
黒豆
頭分
近間
楽節
字音
血族
頭重
小才
本然
金波
最少
湯花
間道
都鳥
分数
無地
日新
火切
実科
兵種
世才
才力
黒血
明主
別当
何分
軽卒
不死
草取
兵馬
上記
合切
国文
原毛
黒酒
親鳥
年弱
明色
野手
全局
軍門
心耳
無辺
立礼
科白
前科
頭首
身根
金主
草子
工期
旅所
受入
身空
今生
次兄
天女
宿悪
神鏡
道人
荷縄
農作
馬主
悪者
希書
父兄
音物
鹿毛
赤土
体感
才芸
草色
機工
緑便
止金
関屋
初夜
持前
中天
本章
苦塩
同体
悪念
土民
単音
水玉
里数
遊子
大鹿
全品
弱国
別便
仕向
焼鳥
灯標
宮中
切火
待合
選科
副食
焼玉
空陸
貝焼
原麦
近国
落口
良種
工大
聞事
土語
立板
県外
小業
半円
人達
当路
向暑
空豆
岩石
旅心
福引
竹紙
外客
画然
語形
小頭
中表
松虫
鼻薬
徒事
員外
秋分
話芸
鼻輪
金輪
波線
両部
長兄
無宿
秋気
文人
本願
祭式
船虫
選対
高飛
人語
薬園
見台
無反
和語
用命
外材
白雨
無色
食指
自今
板間
温州
単色
省力
教本
酒塩
出花
宿根
石高
高点
臣節
官服
宿屋
令孫
手心
夜直
北画
神都
家老
明君
落魚
外界
低位
鉄筆
方様
法官
残年
天草
終期
目星
歌切
両目
薬石
材木
包金
早業
仕種
大波
曲節
大要
約手
夏休
物界
不戦
単車
男心
星合
談林
宿老
重代
祭日
海員
取前
自他
折線
教学
語手
業法
下流
回春
焼魚
電文
夜寒
他県
物種
牛皮
時数
服地
船足
無季
通風
鉄血
着類
長夜
日切
本法
仕材
知歯
茶気
新木
意力
日計
白玉
機外
鳥屋
銀漢
旅物
茶人
死目
暗君
時候
勝運
見番
選外
追福
日産
孫子
神馬
主持
連子
引手
全車
首題
兄人
漁父
軍神
目鼻
別品
無量
運上
功業
山女
強国
式服
川船
感度
中点
重役
心根
多毛
末法
令名
客種
進物
陸湯
後会
君王
用筆
極点
春寒
苦熱
京女
選言
受苦
仲秋
法線
行宮
特電
落花
初筆
原票
名札
当市
物日
細波
氷野
用金
挙動
色香
入方
港口
古事
有高
良案
金位
水貝
両前
山寺
先天
中国
無産
花台
親船
用役
好季
君臣
守神
日和
正員
色町
角灯
鉄管
草笛
指物
悪気
令聞
筆画
軽風
負数
起票
等位
帯金
葉音
見場
同色
馬陸
豆炭
長円
父様
山神
里人
乗具
路銀
間借
朝酒
兵役
約音
秋期
節理
流人
校友
宿場
参差
社中
風害
左記
夫子
水生
時節
水差
電球
字数
要路
名花
切岸
楽土
残物
食通
軍使
産学
良民
結言
成文
単発
等量
悪形
表地
各駅
金持
図引
教典
標題
雲間
好学
神米
泣言
初等
香花
取組
空包
陸戦
国花
氷点
民選
和書
県下
側目
地階
水魚
帰命
飲茶
守兵
横目
行金
時様
内入
末位
買主
案文
水声
法典
紙子
水木
来意
新本
大功
校外
他力
戸車
早耳
門下
売主
官選
便法
悪相
山水
定理
多雨
助炭
和習
中気
洋室
外局
部類
国電
歌合
地頭
外字
下目
右下
弱行
社主
工科
真理
銀笛
軽挙
心気
気前
動労
水音
上玉
光頭
家主
機知
平体
水計
人台
外題
福分
原器
小兵
野羊
心算
氷柱
反歌
母式
所説
黄身
麦畑
縄手
時日
原書
板目
礼者
山行
主音
県別
引数
足代
矢来
有休
名題
気管
軍刀
社線
白光
打切
取札
要点
不具
式法
板元
法例
良港
君達
結節
兵家
週日
牛馬
死身
足形
工数
家例
荷受
場代
小身
馬料
夜気
王法
弓手
本科
先夫
良友
機長
東天
加里
借手
楽人
老臣
日子
大部
両足
本官
産前
下界
助辞
買薬
別院
言辞
低地
世道
月夜
家伝
富強
副本
鉄輪
王公
科挙
下根
米飯
化物
界線
馬連
箱書
冷麦
住持
左角
薬玉
話頭
宿雨
林学
衣手
書役
後朝
全音
教具
本城
花園
夜話
課外
用次
秋高
位記
丸首
名主
寺男
有生
急病
切紙
反照
天理
船内
点薬
町役
医用
後目
官学
麦湯
飯場
乗合
才取
何等
春画
新体
風教
天台
結界
標札
家集
利達
対地
不買
港内
副木
草原
丸帯
飲水
画商
変物
星夜
流物
青地
火色
末社
水絵
置屋
米屋
荷札
漢書
緑野
間者
数社
絵付
消口
径庭
勝味
天上
古音
成心
投売
残欠
男声
地物
取調
熊祭
名付
才人
油送
図形
列後
園地
門付
戦地
英名
群青
出湯
満月
動産
今風
旅路
詩学
小春
帳票
冷肉
寒流
米麦
明夜
祝勝
神学
手付
語意
小字
軍功
北洋
重科
票田
所願
朝家
面体
道歌
仕切
本草
石竹
歯音
心頭
農事
小母
荷船
手鼻
細事
浅春
上代
院試
委細
組頭
積荷
音字
手合
大公
関頭
地歩
玉門
方案
雲上
暑熱
束子
回章
麦雨
間柱
矢玉
果皮
特等
紙屋
温習
他見
社家
青毛
豆本
特高
種油
地紙
有界
馬市
公法
飛台
大法
軍医
不例
良知
米産
根菜
辺地
連火
柱石
用量
笑気
油差
金頭
小成
光点
船板
満山
付表
見合
母線
売場
借料
生酒
飛信
夕顔
反米
夜昼
火屋
教門
文官
人知
君国
赤手
産院
足芸
公徳
間服
典礼
日照
行旅
糸底
青玉
板子
内庭
神水
不文
明文
切点
後前
緑酒
根城
原典
便服
所見
父方
山畑
木馬
未発
太物
植生
業風
真金
中卒
地米
悪貨
他家
内所
生面
通力
定点
追分
日動
広前
下司
軍兵
定命
返札
切所
出会
倍速
飛石
深酒
真竹
春光
速算
和人
無文
景物
牛刀
商家
置字
量水
真底
定見
天機
相席
外教
別電
空理
友引
秋日
街灯
刀身
年取
空身
悪神
和字
年女
草卒
信者
水明
戦隊
飛箱
国典
月来
鳥追
残照
月下
下名
細引
老体
手旗
飲代
馬頭
東男
部立
根太
西国
鳴戸
天分
産土
洋書
出典
便通
飛語
炭田
弱年
早月
良法
原品
根深
参議
今様
重機
量目
牧民
天孫
神気
小国
見世
小変
標灯
類字
月色
古色
直中
青虫
大船
城山
火手
着駅
守役
赤心
笛竹
東歌
明神
語路
典章
人馬
実線
冬日
丸打
塩豆
力水
始期
直積
石弓
実印
色神
間代
極安
灯明
遠音
光波
中門
群落
仕合
竹輪
福運
持家
標注
羊毛
今体
種本
夕波
級数
家数
年波
真人
短章
細小
共管
群雲
富国
無欠
鼻紙
筆生
各週
知音
耳順
白兵
立冬
気体
夜具
全階
社司
官位
炭庫
福茶
月役
楽典
学府
高教
中州
重心
草月
内皮
天金
食客
緑青
文箱
連夜
文目
人波
言行
秋色
門生
横列
歩度
局所
湯屋
指分
栄位
建玉
申文
大戸
天顔
白身
薬草
等辺
角通
目路
始原
荷足
今昔
平温
早口
明度
変人
岩組
金石
番地
帳場
行頭
高空
式台
歯肉
仲春
死線
通言
戦野
有色
理知
目次
中風
色女
大名
炭山
不休
水火
残品
夜会
生節
水船
円柱
各科
京菜
流者
小鼻
前足
他動
縄目
利酒
局方
教案
英学
赤目
魚族
自注
玉菜
各課
主動
香味
調帯
有期
声望
方円
庭草
美田
商館
兵火
種牛
刀工
血豆
平皿
国大
大暑
火縄
初音
台辞
正負
初手
同線
選民
絵具
東国
馬飛
身心
悪書
単線
国書
富民
老生
戦旗
表皮
天辺
石筆
英主
祝言
表門
楽天
月見
側部
清福
祝意
手車
門歯
長文
料地
先箱
土気
重陽
田打
急使
春分
道心
元老
晴天
分社
木末
例月
初口
番手
東屋
人才
図体
宮門
持主
初会
小名
鏡面
次点
手長
重苦
直会
季秋
力業
家来
終車
大悲
古筆
社用
近業
路次
札付
園丁
定量
側帯
名工
花期
顔役
血目
天変
加水
首府
皮具
地相
目板
民心
山相
公印
所伝
地内
食分
類火
美果
歌心
雨間
無声
公会
他流
正調
早年
魚道
林業
道学
丁付
重言
春本
帳合
上作
西北
別種
温色
美名
小間
陽動
赤道
風鳥
利器
木炭
賀春
海人
船着
平身
上使
焼金
末寺
打物
軍歌
要目
悪漢
起電
物見
連語
対日
博労
家臣
札束
王城
父老
詩才
線分
冷然
元結
直音
薬研
通運
願行
野老
雪見
清酒
見料
神子
玉体
空列
当課
待人
手相
外米
清元
王道
雪女
前側
病変
付焼
省令
歌学
小者
寒月
両家
相好
外港
積雲
上板
無題
番兵
東路
筆法
軽石
馬車
薬礼
語口
木表
早生
強兵
空説
和学
不才
小乗
足労
出初
市部
挙世
宿便
県南
差引
都度
読方
深交
下前
羽衣
焼塩
知者
考試
寒梅
荷役
日待
金歯
観法
空音
社風
書風
続物
必用
旗標
地神
番線
月番
始筆
区切
病家
秋草
全港
真土
羽子
悪食
元帳
車力
有心
新身
手下
国人
死角
黒毛
天球
人買
陸田
下男
来者
昔日
各館
明後
牛耳
先様
本四
直人
青馬
高説
使丁
線表
泣女
高察
初耳
北町
石組
民望
門弟
平語
同工
訓点
庭前
間口
石板
正道
氏神
丁数
変局
自流
後室
地雨
子中
氷雨
白湯
野戦
口器
兄達
清音
小径
実意
分力
洋語
城府
労協
白梅
徒手
庭球
天人
台地
春着
犬馬
遠国
小手
体計
根付
林相
類語
糸目
重土
力持
代数
持分
半文
法家
調車
助平
農夫
鼻毛
湯女
行司
心夫
軍記
起原
古形
半作
上町
練鉄
本手
外積
奈落
農大
目付
小数
強面
令書
朝見
花色
高根
夕晴
軍夫
時局
内孫
建場
多生
雲級
変量
地歌
放線
白羽
丸麦
害悪
馬標
多聞
糸竹
命日
急用
弱卒
親節
道管
動輪
別席
牧笛
辞色
他用
菜種
半天
新着
赤飯
塩気
内金
無界
日商
生類
徒足
川底
追風
身柱
無下
指頭
役印
入目
音調
用達
色物
力感
荷車
機具
相聞
陸橋
読点
花札
会心
短波
浅手
元高
新茶
落度
先口
点景
利運
良風
山色
各州
道教
子種
薬指
京間
遊軍
主上
家教
礼楽
公知
実記
人別
未必
共産
夜着
野路
心友
内典
前便
中研
上声
下足
例祭
学理
倍大
女色
祝典
今方
礼式
類同
神算
変体
山国
急白
部所
速力
国法
自門
家持
地積
長上
当所
同門
建具
日貨
日当
令室
銀地
入神
黒米
原虫
君命
牧童
極量
受話
来車
心付
血気
新宮
鉄石
単数
炭車
自大
木立
遠路
引例
角帯
少弟
命毛
飲助
色合
緑茶
学外
極左
単利
葉末
挙例
図会
寒色
部面
古訓
付票
香水
身方
公器
売口
労苦
末木
熱球
短才
油虫
首足
差足
戸口
国母
美音
豆銀
定席
信実
仲冬
後家
台木
後場
小皿
小前
字母
良人
漁労
長持
細大
深林
算法
国表
弱味
右府
友軍
末節
羽音
球速
語順
国光
旗持
車夫
道者
苦界
遊金
消炭
有功
美文
詩意
肉屋
戸外
局外
長波
加薬
美形
大約
老中
山羊
所天
整調
東雲
残花
活魚
側役
入船
助産
悪感
強記
側線
寺子
手代
主部
村雨
寒竹
死場
船軍
売国
小佐
曲筆
金工
差紙
静心
文節
不労
写場
低木
土工
野末
標号
筆意
茶事
岩屋
人品
火消
線形
両三
見所
事始
人声
南天
才子
固体
君父
重手
定式
仕組
光子
才気
左下
民有
医業
台場
法令
月食
何方
右辺
暗然
火線
足業
初生
各月
水陸
業物
火気
楽長
漁区
治国
戦雲
美神
助人
飯店
分課
作意
和本
小用
業主
暗夜
府下
清白
市松
花軍
類歌
右記
英気
波風
氷水
歩卒
和音
漁夫
省線
区点
黄体
各様
空字
光輪
船方
書法
物相
主意
注連
食道
観兵
頭字
木石
反身
秋思
所生
官界
正使
柱頭
洋才
法号
酒食
雨氷
朝湯
単記
養女
運筆
天目
飛電
家門
福相
神位
小耳
鉄色
訓辞
神器
争議
花時
小力
門葉
丸薬
言文
礼物
反語
重病
他物
産衣
来電
節糸
国貨
大官
公子
切目
死児
終曲
語調
宮家
元物
文頭
神歌
散光
死人
空色
黄門
表徳
佐官
何役
章魚
手兵
官印
内議
手刀
明徳
買上
明鏡
積水
波動
兵卒
伝単
花代
目顔
流言
青票
客位
風草
大隊
名分
対向
倍長
副文
時鳥
晴着
長径
近事
君民
聞役
全知
文例
筆先
古刀
死地
音感
家兄
内題
小結
左岸
終局
新語
心機
勇者
老手
号音
照焼
平面
印面
唱名
海産
小話
歌書
理化
長路
年男
気道
明春
景勝
行火
親等
対米
波路
岩頭
草分
両夫
期成
文金
童形
時好
輪番
良書
球心
終極
駅頭
席順
水路
才媛
願意
者共
川音
金地
深意
岩室
太初
村里
止観
島守
売人
関白
都電
後列
早見
医道
肉池
立木
横線
風足
来期
半開
夏服
言伝
他聞
高年
新約
短信
左近
荷積
戦利
例言
氷原
風下
弱虫
初号
高次
良材
定日
童歌
落体
古語
車馬
事理
売名
徳行
満会
路標
暗号
台紙
主調
切先
死時
先学
老残
神祭
半平
席代
半金
風気
詩書
宿学
波形
宿木
語数
黒光
明達
取立
小満
近体
口才
対屋
薬種
日夕
人伝
年子
品別
新案
冷熱
羊頭
聞物
金談
魚板
書信
青貝
天産
金線
火酒
客間
葉月
歩兵
香箱
字画
伝手
令息
強弓
明月
和式
海国
具足
口金
原石
海陸
外物
打身
通辞
折箱
鼻声
労銀
花心
宿運
開山
大番
新秋
農期
県会
銀器
船宿
牧夫
相法
付図
級長
労金
軍馬
夜番
金風
単葉
京阪
麦角
他事
南風
月表
浅才
治者
神通
詩想
月明
題詩
本字
小曲
全労
鉄橋
号車
季候
有体
無二
口前
女波
予後
相方
公理
算木
心意
流民
差水
青菜
先山
筆戦
赤紙
幸便
細筆
分隊
上物
験者
指事
曲直
社友
玉算
天明
湯茶
典薬
緑玉
油気
飯台
負号
意中
利水
種紙
界面
単体
上衣
天来
題意
馬丁
付注
金糸
社共
中休
球道
多倍
下角
横雲
冬空
地役
不知
銀側
遊君
上客
漁法
速歩
秋晴
寒害
中隊
内宮
平場
前言
山風
雪男
辺土
工手
角笛
初湯
人死
湖底
医員
古参
両次
大安
申入
鉄線
色悪
鳥目
名流
面輪
定温
石松
点心
札所
悲母
前代
気先
箱庭
鼻木
風見
暗室
流氷
楽隊
後学
中入
名城
当家
赤身
町家
木通
表方
秋物
女人
死水
助祭
心材
書画
山場
中外
中波
後口
上薬
結線
公孫
官辺
夜景
陽極
中耳
取付
番台
声聞
奈何
他念
水夫
打力
真名
山守
歌口
負軍
来季
大黄
苦竹
借受
売色
才六
雪空
新店
合着
遊漁
観想
岩魚
悪心
書目
字訓
天心
刀心
持薬
中指
人面
不着
牛後
急信
品数
愛息
書屋
風前
船路
春景
高徳
式目
庭訓
徳目
横紙
本道
夜光
官立
反物
共役
相客
生湯
軍旅
神灯
引歌
実理
肉類
式部
丁場
王化
地産
全戸
古希
海松
鹿子
反例
飛魚
画筆
清勝
台下
細線
意想
漢才
勝景
仲合
太夫
未決
平話
校旗
白頭
語頭
細民
急電
失体
麦飯
衣帯
野立
好字
小昼
茶道
結文
引金
主君
新古
後先
路用
古人
詩文
機転
切水
道着
挙国
国富
親木
古昔
院外
木管
朝命
親玉
弓取
衣魚
別使
主祭
平声
願主
公差
浴後
洋品
品名
薬科
暗主
整式
花祭
量子
月草
肉交
気転
芸当
死金
小首
旗雲
火玉
銀山
法名
観音
病葉
後産
元正
足熱
主語
時空
具案
内意
波面
種物
童顔
博愛
副書
美声
学事
王土
夫君
中黒
中位
深手
投節
実生
道服
官女
夜戦
月切
単式
所感
金欠
日直
真弓
泳者
目代
富者
口伝
飛火
配所
遊糸
花守
校本
平城
結縄
洋式
空谷
落日
親達
表口
花屋
本給
色道
和談
極楽
焼絵
港外
組重
氷室
地温
書院
茶代
部室
野乗
陽画
水松
肉感
初氷
同上
大姉
矢種
全島
虫害
泣顔
書体
線画
上表
公休
目薬
平米
正金
戦機
陽春
前古
通例
内争
法橋
男帯
場席
同番
記数
馬具
対数
雲路
勝星
古血
歌体
海星
席入
立業
徒名
麦作
曲馬
薬酒
路辺
湯玉
左辺
法輪
両所
生母
年期
文意
色相
番長
必中
悪道
貨車
原意
老少
月毛
表作
広間
苦肉
小知
進取
人世
筆紙
高節
冬場
衣食
軍令
急足
明太
島山
新教
語根
極月
重湯
心神
臣子
野火
要具
流速
建売
後景
後書
固目
有半
要害
機業
案下
大路
終発
満期
的屋
大葉
読物
虫薬
新令
直方
風月
直参
悪様
差分
初役
中子
害心
通有
回文
反立
氏子
長湯
単機
心太
原語
引物
器機
管下
散楽
心火
結願
季題
真筆
法城
塩害
玉虫
守宮
兵船
先君
火矢
要地
輪中
面前
底魚
残夜
夜色
花実
写絵
受持
小勇
令妹
打豆
船荷
焼付
緑林
半白
流体
国司
上世
鼻音
夜業
曲面
文名
中農
丸木
令弟
切子
日算
初物
海女
世路
馬印
億兆
体様
医方
赤熊
天王
玉歩
雲形
岡持
後人
家名
用法
間着
神橋
名月
知行
楽園
熊手
投首
店屋
分秒
給金
求心
文鳥
学才
城主
原紙
紙切
田作
玉案
中有
使徒
輪形
羽交
整数
博聞
色目
和戦
紙花
真先
白茶
天意
取口
労役
守成
女医
持場
有夫
前祝
春雪
紙器
薬学
式年
人参
節分
昼夜
野犬
火水
正数
鼻柱
列火
文典
付根
残生
特金
通気
先約
地衣
美点
平底
用例
曲調
仕打
年令
天真
国訓
詩語
笑話
死物
花落
大意
音速
面皮
東遊
拾屋
新形
下戸
指命
血路
火打
散米
米所
軽口
語末
市区
切炭
外洋
官記
原初
業病
回虫
漢土
矢庭
水油
行平
平曲
命運
夏作
箱船
良工
深浅
才物
極上
希世
命題
空電
小梅
仕法
真草
図様
正教
道産
牧人
同文
調歩
底土
風花
実姉
朝飯
神式
出合
水天
板本
寒帯
屋体
名筆
達引
季冬
白線
心持
定宿
出丸
前門
要事
極官
折助
銀位
毎会
雨声
大協
香具
軽業
上体
同君
横議
古体
積木
副使
売出
表具
番所
合羽
真横
印紙
群小
鳴子
立役
好配
室温
栄典
練兵
当校
戸板
大福
加数
手工
関守
地気
法治
物上
老農
代案
心木
大円
水足
戸長
香合
色覚
車引
語感
飛車
後山
秋作
養母
新院
氷雪
無上
金売
名木
手植
祭場
海老
仕形
雲量
国字
部内
交友
旗下
極付
直門
不時
高下
夜学
名望
米塩
土星
原付
印章
山番
持病
旗頭
所書
空談
白目
空耳
上水
伝助
太子
門口
両市
半音
空合
白糸
多血
両朝
直衣
同役
副次
名標
雲海
本金
機根
夜船
書取
置引
図絵
当館
神官
記聞
上様
平麦
月別
名刀
全便
聞酒
題画
小面
両道
炭取
横形
通箱
刷物
緑門
末世
天主
大足
用後
広原
天外
半玉
外向
画業
白話
年季
水物
群竹
香気
役牛
銀子
打首
兄子
近東
馬面
円貨
買気
音波
地合
楽想
寒心
祭司
矢束
松明
新風
神色
両年
円上
童部
名子
大死
当機
根毛
男前
遊女
王代
利手
通事
実字
主教
日輪
熱量
赤本
石女
船標
欠本
多売
商科
連声
調音
引戸
魚群
国元
公役
新酒
和船
緑風
教理
洋学
内法
書林
下草
空巣
公方
重箱
焼印
商学
真皮
行文
起死
標目
国持
家信
灯用
海草
金気
犬歯
列伝
単級
手事
古伝
例題
空冷
全期
売薬
王事
事相
早場
主薬
季春
票数
寺号
清栄
内聞
西陽
酒手
野心
相国
欠目
徳望
道話
係数
数多
満車
船守
火祭
客地
西土
古里
丁年
外道
草書
標柱
使臣
洋弓
音節
鼻面
風力
交声
上屋
光参
落陽
矢場
便意
焼山
位地
法門
小中
医書
欠員
課業
漢語
席料
真向
図上
小器
大乗
同類
中置
大通
代人
鏡石
合札
上皮
名山
礼電
行路
灯心
落人
副題
高角
返電
市上
芸文
仲立
船級
馬手
外耳
水筆
類題
縄付
全紙
洋本
主位
焼飯
木皮
光陽
号旗
健筆
感熱
等式
神楽
商運
所帯
空事
右近
場景
男手
用度
金管
乗法
外紙
南岸
置土
軍港
絵所
門主
客気
土筆
福助
門柱
光来
同母
取高
馬方
円転
無品
面差
差毛
生糸
決然
印伝
色感
気息
送辞
束帯
酒気
男根
取的
画板
外気
回天
寒行
秋月
女工
組下
上目
国主
冷温
文色
小付
家君
無手
昔年
入物
悪童
遠流
数行
夕立
麦芽
当流
旅衣
後作
天成
海港
要用
落首
内国
田夫
野道
上意
数式
差前
児女
焼畑
香魚
静夜
村役
地底
光年
宿六
家訓
徒口
角柱
近火
作男
倍角
家作
遠火
何頭
教場
湯葉
末筆
地所
赤口
出様
平時
夜店
茶店
楽市
寒波
院議
小童
人臣
有様
主家
仕手
寒天
間然
未聞
差料
家風
主事
老台
読手
鼻先
画才
元始
老女
茶所
反間
豆板
作土
球体
動体
心音
用足
心土
願事
徒飯
地引
山子
和親
肉色
門札
芸大
冷暗
売声
沖積
新前
酒肉
館主
同病
直列
花月
晴間
宮室
初速
画意
男持
細雪
兵書
不漁
原名
春陽
生首
官栄
病犬
外線
残香
小女
雨具
所由
養分
土人
画室
名号
産所
有向
行書
来世
外法
同人
達意
土間
兵事
連曲
願人
中手
全作
平民
下火
道内
天朝
糸車
角形
店子
別間
光学
変種
席題
西人
洋種
無風
形勝
無位
矢車
畑作
湯水
気運
黒焼
戦役
産米
聞所
売笑
両町
文才
空家
気根
所出
拾物
神国
神助
機屋
下帯
法話
茶飯
山犬
入夫
試筆
都議
極所
仲店
伝書
羊水
無印
男役
試料
才知
後夜
前約
組子
近臣
和議
矢声
近古
新参
賀意
分身
部課
産道
連木
大知
息女
人海
神州
子鹿
写字
早馬
丁字
魚油
要理
洋銀
豆油
人定
上聞
消暑
牧牛
石印
先住
所司
管見
反歩
新刀
法弟
小寒
種板
前作
公課
大水
遊山
和毛
副手
父君
官金
円心
実学
温熱
島根
無官
内高
手塩
軍学
星図
太白
作事
両辺
家産
愛鳥
庭先
折戸
立米
早番
和訓
夕景
点線
治下
春色
包有
終電
形体
手械
省議
業苦
小町
気流
水月
巣引
連歌
順列
形声
住戸
黄水
焼石
発話
井目
実事
受身
大命
大器
小言
耳金
小父
明笛
失地
小店
所労
遠来
気持
満作
心力
飯米
級友
悪戦
村会
追号
名勝
病体
全学
家借
員数
事大
帯側
悪寒
有理
無向
印画
無住
本身
本案
大度
下心
好日
灯船
金時
雨季
毛見
知徳
中業
暗黒
東口
実包
黒熊
良品
丁子
公館
定府
画帳
別口
利目
白焼
谷地
父上
木目
径行
家父
相宿
愛書
船側
野茨
書中
雲足
古城
法語
悪声
返歌
敗残
戦果
小夜
天物
切畑
歯形
詩体
後足
差油
金高
順流
村童
夜曲
神徳
小使
関所
類本
門外
農芸
血行
法灯
科料
他校
米材
愛社
黄鳥
人橋
玉音
名言
冬作
半角
戦局
各区
産毛
回船
実員
苦寒
走路
産気
各相
白太
軍票
管外
細石
水芸
世知
荷作
神階
海道
好悪
年央
会意
電光
化身
天運
湖岸
手持
子方
始点
切戸
連言
時文
山刀
地顔
空戦
同好
反別
細面
官員
末書
車台
点者
耳輪
乗手
里心
印材
人相
飲屋
先登
願文
行手
茶園
多少
手打
前菜
料足
欠番
高波
登高
起毛
手刷
筆箱
水引
羽目
未配
法服
文題
門火
本末
滋味
特立
漢音
竹工
死花
近作
氏族
火柱
食塩
遠心
行学
大農
各車
自照
理外
番屋
長虫
香車
地変
立秋
生国
同友
同前
深間
原皮
朝議
筆太
分室
欠字
町医
主面
流量
朝間
回流
神意
課内
王命
商都
字典
毎戸
重水
間男
来信
博打
先覚
競買
法談
朝来
日出
夜祭
橋板
事変
夜道
出物
行灯
引力
式日
楽焼
軍旗
冷機
不老
肉入
酒家
母物
城市
道化
風説
例話
立引
速足
道草
長月
単元
星宿
老病
高所
敗軍
芸子
春作
大典
竹光
紙帳
所化
正客
豆類
初学
美談
肉声
赤札
小刀
宿駅
気球
北辺
歌話
本立
間色
土管
早便
飲物
夜鳥
公達
母衣
両行
油屋
多元
古流
良夜
切口
名馬
悪手
油分
言笑
向寒
高菜
完本
行人
神宮
対流
転帰
月輪
木芽
場数
図面
両輪
天助
受書
他紙
糸引
板材
夜顔
古顔
口書
聞書
才筆
馬力
散票
付火
黄白
名家
順風
産屋
開府
人山
校章
組立
借主
打水
牧神
洋刀
人柱
電界
極太
回教
産着
板場
歩数
直宮
市中
部材
生血
急談
空木
間引
牧羊
神主
悪人
今上
車代
血合
詩草
別命
付文
持説
天馬
初伝
未草
宿意
世心
地番
大計
季夏
真水
緑土
田虫
語種
洋紙
利他
早計
空茶
長石
客分
産直
相銀
光風
読会
薬害
別刷
数次
新付
村方
客車
体温
葉風
当住
小照
漢和
読人
中味
両県
題言
包皮
所外
親日
貝柱
線上
記文
死中
市協
意字
長者
銀紙
民度
社日
法力
全課
空名
時服
広口
実正
和牛
法理
教区
小歌
飛札
長音
神体
研屋
名数
上絵
各県
前官
湖水
目地
中形
富札
米食
冬着
引起
筆名
自席
軽四
多肉
古兵
本分
用便
右文
不二
白酒
副読
反橋
町会
弓馬
節季
不一
時雨
結語
福音
画数
行道
黒松
公国
田楽
炭火
真面
連理
長流
半球
無才
候文
軍談
満願
要港
上底
草画
路頭
式事
高風
分量
神品
丸本
温石
区会
日歩
定木
悲歌
光明
丸太
冷飯
金札
書式
短見
親書
音便
小節
風位
海牛
神業
単流
徒労
物持
楽音
黒点
酒徒
役付
入声
楽員
場末
席末
郡代
倉卒
天子
原詩
空母
側板
臣下
語族
無水
新味
早昼
仕置
官省
根方
官等
持物
客来
秋雨
手箱
新選
全科
人名
当会
別法
日次
上古
朝会
法界
習作
方体
風向
木刀
同者
毛皮
輪差
図工
春秋
変事
各日
焼売
金円
社命
下線
湖面
切地
小引
好古
世人
未見
所業
草市
売手
水先
南画
学徳
反切
仲兄
笑声
右筆
初給
池心
典例
前章
金言
遠矢
軍役
土色
半切
新地
木魚
初声
校倉
口答
川面
究理
原動
利生
人君
実数
教法
晴雨
本代
公家
口茶
老身
理法
実録
雨空
便衣
小金
心祝
進運
村社
面長
都下
切線
老健
飛地
作例
梅林
女院
紙魚
女童
法科
後指
日長
美身
器楽
年功
例文
礼典
小作
語物
買手
雲表
医家
黒雲
話語
鳴物
黒炭
細流
身中
共助
真勇
唱歌
競市
極書
筆順
前輪
口辺
身形
図法
手負
品等
隊形
新橋
祭事
申楽
地色
国守
油井
生年
世上
原種
博引
城頭
正課
馬屋
雪間
兵長
落丁
球面
浅海
別業
半休
物量
題字
卒然
細雨
焼場
底本
体側
出歯
変数
用木
体言
算式
船医
語部
軍書
主点
楽界
老父
美男
大鳥
徒話
年歯
令兄
切身
気書
鉄分
伝家
遊客
羽虫
相思
売立
進度
成算
先便
放課
目元
目見
無明
着発
水鳥
管長
関数
酒客
後図
作間
差薬
童画
本寺
別辞
鼻水
有産
勇足
極細
官話
石英
上席
石火
太守
結石
名香
行力
面持
後便
仲仕
詩家
無想
白菜
用字
細作
静水
矢面
麦酒
大京
君側
家母
野面
色里
特種
群議
原板
遊里
品番
約数
重席
福徳
雪線
切売
台形
飛鳥
本節
用兵
岩塩
残金
先考
等外
農園
入口
不出
暗中
全区
公魚
福豆
美感
風光
上家
業火
反軍
自社
口気
文運
野牛
径路
組糸
信管
次号
用言
京成
散薬
列世
原頭
小官
手業
好球
同列
古鉄
当身
各階
直心
戦国
金側
相輪
悪病
校訓
世子
整然
戦法
徒然
雨夜
家法
人望
海風
自火
長手
号笛
不言
薬店
芸事
持味
有形
有配
中庭
表芸
苦海
単物
伝馬
内地
売文
海内
力足
底豆
皮下
底意
明週
風波
角力
和国
草体
聞方
雪山
両君
原木
形代
階上
分母
平作
部首
木耳
節用
美景
下記
神人
水柱
校医
悪風
岩木
油菜
外孫
古詩
雪氷
牛頭
直路
無電
通語
両生
初切
新月
香物
平文
初空
見様
成虫
短文
水練
雨気
好望
同筆
令姉
本丸
札差
王佐
院生
社人
門地
大礼
沖天
内室
章節
毛管
帳元
手風
実妹
文辞
上角
倉荷
中老
昼飯
理工
角番
色絵
梅酒
売品
女気
白波
山坂
不急
祭器
祭服
門標
小隊
矢倉
大弓
岡引
勝差
深度
庭石
連名
横根
太山
原物
灯下
勝目
声門
悪事
宮人
別室
親心
明知
差合
平目
平家
失語
曲学
品行
産児
米紙
照度
校生
別伝
牧歌
血肉
遊芸
機先
玉糸
初発
極光
平水
初午
鉄工
散文
流木
建徳
外典
受皿
冬木
船隊
商機
坂道
取分
下役
実竹
近信
水線
荷主
光画
速筆
礼節
血刀
皮帯
願力
回米
各戸
売女
山鳥
富有
工法
雪害
童体
行者
持番
末文
急所
話法
漢意
山雨
順路
漢学
書庫
国原
雲助
詩話
養魚
油然
度合
親電
理路
番茶
色事
取手
全書
昼顔
仲夏
車速
井然
球根
相役
通説
安宿
行実
正出
学都
医界
量感
板紙
姉達
陸続
羽風
未申
不念
院号
富家
投力
好手
家学
節点
大海
洋算
山側
焼物
正真
下風
月利
野良
未着
要図
旗色
船台
親筆
色男
所以
院主
夏山
等角
白丁
世事
花信
心室
功名
美辞
野天
農法
青書
付合
楽日
湯量
銀天
題号
例式
週番
根雪
悪業
成員
主夫
無代
建水
魚田
両全
時人
空目
無血
女竹
手金
指先
農工
童詩
良計
心事
達文
特級
宮守
種族
語草
急調
城代
乗場
界標
真言
大白
芸道
競歩
平打
悪運
右左
寒路
動静
内湯
海馬
才色
刀自
夜軍
教父
法器
国歩
炭焼
立番
区長
定法
数回
肉芽
遊星
上番
相等
金員
書生
前生
塩類
分校
等親
祝酒
取消
早縄
定本
野人
弱竹
上前
町方
手玉
相生
羊歯
道火
流感
水子
国手
同地
水薬
打荷
死命
水鏡
両刀
感官
会式
冷雨
下学
海図
山号
草本
読後
開題
所思
黒竹
局内
札止
冬草
養親
知勇
国老
肉界
町歩
老兄
海月
正字
路側
別紙
当字
心願
等差
筆力
外灯
産室
口絵
重臣
風色
法貨
漁灯
初動
種馬
生者
悪例
数物
外語
助字
頭目
門前
元種
正風
大洋
福耳
茶席
満票
立夏
引合
単文
湖心
東宮
地目
口合
右角
死活
表高
知見
西日
小米
去秋
庭口
星祭
要式
次子
来書
太字
小弟
祝着
小水
物音
実景
受動
帳付
暗線
丸材
馬子
感量
車止
題辞
屋形
死出
長足
浅黄
木地
正文
口説
青梅
帰巣
音訓
富力
温顔
商港
負戦
利高
勇魚
実説
女給
社頭
原由
無給
童子
折目
治山
銀糸
老来
直線
赤金
聞達
年表
母語
軍手
電鉄
天引
道念
近流
平首
夕空
名親
特車
平然
草根
組物
茶庭
見神
治産
先兵
石器
無主
美事
席次
当店
鉄器
知合
赤門
全数
本朝
美挙
外力
声名
差歯
心学
転石