必要
昨年
可能
今年
午後
午前
自由
今回
現在
安全
時間
特別
平和
結果
場合
今後
大幅
前年
重要
当時
以来
事実
自然
同日
来年
今月
同様
過去
健康
最近
正式
全体
不安
以降
不明
公式
独自
大変
疑問
名誉
代表
明確
危険
戦後
完全
大切
慎重
緊急
会議
簡単
時期
関係
普通
将来
先月
調査
元気
困難
安定
主要
選挙
発表
非常
今日
深刻
当初
従来
協議
直接
参加
多数
改革
確実
大事
高級
毎日
公正
強硬
特殊
会談
首相
不正
大量
有力
違法
政府
無理
販売
後半
先日
高度
経済
委員
生活
必至
有名
途中
予定
直後
異常
毎年
消費
決定
合意
政治
正常
当面
研究
残念
好調
順調
会社
同月
計画
貴重
得意
不当
女性
検討
大会
会見
電話
建設
有効
前日
来月
意見
優秀
実施
試合
半分
事件
重大
個別
世界
下旬
連立
国際
今度
詳細
逮捕
報告
協力
今季
貿易
表明
無事
迷惑
活動
政権
教育
対応
開発
不振
微妙
結局
平等
巨大
対策
会長
連続
反対
深夜
以前
未明
企業
戦争
批判
利用
強力
容疑
透明
無効
手軽
輸入
影響
広場
説明
制裁
全国
経営
時代
要求
意外
関連
絶対
指摘
社会
早急
施設
中旬
組織
活発
正確
高額
高等
豊富
身近
発言
拡大
自分
子供
生産
長官
確認
選手
国民
期待
主張
指導
熱心
複雑
勝手
便利
判決
記録
使用
議員
出場
報道
次第
休日
本来
開催
写真
正当
未定
担当
評価
平均
回復
投資
来春
仕事
審議
判断
支援
解決
強調
措置
方針
多様
素直
優勝
死亡
政策
取引
管理
与党
記念
情報
出席
予想
提出
面倒
不要
有利
当日
調整
共同
放送
違反
規制
料理
支持
設置
整備
連合
開始
上旬
同年
日曜
実現
社長
事業
冷静
公平
急速
上手
新鮮
記者
総合
全部
今春
月曜
市場
公開
野球
正午
団体
訪問
不審
適切
法的
私的
見事
独特
急激
強烈
理事
導入
発見
予算
価格
契約
主催
外相
労働
処理
結婚
翌年
中心
改正
運動
努力
不快
真剣
必死
長年
今夏
今週
強化
成立
文化
地域
減税
機関
工事
理解
提案
維持
国会
毎月
半年
要請
再開
決議
負担
展開
試験
紹介
言葉
制度
適正
奇妙
適当
強気
地方
大学
環境
病院
意味
加盟
発売
作品
実験
成長
外国
翌日
平年
反発
質問
保護
設立
認識
登板
展示
対象
行動
連絡
国内
家族
作業
就任
旅行
宣言
陽気
主流
学校
肝心
悪質
鮮明
公的
無縁
内容
推進
否定
通信
交流
意識
希望
本部
記事
首脳
準備
保障
競技
減少
相談
協会
議長
主婦
緩和
交換
増加
先週
注目
統一
削減
行為
投票
最終
回答
事務
知事
監視
審査
姿勢
発足
提供
結成
登場
不調
健全
正直
容易
来週
早朝
瞬間
新年
勢力
処分
理由
責任
協定
対立
輸出
帰国
議会
男性
市民
発生
防止
確保
教授
声明
経験
辞任
基本
主義
同社
営業
継続
上昇
市内
以後
夕方
女子
卒業
停止
進出
運営
表現
映画
新聞
会合
禁止
国家
皮肉
被害
苦手
高校
極端
決勝
不服
多彩
平静
不幸
率直
大胆
緊密
発展
競争
賛成
表示
存在
判定
指定
派遣
終了
事故
空港
人間
次回
学生
年末
生前
改善
運転
発行
製造
被告
技術
活躍
出版
後援
住宅
構成
獲得
請求
明日
攻撃
観光
誕生
勉強
採用
心配
内閣
景気
構想
感染
普段
企画
目標
幹部
常任
論議
著名
穏健
上品
誠実
気軽
強引
濃厚
余計
立派
幸福
海外
都市
演説
開会
承認
課税
治療
登録
歴史
開幕
集中
聴取
査察
軍事
最大
生徒
平日
死後
近年
中央
状況
具体
来日
申請
約束
警告
業者
解説
入札
金利
行政
個人
独立
検査
指名
練習
開放
議論
成功
家庭
無職
男子
期間
状態
税制
先生
退職
変化
音楽
不便
簡素
堅実
敏感
忠実
平穏
着実
純粋
優勢
単純
過激
割安
派手
偉大
低下
紛争
制限
解除
中止
復活
決着
当分
昨今
昨日
今秋
連日
立場
銀行
先行
受賞
機能
援助
掲載
最後
医療
所得
地裁
体験
執行
逆転
公表
防衛
出発
就職
取材
警備
講演
対話
飛行
転換
自殺
規定
設定
資金
法案
憲法
料金
中盤
水曜
去年
週末
売却
配慮
用意
産業
規模
商品
体制
相手
幹事
編集
悪化
差別
流通
殺害
結論
不足
重視
募集
公共
書記
目的
少年
完成
採択
入院
雇用
変更
告発
政党
人気
本社
医師
綿密
孤独
優位
豪華
人的
温暖
親切
不能
気楽
夢中
順当
的確
指示
介入
出演
応募
民間
市長
周辺
予選
業界
勧告
強制
移植
提言
開港
福祉
住民
各国
昼間
基準
官房
保険
当選
供述
勤務
勝利
観測
延長
暫定
関与
地区
出身
歓迎
入場
死去
授業
起訴
装置
通商
作成
訓練
連勝
破壊
人権
分野
条件
不況
昨夏
意思
命令
合格
収容
調達
障害
部長
機構
原因
主席
事情
供給
演出
失業
注意
補助
促進
会場
世紀
局長
部門
効果
法人
証券
疑惑
自宅
公判
抗議
設備
解放
学習
評論
復帰
反映
演奏
広告
納得
警戒
部分
高齢
時折
木曜
晩年
後世
毎週
裁判
方法
外交
工場
対抗
修正
被爆
特定
入学
社員
大使
諸国
民主
条約
段階
老人
痛烈
露骨
軽率
地味
無礼
平凡
性的
劇的
健在
安易
明快
失敗
合同
認定
弁護
提示
崩壊
振興
対戦
離党
追及
得点
病気
現場
人口
同市
地元
総会
本格
大手
確定
調印
解消
解散
建築
発掘
反応
所属
解明
方向
候補
和平
番組
優先
応援
抵抗
集会
預金
倒産
黒字
交通
現地
課題
当局
総理
殺人
象徴
行使
選考
浮上
無視
達成
空爆
出張
到着
所有
虐殺
赤字
偶然
土曜
昨秋
席上
金曜
職員
推定
限定
感謝
選出
主導
統合
尊重
撮影
安打
国立
本人
土地
息子
脱退
決算
許可
援護
証言
介護
依頼
後期
首都
総裁
宇宙
翌朝
科学
全面
判明
戦闘
武装
緊張
手術
提訴
分割
非難
要望
農業
見方
場所
民族
友人
製品
専門
満足
帰宅
携帯
再建
食事
選抜
混乱
出荷
部品
自治
組合
意向
会員
若者
名前
課長
連盟
華麗
小柄
清潔
高価
地道
過密
軽快
豪快
丹念
強固
異様
厳格
無情
有害
割高
適度
下期
間近
毎朝
若干
初旬
初頭
前夜
共通
制定
取得
特集
比例
編成
支配
閉鎖
分裂
急増
考慮
著者
日程
現行
精神
両国
警察
市立
男女
教師
談合
構築
保存
公演
決意
移動
招待
感動
基地
府警
自身
新刊
種類
航空
売上
事態
自主
欠席
計算
滞在
容認
衝突
入国
支給
記憶
刊行
同席
固定
試算
刺激
支出
向上
出資
地検
焦点
危機
支店
年間
材料
文学
路線
財政
投手
税率
指揮
参考
確立
予測
進攻
引退
受注
輸送
移行
注文
選択
適用
反省
決断
舞台
現状
資料
都内
建物
構造
蔵相
遺体
傾向
作家
数奇
経常
各地
政界
国債
長男
進展
検察
予防
了承
再編
審判
排除
署名
納税
下落
助成
業務
人生
公園
役員
話題
地球
少量
即日
毎回
後日
人事
相当
給水
実行
統計
対決
暴行
会計
汚染
方式
新人
大人
情勢
年金
県警
関心
道路
夫婦
先進
中学
貯金
信頼
通算
保証
社告
司令
突破
参照
整理
改造
同意
公約
発砲
上演
諮問
保守
言及
削除
受験
和解
回避
辞職
計上
運用
国防
部屋
資格
各社
郵便
総額
市議
英語
終日
腐敗
策定
協調
侵略
合計
訪中
爆発
縮小
低迷
広報
従業
交代
燃料
無料
早期
期限
閣議
原則
難民
自己
党首
母親
優雅
異質
特異
冷淡
小幅
多忙
丁重
快適
裏腹
精密
知的
不利
論外
濃密
有益
円滑
堅調
広大
多大
難解
悲惨
端的
絶妙
無残
物騒
緩慢
性急
自在
広範
先鋭
同然
明白
肝要
猛烈
無口
放題
有望
実態
権利
集団
提携
代行
普及
進行
損害
凍結
位置
是正
新設
上告
先発
難航
着陸
野党
行方
犯罪
利益
現実
実績
風俗
臨時
項目
犠牲
工夫
連邦
連携
評議
主演
演習
中断
想定
加工
自立
展望
出土
更新
発注
答申
出馬
専用
証明
面接
検定
出産
駐車
最中
上期
昨春
同夜
大体
来秋
高官
表情
時事
背景
人物
同国
機会
勝負
動物
年齢
国産
見解
実質
資本
遺産
放置
修理
協賛
返済
移民
宣伝
変動
下車
明記
視察
墜落
入居
解釈
苦労
説得
事典
能力
支部
態度
通産
印象
農家
文書
遺跡
付近
費用
財源
父親
主人
役割
雑誌
再生
賃貸
小売
離婚
翻訳
登山
抑制
通過
暗殺
移転
回収
認可
工作
収集
予約
制作
参拝
負傷
仲介
中継
防護
在日
創設
法律
新党
汚職
後継
校長
原爆
人工
法相
映像
水準
作戦
為替
世代
同行
慰安
遺棄
施行
加入
宿泊
延期
保管
書評
経過
停戦
比較
上場
文字
物語
天皇
劇場
相場
芸術
首位
収支
笑顔
職業
成果
地震
教員
歌集
戦略
電気
刑事
石油
陳情
放映
免許
転落
討論
救援
参入
定着
守備
留学
想像
活用
会話
同盟
抽選
配分
謝罪
折衝
発想
特許
譲歩
訪米
樹立
世論
意欲
総長
同士
伝統
模様
電車
食卓
小説
番号
関税
学者
近代
革命
部隊
相互
高裁
比率
前進
開設
反論
通報
通知
改定
記入
投入
連載
見学
阻止
落札
可決
遭難
討議
保全
目下
最期
今冬
昨夜
毎晩
弁当
数値
会派
野菜
俳句
拠点
知人
衛星
電子
南北
社内
担保
対処
断念
散歩
存続
申告
激化
脱出
客観
研修
郵送
起用
優遇
答弁
喫煙
給付
調味
打開
連敗
拡散
補正
摘発
記載
育成
発覚
収録
先制
飲酒
救済
表面
思想
前半
資産
凶悪
声高
格段
粗末
奇抜
過重
非情
精巧
無用
無難
厳正
希薄
過大
器用
重厚
安価
未熟
不滅
不吉
馬鹿
穏便
清新
幼稚
皆無
陰湿
激烈
奇異
低調
端正
周到
克明
怠慢
低率
有用
丈夫
無力
至極
卑劣
孤高
無為
良好
遺族
大臣
物価
範囲
検事
様子
上位
質疑
寄付
増殖
入賞
上陸
譲渡
買収
操作
売買
発動
投与
信用
短縮
入社
出火
自慢
接触
内定
意図
失点
複合
既存
配布
射殺
設計
交際
結集
自衛
休館
採決
侵害
女優
複数
武器
義務
気分
中小
死者
打線
需要
内部
温泉
定年
定期
前提
控訴
明言
目撃
提唱
任命
推移
生存
続出
借金
昇格
上映
参政
志願
動員
克服
授賞
仮称
拍手
決裂
押収
発揮
看護
在宅
概算
独占
追加
赴任
敗退
棄権
合唱
印刷
通告
拘束
増税
演技
志向
修了
釈放
後退
占領
分離
臓器
同省
距離
大半
基金
食品
収入
私立
過程
権力
党内
工業
圧力
手紙
陛下
歳出
死刑
感覚
旅館
学会
次期
化学
機械
条例
脱税
退去
健闘
解任
釈明
開業
形成
代理
育児
離脱
測定
流動
滑走
観察
左右
通勤
感激
復元
補佐
貯蓄
審理
報復
代替
戦死
相違
握手
生命
年度
成績
宗教
態勢
会館
次官
若手
同署
数字
少女
魅力
年中
来夏
空路
春先
本日
太古
早晩
昼前
今晩
翌月
今夜
電力
職場
講師
興味
論文
顧問
調子
代金
安心
完封
委託
調停
新築
発電
脅迫
終結
流行
進学
除名
騒動
提起
破産
養成
作曲
擁護
交付
居住
発令
同調
読書
視聴
談話
故障
変革
保持
転用
反乱
出血
検出
隣接
減反
速報
世話
依存
増益
反撃
是非
機器
自信
句集
基礎
価値
所長
鉄道
観客
周囲
座長
季節
先物
地上
動向
北部
大柄
高名
格差
古墳
運輸
外務
直径
友好
実力
画像
場面
国務
政局
県内
本欄
住所
両親
株式
面積
財界
並立
急落
製作
調理
欠場
収穫
突入
退院
商売
走行
実感
運搬
返事
着手
駐留
修復
従軍
施策
付属
生息
空襲
吸収
注射
絶滅
進歩
連動
掃除
訪日
批評
接続
感情
業績
程度
乗客
暴力
夫妻
特徴
地下
内需
国営
食糧
多角
効率
他人
定例
家宅
役者
自体
競売
国境
車両
省庁
列車
体育
教徒
上司
書類
分譲
在住
求刑
完了
引用
密輸
避難
合成
完投
新作
失跡
化石
喚問
激減
成熟
反響
受給
同居
停車
言明
入手
徴収
闘争
卓球
公募
給与
経由
造反
往復
軽減
許諾
定住
案内
保有
告訴
永年
春闘
総務
府内
単独
主体
気温
割合
少数
医者
風景
時点
共存
税調
金額
本書
総統
美術
先輩
高速
証拠
猛暑
債券
現役
台数
基盤
手段
債権
支局
理念
速度
感心
救助
亡命
開票
投稿
圧縮
作文
植民
水泳
寄贈
投書
移籍
脳死
侵入
建造
過熱
解約
共謀
参列
消火
混雑
放火
検証
困惑
記述
解雇
解禁
配達
執筆
横領
独裁
革新
点検
着服
救出
所持
消滅
便乗
閉幕
暴露
鑑定
発給
表記
停電
創造
規正
従事
言語
値段
児童
団長
黒人
現象
頭取
犯行
昼食
合理
臨床
人類
心臓
年内
国籍
最多
空気
火災
店頭
事前
地点
当地
細胞
世帯
大勢
入試
短期
財団
血液
株価
台風
医学
植物
用地
無罪
単位
西側
身長
人員
素材
経費
労組
実家
打撃
産地
意義
部会
用品
教室
商社
罰金
室長
武力
成人
初演
炎上
車検
通学
発射
付与
砲撃
投球
閲覧
継承
傷害
了解
造船
陳述
流出
協同
両立
改修
浸透
分担
締結
運航
着工
団結
制約
在庫
究明
放棄
圧勝
襲撃
同情
焼却
観戦
楽観
持参
退任
延命
再会
展覧
入選
連行
野生
論争
集約
募金
芝居
接戦
包囲
乗車
否決
再現
誤解
死傷
身体
歌手
日記
終戦
短歌
近所
専務
窓口
店員
機動
運賃
要因
両院
文章
漫画
物質
秘書
脚本
名義
書簡
新薬
豆腐
理論
常務
純真
同等
非業
垂直
奇特
隠微
絶大
無粋
親密
硬質
巨額
極度
平易
優美
不潔
気弱
無能
冷厳
微細
対等
不法
野暮
希有
過少
達者
穏当
正業
格安
多感
篤実
不純
非凡
本意
高慢
節操
悲痛
安穏
流石
良質
劣悪
無法
質素
貧弱
淡泊
雄大
卑小
親身
幸運
簡便
痛快
古風
不穏
素敵
切実
物的
雑多
平明
無学
凶暴
厳密
内気
美味
簡明
鈍感
身重
痛切
整美
鋭敏
半端
陳腐
熱烈
勇敢
尊大
唐突
病弱
盛大
低俗
心外
身軽
鮮烈
虚弱
半日
半額
近日
道中
夜半
朝方
今夕
常時
日夜
球場
内戦
災害
標準
各党
視点
骨髄
任期
書道
哲学
賞金
性格
絵画
厚生
個性
司法
要旨
大陸
最新
長女
騒音
国王
強盗
町長
用紙
開示
興奮
保育
接種
化合
保釈
激突
除去
承諾
認知
養護
減収
誘導
歩行
飲食
渡航
我慢
加速
命名
味方
付帯
送金
告別
慰謝
台頭
招致
信託
閉会
共催
受理
採取
待遇
擁立
留守
対面
恋愛
退場
損失
就労
駐在
沈没
競合
給食
供与
志望
出生
改良
得票
著作
控除
虐待
再発
人形
常識
格好
衛生
公団
同町
演劇
連休
冷戦
同点
本紙
友達
食料
電機
将棋
右翼
町立
兵士
砂糖
内外
知識
正月
給料
陸上
競馬
半数
大国
空間
生物
東西
治安
体重
賃金
地価
県立
中華
不信
区間
地位
皇后
農村
小学
趣味
読者
路上
衝撃
両者
人民
収拾
静止
外出
失速
連結
送信
快勝
教訓
退陣
渡米
帰省
脱却
結合
講義
分類
好投
拡張
中毒
恐怖
送付
追跡
補給
特派
撃墜
否認
専念
混迷
登校
自覚
脱走
鑑賞
論評
制御
立証
愛好
創出
出現
産卵
開館
面会
争奪
通訳
創業
宅配
飼育
通話
断定
正解
該当
画定
祝福
造成
待機
強奪
共演
被災
開花
会食
弁論
浸水
推計
作動
拘置
全焼
博士
定数
大衆
最長
財務
大戦
税金
葬儀
重点
資源
領土
中身
体質
書店
土木
切手
本店
原案
官庁
婦人
打席
打点
権限
背中
具合
人材
海岸
後任
共和
夫人
伝説
根拠
回線
品目
規格
家事
玄関
作者
室内
帝国
未来
感想
現職
数量
手形
社説
死体
遺構
活性
収益
看板
式典
国対
種目
苦情
屋根
入管
主力
郵政
部下
自国
青年
女房
各種
保健
行事
今朝
敗訴
集計
共生
監禁
念願
棄却
尋問
直面
禁煙
孤立
退団
潜在
辞退
異動
激戦
堅持
由来
認証
増大
入省
連打
通用
常設
連想
学問
受講
妨害
入植
植樹
割引
賛同
実用
運送
多発
痛感
応用
改訂
曲折
売春
休業
乗務
侵攻
相続
矛盾
噴出
類似
半減
黙秘
休憩
共感
殺到
就航
配置
競泳
配当
対照
専攻
到来
所蔵
求人
出獄
出品
生殖
節水
酸化
続行
上下
換算
裁量
発効
遂行
発着
収用
警護
出勤
免職
訂正
行列
配備
大綱
兄弟
経緯
神経
間接
信号
両日
原子
木造
祖母
田舎
生態
合弁
犯人
家電
主権
漁業
商店
階段
同庁
教委
主将
国道
証人
議院
衣料
車内
皮膚
勇気
業種
原告
原点
天然
店舗
初戦
公立
勝者
主任
指針
容器
基調
太陽
全額
全力
文明
湾岸
大蔵
打者
同大
同校
分科
原作
画面
評判
地帯
回数
攻防
理想
指標
議席
初期
牛肉
住居
商法
事例
西部
品質
内科
画家
名人
件数
負債
論調
出店
混合
黙認
再審
開国
密着
直訴
市販
出費
回想
追求
誤認
送検
誘致
周知
通行
追放
結束
脱皮
配転
増額
破棄
包装
手当
授受
沈黙
清算
照会
遺伝
接近
入会
公示
忠告
選定
声援
消化
装着
人選
注視
減益
奉納
逃走
宿題
引責
創立
保留
中絶
啓発
議決
失望
創刊
朝食
蓄積
往生
宣告
在学
作用
滑降
巡礼
持続
伸縮
阻害
公認
巡回
調和
断水
彫刻
通達
推測
手配
後続
貯蔵
残留
繁栄
対局
愛着
発酵
苦慮
北方
氏名
隊員
人体
遊園
女王
軌道
役所
区域
敗者
俳優
対外
会期
左翼
助手
院長
強風
同派
端末
加害
祭礼
村長
火事
郊外
末期
街頭
慰霊
両社
予備
町議
主役
軍人
都銀
年代
図書
系列
液晶
本音
指数
布団
学長
残高
国土
条項
学術
所在
同紙
外科
救急
原発
東側
朝刊
光景
放縦
豪気
民俗
実業
講座
軍部
制球
要綱
国交
争点
学部
日系
詩人
様相
療法
独身
家具
習慣
採算
趣旨
大気
内相
動機
原理
青春
同区
異論
親子
実務
書面
都合
脅威
右派
工学
祖父
物件
区内
公益
順位
上空
高層
局面
民事
陸軍
有無
自決
昇進
横行
奮闘
開通
告知
配給
照明
変換
突出
発音
乾燥
硬化
復旧
強要
自称
更生
採点
増収
確約
復興
考察
区分
追憶
統治
調節
中退
告白
並行
呼吸
集積
中立
監理
集合
見物
組閣
付託
防災
好転
受精
狩猟
改選
直結
駆使
繁殖
供養
骨折
受諾
苦悩
投下
全勝
開店
発信
探査
添付
独走
修行
増設
建立
運行
委嘱
補修
裁定
再選
発達
子守
加点
算定
送電
埋蔵
増員
排水
敗北
論戦
上京
散会
合戦
進化
許容
冷却
陳謝
解体
招請
永住
承知
減給
圧迫
反則
採集
司会
管制
転倒
在任
返上
変形
築造
明示
黄金
風邪
時計
無死
熱戦
定員
悪口
長打
駅伝
原油
公算
方言
栄養
要素
中部
水質
名目
消防
身柄
著書
紙面
貧困
首席
財布
治験
幼児
兵器
球団
政令
運命
農民
体長
継投
休暇
白書
念頭
立法
台所
左派
禁輸
高値
体力
工芸
食堂
拍車
受章
週刊
税務
規則
慣例
視野
上限
全員
元年
中間
誠意
双方
夜長
家中
初日
随時
没後
毎秋
元来
隔年
昨冬
先夜
火曜
今時
倍量
月末
即刻
先年
先程
後年
毎夜
大昔
開眼
餓死
重複
短大
攻勢
通貨
商工
形式
要領
左腕
近郊
重傷
敬称
理科
世間
公害
出番
緑地
心身
権威
王座
女児
未遂
日誌
消極
財産
先頭
農相
観点
歳月
皇居
顧客
府議
素人
護憲
労災
年収
同級
肥料
知恵
有価
都会
構図
賛否
酸性
人数
公衆
色彩
月間
電源
商業
物資
物理
検問
納入
激励
率先
留保
創作
落胆
力説
参戦
精製
合宿
執務
専任
操縦
弾圧
分配
内蔵
伝達
抑圧
迫害
開拓
精米
軍縮
飛散
選別
乾杯
流用
習得
暴落
助演
建都
検視
射撃
回顧
回遊
引火
逃亡
暴走
欲求
冒険
増資
挙式
省略
失策
飛躍
暗示
格闘
膨張
乱用
録音
降板
緊縮
助長
卸売
架橋
再考
経理
区画
招集
処置
回転
山積
勝訴
転勤
緊迫
観賞
急進
実習
共闘
浪費
入園
攻略
強行
勧誘
参画
返却
寄与
連帯
急行
遺言
入団
先勝
尊敬
区別
絞殺
着目
担任
任官
訪露
再婚
歴任
行進
合作
自作
排出
入力
覚悟
描写
減額
匹敵
服役
移住
急死
婚約
勤労
波及
創建
待望
反射
拠出
順守
携行
美化
登用
共鳴
入門
復権
浪人
確執
父母
梅雨
硬式
酒類
真相
国外
難色
粒子
中堅
判事
個展
声楽
要項
小屋
冷夏
歌詞
手間
講堂
爆弾
芸能
戸数
別姓
才能
愛情
義母
共犯
漫才
制憲
製剤
北側
家計
東洋
用途
絵本
民営
体内
人件
荷物
因果
鉄鋼
側近
看守
敷地
合憲
徒歩
学科
名簿
支社
磁気
天体
究極
士長
戦線
中年
域内
地図
取次
和風
天国
薬物
管内
慣行
心理
現存
読経
警官
爆竹
金属
寿命
総数
特使
好評
政調
実情
厚相
走者
保安
論理
行革
師匠
宴会
名称
口座
学歴
体調
白紙
波紋
強豪
愛犬
車種
手腕
逆進
視線
美容
訴状
男児
姉妹
野外
戦車
需給
市道
天井
劇団
不在
打率
人種
小物
各紙
正面
株主
辞表
活力
書展
冷房
同店
旅費
新興
調書
東部
納豆
冒頭
本物
性質
親善
歴代
窒素
軍機
木材
先端
限界
用語
公社
性能
刑法
国旗
貨物
海上
主食
市営
利率
神社
取扱
歳暮
方面
家賃
花火
半島
水産
郷土
木星
国語
浮気
外遊
微笑
軽視
推理
授与
商談
下宿
家出
配信
応答
昼寝
躍動
決起
考案
鈍化
弁明
交信
受領
別居
搬入
圧倒
内示
講話
入館
封鎖
口論
添削
出題
変身
殺傷
密航
照射
立案
染色
探検
排卵
直撃
壊滅
検閲
移管
再燃
探求
大勝
外食
処罰
転校
断行
空想
生育
受刑
敗戦
英訳
冷凍
装備
出向
強打
予感
補導
没頭
脱落
生長
運休
養殖
絶望
処刑
逆行
追徴
激増
祈念
兼任
敵対
同伴
発送
講習
療養
破滅
加算
巡行
登頂
損壊
派兵
祝賀
錯覚
降下
同感
直行
収納
代弁
停滞
拘禁
求職
続発
免除
煮物
裁断
納付
切断
加重
乱射
量産
監査
悲観
隆起
残業
競走
歓喜
噴射
抗争
再興
発案
苦戦
絶縁
出世
裏書
付加
分布
加熱
服用
横断
発病
南進
看病
出願
失明
除外
被弾
噴火
合掌
即死
付着
疲労
装飾
共有
捕獲
駆除
尽力
旅客
制服
絵巻
岩場
真実
新卒
府県
側面
満点
感性
南東
歌人
大物
身内
薬局
気配
軽傷
冗談
中前
農地
賞与
利息
将軍
差額
俳人
無名
全長
景観
組長
骨格
簡裁
標高
税法
跡地
墓地
包丁
聖火
党派
組員
史料
沿岸
子宮
農薬
自家
新書
事項
要員
商戦
悲劇
労相
有罪
本選
視覚
抱負
公費
父子
列島
税収
空中
即時
学年
真意
水気
公安
天気
花粉
新車
両方
特例
灯油
何者
身元
債務
架空
電波
原料
時速
白人
気候
鶏肉
直球
母子
夕食
製薬
県民
恩恵
王者
終盤
両氏
執着
緑化
助言
石仏
弟子
故郷
土器
使命
好機
団地
地層
手法
公金
節目
生後
屋外
任務
会頭
職人
校舎
車体
歳入
背広
役目
着物
役人
皆様
月刊
要件
形態
友情
近世
漁船
地学
無断
学園
祖国
水道
無期
益税
府民
南側
総体
仕様
郵貯
軍隊
原稿
海域
血圧
風潮
学芸
使途
右手
勝敗
帳簿
国歌
消印
社宅
民放
空軍
文相
限度
同誌
兵力
概要
高温
歓声
取水
港湾
学級
豚肉
右足
邦人
踏切
新型
熱気
戦力
上級
天文
白星
半面
頭部
義父
府立
名物
下部
月額
新進
機運
体系
典型
来訪
予言
投影
洗礼
連発
動揺
掌握
買春
校訂
抽出
肥大
照合
査証
着色
病死
乗馬
禁固
会釈
返送
脱会
散布
勇退
誘惑
悪用
戦没
奉公
生誕
保養
編入
憂慮
肉薄
伝承
休部
混戦
召集
帰休
節減
老化
信仰
満了
精進
配本
衝動
略称
昇給
鎮圧
遠慮
躍進
傍聴
回帰
連戦
裁決
激動
発起
後悔
爆撃
焦燥
照準
駆動
正装
開閉
予断
抑止
清掃
遅延
入浴
統制
防御
花見
着用
増強
兼務
戒告
硬直
熱中
雪辱
落選
競演
入北
始動
落着
超過
破損
熟練
熱演
公布
専属
修整
承継
算入
出動
散乱
転任
転入
委縮
燃焼
対談
放射
指令
厳罰
増発
選任
掲揚
予告
傾斜
配列
参観
鼓動
失格
結実
完備
自滅
等分
協約
押印
損傷
引率
追究
幻想
識別
早退
焼死
進退
整合
転向
補完
踏襲
窒息
繁盛
上達
告示
断続
慰労
物納
受付
敬意
腐食
転嫁
鎖国
計測
密造
愛読
先取
答礼
解答
出陣
完済
内申
抵触
受信
決戦
交戦
請託
予報
節約
歴訪
温存
同乗
厳戒
実戦
追認
師事
宝物
大声
右腕
書物
京劇
眼鏡
男優
行員
成分
支障
伝記
文句
学期
諸島
日時
風速
壁画
器具
悪魔
景品
文芸
内政
分子
市街
抜本
人質
砂浜
草花
本番
娯楽
母校
実体
園芸
筆者
領域
美人
手前
例外
重量
好物
下町
閣外
離宮
前線
義理
市警
手話
演歌
閣内
形状
宅地
速球
老後
紙上
令状
本質
他国
戦場
南西
活字
寺院
熱意
内訳
利子
棄損
電流
純金
大賞
序盤
薬事
公務
本名
病状
後部
商事
順番
山林
区検
証書
鉄棒
全身
西暦
国宝
参謀
体格
漢字
灰皿
車線
自伝
教会
家屋
寝具
力投
海水
政争
車列
気象
和紙
古典
足元
宿舎
金銭
都心
手首
外来
外部
集落
新法
教頭
温室
威力
尾根
宮司
法制
終末
公聴
新婚
薬品
町民
仏教
狂言
額面
山岳
王朝
書家
草案
機種
非行
上部
人格
手帳
民衆
見聞
礼拝
正気
柔弱
性悪
無芸
均等
薄幸
生鮮
超凡
先安
隆盛
無恥
方正
先高
不徳
奇態
浅学
公然
不備
寝坊
陰気
豊満
東方
旧式
精妙
逆様
愚鈍
温良
別様
粗悪
過分
大俗
未練
静穏
短小
喫緊
同一
典麗
手近
不運
極悪
適任
豊潤
同格
微弱
上等
不遇
堅気
小心
希少
勇猛
極微
横様
勤勉
大形
好適
繁雑
老実
横暴
険難
富貴
不全
晴朗
軽少
欲深
皮相
如何
薄弱
均質
無念
神速
悪徳
大仰
温雅
華美
色白
俗悪
腰弱
自動
古雅
玄妙
愚暗
無比
端麗
明細
怪異
明敏
有限
微少
少欲
温厚
同断
不精
多情
極道
不動
珍奇
不敵
弱気
多弁
該博
本当
無毒
合法
知名
風雅
余分
清純
足弱
広量
非礼
秀抜
狭長
多芸
軽薄
純一
適法
全一
雄偉
邪悪
中空
澄明
残虐
無病
霊妙
無様
勇健
淡白
浮薄
手狭
未読
無傷
違式
風流
放漫
低湿
従順
不粋
絶美
不適
純潔
不敬
無知
猛悪
善良
文弱
老巧
達筆
高直
直角
多端
真丸
無謀
無害
長命
単一
鮮少
博大
太平
滅相
清廉
不孝
無道
優等
絶無
劣勢
黄色
失当
内密
豪勇
豪胆
幽玄
多湿
純正
破格
清澄
残刻
弱小
暴虐
真白
不平
高燥
無類
最高
不易
優性
上乗
無限
過敏
無尽
高貴
人並
優良
永久
多量
黒山
卑近
自明
鈍根
暗弱
変則
不定
赤裸
早熟
公明
粗慢
専横
軽妙
真暗
果断
横長
真正
奇遇
零細
劣性
果敢
大風
丸裸
潔白
無根
秀麗
不意
殺伐
博学
低廉
切要
潤沢
真赤
繁華
分外
正規
未開
略式
品薄
温柔
双対
精強
過小
湿潤
優柔
安手
格別
愚直
骨太
最適
気重
入用
本気
至要
均一
純良
悪性
快調
健勝
無欲
内的
小味
質実
好運
無敵
不様
廉直
至高
静寂
白髪
年長
控目
鈍重
新鋭
酔狂
不変
遠大
調法
安楽
既知
重度
大型
安静
枯淡
律儀
本望
多病
意気
好色
冷血
低能
短慮
特有
不整
別個
長寿
中正
平滑
茶目
気早
散漫
詳密
固有
通俗
怪奇
軽度
不順
幽寂
不味
都雅
無体
多種
放胆
入魂
薄情
平気
異例
下等
幼少
快活
硬骨
本式
文雅
狭量
廉潔
利根
清雅
等質
単簡
小食
緊切
老練
不同
温和
無味
縦長
適時
純白
真青
律義
最下
寒冷
短気
大力
平淡
希代
神秘
深遠
辛気
幅広
外縁
沈痛
森厳
光栄
険阻
過多
狭小
暗愚
強暴
精細
柔和
野卑
分明
入念
強健
巧者
上質
不忠
慮外
高率
機敏
高雅
初心
満杯
下品
年少
精鋭
大口
手薄
秘密
悲酸
佳麗
中高
老弱
新式
苦痛
多事
有能
険相
浅薄
単調
小欲
平板
著大
多目
暴慢
最良
尊厳
美的
随意
至便
不等
愚図
不敏
典雅
多幸
無筆
不屈
可変
弱体
大抵
優麗
徳用
純情
広博
即急
無人
多難
簡潔
花車
虚心
鋭利
同義
多才
強情
無益
至当
若気
柔順
有毒
適格
至純
緊要
鉄火
非道
微小
実直
別箇
繁多
極大
腕白
任意
粋狂
永遠
小型
賢明
多望
火急
多能
豊麗
雄弁
極少
得用
至難
現金
幽遠
粗略
胴欲
最上
端厳
利発
能弁
多額
無私
不覚
過度
水平
不和
深長
厚顔
少食
小胆
冗漫
新奇
真黒
気鋭
年月
劣弱
廉価
美麗
神妙
不満
温順
繁忙
親愛
順良
敏腕
定常
不用
端近
無数
肉太
粗暴
細微
警抜
敏速
利口
微力
粗野
深切
潤滑
軽微
無骨
冗長
空虚
有意
遅鈍
最低
英明
険悪
大味
貧小
新規
精良
荷重
最悪
極秘
突飛
精確
小量
軽便
生硬
凶猛
敏活
高大
粗放
等価
肉細
過当
絶好
両手
抜群
無精
精美
日数
簡易
博識
豪放
隠密
笑止
至妙
暴悪
洋風
平俗
善美
穏和
勝気
屈強
乱雑
半間
極小
神聖
劣等
有数
精微
純美
遠浅
乱脈
健脚
望外
平安
有為
業腹
荒誕
愚劣
深厚
非力
高遠
野蛮
奇警
貧相
幼弱
重体
異色
高位
史的
豪的
流麗
心的
権高
間遠
憎体
真率
堅固
芳烈
冗舌
横風
劇烈
大儀
口早
殊勝
口軽
生直
足速
素的
高潔
横柄
陰険
明解
卑俗
低劣
下劣
見高
潔癖
卑屈
病的
全的
低級
積極
大様
気短
可聴
滅多
小体
舌長
量的
滑脱
然様
法外
不良
周密
大童
詰屈
可読
狂的
明朗
速急
手荒
甘美
左様
生憎
奇麗
丁度
健聴
珍妙
不毛
存外
気丈
強欲
健気
気長
哀切
内福
厳重
狂暴
散慢
仰山
詩的
誇大
安気
大層
美妙
情強
細密
長大
無惨
細心
生新
陰惨
真当
短目
口速
粗大
因業
鮮麗
必定
鉛直
奇怪
滅茶
霊的
独得
不束
巧妙
粗雑
倹素
尋常
学的
質的
静的
強的
手短
目深
動的
歳上
豪儀
軽易
邪険
正大
安直
目茶
外的
強大
肉的
真直
豪勢
当然
不尊
気随
口重
座席
和食
親類
選管
合金
国政
有印
利害
旅券
土産
概念
砲弾
火山
用水
細部
間隔
外為
道徳
境内
海軍
悲鳴
店内
豪族
水門
怪獣
職務
温度
院内
最古
校内
磁器
大筋
同時
頂点
版画
過失
祝日
廊下
腰布
迷路
余暇
都立
所信
満開
食管
人柄
目前
人道
次長
西洋
本腰
下味
立体
社名
粘土
書籍
本体
陸連
耐久
闘志
番付
漁村
外資
意志
物事
医院
代打
日付
新米
英文
後方
鳥獣
火花
弁務
校則
図鑑
他社
同案
満席
効能
両面
前途
首長
月例
急務
女流
異議
全権
肉体
両省
刻字
係長
農林
年次
宝塔
地理
言論
古来
賞状
眼科
恒久
要人
地面
衣服
主題
横綱
特色
通称
県営
本戦
文科
舞踊
急性
試練
医局
初代
品物
各氏
母体
潮流
催涙
洋服
余地
町内
外野
名作
水系
空席
有志
資材
痛手
菓子
王室
古都
経路
門戸
死因
王将
歌劇
力士
身分
毛髪
科目
現物
法要
風水
感慨
紅葉
失礼
欠落
追随
制止
営巣
自賛
独創
独断
掲示
開演
兼業
主管
退役
解読
全滅
勘定
相乗
当番
絶句
出金
力走
速攻
野宿
喚起
植林
勘案
離島
号泣
供託
減量
夜勤
公言
出征
布告
用心
分化
誘発
長考
真似
乗船
配合
北上
翻刻
消毒
転出
逆襲
分業
洗練
雑談
勤続
熟成
惜敗
補強
食害
蒸発
検知
思考
錯誤
苦難
乗降
先駆
合致
退席
休学
復調
漁獲
沈滞
同封
浮遊
出穂
分解
訓告
散発
倒壊
欠損
代謝
慰問
脱水
生成
隔離
発会
特選
遊泳
転居
閉口
舞踏
公訴
焼失
没収
改称
破断
筆記
落雷
称賛
通院
訓示
連取
合図
奉仕
伝授
増産
雑居
勘弁
制圧
伐採
創始
導水
出国
触発
観念
連呼
埋葬
政談
微増
注釈
修習
着衣
往来
電化
換金
試作
投薬
起床
自営
愛護
閉店
潜入
怒号
的中
理髪
交易
刷新
点灯
結晶
編曲
贈答
断言
降格
節税
退官
転職
洗面
奮起
開校
欠如
根絶
登記
全治
発刊
炊事
改悪
秘蔵
精査
水死
干拓
心中
完走
実証
改名
所要
復員
吐露
授乳
直視
辛苦
休戦
分乗
自爆
面談
完売
解職
昇級
仰天
氷結
出走
入閣
始末
迷走
減員
作詞
体操
願望
盗用
試食
衰弱
決別
収監
協演
接待
返答
適合
係争
存立
受託
縮減
落下
蔵書
転業
延滞
操業
肉食
打破
襲名
増配
先決
加減
密集
抗弁
免税
搬送
講釈
出力
交尾
焼損
催促
公定
連判
検挙
引当
到達
進言
入金
自供
直属
親父
冊子
墓石
鉄製
祭壇
音声
部員
消息
警鐘
不作
立会
副長
大地
行楽
海峡
空域
書留
被疑
墓碑
卵子
契機
数学
地表
海洋
雑貨
定評
風土
表紙
署員
店長
卓上
軍国
兵隊
異国
全域
感触
使節
名曲
乗員
夜空
虫垂
党議
本館
違憲
海浜
短編
陰謀
西岸
砲台
美女
市政
宝庫
船員
車輪
工員
悪夢
胎児
発端
恒例
憲章
戦術
良識
旧姓
農場
極右
右前
何事
野草
全容
森林
熱湯
春季
戸籍
労使
本場
活気
境界
初歩
濃度
致死
駅前
係官
破片
教材
同府
進路
口径
子孫
源泉
母国
大佐
公営
州都
国有
水域
軽油
背後
地獄
陶器
王国
民需
雑草
食器
地主
陣営
幕末
月収
学院
比重
楽屋
総研
原画
情熱
帽子
牛乳
議題
実勢
広域
起爆
損保
肉親
私服
熱帯
本文
最短
社報
親族
地銀
円形
初任
弱点
球威
兆候
先番
陽子
立地
路面
敵失
戦災
手順
樹脂
油絵
左側
外貨
大仏
語学
河童
党員
合間
終身
信金
電器
私大
隣国
打数
手口
幹線
国軍
水位
終値
鉛筆
棋聖
抵当
要録
教養
肝臓
経歴
荷台
団塊
村人
遺骨
分権
判例
原価
細管
機体
同所
役場
本業
正義
題名
根底
文言
主審
全欧
奇跡
欠点
対岸
文庫
全般
順応
固執
復刊
残存
分泌
根元
白色
浮世
半身
各界
捕手
手足
孤児
問屋
武士
仏語
有給
振替
辞意
心情
朗報
売店
極地
根性
精度
巨人
税額
点数
高検
道筋
障壁
反日
塗料
愛国
海運
種子
倉庫
波状
衣装
単品
源流
両論
足首
全線
歩道
発作
暴投
試案
花束
自室
鋳物
王宮
管財
灰色
落語
文部
国益
貸出
見地
共著
柔道
葬式
当社
損益
左手
夏物
物品
惑星
神話
様式
球児
元首
倍率
果物
言動
快速
宮殿
両校
印鑑
根源
上層
公海
毛布
油彩
巡査
議事
貸金
精力
題材
筋肉
浪曲
名残
内臓
口実
東北
風味
島民
師走
同博
里親
民家
流血
例会
園児
全店
聖地
心境
地権
目頭
聖戦
県議
功績
定説
町村
腸管
私費
蒸気
直間
重油
米人
偉人
家裁
前例
金庫
尊属
屋上
目安
地場
館長
責務
神殿
同機
口元
民意
申込
大台
天候
標語
標的
考古
恩師
後輩
屈指
珍味
産物
視力
汚名
自力
将校
元号
会費
難関
国柄
示談
地名
民法
改憲
元本
豪雨
係員
書名
木工
堤防
中古
週間
木陰
食欲
難病
友愛
片道
無線
戦士
花輪
分会
少将
市況
炭酸
気力
構内
口頭
区立
秋季
無実
好奇
総連
合否
社団
左足
卒寿
部活
上流
好意
金権
市有
生体
後者
反動
街角
噴水
目録
楽器
遺志
年頭
利付
指輪
自費
大空
活況
船体
局員
魔女
人手
洋上
道具
先手
実刑
校庭
来客
恩赦
際限
小委
有料
弱火
同種
景色
在来
乗組
原型
学識
神道
異種
紀元
党略
同委
難題
間際
職種
観衆
船長
夕刊
品位
悪評
手元
先祖
前面
法定
脳裏
毛虫
単価
陣地
樹木
通路
本国
文物
謝礼
球界
恐慌
空前
成案
王子
祭典
系統
奥地
新生
孝行
沈静
行脚
含有
仮設
入党
倍増
隠居
抑留
請願
粉飾
慰留
失墜
休養
固辞
授精
著述
増進
雷撃
察知
同化
両替
入港
感嘆
分岐
女装
拡声
封印
合体
収載
着想
新調
割譲
除雪
来島
帰郷
好演
思案
輩出
下見
潜水
居留
定義
延焼
投棄
伝来
開門
単行
暗躍
分派
完歩
特設
愛用
撃退
仲買
減免
着弾
徴用
奉賛
布陣
奉祝
背任
説教
掃討
離陸
絶叫
接見
中傷
賞味
上程
退却
風刺
乱闘
賛助
派生
互選
退治
漂泊
溶解
奪取
失職
全壊
集金
私用
警報
大病
前納
満載
零封
除草
発奮
完敗
劣化
混在
漂着
臨検
記帳
走破
倒錯
財投
直言
流転
点滴
試写
暴言
知覚
再演
確信
休息
熱狂
遊興
君臨
造語
失笑
登載
開墾
所期
過信
実在
反落
在留
発熱
独語
鼓舞
死守
考証
勉励
暖房
調合
改築
越年
来館
在籍
就寝
見舞
受検
土着
奮発
増長
踏破
侵犯
半焼
定植
伝送
調剤
内包
備蓄
下校
特筆
割当
伸長
自認
完結
混入
貯水
禁酒
昇任
爆破
決行
適応
出港
介在
受難
開封
動作
左折
進入
消沈
探訪
入村
雑踏
大敗
爆笑
摘出
凍死
満喫
脱毛
改装
発進
惨殺
扇動
退社
渡河
朗読
断罪
翼賛
画策
自給
付随
発券
断食
決心
迫撃
魅惑
解題
仮装
訴追
所管
倹約
転売
完勝
布教
留任
混成
待命
火葬
追撃
代休
統率
消去
校閲
楽勝
大別
熟知
固守
護衛
陳列
参与
落馬
送迎
演算
略奪
注力
安置
占拠
宿営
配線
突撃
密封
観覧
辛勝
卑下
現有
拝聴
枯死
精通
常用
加味
進撃
帰京
席巻
撃沈
兼用
騎乗
交差
変質
暴発
交錯
決壊
着任
中和
正視
開局
先着
拝見
現住
混血
出展
沈下
洋装
漂流
凡退
産休
談笑
来店
再来
誇示
紅潮
留意
探知
立食
即売
冷遇
貸与
厳禁
排便
遭遇
発育
野合
接客
発車
新任
屈折
収縮
放言
摂取
再任
自白
記名
起業
開場
送球
右折
試飲
印字
敷設
振動
切望
爆殺
給油
搬出
結党
抗戦
動転
勉学
対比
入所
装丁
閉館
魅了
改札
落球
処方
信任
論破
奉行
内助
鎮火
奮戦
減価
敬遠
航行
点在
請負
算出
試掘
吸引
休耕
印磁
目印
進級
全開
総称
徴兵
遠征
抗告
円熟
束縛
預言
処遇
設営
苦笑
乱立
凝縮
転身
快走
貫通
注入
極論
放流
論告
紛失
熱望
納品
伝染
熟読
監修
命中
善処
布石
即断
嘱望
拘留
興行
急造
飛来
逆流
浮浪
山道
腹痛
受払
外見
山間
水面
赤色
牧場
飲料
客員
人文
甘味
足跡
頭数
編者
生地
通常
各人
内実
長期
車中
平常
反面
幼時
古代
瞬時
中葉
戦時
行末
最初
史上
冬季
時季
途上
天性
旧来
中世
前期
現代
食前
明朝
例年
晩夏
真夏
当期
日常
大方
生来
半期
昨晩
早春
不断
半月
戦前
中期
真冬
当代
今期
晩秋
平素
当今
日中
前回
満面
直前
時分
夜中
単身
前週
年初
夜間
朝夕
内心
時刻
前月
大概
特段
随分
足早
案外
結構
真昼
終夜
暮方
昔時
明方
挙句
過日
目今
朝暮
夜前
元朝
両度
産後
時下
満目
平生
晩冬
去歳
大数
行先
末葉
当世
晩春
客月
今次
先般
本年
初年
毎次
真際
明年
晩節
客年
去春
半季
尽日
門並
近来
後月
他日
他年
他面
当年
明晩
昨月
術後
寸分
少時
午后
大略
途次
客冬
朝晩
数等
昼中
日毎
夜来
毎時
当夜
先晩
毎食
時余
年来
毎秒
毎期
以上
当歳
方今
復路
当節
早秋
夜分
刻下
夜毎
寒中
本初
昨夕
満都
居常
帰路
白昼
後来
終年
毎夕
独力
半時
半夜
昨週
全日
当月
多年
例日
後刻
客歳
満場
余日
揚句
先度
各員
城内
病後
毎度
真個
以往
陸路
元三
近時
昨朝
幾年
旧年
過般
再度
各自
晩方
初度
旧時
去月
毎号
隔日
当季
鋭意
初冬
半道
雨下
終生
隔週
旧冬
諸共
今般
先刻
終世
冬期
長日
月央
未婚
村民
下水
社屋
親中
皇帝
機首
好感
素顔
初恋
朱色
主幹
明暗
党利
若年
図柄
青豆
投機
名士
高熱
豊作
識字
邦画
裏金
苦言
力点
半生
郷里
客足
医大
幕府
雄姿
実権
親友
同性
次席
中火
本命
裸族
随筆
犠飛
牧師
学業
地蔵
旗手
議連
技法
互換
握力
自前
火薬
善隣
金具
大豆
小品
同額
医長
奥様
気品
病原
恋人
青雲
教書
巨匠
毒性
性別
官製
苗木
末端
時価
有機
片手
被葬
巻頭
太鼓
遺書
流域
名刺
青銅
剣道
棋士
南方
酒場
実相
教官
沖合
部数
口紅
権益
野鳥
聴力
英雄
回路
王立
外信
歯科
容量
境遇
駅員
遺品
南端
大小
動乱
白票
漁民
機材
模型
園長
両紙
方策
群衆
切符
個所
有事
大男
随想
前衛
服装
河川
正統
官民
体裁
生死
労務
途端
特急
隊列
台本
副賞
覚書
敬笛
横笛
外郭
戦犯
最盛
反戦
君主
大差
前文
域外
速達
新旧
台帳
胴体
疑念
漁師
聖域
海辺
慢性
空調
両端
歩調
物流
馬券
小鳥
特性
床下
墳丘
右側
危害
投打
信念
通年
去就
里芋
裏目
大卒
両像
新入
文民
成否
特技
仮面
前身
古米
公党
営利
中途
既婚
初回
期末
県庁
酒席
外側
犠打
軌跡
如実
理屈
労連
視界
出方
室外
近隣
大作
民謡
古着
封書
史跡
全裸
遺作
趣向
素案
北東
公職
最小
材質
庁舎
助役
目玉
接点
馬術
憂世
騎手
清貧
婚礼
民芸
死球
私学
羽織
灯台
片方
隣人
事後
陣痛
受取
政務
新品
上着
当事
庭園
風雪
外圧
親方
盟約
列石
中軸
特産
図画
迫力
本屋
帰途
転作
動議
通念
活路
斜面
獄中
線路
抗体
事柄
教職
水着
液状
矛先
両側
障子
境地
弾道
支払
土俵
持論
仕草
適量
文様
外伝
儀式
夏季
出足
宿命
利点
図式
特番
便数
衣類
容体
駐米
吹雪
対案
英字
天才
校区
戦友
効力
専業
湯気
下方
義姉
波乱
芸者
秀作
大工
風情
次元
直系
詩集
気圧
望遠
関門
議場
薬味
客席
食物
旅先
童話
雪崩
司書
公使
親指
書房
利潤
軍用
支柱
絵柄
農政
強度
多選
水深
山車
点字
保母
定刻
年限
案件
自発
人情
少子
難問
薬価
初球
基壇
結社
評定
議定
入水
合点
分別
施工
落葉
気質
板金
作付
作物
月数
北国
冷水
祝儀
町中
内幕
色紙
古今
気風
各局
各巻
宿主
雑用
前夫
地代
鏡台
前座
実話
沿道
初値
長身
誠心
凍傷
法務
時短
後尾
中級
文楽
門松
羽根
別館
線量
白布
小石
賀状
宝石
意地
隠滅
対人
古銅
酒量
週内
陶板
山里
全会
文脈
国葬
家畜
同率
始発
諸君
商務
情景
内線
男物
名優
同左
転機
先陣
王族
年産
住職
仕業
体協
外人
青空
海面
歌曲
私見
季刊
区民
炭素
綿糸
磁石
実物
雨量
手芸
重圧
全盛
補欠
全校
心地
山師
聖典
等級
氷河
賃料
金文
施政
始球
病巣
国庫
機密
役職
姓名
恋心
立件
暴風
茶色
品種
貴族
全文
用事
寄席
旗印
喫茶
技能
工費
金貨
方墳
良心
電線
片側
同村
新緑
作風
旅人
飛球
教団
血管
頂上
州兵
山脈
定休
林政
紀行
病人
洋酒
筋力
巨費
近辺
難聴
採火
確率
応急
角度
社交
下位
満身
全量
怒声
南国
銅剣
秋冬
論考
能会
社協
技師
大判
学友
高架
心肺
弱者
次男
辞令
伝灯
条文
駅名
物産
彼氏
同薬
殿下
葬祭
香典
実技
愛想
足腰
貸家
労作
屋内
市井
島内
病名
本位
死語
補選
要所
定価
開明
凶作
俳壇
定時
主砲
特権
動力
王様
資質
美技
部位
大乱
骨子
浴室
遺影
受益
字幕
罰則
湿地
岸辺
陽性
聴覚
頭痛
砂防
地盤
固形
主眼
薄口
孤軍
芸人
戦中
低温
段差
水分
伝票
肺炎
宴席
頭脳
極限
連中
封建
関取
生理
修士
芝生
日没
交響
敬老
年下
世相
年数
送料
戒律
期日
正門
北西
北緯
奴隷
同右
守旧
即座
府営
満員
地質
和室
惨事
市域
全社
故意
糸口
自我
標本
味覚
恒常
旧制
差損
野郎
貸付
近況
部落
字形
洋楽
悲願
兵員
武家
燃費
打球
別表
聖人
下辺
攻守
硬貨
弾薬
名門
床上
接骨
都民
戦跡
社寺
栄光
賞品
座敷
量刑
愛称
弱視
月産
水源
後味
小判
水害
害虫
未知
内裏
国是
傷跡
気合
根幹
風物
金品
隊長
米価
露店
表札
刑罰
佳作
同数
政審
評伝
不仲
時限
近海
当主
教主
利便
背筋
忠誠
総勢
鉄骨
縦横
模範
園内
内局
長所
絶頂
隣家
視解
護身
快挙
古巣
主筆
政官
本家
昨季
動画
相性
温床
政変
農務
総代
駅弁
空白
噴砂
人前
棋戦
彼岸
親元
新春
浪士
維新
配偶
名宝
楽団
創部
居室
警務
綱領
局部
惨状
思春
生保
無言
巻末
街路
善意
知性
老朽
情趣
小舟
護岸
無配
軍団
自助
原形
積雪
主観
特区
本籍
中流
規律
時効
教壇
常温
至福
銭湯
辞書
小児
同志
果樹
酒税
風船
美顔
大権
春雨
既得
異変
子役
所用
断層
住人
実地
聴衆
帯状
耳鼻
利権
年配
既成
前任
公司
低空
盗賊
産年
軍転
薬湯
茶屋
名水
液体
土台
多岐
短冊
達人
強火
辛口
度数
下限
口調
菊花
管区
早版
息吹
公庫
競輪
船頭
水虫
各部
農蚕
筆頭
食用
悔恨
過渡
順序
同相
新郎
西南
鼻血
殿堂
小麦
真上
定番
稲作
愛煙
増勢
隣室
異性
自筆
文政
伏射
夏場
人妻
質量
戦列
生家
水力
内角
定石
女史
容姿
法則
会報
新内
縄文
寿司
支所
未然
政教
寒風
魔王
医科
志士
織物
乳児
小雨
名産
相承
目先
日陰
外政
国税
修業
出船
大損
平行
透過
邪魔
前後
大破
直送
密漁
間食
伝言
禁制
惨敗
例示
彩色
専有
低減
増結
蓄財
来演
算段
群発
引受
受任
転化
油断
北面
心酔
符合
恋慕
造型
珍重
要約
遅刻
配管
掃海
力泳
混線
乱獲
在席
臨場
盗掘
散在
反逆
標記
日参
襲来
群生
製版
分散
呼号
直射
痛恨
常勤
護送
仮想
寄託
行商
下放
特約
高揚
悲嘆
転回
減数
予習
満悦
入局
直上
詳説
成形
訪朝
判示
驚嘆
心痛
遠出
点呼
自転
断髪
登院
厳守
借入
帰着
接収
大書
登壇
賃借
直観
鎮座
始業
移設
破裂
協業
林立
改新
製油
乱造
来院
切除
準用
設問
支度
移入
静養
浮揚
受容
発走
突貫
観劇
決済
副葬
自制
散水
自任
独学
接岸
在勤
黙殺
露出
熱愛
変造
着岸
抜歯
出撃
反復
翻意
列挙
配流
応戦
訪英
詩作
強弁
起案
密閉
縦走
集散
特進
丹精
交配
公告
配送
包容
鳥観
在京
現像
合算
巡視
善戦
卓越
気化
自負
代用
妻帯
相伝
包帯
繁茂
洗顔
配電
満腹
希求
離散
激走
帰化
工面
傍観
零落
徴税
才覚
連射
折半
東征
吹奏
放任
出所
退会
欠勤
減殺
取捨
誤算
失効
放鳥
放出
救護
書写
代筆
来場
上納
洗髪
軽食
具申
縦断
軍備
密植
確証
逃避
絶賛
白状
安産
交歓
直進
失権
類焼
増補
遊学
鍛錬
発声
入定
委譲
必着
追尾
仮定
隔絶
静観
増便
小便
空輸
変態
計量
激怒
自生
乱打
形容
公選
猛省
検便
停泊
宿直
捕食
入隊
苦心
筆談
賛美
密談
判読
建議
難産
開腹
外泊
白黒
敬愛
祈願
塗装
就学
隠匿
総計
入荷
存置
専従
埋納
寸断
格納
違約
加担
短絡
渡島
風化
直下
減圧
係船
発光
体現
承服
先後
断線
講評
積載
座談
哀願
類推
聴聞
却下
汚濁
欠乏
冷笑
切腹
独居
上訴
付録
直流
連係
早寝
赤面
異化
返金
哀惜
録画
氷解
漏出
帰結
除籍
転覆
模倣
具現
老衰
散髪
暗記
尾行
強訴
施錠
入線
多用
報知
増刷
指図
別送
入校
寄金
低落
凝視
表決
得心
品評
変容
近接
会同
覆面
手続
伴奏
物色
打電
修飾
挙手
奪回
厚着
専修
宣戦
読解
博覧
出納
衰微
裁縫
排気
加療
増減
払底
仲裁
他界
必見
中略
分断
打倒
倒伏
免責
用船
復職
先遣
訓戒
探究
独唱
受像
配水
援用
薬殺
越境
弁済
精錬
作為
教練
接合
腐心
死滅
供用
堅守
見参
移譲
肥満
打算
草食
変装
発明
加筆
透視
防備
遊説
密葬
流会
疾走
溶接
流失
励行
密売
関知
試聴
信奉
現出
大同
集結
失火
前述
減水
即位
落盤
採尿
休止
就業
自炊
量販
領収
造立
常駐
供出
苦闘
類別
在中
焼香
建国
種痘
発散
譲与
埋没
改組
脱党
越冬
称揚
翻案
排斥
気絶
展観
整地
変節
獄死
想起
調教
電荷
必読
増量
音訳
文通
親近
再起
南下
歓談
模造
感服
策略
少考
冬眠
投降
厚遇
従属
放浪
交遊
抜粋
賛辞
刺殺
感電
添加
金策
訪仏
収蔵
増幅
教習
増築
帰属
選曲
密約
徐行
猛攻
寄稿
縮刷
勇断
流入
鎮静
判別
急減
改変
写生
上気
復学
補足
猛進
流浪
鋳造
伝導
霧散
減食
貧血
来社
厳選
直訳
脱線
奏楽
分立
随行
雄飛
入行
突発
起因
栄転
高言
迎撃
断交
輸血
誤報
脱帽
作製
転載
遠望
混同
列席
代読
返礼
集荷
改心
概観
抽象
見当
敢闘
多作
濃縮
屈託
離縁
起草
船出
自適
納骨
予見
修繕
断絶
絶命
通夜
営繕
結審
半壊
空転
畜産
辞儀
衰退
卒倒
出没
昇華
卒去
守護
縫製
全休
口述
焼身
注水
安眠
遊戯
増水
急変
返品
群舞
借用
嘱託
訪台
離合
禁欲
整形
熱発
転学
失恋
落後
決裁
熟考
進航
入籍
着席
乱舞
舗装
脱獄
増刊
競落
盗聴
成育
容赦
乱発
句作
推量
習熟
失禁
是認
監察
落第
落成
完納
暗転
手品
殴打
搾取
開戦
退室
評決
試乗
負荷
起立
啓上
人心
余波
上面
各行
塩水
各組
谷間
新手
代物
紙質
石灰
内面
元金
酸味
上方
道程
外壁
商人
波頭
大根
何人
漢詩
前方
大雪
緑色
疾風
寒気
船場
秋桜
雨水
雨風
心底
同胞
音色
高台
奥義
下腹
通禁
通帳
残飯
都県
世辞
年上
凡人
礼金
景況
耕地
有線
服飾
手本
老年
各線
難所
総力
試薬
曲名
原文
時流
手錠
足音
漢方
公用
課程
趣意
電圧
異状
工程
半値
北倉
対物
暑中
主軸
婚前
概略
青葉
密度
鉱山
陽光
事案
仏像
実例
西進
好況
台座
片面
武人
深層
和服
悪女
士官
迷著
間柄
民生
島国
楽章
正犯
司祭
手引
建前
校歌
課員
省内
縮図
高地
土中
薬剤
盤上
防犯
高給
雨戸
団員
最貧
血球
寸前
遺物
国論
立憲
道県
軒下
強弱
前者
悲哀
面影
資力
作出
軍需
付添
最強
総局
定率
外販
在米
領野
法学
右脳
市価
貴人
口先
力作
貫録
先見
若造
左党
厚情
口笛
信教
点差
党名
玄米
金物
効用
健児
乱調
鋼鉄
残雪
追肥
祝電
山陵
越権
横顔
途方
機電
館員
代官
浴用
日刊
重文
菜園
会友
株数
後記
微量
正体
虚実
不実
太刀
人目
降水
主戦
欧風
実兄
配点
歩幅
脚光
手袋
盗難
官公
前歯
体形
老齢
党費
文具
陵虐
返球
断面
控室
各店
薬理
駅長
軍民
文集
和装
特攻
義足
常連
仮題
初稿
遠足
穀物
得策
怪談
内耳
養蚕
鉄人
毒素
林道
薄給
幼体
林間
実父
個室
見識
海底
立像
依願
残土
内径
同郷
特務
顔面
枚数
賛歌
雑木
本土
船首
不燃
才女
変電
高圧
確固
農産
強敵
火力
球審
音響
自軍
必需
糖尿
行程
飼料
終幕
外護
府庁
共済
丘陵
陸地
遠洋
卵白
総出
武術
底辺
水彩
断簡
光度
局地
孫娘
水利
長調
宗祖
左脳
外車
文革
組曲
名画
血幹
審決
後発
密室
水牛
番外
珍客
白子
焼肉
券売
器械
毒薬
基幹
物議
国技
小人
鎮魂
敷居
連隊
豪雪
識者
小指
藩主
画展
手先
鉄筋
動脈
歌謡
鉄板
肝炎
婚家
針金
通巻
理容
人為
虚像
互恵
所掌
岩船
情愛
高専
互角
国費
心筋
初級
同型
随一
天守
南都
決死
人命
紅白
全集
胸中
犯意
遺稿
平屋
見積
骨盤
起源
鼓膜
半径
初夏
製法
技巧
爆音
船籍
愛妻
暗黙
腰痛
県道
首領
軍属
失投
公民
胸部
桃色
球宴
店名
画題
党勢
本港
必殺
部外
火器
蔵元
道理
綱紀
神様
年輪
差益
古書
長雨
少佐
当行
香木
裏地
語尾
見習
各層
単月
北端
町名
巻数
同軍
悪意
温水
溶液
石炭
創意
秘話
全土
電磁
後天
同和
使者
適齢
麦価
土日
執念
両人
暫時
屋敷
本線
肩書
快晴
落差
情感
同小
耳目
建材
酵素
波間
圏内
鋼材
美酒
潮騒
本島
重荷
曲目
白砂
康平
鮮魚
割増
算数
認否
熱病
石敷
県連
実名
野菊
事績
首尾
客船
臨終
中段
損金
多党
街宣
公報
本尊
観葉
出色
法王
頭角
結末
炉心
実子
出先
学力
再話
土建
裸体
裏口
女難
休肝
差異
手動
老母
歩合
新訳
大腸
卒中
往年
善後
座主
家業
条鋼
週休
演芸
左上
主計
年鑑
邦楽
水中
尊皇
同窓
山菜
長髪
大金
脳幹
前兆
車道
全曲
房内
実効
水色
短調
山頂
最善
儀礼
原本
道行
幼穂
刀剣
湿原
党外
拡幅
気概
真券
安否
道交
手際
好天
神事
土質
風習
義兄
死期
山腹
社債
急流
半量
休園
幼年
店先
同館
天神
戦績
躍起
文体
重税
飛越
中将
曲芸
私書
盟友
雨林
連鎖
新著
同名
貧民
階級
略歴
小粒
親分
口中
文系
等身
威勢
対極
民話
学徒
学童
決選
度量
楽曲
野選
両船
同位
洋画
側壁
文面
水圏
近親
季語
美徳
語源
小男
砲火
論点
冬山
利得
当確
場内
難点
食材
拝金
夕日
常敗
城壁
実況
旧型
道場
階層
久寿
本職
演目
直近
大盤
射座
系図
金券
無機
疑獄
体面
力学
芸風
極意
概況
孤島
雨期
純銀
親交
先人
体勢
専制
外聞
初婚
前庭
随所
政庁
正賞
青果
年賀
濃淡
司教
屋台
国史
近景
将兵
気迫
風上
暴動
特修
市会
全編
逆説
遊撃
医務
州法
西方
証取
破局
手羽
口癖
金鉱
同書
水球
水兵
知能
山男
画廊
支流
法規
次代
内装
長短
国体
冬物
必然
航法
亡霊
集客
心得
英断
教科
血統
卵巣
戦乱
前妻
記号
祝辞
震源
国情
深部
寝顔
秒速
米寿
感傷
手練
本流
日課
真価
刺客
老害
総論
球技
雑音
病床
所内
勝率
賛意
低音
武具
水素
特長
病苦
指紋
理性
学士
領内
細君
断筆
円型
元祖
歌声
金魚
法文
脚力
芸談
足場
体外
功労
得手
小目
守勢
磁場
異端
曜日
電信
本心
論壇
正味
全館
勝機
外角
天災
天使
即興
病室
悪役
紅花
功罪
富豪
頭髪
屋号
名所
狭間
会席
紙片
屈辱
規約
力量
長旅
句碑
隔月
文壇
茶番
同展
編著
定食
地形
家人
農協
致傷
主因
禁物
夏期
月内
元素
果肉
音量
表敬
労力
農学
能率
工務
評者
天覧
後衛
当該
金網
算術
選者
反旗
幽霊
各派
芸名
金棒
客数
筆跡
歯石
田園
異都
名字
基軸
産政
栄冠
墓場
時給
新芽
名匠
中秋
和歌
天下
党則
各所
局番
民宿
宝永
車掌
年商
鼻骨
炭鉱
背丈
魚類
軒先
家元
月給
火炎
戦型
雨天
冷害
黒幕
軽量
類例
官吏
子弟
新劇
証左
別人
限月
助監
歴然
疑似
俳誌
魚介
判官
水稲
適地
道順
重力
風穴
既刊
急戦
元凶
総評
基数
学説
数理
黒板
念力
扇子
産油
立国
短詩
福利
所定
首輪
自党
初老
黒星
上段
欲望
兄貴
土手
真心
外用
両翼
体罰
計時
関節
買取
不詳
出前
電算
館内
同権
便所
医薬
託宣
金脈
薬方
露天
勇名
商号
水運
市外
薄氷
当方
鼻歌
舞楽
輪郭
終章
出来
強請
赤熱
領掌
出漁
感応
口授
発議
追従
教示
下知
根治
相殺
重用
狂死
陸行
放下
算用
火傷
立願
西遊
借問
降伏
直答
相反
聖者
俗気
黒白
頭骨
物心
詠草
平地
反故
有職
急坂
余人
借家
小雪
微風
髪形
精霊
金色
荒野
投網
童女
総花
酔客
立合
人力
上辺
大輪
共布
水辺
白地
園生
新香
海鳥
黒子
角界
腹筋
河岸
家内
歯痛
各校
天地
上座
幾度
声色
銅版
幕内
片時
学舎
博徒
野分
身上
言質
春風
陸稲
初孫
私事
河床
墓標
薬代
海路
老酒
砂地
逆手
夕飯
間尺
末弟
好事
石室
仏心
苦味
祝詞
玉石
草木
出処
性根
脱法
花街
型式
桜桃
風車
弱音
流星
朝臣
素地
洋裁
本領
存否
右目
素子
棋力
低額
雪雲
語録
正伝
宝島
初子
鉄柱
門徒
鼻息
稲穂
国鳥
目白
功利
本号
同夕
幸先
和漢
騎士
星座
陰口
以東
双子
本邦
用具
個利
東風
高弟
答案
漁港
魚探
詩情
見栄
山気
方位
間断
音源
貫主
黒船
出自
雑則
花形
糧食
中等
冷風
本省
総菜
汽車
歯車
海中
球筋
表音
皮質
悲引
波長
逆風
警笛
博物
聖職
画集
陶磁
学究
有税
文末
水屋
略字
砲声
貸間
墓列
大社
仮説
雑色
強心
小康
寺社
月日
欄干
不敗
幾多
川幅
車間
都区
西端
異名
走資
音階
村立
干潮
運勢
敷布
左飛
広角
網膜
版元
婦長
谷行
義妹
確度
運気
金堂
茶室
御殿
幼子
採卵
測候
方便
大将
主犯
内湾
特効
塩素
額装
向学
人里
小豆
血便
酒造
自著
出欠
油性
以西
品性
合板
芳香
置物
人身
黄旗
代役
役名
白文
方途
寒村
花器
黄粉
電動
弾力
卒論
字体
府政
火口
式場
魚肉
春桃
高配
皇室
重層
生魚
大玉
威光
月販
練乳
残部
細身
命綱
絵馬
急伸
線区
特大
銀貨
棒状
王権
仏体
史実
大夫
工具
女心
白魚
文筆
列強
紺地
陣中
社署
緩急
託児
光線
臨調
霊前
全形
横丁
酒癖
前節
信条
下着
古式
円堂
私腹
戦陣
時差
停職
低速
庭木
幼鳥
無煙
人災
石門
所作
即席
純銅
惨害
要衝
期初
常忠
宝飾
木版
碑文
州立
県境
同家
秋水
伴走
驚異
回廊
謝意
休廊
漢文
横穴
乗用
史学
成魚
地縁
医籍
台車
壁面
釈然
多産
同業
学位
家相
不学
認罪
峡谷
古楽
戦傷
故国
初版
対内
陸相
産別
分館
祭殿
習俗
酸素
先客
神前
天空
滋養
天為
通販
曲者
元利
議案
異母
形見
寝酒
占師
熊毛
薄板
腕輪
樹林
暗部
至上
東院
就農
中型
新都
気功
手中
旗本
市制
口車
悲運
都庁
航跡
早足
白日
母印
洗剤
双発
不慮
上人
党是
空自
動詞
毛筆
未納
水心
双極
俳域
路地
悲傷
学派
口語
近県
稲荷
海友
歌稿
大役
快楽
敗色
竹刀
潮位
愚作
所員
装束
食後
必勝
官軍
資財
愚物
身辺
酒乱
店主
香料
正論
地声
悲恋
動意
農繁
浮輪
段落
無策
自陣
粉末
赤貝
武将
神父
極寒
既設
湯船
大雨
女中
省益
車庫
小差
年始
草魚
早道
心拍
病身
珍獣
冷菓
弁天
短長
弾頭
墓前
民航
同港
農山
水墨
原産
表土
金満
当人
健保
音程
優生
表題
新制
子女
奇形
旧交
各冊
論者
水草
商魂
音曲
生身
実車
緯度
技量
下絵
弟分
産品
石壁
後妻
雪上
因縁
図版
音盤
単彩
短刀
通所
銅板
府会
肉眼
砲術
異郷
公取
黒色
元手
金銀
傷口
神木
章典
潮風
労農
戯夢
魚価
憶病
臨月
天命
発禁
書作
女癖
害毒
強腰
極印
競書
処世
血税
闘魂
山系
巨火
南郊
窓辺
浜路
左官
面相
我宿
樹下
月賦
仏式
純度
国名
情念
赤地
外形
複線
犯科
葉書
自販
事由
大全
子細
海賊
声量
貴種
返書
特典
画布
大火
球形
乳母
防虫
後手
芸歴
境目
子息
過労
耐性
墓所
来歴
防火
共修
雪原
謝辞
助員
野性
酒豪
性向
好捕
規範
弟妹
人様
鋼板
弾丸
巣箱
愛車
図像
県政
本庁
大便
猛威
片目
選書
火砲
街談
定額
快感
雄花
党紀
時報
小社
長話
名詞
天平
月光
陰影
死神
戯評
口数
次週
疑義
爆烈
直情
新装
花芽
湿度
見本
川砂
柱状
激務
食費
能管
過言
濃口
基底
緑豆
両極
安物
本隊
理数
皇国
祭神
大潮
武闘
米袋
余念
仏徳
連峰
茶会
高砂
行間
男坂
文語
英紙
軍楽
戯曲
勇士
斜辺
精子
在外
誌面
苦楽
軍政
愚策
力動
絵図
市電
夜行
箱屋
築法
敗因
水温
林冠
信徒
陸運
温帯
団子
白番
時化
借地
引導
陣内
遊休
刷毛
立札
法量
足軽
少額
部局
片耳
開張
運河
縦糸
遠隔
陶工
大殿
宗派
間合
殺虫
裏面
保冷
他方
鉱業
工高
凶弾
医事
実弟
優品
茶髪
慣習
卵酒
理国
空文
魚雷
氷質
里子
火元
喜劇
岐路
赤毛
端歩
眼球
女手
雅楽
紙袋
否応
国定
総業
平価
現下
退路
駐禁
両剤
興福
交番
各委
朝練
酒鬼
盛況
南庭
鉄路
未完
個体
数列
長物
課徴
母乳
中佐
議運
朝市
腹部
皇子
老境
信組
愛馬
幕下
小骨
残務
色石
晩生
墓相
先妻
転院
染織
重罰
週給
集権
恐妻
貧富
大河
別名
長姉
名声
山河
経時
余震
民権
字引
降雪
鎮痛
県土
商船
成獣
心証
試論
助詞
和洋
当来
歯根
税別
暖冬
美学
草創
遊郭
区史
小道
棋風
恋歌
曲線
暴挙
学区
成年
監獄
村落
守将
他者
前歴
強権
机上
初段
南口
口上
銅鏡
刑余
月白
野望
歌業
多胎
新曲
定型
戸別
古層
歓楽
別線
蛮行
新館
自画
遠目
商会
無冠
東海
春物
酒屋
王冠
本能
射程
説話
磁性
和文
当落
特撮
温情
石頭
上役
弱毒
式辞
伏兵
連装
秀才
体高
初雪
塩分
学名
肝油
桑畑
適温
代走
胸囲
塩辛
不発
薄謝
時機
給湯
塩味
真顔
砂層
物腰
紅玉
横糸
皇族
入級
音質
弓形
名実
排外
茶話
表側
法事
課目
紫色
原潜
立射
匿名
目線
同根
公私
無間
淡水
砂粒
実益
喜寿
尺度
凶器
牛歩
専売
根気
熟語
本展
見立
風格
死生
濁声
矢板
適否
大系
非鉄
軌間
軽協
電池
敷石
定形
下意
青天
洋間
海事
石像
不錯
噴霧
物置
苗床
幕命
川下
雷鳥
意匠
劇薬
食味
変年
計器
学殖
汚点
内陸
名将
多客
劇評
知育
手管
本件
内側
末尾
旧知
多色
猛獣
図学
敵前
最愛
古豪
淡海
成金
財宝
末路
硬派
装甲
愛児
後内
双眼
総量
親王
彫像
各次
農具
号外
月面
始終
俗説
断章
横車
北風
血筋
諸派
美観
電極
手編
日額
夜食
遊具
縁故
河畔
放列
図星
国選
開教
介助
山王
参道
怪物
薪能
政労
果実
日光
月報
内紛
大群
歌碑
読本
王手
銀色
笑芸
躍如
酔眼
詩境
在院
極刑
気付
煙害
法被
橋台
各位
静物
邦題
天宮
洋梨
絞首
義弟
続開
気胸
単打
正札
染料
敵性
大砲
班長
左前
塩性
事象
中執
葉色
紅色
陶芸
背信
原始
通詞
年率
破談
日月
声優
人中
同中
短命
歌道
便器
奇効
逆浪
不問
同隊
湿気
珍談
背水
盤石
領事
切花
子分
女声
新星
地平
号砲
小犬
庭師
他意
性分
耐水
夫役
悪玉
荒波
格言
難易
専科
地中
線香
代地
車外
死力
薄紫
甘口
東南
表層
金彩
徳育
子犬
古老
辞典
誤聴
皮革
先代
申立
薬用
皆婚
実母
電撃
悪友
黒髪
社外
老公
神仏
特会
治世
長老
善玉
画材
諸悪
導線
微熱
降雨
他馬
師団
苦虫
対空
右上
御所
壇内
身障
木札
機内
航路
機軸
奇岩
認諾
稲架
工賃
臣民
常態
里方
歴博
秋風
英知
旧友
調度
公道
戦記
貴国
遺児
陸海
特製
霊力
毛根
反収
諸事
単科
猟犬
郡部
再戦
高僧
導火
外観
腹心
習字
法会
歌伴
署長
先方
文法
開講
若木
黒石
妙応
粘膜
慈善
陸協
遺講
半旗
器物
薄紙
独善
軍命
指圧
図利
隣県
御衣
興業
寒空
悪法
毛色
似非
絵筆
戯言
高座
微減
胆力
終着
陵墓
鬼籍
買得
正殿
歌友
殿様
夜桜
端役
冬至
商標
首班
口裏
脚長
序列
場外
予行
大老
道民
岩山
同族
用材
眼下
特価
色弱
気心
町営
南洋
貧打
同山
捕物
諸語
政敵
若妻
備品
配下
最速
渡守
町人
海髪
復田
末日
願書
板前
天元
勝算
親米
無敗
故人
上官
初産
愚挙
余罪
誤字
隔世
書士
候鳥
裏側
王家
魚心
先入
哀歓
本局
慈愛
奏者
古様
天保
中腰
座業
士気
気勢
老雄
散弾
殺意
異才
連舞
門書
前部
催者
船上
銀河
断片
円卓
費目
原題
新説
民政
人出
浮沈
大寒
党務
県花
口内
部族
正堂
糸状
白球
左目
本数
気味
諸説
剣豪
後代
図案
学卒
窓際
存亡
両機
類書
両派
暴利
可否
満天
薄型
理系
大義
洋名
樹冠
打順
濁流
器量
星空
団扇
集題
名品
脳天
用件
油田
復配
北岸
船旅
造花
討入
深奥
国父
語気
修身
白系
高卒
露地
寺僧
汽笛
底値
便益
噴煙
演壇
役得
銀幕
生計
凡打
任地
閉庁
年刊
昔話
訳本
次節
営農
無税
題目
文教
食券
中倉
分税
客室
無神
筆致
寝台
長計
神像
同高
浴衣
村政
日用
捕鯨
民業
子羊
迷信
哀話
牛車
秋波
白菊
海兵
悪政
国教
本箱
鳥類
選良
素封
巻物
予科
便座
洋館
威儀
社葬
生肉
同姓
記章
電材
亡者
貴様
美風
木製
兄妹
催事
句風
自説
正副
抗生
火星
林野
炎熱
誌上
引分
雄鶏
魚体
積年
内情
校門
石偶
石材
臨海
親水
周期
譲受
橋脚
揚力
当否
底力
遠景
産声
好守
社業
枝葉
幾夜
小包
私財
焼経
外事
若衆
秋空
洋食
小声
中団
米作
仏文
帝政
毛糸
入日
臨界
大粒
妻子
徳利
常習
騒然
短髪
水流
黄精
顔色
両隣
人骨
大皿
節度
夜目
講社
急場
赤軍
明星
群島
旧名
通期
本題
字書
女神
南侵
禁教
雑種
視角
甲板
特命
厚底
漁具
滞米
実利
立話
耳元
半熟
各省
円盤
原人
死相
母性
楽壇
摂理
土足
若芽
噴気
洋癖
番人
精巣
抗原
浮袋
社務
反感
藩政
着尺
上白
高床
起点
成体
副審
開運
節句
大祭
公設
音頭
孤絶
静墨
祝舞
射幸
王位
美境
頭金
麦茶
利己
歳晩
下級
表意
富商
雷雨
体積
野花
文理
電装
威厳
暖海
産科
内壁
主文
頭皮
紺色
私鉄
家長
多分
胃腸
元職
暗証
架線
政情
物体
両性
応札
旧暦
乳肉
演題
星影
高利
耐寒
列国
祭具
鉄砲
対訳
右岸
南倉
官業
単語
不眠
裏町
北門
生気
所産
老木
紺青
福袋
敷金
英才
小党
流儀
返信
家路
綿棒
巨頭
党籍
出目
警部
分署
鋭角
色街
素質
雪国
養子
積立
空腹
曲想
集名
学内
早稲
名演
土物
茶柱
厳冬
下面
風神
最深
体毛
正価
知命
頭上
色気
誤爆
私情
雨雲
遺臣
異存
称号
水軍
女坂
馬番
投句
磁力
意表
幼虫
後宮
騒乱
熟年
土用
陰性
周波
米兵
稿本
連投
愚者
赤子
重鎮
番犬
春期
双輪
白米
教程
大軍
家紋
居間
年号
開村
私案
地酒
村議
国事
富農
横町
真空
老親
当座
土石
学費
野辺
陣頭
氷山
女物
魚粉
妙味
神風
詩経
都政
血縁
神誌
幕間
隊舎
舞子
震災
人魚
操船
純益
謀反
難路
行内
息災
鉱脈
大漁
漁場
多重
獲物
格調
新巻
激写
信販
楽所
近著
内輪
名車
情操
画風
画一
手鏡
全席
素因
腕力
汽船
開口
陸士
夕陽
権能
伝令
仲人
小片
腰部
棋王
大麦
朝野
地力
過誤
肩身
所行
漁協
洗車
深海
民兵
救世
能面
食肉
格下
貝類
砲塔
銅像
電灯
理学
随員
秀快
士道
草丈
私家
多国
角材
童心
作柄
漏刻
主知
旧家
消夏
格子
童謡
居候
暴漢
同島
聖書
図表
遺感
土砂
海鮮
恥辱
曲尺
寝息
小農
新種
宿願
乾物
下段
低利
労音
人家
粗鋼
解党
納会
風雲
装具
両様
巨砲
乱世
本元
健常
畑地
存分
汚水
桃葉
糖度
科技
仕立
王政
短観
求肥
無援
階下
火種
香道
母方
明器
論敵
知己
挙党
在民
少雨
皇軍
風紀
栄誉
版権
戦意
論法
端午
社畜
鬼神
風致
因襲
色調
湖畔
集魚
闘士
林地
大王
光熱
行年
病者
原審
学風
縁起
軍配
縁日
春節
商用
愚妻
水銀
側石
国権
冷茶
中温
念書
次善
単勝
職労
同心
樹勢
亡弟
同系
爆心
突風
砂丘
末席
外周
脂肪
船腹
座像
可燃
羽毛
低層
職責
参事
光速
金目
上布
都営
実定
愚答
風雨
口火
血道
線審
壁際
政商
省油
大目
続編
政体
半目
右端
道義
浴場
死本
牛女
氷壁
単形
写本
機上
新税
料飲
海原
同形
虫歯
多面
鉄則
学界
水量
句会
兵舎
墳頂
刊本
双葉
人造
宗主
樹齢
領海
中殿
目上
外傷
料率
古手
胃薬
本宮
暗雲
農道
牧草
州民
外電
歌姫
原版
無休
編物
器官
絶唱
神童
炎天
裏庭
官制
若草
小銭
聖歌
海流
圧巻
生水
空力
火付
秋口
有人
入歯
法主
活劇
体型
光量
密林
邦銀
木簡
史観
秘策
全馬
救国
末代
顔料
余生
布地
花嫁
激痛
無形
単願
人影
成鳥
宗旨
細型
序文
隊商
遺忘
生音
浅瀬
石柱
寸借
美質
新駅
本薬
快音
涙声
各般
漁舟
副業
木像
領空
戦火
誤植
落果
前列
祝杯
器材
諸氏
春宮
予兆
町衆
続投
養父
旅団
国力
写実
中産
年会
実年
弓矢
旅僧
刑場
胸元
背骨
同院
反共
良薬
外様
寸法
王女
清風
名医
矢印
抜糸
遊行
存知
思惑
越訴
並存
変名
論説
在世
安居
下座
勧賞
相対
直筆
自重
割賦
入来
新造
御礼
大息
合歓
交織
化生
悪戯
造作
下手
素描
対語
出立
添書
細工
回心
私語
在郷
注油
自棄
和楽
届出
更衣
長座
合力
雑言
成敗
出水
早出
徒食
点火
仮借
落書
留置
家居
発意
他行
重宝
連弾
円満
伝法
簡略
恐縮
無茶
沈着
膨大
乱暴
横着
退屈
貧乏
激越
密接
簡約
相応
卓抜
無心
失敬
安息
大挙
同期
印加
想到
水書
先攻
離乳
倒幕
検案
絶家
深化
訴求
領有
受戒
興起
対峠
増兵
潤色
再検
並進
降服
推服
確言
成就
道破
結露
消灯
特待
実視
鼓腹
通交
積層
起筆
免訴
明断
抜刀
勧化
連奏
増車
転送
掌理
割拠
節米
通関
捨象
査定
門出
迎合
湯治
特注
切削
激変
試行
自戒
退歩
措定
耕作
装荷
閉門
熱願
孝養
弾奏
熟視
閲兵
重合
休職
永眠
栄達
脱色
壊乱
続報
後送
検収
受配
虐使
圧搾
談判
昇天
低回
受審
退座
休航
消光
高唱
滅亡
納札
任用
劇変
看取
生動
散点
違犯
再思
流露
摘果
口外
受洗
遺贈
誤用
変異
約言
刑死
垂死
略言
遊歴
止宿
歴遊
濫造
就役
査問
焼尽
速成
接写
亡失
差配
安着
票決
隠退
奉答
結球
加護
口演
出府
救命
休神
同車
送波
操車
修得
再縁
立脚
付設
発心
預託
侍立
曲言
鼓吹
水食
説経
細説
談論
転補
借財
布達
全訳
初出
実測
布設
検死
送像
増徴
着剣
放水
念持
採鉱
固化
補筆
好防
占有
植皮
追討
外切
専心
信服
持久
伏流
合議
審問
秘結
焼鈍
絶食
召致
同流
積分
滑空
欠航
参朝
内談
東進
卓出
実写
接地
議了
敬重
出札
換言
読了
意訳
予覚
蓄髪
確聞
微行
熟議
自活
修補
推論
脱脂
座乗
熟談
解熱
総覧
賞嘆
偶語
強襲
歌舞
縫合
着金
参進
抗言
固持
圧延
清書
独演
震動
愛惜
内命
奉告
早婚
復刻
宿望
掃滅
訓話
見分
専断
満水
点訳
納受
出帆
内通
付言
再訂
衰滅
帯剣
自学
力戦
射出
終止
直覚
遺尿
強攻
追録
繰延
応射
喜悦
再嫁
徴募
委棄
漏話
造血
同定
禁圧
老成
起債
巡演
変改
分与
去勢
立見
比肩
重婚
感得
密生
参宮
造形
承伏
歓呼
改版
露光
群集
痛心
仮植
反抗
約分
独奏
間伐
放電
押売
再訪
導出
更改
立替
局限
断種
痛論
愛蔵
礼賛
大呼
修養
契合
誤信
製塩
停船
加階
盗電
帰陣
予知
錯雑
通電
引見
屈伸
量定
全通
厳秘
上書
即行
歓送
作図
論断
治水
正座
空費
遺留
右傾
恵与
申達
入滅
雑記
溶出
変位
代書
省筆
規整
試製
投写
分煙
休心
奉拝
集収
処断
布置
奪略
投身
蔵匿
内服
急迫
馬耕
絶版
筆算
結髪
案出
包蔵
同座
修造
雄視
分家
建言
誘引
転地
激論
消失
列記
入信
消散
争闘
兼摂
快眠
力闘
動座
安神
着座
忘失
発出
照査
送別
陽転
考究
混食
重奏
塩焼
敵視
割愛
訓電
手交
降参
乱費
凝滞
付課
先述
返本
塗擦
奉唱
両断
引致
出仕
湾曲
帰山
残害
服属
粗描
訓読
凝結
配付
自警
改稿
特免
邪推
吐血
入城
盗伐
策謀
嘆称
公称
習練
凝着
得道
折伏
進発
図解
役務
壊死
細別
目指
自責
蚕食
遺脱
延引
変約
退蔵
欠伸
問答
仕官
帰服
耐乏
中座
推算
夜営
帯電
減却
模作
離任
祖述
再刊
引接
威服
応対
加勢
自証
大酔
終漁
納車
譲位
送配
激情
教戒
倒置
自得
乗算
入質
論述
混浴
下獄
製粉
監護
酸敗
痛嘆
沈降
称呼
接伴
襲職
圧伏
調製
悩殺
転変
閉経
寄書
来所
開札
寄進
露見
述作
陪従
猛襲
供応
在荷
現送
辞去
代言
老死
血戦
架設
垂範
写植
直裁
転写
上覧
攻落
変転
表出
漏水
愛飲
結託
着水
順礼
破約
密送
集配
単作
在社
少憩
疾呼
警衛
優待
巡覧
慣熟
帰耕
相補
薄遇
出射
夏眠
分流
冊立
代決
皆済
面詰
帰営
給血
対置
阻隔
脱船
暴飲
邦訳
陶酔
退校
点滅
出炭
細論
凝固
律動
滞貨
苦学
標定
不参
入部
整流
重畳
答電
訓令
制動
思料
痛飲
貫流
在役
覆滅
順延
説法
宣教
入構
連座
飽満
自記
代議
感泣
奉読
起稿
混信
略述
嘆賞
均分
送風
転移
落石
領承
死産
欠礼
納金
凝集
増販
小別
直航
造水
拘引
休眠
非議
同室
直売
傾聴
節電
競映
付議
買物
現前
脱藩
製材
退避
至嘱
激賛
親拝
実検
滞陣
封入
分掌
感奮
心労
類従
出稿
放神
喜捨
自噴
散財
引証
私闘
通計
捕縛
回議
増派
飽食
下向
惜別
修練
重刻
朝礼
中耕
洋行
指向
傾注
超勤
退転
訳出
討幕
起算
農耕
探険
翻身
帯同
推考
相克
療治
遊猟
卓絶
探測
悦楽
再製
自署
直感
凝議
落城
受光
用談
出芽
表象
即諾
改印
難破
謝恩
嘱目
入寂
奉迎
沈潜
閉山
帰依
周回
集成
開帳
対質
怒張
降誕
景仰
巡業
分冊
蒸留
定置
口約
寂滅
転貸
夢想
強圧
暗唱
減車
肥厚
追記
公転
滞日
内祝
及第
採掘
挙証
分有
思念
陪観
霊化
補外
改鋳
在国
募債
濫伐
拝命
振作
自愛
笑殺
報謝
造影
小憩
弱化
受業
改題
歓待
帰納
聴講
当直
枚挙
長駆
穴居
黙過
協和
帰投
特措
投射
再送
制欲
分水
思量
交接
奏覧
滞空
同着
揮発
早世
思弁
防戦
公述
官許
随順
掃過
入庫
宣下
伝習
濫費
鑑査
集貨
幻滅
接頭
終演
予納
分界
自製
男装
脱着
防縮
復航
純化
臨幸
相愛
読図
光被
冷評
休講
自修
化現
組版
傷神
塩蔵
転位
脚色
補記
平伏
推挙
心服
上木
自弁
厳探
常住
昇圧
嘆願
化育
静聴
速断
流産
採納
整体
失錯
受納
訓導
暗算
帰順
検地
自乗
多食
再挙
造営
修交
和合
兼官
服罪
流布
励起
密猟
熟思
離村
分骨
略取
下付
羽化
濫掘
失神
移駐
曲解
発問
交替
並称
落手
起請
降嫁
退行
奇襲
雑食
作画
争論
内覧
反転
宣布
略装
素読
退勤
論及
遺失
改作
倒立
考査
換物
代作
仰視
採訪
断裁
既出
切開
東上
怠納
塩化
傾倒
虚脱
吐乳
起工
改行
精算
内勤
復命
重版
躍増
即詠
展張
贈与
副署
施米
詳解
応諾
図説
用捨
来報
信伏
湿布
倍加
啓示
焦慮
付置
変死
摂生
放散
直奏
食傷
送致
出郷
真読
摘心
朗唱
対当
礼遇
加増
日勤
味得
帰朝
査読
隠見
適従
揚棄
混用
全快
善用
修好
没取
言上
敬慕
下請
詠嘆
掲額
委任
入梅
決闘
苦行
参看
成約
専管
冠水
減産
服務
助力
乱売
植毛
精察
別封
圧死
移項
営造
交合
陪食
入朝
頭書
採炭
消音
強振
説伏
猛追
恩借
騎射
介抱
共用
回航
励磁
登城
専行
開化
寄宿
実見
勧請
染筆
直交
在府
滞積
注進
変心
投合
製革
施与
耳語
分遣
両分
兼営
物故
敗亡
道楽
内観
詠進
模写
濫獲
評釈
板書
就床
称美
抱擁
暗合
直納
切迫
内在
示教
黄葉
対座
参学
塩梅
東道
雑婚
印行
避暑
黙礼
放心
受傷
隷属
黙諾
弁別
平復
大言
賦課
雌伏
会葬
来観
追善
犬死
雲集
没入
書見
防音
仮眠
目送
内応
拝顔
覆審
誤読
代署
閲読
展墓
変奏
連接
脱腸
出御
照応
絶筆
寄留
受命
討伐
勘当
駆虫
仕度
訪欧
来校
混作
誤聞
閉止
詳録
参内
巡見
要談
引算
冠絶
哀訴
恵投
隆替
滑落
私有
乱入
詠唱
喫驚
恐悦
召喚
直読
通観
休校
勘合
減退
深謝
約定
配色
禁断
崩落
度外
血判
続落
再議
血書
排他
賢察
味見
執奏
論証
採種
専決
着地
共振
調律
化成
降臨
推参
荷担
脱営
助勢
錯視
撃滅
高調
求婚
勤番
連作
筆写
立腹
分宿
美食
入幕
随身
脱漏
開板
移出
規程
潮解
択一
錯乱
蓄熱
登庁
待避
調伏
読破
通覧
付会
欧化
続載
触法
豪遊
使令
親任
没却
着陣
降車
和協
特赦
復古
折損
完訳
幻惑
渡御
進上
布線
宣揚
屈曲
変移
護持
応訴
散華
錬成
直覧
常食
裁可
活着
超脱
共立
再臨
転宅
嘆息
代任
超越
採寸
在官
厳令
開宴
自演
狂乱
推賞
飛揚
請訓
送籍
転成
泣訴
拝読
挙用
速決
点描
情死
難詰
朝賀
兼有
散大
忠勤
滅失
徒死
換気
詰責
問責
毒殺
編修
反命
補整
復位
増援
較正
痛言
選歌
出社
遺精
先導
受粉
欠食
略記
公許
着信
伝搬
凝立
生録
試演
追考
下乗
造林
論判
海食
属託
潜行
簡抜
傍証
使送
仕分
代願
探勝
行持
密告
愛顧
飼養
雷同
善導
回向
奏功
前駆
惨落
内約
欠配
伸張
速記
弁解
離船
成型
成婚
流下
転調
奏聞
悟得
刻印
推称
味到
来往
定位
即決
再掲
俗化
放歌
止血
約諾
逆算
墜死
発布
学修
印可
密殺
群居
吐出
腐朽
殺生
分列
配向
劇化
驚喜
長嘆
偶有
世襲
内諾
再版
補間
搾油
浮動
沈殿
随伴
禁忌
指弾
底止
延伸
換地
出入
下命
陪乗
拾得
染物
詰問
講究
増悪
復円
達観
収受
栄進
除服
手記
依拠
運算
本復
了察
密奏
謀殺
増力
自習
自沈
内職
証印
徴発
比類
横死
速射
潜没
要述
具備
応化
低唱
帆走
推断
明滅
対審
改易
臣事
常置
進駐
訴人
上船
反攻
領解
更正
親告
振込
甘受
互生
筆答
復号
敢行
外征
借覧
補作
参究
偶発
埋設
急襲
激賞
取締
表白
生起
参上
除隊
黙座
威圧
殴殺
公刊
失調
黙考
悦服
架蔵
忌避
移調
復姓
試問
内達
乳化
巡検
問罪
入道
概説
呼応
参府
沈思
多言
連記
着荷
幽閉
帰社
呼集
合資
突起
反覆
整髪
定立
黄濁
惨死
全敗
投出
駐日
放熱
熟眠
迎接
早産
含味
印刻
再認
写像
低頭
立身
親祭
検品
深耕
悩乱
創成
病欠
切論
混交
騎行
使役
表裏
掃射
令達
再拝
加除
摂動
粗食
復習
急募
監訳
特売
宿衛
論定
助走
奏効
選好
改訳
連乗
生食
執刀
消長
遵守
休会
検束
勧戒
手書
漫遊
背面
鍛練
当用
厳命
作表
兄事
着筆
隷従
水難
重刷
口供
開削
防磁
訳述
配剤
逆上
行幸
築港
望見
同道
来談
区処
並置
警固
相関
元服
怪死
兼備
別売
追慕
校合
参着
来宅
憎悪
退散
即納
包摂
帰農
足算
製氷
割腹
周遊
計数
帰来
背離
笑覧
追訴
家蔵
謀議
施術
料簡
兼行
製図
摘芽
検温
給養
収奪
改姓
背走
滞留
焼亡
汚損
仏参
消却
力演
内借
煙滅
映写
帰伏
着意
開園
熟覧
自訴
失念
征伐
帯出
絶交
縫物
承合
言訳
賞揚
互助
同宿
巡幸
来任
参堂
調進
説示
退位
聴従
拝察
反訳
驚倒
念仏
別家
他出
聴納
因由
製表
回生
衝心
離農
生別
爆傷
臨席
除電
強直
登降
免官
養育
補職
休載
標示
分売
随従
背反
精白
緩解
興隆
黙視
脱化
慢心
特認
飲用
在校
施肥
通航
欠課
走査
読過
修訂
秘匿
入唐
順行
吹聴
節録
転籍
乱心
埋伏
再転
起伏
混濁
発揚
推察
伐木
被覆
冷蔵
改元
近侍
下船
端座
激発
潜航
寄生
感化
築城
給電
対顔
自尽
送達
創製
教護
入坑
探梅
回国
振起
極言
切言
奉賀
来朝
裁許
名状
漂白
発火
参会
昇殿
小破
便秘
装用
厳存
禁足
痛惜
大観
拝領
縦続
大悟
誤訳
総説
教化
対陣
抜剣
返杯
回申
浮流
放伐
信愛
築堤
集録
精油
私消
内攻
兼勤
座州
民泊
遅滞
進達
仮託
減資
調薬
発狂
愛育
検波
契印
外注
自足
滅却
急送
明察
貯留
埋骨
企及
募兵
平方
圧入
謝絶
内分
応接
首唱
直談
連用
応召
参殿
近道
会読
混生
普請
射影
要略
聞知
熟慮
誇称
整除
転進
測地
予察
遊離
出精
包含
卒読
減算
補任
沈酔
滴下
負託
乗除
小計
独修
賦活
属望
内奏
伸展
統裁
勇戦
離籍
臣服
死闘
延着
論決
来航
特訓
案分
減衰
接尾
回付
粘着
選炭
濫作
徒長
死別
盗作
置換
臨模
黙読
実働
輪作
節食
巡察
改葬
縦覧
忙殺
薄着
他言
合評
急設
味解
調髪
乾留
転宿
思慕
訳載
炭化
離隔
請来
窒死
赤化
着帯
熱弁
随喜
分村
奉加
巡閲
自虐
査閲
就位
仕訳
半周
添乗
服薬
推重
火定
結滞
誤記
査収
改悟
兼職
直話
感光
特出
反目
脱穀
結盟
溶断
公売
晩成
反訴
派出
裸出
当惑
族生
参賀
直営
回読
接受
過賞
自害
和訳
点眼
批正
重唱
毒害
服従
仮葬
提議
現用
投了
配属
帯刀
目測
代納
早死
土葬
想望
卓立
痛撃
全納
感恩
感知
内向
下降
散開
代位
歩測
退出
拝観
存命
変成
間作
相伴
白濁
清遊
編制
示達
発願
透写
着電
修学
苦節
凍上
潜幸
自存
再帰
濫発
鯨飲
自首
防寒
細書
代講
執達
入室
昇降
造園
触接
増置
違背
出離
注解
産出
利殖
朗笑
完工
得度
製鉄
並列
折中
内省
収得
共栄
伏在
雑交
黙止
教導
論弁
毒死
回訓
洗脳
合邦
歌唱
着火
治定
賦与
離職
風聞
離郷
独白
陸送
結氷
速答
支弁
夜襲
回折
探察
官給
乱伐
黙想
所望
長欠
育英
密通
敬服
輪転
渡海
自選
急冷
空発
兼帯
復籍
自問
論結
精励
育毛
近着
開立
休電
受用
蒸散
入射
植字
完遂
限局
差遣
吸気
商量
希釈
訪独
出航
示現
封殺
重訂
左傾
突進
送出
遅配
病没
徳化
下馬
白熱
企図
巡拝
採録
両用
通読
生滅
怠業
傷心
水没
跳躍
撃破
育種
陳弁
散策
厳封
即応
圧服
表装
爆沈
勤学
参勤
修道
増反
映発
廉売
続伸
装弾
暴食
在位
発赤
返納
任免
励振
後見
熟達
愚考
内済
摘記
共起
切死
誤審
減刑
明答
陪聴
入獄
辛抱
速写
集線
成道
下城
版行
招喚
参向
投獄
反問
談義
退京
際会
浸出
配員
寄港
節煙
内閲
駐兵
予期
乱読
平定
若死
修築
発露
作詩
介錯
盛装
切願
験算
発向
在天
具有
退学
導通
収束
私議
成業
発色
作興
送水
粗相
続演
即答
絶息
変速
起動
受電
面責
在職
回送
示寂
進水
伝奏
拝礼
快復
爆裂
侵出
暴死
誤伝
選評
氷釈
帰港
分極
寸裂
外在
脈動
概述
伝動
自省
復原
留年
口承
強迫
奏上
総和
墨守
目礼
連濁
漫歩
贈位
離反
失言
側聞
互譲
安住
帯磁
静思
来聴
濃化
緩衝
脱稿
換価
帰参
埋立
直立
温浴
風食
豊熟
染髪
舎営
別納
精勤
拝賀
常備
特配
相似
音読
脱去
荷電
誘爆
減石
係属
象眼
愛唱
放牧
召募
縮尺
特記
下達
済度
急告
正誤
参集
協商
供奉
減点
困却
知得
管掌
積算
転置
快気
発汗
試走
商議
転記
転生
減損
上申
厳談
概論
休刊
継起
湾入
出庫
挙兵
開魔
破門
多謝
供血
繰越
複製
批難
主唱
口受
常直
断滅
金打
糖化
重出
入京
腐乱
体得
重任
拝承
急報
発芽
永別
放念
起居
立言
養生
閉場
圧殺
微動
食言
即発
脱衣
会戦
鳴動
贈物
電請
局在
途絶
変色
覆刻
熱唱
黙許
追試
飽和
暗闘
悔悟
検眼
入営
鳴謝
垂示
浸炭
修錬
展延
就眠
感賞
過食
施療
採油
掲出
入湯
乱掘
減配
助命
漏電
通約
放校
理会
観照
推知
概査
後進
下垂
奮励
滞納
締約
退色
合流
訴願
加糖
紛乱
帰館
奏請
暴圧
直通
依託
広言
奉職
説破
保温
売約
鑑別
体認
闘病
傍受
改号
続生
死没
避寒
伝道
合本
変針
顧慮
磁化
風発
精練
細分
回礼
珍蔵
選句
策応
増給
更始
再読
分合
来遊
浸潤
優退
類比
味読
倍旧
更訂
上奏
出家
神化
加冠
師承
残置
結団
侵食
推選
爆死
徒費
急転
自書
奉送
徴集
固着
放談
組成
聴許
延発
創案
著録
習合
集束
服毒
占居
連関
濫読
式微
目算
没落
納本
経略
乱作
伺候
漫談
止揚
精読
信心
悟入
皆伝
分留
加給
在庁
分地
授戒
縮退
変圧
助奏
落筆
忠義
補血
高談
選鉱
複写
密訴
投石
連破
統監
休演
課金
試射
激闘
溶変
黄熟
大食
着脱
疾駆
放免
訓育
介意
催告
受胎
内含
拝受
滅尽
巡遊
要撃
解毒
入漁
復業
検札
反証
復唱
鍛造
領会
想見
返付
急追
多読
漂失
分光
鎮定
超絶
移用
難船
摘要
検分
散見
落涙
再調
種別
焼成
口達
感受
呼称
分筆
採石
善感
賞賛
輪講
開所
首謀
倒閣
追突
微分
来襲
書置
活写
長居
火食
混和
忘却
講和
早着
清聴
征服
供覧
戒慎
失心
号令
閉校
着船
圧着
本有
昇段
帰一
通謀
看破
親授
流連
縦貫
直書
伝聞
客死
乱酔
臣従
南面
後述
減速
拓殖
焦心
賛嘆
会商
誤断
水浴
遊牧
盛行
節酒
仮作
遅参
独習
改宗
弁難
論難
変説
惑乱
独行
運針
汚辱
襲業
係留
排列
投宿
再論
着生
伝写
静座
再説
降着
代参
延納
周航
敗走
降圧
行軍
排尿
判然
策動
回覧
陪席
製糖
手渡
致仕
実演
唱和
建白
含浸
発煙
描画
皆勤
閉業
掃引
来着
行水
渡洋
創発
手写
在朝
順化
注記
勧進
正答
着眼
臨画
賞美
押送
臨書
粉食
凝血
点頭
揚水
転戦
浸食
登極
唱導
探聞
墓参
電解
死蔵
採血
整列
開院
渡来
前借
勘校
求愛
増作
彫金
代置
掘削
給費
会得
登楼
菜食
軽装
転借
猛撃
後略
対論
超克
出猟
密行
実存
恋着
帰任
略説
適帰
豪語
兼補
勇躍
西下
火中
確答
発現
運開
転住
指教
変型
下問
殖民
周章
流伝
整復
違令
航海
特発
試供
合一
戒心
加配
考量
扇情
横転
図示
誤写
親和
落髪
蓄電
属目
接着
濫用
特報
不承
認許
別注
搾乳
憶測
臨写
落命
狂信
私蔵
車載
破獄
完熟
贈号
列立
自蔵
招来
検印
巡歴
在室
追贈
奉伺
等化
分節
追孝
降職
脱俗
急派
受贈
同船
衰亡
即製
高進
縮写
散骨
沈積
落飾
溶存
指呼
別記
破水
費消
拝辞
給仕
辛労
自壊
老熟
順接
開城
慨嘆
覆没
鎮護
離水
摘録
詳論
吐息
緩行
寄食
安座
滞京
補講
上述
馬食
了見
立論
概評
承引
詳述
軽信
援引
進軍
戦勝
連署
野営
克復
送受
座食
尊信
来援
比定
視認
校勘
潜伏
防水
閉居
永続
排撃
入内
節制
輪唱
交感
遊覧
告解
内切
親臨
含意
返報
遅疑
挙行
先議
重訳
代香
統御
通園
検針
節略
合奏
司式
送話
蓄蔵
仕付
文飾
退化
変調
激高
終決
観望
嘆美
液化
雲散
出兵
周延
分納
論究
消尽
検算
別掲
講読
唱道
抱合
促成
近似
描出
義絶
外接
電送
発振
討死
公有
加湿
遊歩
精選
試用
前売
立売
在宿
溶血
店番
自律
移送
文選
賞用
征討
離日
生害
先達
蒸着
水葬
入電
崩御
討究
進講
屈服
準拠
門番
詳言
代入
内接
攻究
同視
逆用
笑納
過称
補習
解離
遵奉
貸借
例証
垂下
離間
干犯
勘考
対生
出頭
載録
怪我
山居
要心
解凍
力行
出陳
託送
成仏
大成
往訪
独座
吸入
親裁
入府
襲用
吸着
執心
解脱
休場
終息
復交
検尿
離京
難儀
赦免
虚構
水洗
兼修
看過
開平
電離
禁絶
合冊
仰望
壁書
追給
内用
前記
付記
加持
破顔
狂喜
対校
具陳
踏査
調練
離別
攻囲
繰糸
贈官
作歌
快諾
適中
誇張
省察
認容
略筆
愛慕
密会
追想
干与
了簡
返辞
練達
紛議
改編
競作
親閲
詳記
訳読
敬礼
朗詠
長生
拝借
退庁
離床
照覧
来集
変通
色刷
引決
移築
慣用
配車
去来
失脚
来会
朱書
降任
校正
先占
露営
胎動
塗布
奉安
挙止
浸入
開陳
製本
続映
愛重
通分
別言
論詰
移乗
穀食
退城
墨書
平分
厳達
刻苦
停会
陣没
優越
輪読
座視
転読
独航
製鋼
終業
潜心
巡航
自失
閉院
転乗
実装
揚言
屈従
総見
金納
蓄冷
指南
兼学
落掌
測量
南中
再築
処決
換字
陸生
転属
屈伏
含蓄
洗眼
了知
停留
復縁
吹鳴
返照
研学
遠泳
除算
片端
腕木
寝所
油紙
抜染
気色
遠近
西風
突端
黄土
築地
文治
人皇
唐音
黄泉
客体
飛白
濁世
天道
高潮
本所
幼名
音信
御前
本歌
罪人
白馬
首巻
供花
白銀
黒土
白雲
恩愛
山峡
居所
名聞
国風
出鼻
生花
後生
氷魚
浴客
板木
客語
示威
穀倉
求道
大君
唐土
欲界
子音
合印
花弁
良家
陸風
字面
客舎
身代
末学
苦力
継母
乾草
天漢
手職
下作
水底
月代
差金
宿酔
女形
帆船
急火
他所
立方
新道
出面
前世
空言
賢所
夢幻
水車
砂岩
護符
総身
深緑
俗名
紅粉
背泳
御身
家並
悪日
毒気
漏斗
巻雲
御髪
前頭
首途
技手
預入
玉章
故事
殺陣
経典
賀正
玄孫
横道
能書
唐木
強飯
各回
生得
部民
浮雲
物怪
先王
素面
真書
副官
墨客
紺屋
落潮
唐紙
詩歌
遠方
白首
空地
棋客
地熱
絹糸
初秋
鶏冠
仏性
土塊
長刀
横手
春蚕
黒衣
前書
中日
金肥
白旗
略解
長歌
高音
鐘楼
悪行
片言
山手
法衣
皇女
男気
大望
冠者
土焼
秋蚕
恵存
俗世
古寺
風体
小袋
雨足
徒花
老舗
扇状
仮名
空手
下図
論客
流刑
石綿
主命
緯糸
歌会
鯨波
寂然
御国
頭打
流砂
血眼
金字
降灰
供米
敵国
罪科
神酒
切羽
冷酒
祭文
番頭
白眼
工合
軽重
雲母
漁期
去声
折敷
盗人
巨峰
空車
出端
主客
母屋
和声
薄膜
精兵
道標
法度
末子
新仏
近習
白炭
黄銅
外輪
電場
検見
便覧
人外
先負
付人
外面
継子
末孫
声音
金口
漁火
山家
曲事
短夜
強者
秘事
流弾
吏道
朱珍
高話
霊験
人徳
名代
白衣
細目
干物
怖気
雑魚
正目
師家
騒客
人足
白夜
法体
黒糖
面子
白熊
舌代
油揚
首座
神代
禁漁
生薬
台詞
無性
山人
身命
押紙
巨細
新盆
木端
下屋
煙管
州浜
利札
修法
衆徒
高札
点前
石庭
竹馬
女体
鈍色
大業
粉雪
行場
花道
所縁
悪血
文身
白露
刺青
縫針
高低
捨身
手数
言下
女官
灯影
砂金
人頭
文月
兵法
令旨
石工
短尺
供物
筋骨
細字
麦秋
金粉
財物
有徳
端銭
座頭
和名
手札
宿世
扇形
初春
忌日
甲虫
残火
眼力
母音
清規
大願
看客
船便
反古
浅緑
灯火
白金
捕縄
大我
塗師
唐衣
不治
御酒
手水
前金
生絹
遠忌
悪名
末流
大身
草冠
天日
高足
行来
塗板
天火
生業
大兵
船倉
射手
現世
人界
振子
剣客
編目
継父
御座
悪阻
人屋
主従
流説
海神
仕丁
大字
深雪
男色
月次
肝玉
女御
水煙
正本
諸子
白面
便殿
分限
草屋
船主
敵勢
旧版
小路
御幸
唐名
客土
合判
形相
血脈
足下
大所
船具
近眼
子規
骨灰
功徳
雨脚
聖教
所為
干支
乱臣
漢籍
玉髄
私傷
常民
別後
心血
軍法
既望
学課
奇書
発条
青色
不抜
錯角
現数
手並
端初
職歴
他門
皆朱
林産
船人
裸足
仏道
偶感
警世
裏山
烈震
原論
若緑
期首
雅男
銀鉱
連送
冷気
荒性
名答
縫紋
君子
鉄敷
寄場
雑穀
来由
風評
寸刻
郵税
両頭
鎖線
井守
敵役
清朝
胎生
葬具
失意
物性
美育
相棒
切首
傍役
貴志
気位
緯線
大兄
歴年
盆地
割印
氷塊
円周
下陰
惨烈
悲話
水痘
仕込
天声
塩引
鉄片
等比
冠付
共寝
他生
荒唐
神明
変幻
欲目
帯紙
芸林
種皮
悲報
俳聖
受口
茶入
左肩
思召
刀泉
曲玉
先皇
諸公
長子
超文
入海
精糖
紫根
雲水
円本
本学
特旨
和様
主神
衝立
印形
元方
粗塗
介与
旧聞
合名
徳性
平泳
節義
法印
書志
鉄山
文事
妙音
守札
歯学
腰縄
私心
原罪
上側
鏡板
失費
雑歌
車軸
繁用
針山
脂気
劇界
善事
標縄
文中
英和
兵端
浜辺
焼野
馬肉
角書
原液
絶間
追手
迷宮
探湯
養鶏
河港
等温
残余
床山
殿中
折紙
自宗
旅寝
倍音
支庁
菜花
工船
雲気
細道
討手
位階
逃場
命数
再試
原図
需用
抜作
急難
公葬
音大
菜館
同気
赤恥
新報
国利
往信
才略
海戦
人性
厚意
水神
鶏頭
遊民
性癖
達弁
滑子
主謀
純愛
同学
同音
供人
熱線
新雪
珍聞
妙見
各室
情意
心月
次位
書紋
肥土
県人
早天
芋煮
俗本
平熱
畜生
天寿
暖地
主用
雪景
小書
活計
冗費
塩物
母上
形木
家運
公電
風防
城下
後髪
和子
流矢
素絹
路程
商状
花冠
答辞
船室
馬草
尊公
熱雷
軍服
無熱
雌牛
符節
切石
言説
川竹
会所
国界
電熱
請暇
霊歌
生木
胸痛
正念
傍線
相者
白張
本石
重工
暦数
中音
常命
強電
順法
名乗
御言
刈株
口角
宿所
徒弟
貴校
職域
張本
重石
金力
老兵
免状
公案
聖恩
川縁
引船
年増
大聖
劣位
胃壁
幽魂
匹夫
連枝
良能
鋭気
湖上
新湯
報労
力車
刷本
未生
荒馬
半輪
正貨
精銅
聖寿
雨粒
情合
忠魂
蚕種
電位
非負
先師
暗流
格技
有終
句柄
風声
暗色
魚屋
賞詞
分銅
官有
現当
都道
残月
実機
恩人
兼題
声域
借物
間縄
不通
山立
遅筆
首級
白下
貸方
私営
鳥人
先賢
胸高
品玉
船端
養老
単向
術計
片足
中折
川中
新顔
農舎
隣邦
山冠
早老
賊子
護法
被衣
筆勢
最前
側室
皇漢
間欠
女将
病態
海気
目方
荷馬
連山
気節
寄人
哀楽
隔意
情話
堅甲
短所
血清
両為
近目
即題
邦家
宴楽
私設
日食
当山
典侍
菊判
名案
星章
語原
編針
徒骨
手傷
悪逆
迫持
島台
頭注
即効
射場
大刀
方形
存念
対辺
駅路
組歌
外地
前芸
中肉
麦笛
礼法
溶明
贈名
横隊
引鉄
記法
旧盆
金元
並製
旬間
下種
遠見
常談
従前
水腹
元締
旨趣
鏡銅
面白
対敵
端物
地象
梨園
人後
名文
不帰
番卒
敬白
帰心
隠元
霊湯
洋髪
丸損
木彫
踊歩
主辞
気脈
湯元
雑考
祭主
先例
潮水
気胞
秀歌
法問
余類
南港
続飯
機才
宿徳
失政
大勇
冬芽
正妻
彼我
床柱
庭樹
兵科
吸水
街道
首狩
天幕
邦語
仕舞
名菓
観相
温突
照星
職分
生皮
狂歌
熟田
船用
乙姫
内界
模本
妙齢
我人
損所
尺寸
帝室
立春
尊書
下女
大著
狂態
和算
小火
倍額
南限
銀輪
薄命
早苗
錬鉄
孝弟
前条
諸声
打歩
有司
板畳
尾灯
潮煮
吏員
信女
鎮台
断固
道端
機甲
長道
同舟
失態
草紙
借着
細腰
酒代
如来
美童
提子
文台
子持
苦役
地金
回腸
横物
軽水
自腹
諸矢
後身
傾国
神変
油単
宿業
借越
客人
信書
私製
封地
符号
旧訳
侍女
至誠
定項
外勤
仁義
雑仕
戦敗
事物
御法
結締
文殊
水雲
忠臣
丁半
浸剤
芸界
愛別
折山
往時
外装
毛抜
新兵
青竹
測度
男工
天界
共販
賛仰
奇相
冠頭
達示
市子
樹海
立毛
葉虫
後住
兵学
神域
煙火
声涙
詠人
純忠
上根
俗客
湯銭
温気
真前
横木
馬追
病魔
考課
南海
腹膜
隠宅
地勢
義歯
国難
被官
旧物
和金
太線
得分
子葉
坑口
大難
聖祭
張扇
岡三
高士
腕首
張子
略号
方角
人証
熱闘
切札
法式
奏法
本会
左府
閲歴
練物
赤坊
未成
本裁
英姿
良筆
何程
好漢
防潮
空位
海里
憶念
台覧
善行
幅員
本管
戸前
官署
役宅
樹皮
原盤
投物
年別
城門
鉄扇
切米
茶味
式能
床店
緑陰
薄片
黄道
朝政
釈氏
興国
血色
雌滝
公人
存疑
筋金
尊顔
死灰
語句
大局
仰角
忙中
商才
糖類
虫気
各個
素踊
刀匠
声調
月評
長針
火袋
片食
特恵
清流
文責
盗視
役僧
私儀
悪場
鬼女
至芸
整脈
禁書
雅文
等号
会則
産金
上巻
多欲
全波
旧人
土留
辛目
心霊
歳徳
栄辱
橋架
門流
俳味
特用
具眼
凶徒
水冷
山幸
即夜
汚行
本坑
甘苦
鉄心
雑筆
身銭
漫言
半紙
条令
朱肉
清興
月払
盟邦
御岳
力紙
腕組
難語
素魚
教義
天水
飛板
孝子
功科
得体
髪結
銀筋
灯光
野次
経文
後事
催物
酒販
法楽
平版
奥手
錠剤
旧跡
物我
高堂
序論
構外
条目
軽焼
倉皇
根号
門灯
交点
縁由
母系
仏力
本船
手癖
詰込
罰点
傍人
白銅
花曇
俳話
成語
不猟
功力
時運
神文
京童
石盤
房事
般若
入相
恥部
典獄
切株
秋冷
寸劇
王水
銅銭
凡才
不朽
飯事
用人
発頭
型付
先帝
防砂
付目
前場
婦徳
道俗
親仁
黒穂
雑念
裏方
毛彫
殿上
営養
玄奥
校了
精液
果菜
朝顔
電路
好戦
殖財
切片
次女
詩格
酵母
俗楽
借間
聖徳
所載
腰湯
司政
薄曇
大域
言外
高評
旧観
置市
孤城
乳人
低質
産湯
違和
大冊
雷魚
新来
県西
奇弁
子安
辞世
秘中
異風
浜焼
硬性
快報
措辞
火皿
角行
長芋
風葬
原注
零墨
暗箱
身丈
加法
羽並
人陰
音容
徒者
育休
勝地
変乱
妙法
鯨骨
僧団
芝山
方処
仮泊
付子
内積
虚報
軍船
生彩
極熱
博雅
療病
地異
好例
字源
文案
大枚
好漁
良相
通草
天工
脈拍
肉筆
不仁
旧習
築庭
毛羽
憂色
実悪
不犯
代品
火脚
削節
摂社
妻戸
濃紫
遠島
太極
器財
愚弟
節気
胃病
藩札
香油
真打
穂状
筋目
老骨
鎮西
準縄
没書
石持
雑費
建網
病理
床畳
無業
朝憲
差押
寸秒
治効
価額
物権
流水
干潟
岡目
私行
堅氷
妙工
敵情
投信
雨皮
天頂
水肥
再三
気炎
社運
馬跳
前説
駅手
単弁
声帯
礼服
霊獣
組打
浮図
正編
放生
粗密
野山
鋳鉄
中称
運座
粘性
適業
引札
眼底
雇主
山砲
海参
連俳
水星
原色
信望
書札
薪炭
鐘声
下剤
鎮子
授産
位相
電工
欠文
水晶
至善
合服
雲際
求法
母港
高閲
黄玉
斗酒
木具
仏果
歌意
直弟
聞耳
露座
前端
予稿
住処
祝砲
軸物
羽越
僧房
急便
賢母
氷海
率土
造兵
予価
角質
短音
留山
盆暮
院本
宿敵
湿舌
両舌
臨急
正方
料紙
現形
術中
結腸
奇型
宿料
俗謡
俗骨
矢立
複利
争乱
仮病
倍数
男波
旅宿
司直
松風
魔縁
鉱区
空際
水根
良貨
半裸
乱逆
玉子
桜狩
青草
棄児
国号
話者
知友
腐植
漁色
黄梅
飼葉
浮名
開基
将領
座作
自利
聞手
血相
芳墨
足湯
原級
波高
悪習
道家
盤面
詩形
雪路
夜宮
帯祝
真裸
英図
篤志
船客
旧例
河骨
町場
縁台
手筋
射光
帯皮
中宮
目色
豆乳
人穴
為政
創憲
名君
荒行
掌中
厚子
残暑
超大
根基
暑気
局紙
満室
来臨
害鳥
田遊
営庭
選集
堂上
学績
快刀
訳注
逆児
日給
君徳
戦功
表号
名園
語法
乗打
凝然
画架
陶砂
獣心
平服
病根
通人
宿帳
名器
逆修
裸馬
内奥
衝天
既決
乗数
順縁
乳棒
霊魂
語勢
暦象
習知
自公
田植
氏姓
湯煙
清覧
親好
公舎
師友
大入
連体
紋付
金的
粉本
各誌
県令
正法
審美
替紋
工兵
玄人
正号
滅罪
茶利
古学
底面
銀波
真因
転注
金製
遠縁
黒地
後光
正室
破邪
雑犬
連年
薄茶
転結
客筋
性徴
精義
菊月
釈教
遠道
薄地
銀塊
敬譲
眼目
白磁
上戸
売価
各面
魚腹
分団
所柄
装画
無月
式次
牧畜
小姓
才幹
徒桜
妙案
木骨
舞曲
度胆
野点
同県
奉書
真帆
民活
目高
帯地
光背
弓術
甘露
弁才
角帽
年強
堂宇
白州
代印
冠状
地文
鮮鋭
修史
上天
義旗
悪所
面部
正訓
国府
下人
達見
弱腰
忠士
解硬
婚期
衆人
折本
農兵
肝魂
全県
別製
神霊
佳良
御宇
章程
内属
眠気
死病
古記
門人
暴論
星眼
哀別
床間
綿毛
至心
賢台
砲兵
半弓
象形
留金
前車
矢文
淡湖
添状
日射
基体
禁鳥
女持
不納
中綿
根株
梨地
救荒
売子
小半
霊界
複方
複文
粗塩
経机
傍目
焦茶
血祭
胴元
盛期
旅銀
解語
雑劇
後葉
詞書
和上
変性
角地
時世
氷炭
成典
株券
水勢
従兵
油土
満貫
鉄条
全景
商況
欲気
盗品
日干
水母
盛会
列藩
小波
次数
奥書
術語
作中
箇所
士風
遺子
外商
法皇
中口
霊感
形影
末座
君公
見目
夜宴
民草
身幅
条規
上紙
終点
神典
上長
多照
本校
持仏
禁門
天刑
科人
親権
破竹
毛筋
矢先
守刀
素見
借方
牧者
双書
雨後
商略
御上
唐金
連対
借景
家令
前人
定規
刻時
極貧
不感
腰掛
外皮
胃液
袋戸
霊地
遠海
酒倉
策戦
我見
祝祭
金星
米語
私益
鉄材
胴丸
嫁女
新字
肩口
青刈
延縄
共学
貫目
水爆
他派
珍貨
鉄床
体用
優劣
借宅
裸身
将卒
性行
正覚
重器
中震
晴眼
木質
楽士
可用
悪文
抱寝
内記
校風
国憲
魔物
放資
御免
汗馬
火夫
絵心
聴手
原生
浮草
悪筆
極性
両得
晩婚
使番
刈穂
半眼
傷病
方図
隻語
拾遺
秀峰
訳柄
衆望
外宮
膜壁
才徳
酒色
名犬
肩付
作法
欠片
墓表
猟官
従姉
引縄
古文
帳面
養家
黒潮
台子
白根
暖気
豊漁
清談
列座
金平
霊威
地口
船縁
原酒
印影
芳容
和物
甲高
歌壇
邪教
花畑
積悪
巨弾
乗物
族長
語脈
豚児
末技
水菜
荒業
点茶
原綿
星雲
前編
女系
名店
空欄
激辛
小形
名節
真中
文士
御召
節奏
暴徒
生紙
無音
初審
小暑
帽章
婆心
茶器
難訓
職権
質札
遅出
綿羊
大徳
雨露
輝線
古物
功臣
検体
全市
印池
会下
暗幕
御題
板屋
粉乳
学則
捨値
折角
情理
点画
若輩
山妻
下表
素行
人夫
黒目
外敵
金坑
役儀
見付
図録
鉄魔
利所
水仕
舎人
練炭
陪臣
入子
側節
先限
諸般
肺病
直伝
神火
画工
自若
赤鼻
仏経
常勝
葉陰
学兄
純綿
遊楽
火除
腹水
初荷
公事
経木
立坑
年利
往歳
政友
夏隣
衆口
大序
助士
視座
実方
忘恩
死文
射干
母船
菊水
定値
宝玉
陣列
筆削
甘言
常道
白歯
返点
質点
鉄腕
塊根
空語
民力
渡世
聞香
丸取
他心
雪白
山海
差等
何様
階数
下端
紋下
来光
実害
許多
奇童
置数
硬調
弱電
委曲
主翼
田地
個癖
研北
空馬
操短
公主
波数
億万
民地
雲脂
別物
青物
凍害
室町
雪消
中食
名手
疾病
原音
神君
楽寝
機織
召使
名利
丹誠
石段
川猟
雌花
門鑑
船底
微傷
小鼓
妙薬
政断
雑品
和敬
羽車
既記
風趣
配役
群臣
満幅
皇祖
令色
偶成
神授
空涙
鉱物
殿軍
適例
耐火
非理
継妻
潮先
月読
雅致
死票
原隊
熱風
耐酸
床机
車券
南緯
活花
溶岩
個中
岩根
校異
花氷
船酔
工匠
生色
化工
全角
鳴神
玉代
画会
散人
合口
花鳥
露命
前景
荒物
密計
思慮
法師
国学
夢精
諸味
国許
祖宗
明王
旗日
便船
雨中
負目
月極
浮身
脂手
貴家
印肉
電柱
虚勢
乱視
国運
権原
孝心
次序
小事
脳性
晴姿
曲師
悲調
被膜
練糸
電設
大宗
食間
合方
子日
諸王
魚子
午砲
花梨
強談
穀雨
昭代
財欲
行跡
容儀
目角
金鉄
熱血
玉目
弓道
死所
質物
本震
歯並
脚下
拝外
知力
陣門
芋幹
御行
納屋
平手
乾板
想念
金枝
棒術
採草
即値
持経
平信
常春
強味
敷物
未済
列代
雑話
教生
病害
師弟
振幅
恥骨
彼方
私信
古紙
情事
大慈
虚聞
地虫
実状
継目
難読
書付
麗人
骨質
折節
麗容
仏敵
押入
悪才
横波
無痛
熟寝
席画
後金
束髪
板床
海胆
大赦
小伝
間夫
基質
武運
戸主
賢哲
妹背
水髪
各市
飛報
舞姫
押麦
岩穴
正中
詩賦
塩花
単眼
肉牛
庭梅
裸眼
馬糧
病舎
熱度
通番
波浪
日豊
眠草
聖帝
底流
口取
仲直
永生
名僧
権化
下番
締盟
黒豆
官需
援軍
論功
頭分
近間
楽節
忌引
字音
継台
少敵
散剤
端数
血族
油圧
頭重
銀坑
黒鉛
小才
穀類
本然
盛者
金波
荒神
最少
片影
仏画
噴泉
押目
額際
湯花
容色
賞辞
割算
識語
陣立
間道
弁舌
都鳥
分数
無地
書誌
象限
日新
火切
冗員
実科
雑然
兵種
世才
親骨
才力
黒血
明主
陽報
霊長
為事
縁類
立居
別当
何分
稲光
軽卒
無鉛
不死
剣士
草取
既済
裏曲
兵馬
上記
逃口
経書
合切
国文
救難
腰気
僧家
貴簡
姿態
共編
原毛
光沢
俳文
語格
黒酒
親鳥
年弱
明色
卵胞
難文
野手
掌紋
納期
全局
空論
軍門
妻板
心耳
柄頭
無辺
網目
北限
花暦
炊婦
破屋
立礼
凝脂
激職
彩管
矢柄
科白
前科
守株
胸郭
精農
序曲
輪伐
書幅
尽忠
跡目
前史
頭首
川筋
中編
裏表
軍営
建碑
隔膜
身根
税吏
彫工
暴状
初経
稲妻
小宴
病勢
金主
凡骨
草子
恵方
炊飯
名句
斤量
諸処
工期
旅所
受入
魔神
仏壇
寝業
銀翼
芳名
身空
論集
今生
本稿
炉辺
次兄
立志
砲金
天女
肉欲
宿悪
造次
広縁
向背
神鏡
道人
妙手
有髪
荷縄
諸手
職名
農作
紀綱
演義
没前
典拠
馬主
雑録
既製
悪者
希書
父兄
条章
音物
同軸
鹿毛
述語
浮氷
烈女
赤土
銀宝
呼物
体感
才芸
術策
眼帯
夢見
草色
機工
敵本
緑便
止金
雑感
演武
常雇
春菊
袋物
関屋
初夜
薄様
白妙
冷性
持前
序次
葉酸
中天
本章
我利
苦塩
同体
朝露
貨殖
留湯
甲乙
操典
悪念
弱敵
奥行
土民
接眼
単音
雷鳴
拠所
学帽
旧約
要務
床屋
水玉
追啓
里数
刺草
仏工
遊子
傍系
烈婦
紋帳
大鹿
行儀
全品
弱国
上刻
質屋
非命
別便
沈魚
仕向
諸宗
異義
焼鳥
灯標
毛織
接木
宗門
宮中
版図
切火
画聖
待合
選科
副食
焼玉
空陸
貝焼
分段
原麦
略儀
熱性
能否
逆順
近国
髄質
落口
良種
工大
村勢
聞事
弁髪
剣山
土語
立板
県外
小業
御願
半円
冗句
人達
紀年
私曲
当路
向暑
座下
来復
磁区
空豆
財力
岩石
代価
原肥
旅心
氷袋
福引
竹紙
外客
樹幹
画然
語形
大獄
掛図
小頭
律令
脂粉
句切
某氏
臨地
紅型
中表
常例
除法
邦土
松虫
鼻薬
総領
虫干
徒事
忌中
員外
兵備
郎等
秋分
広義
話芸
鼻輪
金輪
波線
朗色
健忘
筆端
妻室
蛮勇
両部
長兄
無宿
軌範
新価
秋気
飛跡
文人
修験
本願
祭式
船虫
芽胞
選対
高飛
道術
人語
薬園
馬賊
見台
無反
後遺
渡板
衆目
名訳
和語
義勇
寸書
用命
頭領
偉業
残夢
外材
罰杯
白雨
寝際
現品
無色
食指
火宅
薄皮
老眼
自今
志気
小菊
年賦
板間
再販
温州
珍品
単色
訳解
省力
肺葉
歌論
淡味
教本
噴飯
酒塩
出花
生娘
肺門
愚行
唐物
熱源
盛栄
乳頭
宿根
酒保
南欧
石高
訳名
旬月
鈍才
高点
雅語
斜光
網元
臣節
官服
地紋
宿屋
書架
令孫
烈日
詩巻
手心
卸値
夜直
往航
荷揚
北画
異称
唐松
暗涙
猟奇
定紋
勢威
斥候
真秀
愚説
諸道
神都
風圧
家老
年額
整骨
大賢
中塗
明君
正史
方術
腕章
総監
落魚
多義
比熱
桑園
延髄
妻達
義挙
忠言
怪腕
毒舌
外界
低位
鉄筆
方様
武官
法官
恋敵
徒輩
布令
残年
視差
天草
終期
目星
歌切
武名
多孔
両目
荒亡
酒宴
質草
理療
赤潮
絵姿
朝敵
旧称
熟畑
画賛
薬石
支署
材木
包金
儀典
早業
寝床
仕種
大波
官営
曲節
大要
甘皮
僧籍
対句
約手
引綱
夏休
物界
弓勢
不戦
前件
聖堂
単車
煮花
身魂
天敵
神性
旧幕
未墾
男心
星合
隠亡
蔵版
担架
秘仏
談林
宿老
金筋
重代
影印
男系
寸言
素生
祭日
絵素
海員
学僧
取前
落穂
神葬
自他
鯨幕
細則
状箱
大敵
折線
教学
幾重
首罪
如月
語手
業法
下流
回春
焼魚
動因
入墨
葬礼
通宝
組杯
珍説
電文
喚声
奇術
木舞
夜寒
程合
柄物
他県
物種
外報
牛皮
時数
精肉
雑煮
段収
肺疾
絞染
服地
小吏
船足
浮織
無季
善根
遺筆
通風
療術
副因
鉄血
虫酸
着類
長夜
日切
本法
陰画
仕材
継受
知歯
全巻
茶気
寝汗
制令
音吐
溶鋼
町並
新木
意力
乳質
得失
孤灯
将官
日計
白玉
定性
探鉱
機外
冬営
鳥屋
銀漢
寂静
機縁
骨相
陪審
定律
勤倹
衰運
旅物
骨法
大賊
若人
茶人
死目
暗君
時候
勝運
氷菓
複本
見番
軒並
版式
選外
使僧
追福
日産
対格
孫子
神馬
主持
筋立
連子
引手
全車
首題
兄人
漁父
軍神
目鼻
砲煙
頭頂
別品
眼前
無量
運上
功業
山女
唐楽
強国
式服
川船
仏書
感度
中点
重役
地髪
張店
店賃
城跡
心根
長途
特賞
多毛
薄志
末法
木灰
精舎
先棒
令名
客種
進物
陸湯
光輝
生乳
魚網
後会
烈士
傍白
邪法
君王
用筆
清華
極点
楽師
史話
腰帯
潮時
沼地
型番
異物
穴子
春寒
苦熱
雅号
京女
選言
受苦
鼓腸
仲秋
旅程
刺史
暦日
弱冠
旧態
濁音
豊凶
法線
煮付
軍規
行宮
特電
落花
絵像
業態
初筆
山霊
原票
名札
仏家
添水
肺肝
当市
物日
覆蔵
施主
溶損
教祖
炭価
細波
氷野
驚風
用金
挙動
色香
縁語
馬尾
入方
港口
若竹
隣村
聖代
古事
沈金
有高
検車
押葉
文略
良案
臨本
朝寝
販推
金位
水貝
両前
墓域
毛蚕
備考
山寺
呼塩
先天
胸底
玉座
中国
小脳
無産
大尽
酒杯
虚無
隷下
花台
親船
用役
鋳掛
金座
沈子
乙矢
遣戸
風災
老師
大尾
中筋
邪恋
好季
君臣
薄墨
織目
守神
掛声
日和
正員
色町
密教
角灯
悔涙
鉄管
草笛
指物
警乗
尊来
悪気
令聞
筆画
軽風
敬承
露払
負数
起票
等位
帯金
雌松
葉音
見場
手鎖
同色
馬陸
豆炭
長円
父様
月並
山神
端子
形象
腹中
基肥
里人
乗具
路銀
痛棒
間借
炭坑
禁中
天罰
朝酒
兵役
松露
約音
至徳
秋期
節理
流人
安危
従妹
除目
乳歯
校友
虚礼
灰分
増価
宿場
拝復
参差
紋織
常人
社中
党人
風害
客将
左記
過料
夫子
夜陰
水生
適作
仁慈
時節
厳刑
包絡
貫頂
下衆
朝権
愛敬
役柄
小布
菊菜
隻腕
肩当
父祖
水差
眼界
詩史
墓誌
性器
保線
芳紀
触状
余炎
余毒
有史
電球
寝相
外史
天恩
余栄
字数
小職
秘曲
征戦
要路
先触
貸越
名花
長押
法論
切岸
諸税
怪光
難件
楽土
辱知
買掛
残物
吉方
暮色
風浪
鼓手
食通
足癖
軍使
闘将
産学
尊王
偉効
官紀
良民
余病
無我
北郊
活版
湯華
接線
獄屋
不弁
舟行
換券
預血
宝冠
大穴
結言
成文
詞華
背教
非時
属人
単発
毒物
等量
強酸
悪形
遠視
応益
表地
盛土
各駅
金持
天網
図引
教典
標題
雲間
即事
金賞
破婚
好学
労資
緑眼
経水
神米
俗画
区割
鉄壁
名跡
現官
中限
泣言
初等
私党
香花
移流
取組
空包
銅製
現高
陸戦
旬余
所存
虚数
国花
氷点
対偶
民選
節穴
諸口
鉛版
物象
学籍
寸志
若朽
品格
恩情
腕前
御門
和書
結納
胆略
県下
側目
唐紅
新政
地階
早鐘
返討
町筋
水魚
感冒
芳書
偉功
破子
輝岩
断頭
空株
純量
黙約
液剤
帰命
教務
硬球
寝首
飲茶
補数
守兵
老婆
横目
天帝
雑書
凶状
領地
魔魅
行金
次段
礼状
滞欧
時様
除幕
忠勇
環視
御店
自象
夢路
内入
末位
買主
案文
寝癖
愛郷
俗筆
水声
法典
紙子
適職
水木
橋銭
弾雨
腰高
凶変
来意
肉弾
新本
大功
校外
真宗
他力
触感
戸車
早耳
現員
微酔
浮貸
冷灰
作条
不壊
妙趣
門下
学齢
薄荷
売主
圏外
虚辞
官選
身状
便法
抽斗
悪相
山水
引際
定理
手控
寝袋
金貸
多雨
助炭
音律
替手
和習
闘犬
陶土
中気
素話
洋室
至近
外局
部類
胃散
僧門
国電
肩掛
歌合
地頭
外字
下目
観閲
右下
斥力
倒語
弱行
年並
社主
工科
真理
敬啓
銀笛
世柄
水盛
仁徳
軽挙
収量
猟具
凶荒
心気
気前
動労
水音
容共
保金
長潮
砲座
上玉
会務
鉱油
光頭
異事
家主
機知
真性
皇統
峡湾
霊室
平体
罪悪
大吉
水計
人台
貴殿
公序
城郭
小謡
天授
恒星
外題
福分
原器
小兵
垂線
巨岩
野羊
至大
陣容
心算
氷柱
船団
反歌
母式
海布
所説
忘我
黄身
純利
象虫
内証
河清
麦畑
縄手
時日
原書
佳境
微速
陰間
鎖積
板目
凡百
渡座
礼者
堂守
鮮肉
山行
主査
神格
日並
精虫
主音
他項
堅物
県別
引数
足代
浮標
矢来
有休
節織
名題
武辺
気管
人跡
軍刀
社線
鋳型
読癖
挙措
白光
蛮力
奇問
打切
取札
要点
忠孝
逆子
不具
式法
腹案
腰板
帝位
輪舞
黙示
枝折
板元
天窓
法例
傾城
良港
君達
結節
兵家
測位
宿坊
華族
有畜
遺戒
週日
初姿
偶人
教条
射的
大紫
礎石
婚儀
満堂
牛馬
告祭
死身
足形
竹縁
批点
大盗
次項
工数
家例
絵師
荷受
場代
塩浜
家格
卑語
小身
馬料
余談
胃弱
別報
夜気
秋興
濃緑
真俗
張紙
武事
王法
総有
復文
足技
弓手
輪状
本科
優形
先夫
霊夢
吏吐
良友
俳論
綱手
機長
親展
桑弓
東天
加里
佳節
借手
母型
賊徒
楽人
親許
老臣
属官
日子
年忌
皇宮
大部
逆賊
両足
講料
寸土
湿式
開巻
長幼
軽輩
政客
流亡
狂女
成因
華客
老婦
能事
治略
本官
不測
角髪
実株
産前
下界
警棒
助辞
買薬
円座
京舞
激震
跡敷
別院
言辞
低地
抱腹
容積
梅桃
末派
世道
月夜
家伝
富強
奇談
副本
鉄輪
略伝
王公
木精
試補
宇高
毒筆
科挙
下根
純増
角巻
米飯
夏蚕
故実
化物
砂壁
界線
爆声
脂質
馬連
雨冠
暴勇
乙甲
雄藩
複音
箱書
俳談
潮受
冷麦
命脈
豊水
住持
粗衣
労政
生壁
左角
薬玉
遅効
話頭
雇員
訴件
基部
張力
株間
勝勢
宿雨
非我
性状
緑肥
林学
衰容
衣手
獣類
重囲
書役
後朝
全音
粒銀
雑文
日舞
苦杯
教具
専権
本城
排反
花園
寒剤
夜話
珍物
幾分
課外
用次
秋高
密使
位記
丸首
境域
名主
寺男
冊数
局報
米銭
有生
胎盤
論蔵
私選
金縁
急病
詳報
切紙
反照
美俗
善女
天理
大詰
精機
船内
点薬
町役
御供
医用
余光
後目
稿料
官学
麦湯
敬語
飯場
乗合
才取
子株
何等
旧劇
船尾
憂苦
春画
郵書
致命
机辺
新体
風教
吹矢
私論
天台
貸席
結界
標札
尊容
比況
家集
利達
対地
不買
港内
副木
言責
国替
草原
盛儀
促音
本葬
丸帯
飲水
邪説
文豪
陶画
画商
変物
星夜
恩給
流物
青地
火色
末社
折詰
宮居
水絵
毒液
置屋
沿路
米屋
特称
珍事
悪因
荷札
船窓
漢書
寝耳
緑野
巨万
袋耳
霊薬
良俗
間者
適言
薬療
血盟
数社
巻貝
客殿
赤貧
絵付
劇務
消口
径庭
測深
県域
早舟
勝味
天上
古音
官版
支脈
獣行
成心
投売
残欠
丁幾
男声
軍務
嫁菜
地物
取調
熊祭
名付
潮頭
磁針
狩場
士卒
義気
朱欄
住僧
閉路
胸壁
有余
才人
生粋
油送
替玉
純毛
別宴
図形
小策
列後
迷彩
威武
園地
門付
戦地
枝隊
英名
群青
幽界
奇数
新渡
出湯
満月
動産
学制
今風
旅路
詩学
小春
帳票
冷肉
石刻
敗報
寒流
篤農
計略
米麦
脳髄
明夜
祝勝
神学
手付
語意
小字
経度
不渡
軍功
仏葬
北洋
重科
御職
優女
初盆
根締
票田
所願
朝家
先非
恵贈
小腰
面体
大志
無紋
歴数
御陰
楼主
道歌
仕切
句題
本草
雑粉
外乱
信認
石竹
歯音
祖業
心頭
定圧
農事
小母
葬送
荷船
手鼻
細事
浅春
上代
層雲
事端
隠坊
院試
切干
委細
組頭
積荷
音字
敵意
手合
大公
関頭
地歩
遅番
浮木
玉門
方案
精分
宗族
目盛
裏尺
雲上
畜舎
暑熱
束子
回章
重犯
麦雨
仮性
断然
間柱
矢玉
子宝
獄舎
果皮
苗字
特等
紙屋
温習
他見
将士
良吏
社家
益体
佳局
青毛
暖国
架台
義金
豆本
近衛
会衆
丹青
特高
月余
型名
種油
現収
異聞
在高
地紙
中腹
余寒
老輩
有界
俗念
液肥
防暑
秘法
馬市
国領
義賊
下刻
公法
飛台
大法
軍医
御形
板碑
裏窓
不例
良知
米産
綿弓
根菜
磁界
売値
招魂
猛勇
辺地
連火
史脈
本誌
葬場
衆知
施薬
鉄脚
柱石
伏角
用量
笑気
狩衣
俗物
編組
布袋
請書
替歌
締高
哀詩
棒引
踏石
油差
金頭
悪僧
小成
光点
船板
満山
付表
取柄
見合
母線
浜手
藩士
非勢
匠気
紅涙
売場
停年
黙劇
和俗
巻軸
販社
引窓
借料
職階
生酒
飛信
我執
闘魚
夕顔
婦道
反米
夜昼
哀歌
火屋
惨劇
教門
文官
詩論
本妻
深慮
人知
君国
赤手
薬師
裏門
産院
足芸
横座
公徳
弱輩
私権
結綿
傍輩
判取
間服
半幅
現時
多段
典礼
地境
闘牛
賃銭
尺地
玉楼
日照
行旅
青酸
糸底
青玉
板子
異教
内庭
軸木
神水
不文
振古
明文
根芋
切点
後前
喜怒
炎暑
緑酒
無雑
根城
端点
原典
便服
所見
割線
劇暑
党類
産婆
俗解
父方
湾内
易学
山畑
朗話
紀要
木馬
全段
未発
太物
興産
植生
業風
危局
剣劇
宝剣
汗顔
研師
真金
中卒
損得
地米
初潮
悪貨
梅干
他家
政事
内所
溶着
品詞
国威
魔手
泉下
浅慮
荒壁
生面
切妻
加胆
我家
通力
杯事
侍医
定点
物証
権臣
法条
追分
縛首
木杯
撮要
来示
日動
広前
砂利
自縛
下司
絹布
軍兵
定命
互市
返札
切所
無銭
出会
網状
倍速
飛石
師僧
深酒
遅速
武神
真竹
春光
速算
淡竹
親藩
巨富
暖色
僧服
哀調
和人
無文
景物
牛刀
塔婆
織地
商家
御世
置字
現制
漫筆
色狂
貧苦
量水
女権
珍問
喫水
劇詩
真底
水割
完膚
劇痛
刑期
掛橋
定見
天機
胎内
鉄鎖
封皮
網版
相席
花婿
外教
薄暮
枝炭
側圧
潮入
別電
鬼灯
空理
友引
威風
秋日
差潮
歌沢
街灯
刀身
神魂
各署
年取
空身
悪神
世情
和字
薬効
悪党
常数
乱菊
奥歯
端然
年女
草卒
如是
前髪
信者
水明
庫裏
端株
戦隊
怪盗
飛箱
欄間
国典
押花
練武
月来
遵法
鳥追
仁恵
枝道
異土
小難
残照
月下
下名
円舞
細引
感涙
老体
手旗
飲代
分際
学賞
女郎
馬頭
東男
花鶏
部立
根太
余情
状袋
税政
当限
行啓
土蔵
野伏
西国
鳴戸
才識
天分
産土
重砲
洋書
霊異
定詰
出典
便通
半双
幾代
客層
乱軍
俗論
飛語
払込
紙幅
秀句
兵団
炭田
弱年
感興
常世
謡物
早月
成層
剣舞
胸膜
良法
髪床
徳義
蔵店
俗字
裏話
物療
辺境
音締
原品
根深
悪疾
参議
排球
宇内
今様
神謀
基音
重機
実需
量目
台閣
牧民
天孫
防風
国華
俗輩
衆議
在方
御坊
大樹
舎費
神気
小国
県費
見世
応手
微意
海豚
口碑
借銭
小変
自余
標灯
俗習
網代
類字
月色
古色
直中
青虫
綱引
大船
城山
筋合
吸盤
火手
如露
供宴
年寄
着駅
難行
列聖
守役
陰文
難句
赤心
暮雨
短剣
治乱
笛竹
東歌
明神
衰残
腹鼓
脱字
恵国
清濁
仁丹
独楽
厳然
卵生
語路
鉱産
性善
典章
凡手
許否
人馬
礼砲
寸尺
繰戸
私話
血涙
主旨
錯落
実線
大凡
掛値
冬日
器質
丸打
塩豆
送状
再犯
力水
業報
始期
河馬
乱婚
放論
直積
別杯
唐本
卸金
遺賢
引網
石弓
実印
色神
間代
凶日
西経
官舎
様態
抜道
立党
本論
硬玉
予審
極安
灯明
遠音
光波
勇将
中門
余響
群落
仕合
水溶
絶景
腹切
宿賃
牛痘
人膚
皇位
竹輪
福運
持家
紅灯
糸姫
標注
羊毛
今体
種本
死脈
恋風
仁君
夕波
級数
家数
亡妻
士関
火刑
年波
真人
短章
藩校
微粒
細小
留針
劇壇
共管
先史
群雲
捨子
富国
影身
死恥
無欠
鼻紙
筆生
糸操
端書
枝族
針箱
球状
各週
枝肉
邦貨
知音
丹田
耳順
白兵
白浪
立冬
気体
焼討
夜具
全階
異数
実像
感能
冷眼
恋文
穴冠
織機
常会
快技
求縁
社司
官位
死毒
論語
質店
炭庫
葉脈
再往
公吏
福茶
貴公
遺業
変項
月役
楽典
学府
天質
流罪
高教
震度
冷汗
戯作
兵務
仏子
面魂
墨縄
尾羽
徒浪
大紋
居敷
中州
抗力
訳文
硬水
手鑑
目視
短資
洋灰
重心
草月
内皮
天金
夏型
食客
緑青
微光
若水
文箱
連夜
文目
鼻翼
尾翼
人波
言行
秋色
門生
横列
場裏
旧教
歩度
行蔵
卵塔
局所
湯屋
入訳
上帝
博論
指分
栄位
建玉
弧光
申文
大戸
天顔
白身
薬草
隣組
等辺
逆旅
角通
目路
支点
奇利
塊打
小我
始原
絶品
震域
荷足
今昔
損気
理財
平温
手柄
早口
営為
翼下
片雲
沿海
明度
霊光
円陣
領分
正眼
巻尺
経線
後顧
変人
岩組
金石
番地
衆愚
冠省
雑学
同勢
帳場
異境
口腹
防具
積善
某国
知遇
行頭
釈家
高空
抜身
式台
芳念
歯肉
環状
米穀
招宴
仲春
和製
食紅
同属
死線
通言
戦野
危篤
有色
豪家
理知
目次
旧作
機微
慈顔
備砲
中風
色女
大名
炭山
掛金
盛代
不休
如法
徳政
頂門
重弁
水火
恩沢
残品
夜会
書証
素膚
圧制
生節
既定
水船
相称
円柱
巨船
各科
体液
京菜
虚字
独往
熱傷
唐子
快足
狂句
最奥
干乾
小編
毛穴
直販
流者
縁先
蛮人
露頭
小鼻
暦本
前足
若党
易者
他動
縄目
義手
利酒
端本
話柄
副詞
局方
胎教
揚縁
賊党
税源
教案
繰綿
外陣
英学
赤目
皆兵
魚族
双肩
寄算
自注
玉菜
証跡
甘食
故紙
各課
序歌
主動
割前
香味
岩畳
武徳
調帯
有識
異体
罪障
継泳
有期
腹蔵
残任
声望
方円
庭草
美田
小史
停刊
商館
兵火
種牛
文鎮
片帆
刀工
為様
聴音
行装
血豆
霊草
切傷
平皿
雷獣
国大
大暑
火縄
貴所
丸染
人絹
替地
初音
台辞
水際
正負
初手
常体
後件
同線
刻限
既達
春眠
山狩
知謀
富鉱
選民
血粉
絵具
東国
馬飛
煙突
経口
敷板
与信
胸板
学資
新柄
身心
悪書
狭義
夕煙
桜花
単線
非運
国書
富民
老生
戦旗
会規
宣命
本舗
表皮
家宝
招電
心術
蒸器
粗造
天辺
石筆
穴蔵
礼儀
英主
常夏
祝言
権門
近状
拓本
裏作
表門
隻句
楽天
月見
本堂
側部
霊境
小勢
権幕
食尽
降順
清福
損亡
難局
枯木
士民
祝意
手車
門歯
長文
料地
先箱
土気
重陽
田打
本性
社歴
急使
春分
道心
雑曲
振出
粒状
乾期
腸線
元老
将器
月齢
晴天
魂祭
無常
本曇
同苗
分社
木末
大葬
補題
気密
異腹
例月
初口
番手
比価
賦金
東屋
人才
図体
宮門
潮干
持主
端金
兵籍
初会
古泉
快方
小名
鏡面
外郎
心棒
暴民
次点
手長
弱酸
豚舎
不義
腸詰
素性
僧官
重苦
直会
季秋
邪欲
月経
力業
訳者
家来
水損
終車
大悲
古筆
社用
旧離
野史
御製
軍略
縦陣
近業
路次
札付
園丁
定量
暮雪
兄嫁
寸描
背戸
側帯
名工
教権
花期
顔役
酔態
法悦
質券
霊神
血目
遣外
天変
加水
留鳥
片辺
陰陽
首府
皮具
経堂
自尊
哲理
孝女
御霊
荒縄
地相
初刊
情炎
目板
民心
別格
透水
片身
夜警
中啓
山相
珍籍
公印
吉相
義軍
砂絵
妻女
所伝
地内
高祖
食分
摂政
類火
美果
歌心
雨間
無声
初陣
月忌
所論
公会
他流
座薬
賊臣
呼値
夜霧
熱涙
知慮
宿善
楼門
地雷
正調
早年
魚道
内儀
寸陰
林業
道学
段鼻
丁付
泊地
町制
重言
春本
色揚
常節
帳合
斜文
上略
帯封
玉総
義人
上作
青畳
西北
従犯
晩熟
別種
尊者
温色
貴店
朽葉
美名
縁組
厚恩
色情
栄枯
金敷
協奏
心療
小間
陽動
両損
報賞
赤道
風鳥
利器
郎子
雄鳥
被虐
木炭
霊宝
徒刑
石畳
諸色
毎歳
児戯
賀春
造化
海人
船着
王師
平身
裁物
乱数
上使
焼金
両脚
血潮
抜足
厚志
末寺
堂塔
縦穴
聖楽
盆景
不軌
打物
軍歌
要目
悪漢
被管
本署
起電
棋界
愚問
物見
連語
尺八
臨休
無賃
対日
世故
博労
年輩
見性
家臣
札束
酒蔵
拍子
王城
父老
詩才
閣老
南殿
線分
前項
冷然
跡式
元結
劣後
敢然
直音
錯簡
薬研
通運
垂心
納所
願行
野老
抑揚
猛毒
丸干
余香
下肥
雪見
清酒
見料
医術
神子
鉱床
俗歌
穂先
玉体
同腹
賢者
総状
空列
当課
宿志
端山
洋舞
逆理
待人
手相
名識
気孔
御札
外米
清元
婦女
果報
金紋
学務
王道
唐皮
私通
仏説
踏板
雪女
前側
銀賞
病変
付焼
郵務
異父
俳画
省令
暦学
歌学
湯殿
小者
寒月
余聞
論策
両家
相好
外港
難役
余事
積雲
川狩
上板
無題
水論
血煙
砲丸
番兵
段位
東路
粗皮
危難
往路
絵絹
不宣
残党
筆法
長講
軽石
悪銭
馬車
薬礼
語口
原資
劇談
木表
徳操
早生
強兵
工銭
空説
新暦
和学
不才
半鐘
長久
船齢
唐草
小乗
悪癖
補注
尊前
製織
開祖
流造
奇策
足労
草稿
出初
市部
奴輩
挙世
上皇
口跡
仏縁
宿便
紋柄
県南
汚吏
買弁
芳年
悲境
故由
方舟
主著
頭割
猛鳥
差引
都度
読方
能動
深交
下前
雅量
羽衣
焼塩
知者
雅兄
筆墨
考試
寒梅
裏編
荷役
日待
金歯
幼主
歓心
励声
荒海
観法
腕節
道警
空音
奇声
仏門
継走
社風
書風
猟場
続物
夕暮
天蚕
毒手
心妻
必用
旗標
地神
番線
空砲
馬脚
月番
小娘
始筆
基点
散銭
区切
背徳
病家
精気
状勢
声質
獣医
敷革
秋草
全港
善心
民訴
真土
永世
凡策
羽子
受腰
悪食
平準
元帳
佳品
毛孔
車力
銅器
有心
戦歴
新身
手下
国人
継室
死角
族制
黒毛
天球
結尾
数詞
人買
陸田
斜陽
義子
代脈
下男
来者
音像
昔日
奇人
専一
詩聖
若葉
斜坑
各館
胴裏
因習
容顔
明後
教範
牛耳
未刊
先様
干葉
統覚
穂綿
臨港
銀朱
愛娘
本四
直人
賦役
終端
軍資
豚箱
密雲
痛点
肉粉
盛宴
潮煙
下士
青馬
高説
神慮
卵色
日乾
使丁
劇作
線表
泣女
胸先
高察
獣身
初耳
魚肥
尊卑
北町
石組
雄編
舎兄
添木
窓側
党規
悟道
民望
呼水
外層
後棒
凡愚
門弟
地籍
平語
同工
尊簡
訓点
別称
摂氏
水干
憶説
古跡
資性
寒肥
酸度
弁理
入費
庭前
間口
俗伝
石板
正道
愚兄
狂体
馬齢
氏神
風樹
故老
優男
丁数
変局
凶賊
自流
引継
華厳
情況
全能
妹御
魔術
煮染
妙技
恒心
後室
腰間
丸幅
炭肺
地雨
直垂
持株
闘鶏
撃剣
子中
氷雨
白湯
野戦
胸毛
心肝
口器
極製
兄達
没薬
湾口
清音
御念
小径
殖産
実意
現今
碑石
肩息
分力
洋語
城府
元詰
労協
棒鋼
監守
白梅
徒手
空似
故主
庭球
天人
台地
割声
春着
緑樹
寸鉄
犬馬
遠国
小手
遣手
長恨
亡兄
高閣
体計
根付
霊峰
療育
篤学
林相
類語
糸目
重土
板敷
良妻
絶域
権蔵
霊園
力持
遺徳
浅紅
不乱
工率
端尺
僧位
雄途
代数
引換
平絹
旧慣
印税
持分
半文
買値
重職
法家
綿雲
調車
助平
玉将
絶遠
陰線
繁簡
扇町
魔境
老若
農夫
丁稚
鶏鳴
上値
手創
鼻毛
巨木
干城
湯女
肩章
行司
心夫
軍記
諸方
起原
書判
旧悪
風骨
古形
半作
上町
鬼火
大震
練鉄
握飯
土豪
滑剤
桑蚕
触手
僧衣
外編
本手
外積
原義
必修
奈落
桜草
農大
目付
小数
強面
大圏
祖神
画境
令書
独眼
雅俗
朝見
工房
花色
山容
高根
夕晴
軍夫
時局
内孫
凡失
鮮血
性合
目縁
建場
奇聞
雅名
勇往
多生
側妻
雲級
謡曲
変量
悟性
軍帽
地歌
巨星
本姓
青楼
放線
旧情
白羽
丸麦
害悪
馬標
多聞
糸竹
命日
山崩
急用
臨機
弱卒
蛮族
客僧
富岳
親節
裏打
道管
揚戸
舞扇
動輪
官報
能楽
別席
牧笛
芳心
種苗
紫衣
辞色
旧派
他用
生揚
菜種
噴流
半天
多罪
新着
唐墨
赤飯
御名
塩気
寝室
貸手
遺恨
私署
墓守
内金
無界
日商
生類
善果
詩興
徒足
原状
川底
証紙
猛犬
諸兄
髪際
追風
割判
霊肉
隠然
身柱
穴熊
継粉
敢為
霊域
無下
指頭
殺気
役印
吐剤
入目
塩瀬
音調
赤膚
諸多
用達
色物
海容
力感
道断
家政
奇偶
練貫
高著
吸血
姿見
荷車
軍籍
機具
検字
相聞
陸橋
割礼
旧法
本陣
読点
御状
花札
会心
稚児
短波
浅手
質感
利欲
元高
緩徐
新茶
落度
聖水
墳墓
威名
義戦
先口
点景
暖流
利運
良風
老樹
制帽
見境
中陰
山色
各州
宝典
道教
子種
寝巻
時宗
忠信
尊像
薬指
病因
京間
無届
粗品
乳価
党争
割目
手勢
粋事
遊軍
胸裏
主上
満潮
家教
宝算
礼楽
公知
親衛
綱要
実記
代務
野師
奇話
近傍
割下
人別
各項
未必
史筆
共産
獣脂
毛裏
夜着
野路
御意
数個
遠眼
心友
真否
内典
丈余
猟師
風眼
随感
篤信
前便
中研
獄吏
裏芸
塔屋
上声
逆縁
余儀
下足
例祭
学理
聖日
倍大
女色
潮間
祝典
今方
礼式
類同
秘境
神算
戒壇
変体
山国
雑役
急白
部所
汽圧
営舎
速力
国法
自門
唐詩
捨売
種畜
情味
乳業
破風
震央
両統
武者
家持
地積
長上
当所
軸受
後段
女滝
同門
聖油
建具
段平
日貨
日当
夢魔
雑件
令室
銀地
入神
独話
黒米
原虫
国師
証文
穴場
君命
洋紅
牧童
新盤
病癖
雪片
極量
免役
受話
救療
来車
郎党
旧領
遺矢
国粋
豪酒
臨死
墾田
遊資
心付
血気
買価
元値
素手
新宮
寸胴
貫首
突指
辛党
瞬発
朝恩
鉄石
単数
軒端
炭車
自大
木立
再応
遠路
逆潮
吸口
戸袋
木賃
引例
角帯
少弟
命毛
瀬音
偶詠
伸子
飲助
恩威
暮夜
色合
旬報
翻然
仮初
海損
緑茶
学外
極左
単利
葉末
悲況
玄黄
挙例
図会
寒色
部面
古訓
絶境
逆産
破鏡
提灯
全姿
端整
跳箱
貴慮
付票
脱文
香水
武弁
身方
営倉
帰航
勤評
善男
公器
幅飛
難境
胃炎
下敷
売口
暗鬼
演物
労苦
賢愚
末木
熱球
効験
頭株
短才
陰極
浮説
脱力
師恩
首筋
冠木
仏閣
鮮場
油虫
悪推
初志
首足
差足
戸口
国母
美音
豆銀
仏前
私意
往古
費途
刺傷
切能
信士
載貨
定席
信実
仲冬
同素
後家
盛暑
精華
台木
世態
御遊
後場
故殺
小皿
小前
度胸
摂関
字母
骨膜
浪宅
退紅
職位
性病
良人
殿原
漁労
手跡
逆接
現況
素姓
敷皮
長持
細大
深林
算法
妙策
編棒
内陣
小潮
国表
下情
軍費
下塗
弱味
友邦
晩期
霊鳥
皮膜
掘割
右府
遺沢
湾頭
友軍
末節
置床
羽音
球速
戦備
群雄
景趣
狂文
語順
粉炭
片町
国光
幼童
雑報
旗持
新宅
虫腹
車夫
道者
鼻祖
苦界
既倒
遊金
憂国
右党
消炭
楼台
有功
美文
段別
詩意
肉屋
戸外
中程
局外
造酒
伏目
勝報
長波
吉兆
捕吏
怒気
加薬
郷社
美形
大約
老中
春雷
豆粒
山羊
所天
写経
聖跡
樹液
整調
鉄塔
闘技
石突
鼓笛
院宣
心象
東雲
祭政
昇順
情実
尊堂
残花
活魚
心眼
師表
巨利
原籍
側役
入船
毒見
沈香
助産
悪感
触書
渡船
敵背
紅茶
過半
主我
強記
側線
寺子
手代
伏字
主部
村雨
忙種
凍原
防湿
某社
確然
険所
意趣
背革
寒竹
慨世
偶数
死場
船軍
売国
水雷
小佐
幼顔
縁辺
曲筆
残敵
士族
賊兵
金工
歳計
銅貨
差紙
疑心
君恩
骨肉
磁束
我意
静心
淡彩
防人
余熱
文節
不労
仏寺
写場
低木
土工
野末
踏段
標号
環海
残響
湖沼
私印
幻術
筆意
茶事
岩屋
奥底
我先
粒食
孤影
人品
火消
線形
天袋
留男
貴兄
両三
異材
辺幅
不興
奇貨
紙巻
至言
詩趣
典籍
打傷
見所
事始
人声
南天
誤脱
才子
淡色
固体
君父
継歯
重手
難治
定式
紙型
形像
潮境
山吹
白墨
密画
仕組
光子
情態
才気
左下
積肥
晩学
秘薬
情人
民有
藩中
門限
後端
医業
台場
虚説
法令
丹毒
月食
非分
祖語
何方
右辺
理非
複葉
暗然
火線
足業
初生
聖目
肩幅
掛軸
各月
未了
水陸
業物
腕車
潮路
間奏
火気
楽長
機巧
漁区
販路
真如
治国
露点
畜類
通史
戦雲
照影
美神
助人
飯店
分課
独房
作意
和本
史談
訴権
小用
業主
暗夜
府下
恋仲
清白
市松
花軍
類歌
暮秋
復啓
活殺
政経
右記
白骨
英気
傷者
枯枝
寸心
立后
波風
同質
否運
深沈
総員
近詠
天領
氷水
歩卒
基線
山勘
品柄
型紙
和音
隠者
粗葉
漁夫
省線
面識
何奴
乾飯
製紙
束論
朽木
偉観
区点
大帝
黄体
茶腹
各様
空字
光輪
船方
寒紅
重刑
盆山
書法
物相
主意
軍拡
望楼
皇神
家財
振鼓
天険
私利
後難
注連
経界
月影
食道
貧者
吹竹
観兵
紅裏
頭字
木石
反身
本源
謡言
秋思
所生
研削
官界
被服
正使
柱頭
幽鬼
洋才
法号
銅盤
聖衆
熟字
武備
酒食
雨氷
朝湯
衆評
微志
胴着
霊祭
掛子
涙雨
単記
養女
運筆
天目
初句
飛電
紫電
白桃
家門
諸法
路傍
変災
濁水
操守
試技
律師
福相
爆薬
高炉
秒針
神位
小耳
鉄色
貴下
対価
多層
訓辞
神器
異域
争議
花時
小力
門葉
字解
慕情
激暑
盛運
丸薬
言文
礼物
編首
相判
反語
重病
電炉
他物
産衣
来電
節糸
国貨
私法
大官
余興
適材
公子
切目
死児
敬具
仁者
余得
師号
終曲
順境
裸像
広軌
語調
正夢
掛字
宮家
世尊
浮彫
元物
文頭
裸麦
神歌
散光
座興
節倹
温灰
雌竹
雲煙
賢人
突棒
死人
旧館
初穂
空色
卓論
停学
高曇
皇考
防雪
内憂
唐心
俗務
警防
評語
継手
黄門
表徳
佐官
何役
仏典
前垂
天賦
潜戸
銅鉱
章魚
交雑
古渡
盛観
手兵
引潮
政所
高段
官印
内議
寝言
私産
仮構
手刀
牧舎
明徳
橋畔
従卒
虚貝
継親
買上
詰所
胃袋
袋織
偶因
月謝
潤筆
劇職
大猟
鼻孔
始祖
論拠
明鏡
事犯
積水
常詰
波動
兵卒
伝単
花代
僧正
目顔
蛮骨
神威
御子
流言
香炉
青票
念慮
客位
鶏群
風草
大隊
名分
対向
岩床
債鬼
純絹
砂上
婦警
倍長
副文
報国
寝技
時鳥
晴着
長径
座元
陰雲
近事
俗界
奇計
香煙
典故
君民
聞役
全知
文例
火勢
筆先
断案
古刀
随神
北斗
僧院
災難
死地
音感
狩人
時論
家兄
呼損
竹冠
内題
車紋
小結
本紀
精麦
左岸
終局
延金
衛兵
仮寝
花片
酒興
評点
新語
防毒
逆臣
寄道
心機
勇者
愛婿
老手
号音
照焼
平面
勢子
印面
唱名
海産
電略
小話
陽暦
跡形
苦境
歌書
理化
脳波
長路
演者
虚誕
血塊
年男
気道
下策
中性
実収
糸桜
絶海
明春
尾骨
景勝
片親
後架
行火
親等
陰火
眼光
珍優
対米
砂場
波路
尾花
道士
手踊
岩頭
草分
尊影
態様
両夫
天職
期成
猟期
文金
童形
春耕
兵制
兼愛
時好
輪番
属性
良書
多勢
間髪
球心
商権
終極
酸葉
皇霊
銀扇
適才
慣性
訳合
岩盤
激浪
給源
数輩
駅頭
席順
常宿
邦舞
水路
才媛
願意
小網
者共
川音
古格
宗規
金地
法政
深意
岩室
白粉
太初
村里
脚気
止観
薄縁
島守
沼沢
煙毒
売人
異姓
関白
他宗
原著
胆石
都電
後列
本志
翌晩
終審
限外
早見
吉事
医道
肉池
立木
横線
共益
凶手
調革
白描
風足
正否
薄塩
来期
砲身
半開
踊子
車寄
夏服
取粉
言伝
音義
倒影
詩型
他聞
高年
新約
短信
左近
片前
荷積
今際
戦利
素数
坑道
所収
隷農
交霊
粋人
例言
洗米
戦況
氷原
雲丹
風下
弱虫
初号
盛業
高次
国士
良材
裏手
音域
定日
獣性
諸縁
童歌
銀製
落体
古語
車馬
角膜
制式
事理
陰紋
旧恩
平侍
長堤
売名
徳行
満会
路標
膜質
暗号
恒産
台紙
主調
切先
死時
月掛
卑見
先学
老残
神祭
兵営
半平
帯革
席代
敵陣
半金
先任
浮華
座標
風気
詩書
宿学
波形
凡下
宿木
礎材
語数
帆柱
黒光
明達
取立
痛風
雪煙
幻灯
複軌
額縁
京染
利腕
小満
近体
乾布
口才
暖衣
乳状
対屋
御大
薬種
日夕
個数
夜討
人伝
異朝
教派
心裏
引綿
年子
品別
新案
畳字
黒奴
冷熱
羊頭
近郷
聞物
片腕
育苗
店卸
雑益
金談
魚板
圏点
書信
石粉
駅舎
青貝
不可
天産
尊命
金線
火酒
客間
葉月
孤帆
余白
歩兵
香箱
秘録
甘酸
船床
字画
山詞
仕掛
日割
心魂
恩顧
粗方
体刑
伝手
令息
営林
上策
強弓
明月
正接
乙夜
地袋
習性
造山
和式
電卓
海国
具足
芋虫
呼出
口金
微温
原石
海陸
合符
衰勢
真跡
愛嬢
保振
外物
座職
吉日
打身
親政
野蚕
通辞
聖賢
折箱
至人
鼻声
張物
労銀
蔵人
花心
版籍
減作
能文
宿運
迷霧
酔歩
代将
貴女
荷扱
開山
盛典
愛憎
大番
海象
実否
広敷
難物
性愛
毒魚
新秋
農期
県会
銀器
隔心
下露
隻手
船宿
牧夫
相法
油膜
付図
級長
労金
葉柄
往日
軍馬
夜番
金風
単葉
検量
平脈
京阪
私記
継馬
密書
武門
麦角
宗法
他事
臓物
南風
後傷
本態
自性
月表
浅才
所領
治者
寸評
神通
詩想
月明
雑作
題詩
盛徳
帝都
軒灯
本字
小曲
全労
秘跡
鉄橋
山並
朱印
峡間
師父
栄華
号車
美称
季候
片糸
組踊
賢兄
有体
蔵米
状差
賢女
学窓
前額
無二
口前
女波
浮魚
中潮
煮干
予後
相方
文展
至急
宿銭
経論
公理
尊霊
揚足
何某
芳志
算木
怪人
類型
心意
流民
差水
青菜
上腕
先山
筆戦
赤紙
政論
剣幕
欲心
憂身
罪責
青磁
陰祭
史書
幸便
性差
虚栄
細筆
分隊
制札
幻怪
雄心
凶事
上物
験者
指事
酔余
奇勝
欧字
曲直
至情
社友
不尽
重詰
双手
乱療
全霊
風紋
玉算
教則
剣術
敬神
愛染
情歌
武断
柔術
電脳
天明
海難
半畳
仁術
湯茶
塊割
典薬
納戸
緑玉
言霊
臨空
僧俗
寸暇
亡国
油気
通論
目端
鈍痛
略画
両義
京師
飯台
張番
蒸物
負号
偉績
意中
球史
利水
種紙
鬼面
差違
界面
単体
進士
上衣
天来
題意
馬丁
付注
官途
筆洗
金糸
梅毒
社共
金団
豆幹
引幕
諸式
干死
中背
穏婆
中休
文机
球道
高跳
多倍
泉石
下角
横雲
冬空
人称
地役
不知
銀側
延性
違例
密議
遊君
上客
舌先
例規
漁法
段幕
速歩
防空
秋晴
私募
寒害
至宝
堅陣
威信
補聴
別冊
大技
中隊
里謡
胸像
造物
小陰
眼中
内宮
陰地
平場
仏祖
前言
山風
笑劇
雪男
武勇
起句
鬼気
誤差
厳科
総点
恐山
毛並
辺土
別涙
工手
角笛
初湯
金冠
人死
株立
英略
湖底
筋炎
医員
古参
両次
大安
来状
往事
激流
申入
鉄線
色悪
鳥目
名流
葬列
面輪
定温
葉巻
石松
易化
貸店
隆運
講説
霊場
厚紙
衆論
張板
点心
貸切
院政
具象
導管
俳号
札所
下刈
産婦
悲母
愚生
前代
造機
気先
箱庭
鼻木
漫文
貧寒
略図
風見
静脈
暗室
足袋
業況
流氷
座員
薄暑
奇才
楽隊
後学
中入
子房
法難
名城
当家
隻影
石造
幼生
与奪
騎兵
赤身
段歩
粗飯
町家
残像
木通
絹針
丹花
流派
表方
秋物
女人
死水
助祭
緩怠
心材
諸物
藩学
砲戦
被布
看経
史籍
書画
芳命
提要
山場
絶技
中外
船型
布衣
中波
官権
後口
事跡
上薬
至尊
乱酒
乳酸
秘計
根粒
御料
夢占
結線
公孫
日収
名鑑
盗心
焼跡
官辺
暴威
夜景
陽極
中耳
乾田
取付
番台
声聞
玄麦
奈何
銭形
陣鐘
銀座
他念
変値
呼名
桜色
券面
国儀
水夫
打力
周縁
前審
真名
禁札
踊場
山守
歌口
丹前
大師
善政
負軍
疑団
来季
大黄
苦竹
借受
物販
売色
才六
俳風
段通
雪空
新店
合着
遊漁
幻視
私室
並足
観想
岩魚
格付
悪心
書目
字訓
源平
蛮習
耐湿
情工
天心
愚僧
刀心
米収
持薬
中指
人面
不着
別状
牛後
急信
品数
書換
弐心
愛息
桜飯
書屋
沿線
風前
船路
春景
高徳
熱論
式目
庭訓
遊技
徳目
姉御
本宅
死魔
天聴
策士
横紙
親株
幻像
虚位
本道
姫君
環節
荒筋
旧主
花軸
墓穴
夜光
円弧
原泉
半解
素謡
官立
過怠
反物
金髪
肥育
共役
相客
生湯
私兵
酸鼻
件名
若君
軍旅
神灯
裏白
戒名
盛場
引歌
仏事
余財
実理
粉剤
肉類
式部
丁場
王化
情婦
手性
水鉛
地産
全戸
古希
紫煙
海松
帯留
義烈
鹿子
事訳
松脂
反例
体技
飛魚
主務
税目
雲脚
防共
画筆
利尿
清勝
台下
細線
厚様
意想
因明
本暦
漢才
猛者
魔法
勝景
近称
夕潮
日覆
裏声
宝蔵
仲合
太夫
厚司
未決
淡雪
平話
明哲
炊煙
校旗
陰金
武功
宗義
卓才
白頭
恩義
主脈
収差
語頭
末巻
細民
急電
高踏
特需
赤銅
造本
震音
失体
設題
仏具
迎春
教皇
麦飯
衣帯
野立
腹巻
短評
粗糖
好字
小昼
凶年
声価
情動
規準
言句
茶道
夕映
奇癖
結文
引金
歴象
拝殿
貴注
主君
新古
風姿
故里
初端
絹物
鋳鋼
危急
召状
修辞
政道
盛物
後先
路用
郵券
効目
仏堂
賢婦
戦端
地織
余威
古人
詩文
機転
得物
切水
道着
挙国
雑事
国富
鈍角
消磁
親木
古昔
院外
木管
朝命
出潮
洗粉
親玉
弓取
吉報
愚息
佐幕
衣魚
日掛
別使
現勢
俗姓
香華
主祭
吸湿
面壁
亡君
平声
他姓
願主
若布
双翼
公差
浴後
洋品
厚地
玉稿
品名
未到
超人
薬科
暗主
整式
主情
花祭
目貫
陽炎
量子
紅梅
月草
見処
手妻
肉交
提重
気転
芸当
皆既
死金
小首
旗雲
条理
火玉
布目
原拠
告文
風袋
銀山
繁劇
補肥
群峰
原質
法名
観音
貴書
病葉
霊気
後産
元正
腹囲
絹本
足熱
他誌
主語
論旨
触覚
内侍
時空
具案
冗官
墨色
内意
波面
死罪
種物
童顔
博愛
雷火
奇功
心胆
姓氏
副書
本拠
美声
破帽
旗鼓
乱行
学事
王土
魂胆
略服
連尺
夫君
中黒
中位
劇画
深手
銅山
投節
実生
寒菊
良剤
画趣
道服
官女
夜戦
月切
照尺
霊水
貸主
単式
白魔
所感
団居
風狂
筆陣
塗薬
金欠
舟人
手簡
粗目
日直
爆雷
圧政
声紋
真弓
泳者
男浪
目代
富者
支族
仕儀
口伝
流俗
飛火
配所
遊糸
花守
志学
校本
商圏
新版
神権
孤舟
平城
結縄
巨漢
精根
陶然
仏法
洋式
空谷
落日
振事
裁板
親達
表口
花屋
本給
愚人
色道
応分
炉端
和談
極楽
信越
雪娘
焼絵
骨身
用布
港外
紋所
侍者
裂傷
組重
属地
氷室
全党
地温
供頭
書院
茶代
聖女
尾端
部室
脚注
抜毛
情火
雑題
病歴
野乗
陽画
貴宅
水松
肉感
糧道
墨袋
右肩
看貫
霧氷
初氷
暮鐘
療薬
同上
院展
大姉
矢種
全島
華道
雄図
虫害
泣顔
宴曲
書体
線画
上表
西陣
手織
金杯
花壇
異形
死際
捕方
公休
目薬
微罪
勤怠
格式
春暖
歯髄
銅賞
諾意
自序
観菊
平米
俗体
傍訓
正金
戦機
陽春
独言
粉屋
前古
通例
嫁御
済世
機雷
内争
法橋
男帯
裁布
翻心
場席
同番
家職
識見
経籍
律詩
記数
麗筆
馬具
複素
鋼管
節婦
数刻
対数
雲路
勝星
恋路
旬日
古血
国劇
公債
歌体
既習
詰腹
逮夜
海星
席入
立業
有精
徒名
断熱
麦作
手序
邪道
曲馬
薬酒
冗語
密命
独歩
古俗
書状
路辺
湯玉
深窓
揚板
刺子
左辺
法輪
絹綿
採光
両所
生母
猛然
年期
文意
神祖
渡者
色相
弧状
番長
必中
突先
悪道
怪聞
貨車
陣所
浮足
山芋
貫長
新釈
原意
人煙
軒数
老少
郵相
遅達
月毛
即金
表作
広間
苦肉
強肩
網戸
管状
賀詞
小知
奇習
進取
池畔
乳糖
黄砂
武鑑
経絡
掌編
今更
人世
上士
賊名
筆紙
高節
冬場
衣食
適所
近刊
軍令
国状
急足
明太
兵乱
島山
新教
特販
語根
活仏
霊剣
耐用
極月
重湯
心神
殿舎
請人
合従
臣子
船賃
潮気
剣玉
余力
野火
大政
巨資
要具
継端
流速
書机
家柄
建売
男腹
後景
青眼
後書
固目
有半
証歌
要害
焼豚
仮数
機業
案下
旧遊
大路
貴命
終発
満期
宿罪
退勢
的屋
魔道
油剤
厳暑
大葉
読物
戯場
暴雨
虫薬
新令
陸奥
直方
風月
直参
悪様
差分
初役
中子
害心
通有
浅傷
幼者
分霊
国禁
机下
回文
反立
奥付
氏子
長湯
単機
微香
背理
前震
揚幕
心太
原語
引物
器機
管下
散楽
同旨
出格
郭公
心火
論陣
結願
熱砂
季題
真筆
伏線
農奴
色欲
命婦
寺格
従者
法城
塩害
御末
玉虫
故山
守宮
値域
兵船
句法
先君
盛名
火矢
要地
難場
輪中
面前
底魚
残夜
夜色
水盤
花実
増炭
墨絵
写絵
受持
邪宗
小勇
似顔
令妹
賀宴
荒屋
腰巻
打豆
余技
船荷
心像
焼付
届先
緑林
例刻
半白
彩雲
私物
内乱
忌地
流体
国司
雲霧
上世
勇武
神剣
棒組
鼻音
漁網
雷光
徴求
市勢
夜業
微粉
大逆
曲面
文名
砂原
中農
衆力
幾何
両雄
質料
始端
腕骨
立姿
丸木
俗言
令弟
鬼婆
卵黄
難曲
切子
日算
仁愛
旧任
素養
大過
初物
由縁
粗酒
海女
世路
零下
徴候
歳末
馬印
億兆
演舞
体様
医方
赤熊
法華
天王
母胎
玉歩
思潮
雲形
荒肝
獣肉
属国
介添
魔障
酔漢
岡持
後人
家名
球戯
日永
用法
実費
間着
書冊
神橋
原寸
弁口
侍史
宝鑑
凡作
句点
名月
盛事
知行
楽園
熊手
投首
店屋
篤行
校規
宝船
灰吹
分秒
給金
存生
皆掛
由旬
求心
磁路
文鳥
哀傷
学才
城主
垂幕
聖哲
胸倉
綱具
俗吏
原紙
尊覧
紙切
田作
猛火
御灯
軍勢
支隊
羽尺
色魔
偉物
玉案
暗紅
中有
同職
排日
片口
添景
使徒
諸姉
輪形
情夫
訪販
雷公
門跡
忠心
羽交
秘宝
整数
寺侍
博聞
本則
凡俗
色目
物情
明証
聖業
和戦
紙花
塗立
真先
霧雨
白茶
天意
取口
権妻
労役
重罪
守成
女医
豊年
砂船
葉桜
和布
持場
憲兵
後詰
有夫
前祝
春雪
別件
官能
可視
詩劇
押絵
御用
界雷
聖霊
高批
紙器
薬学
式年
人参
節分
権道
昼夜
野犬
火水
正数
鼻柱
山骨
列火
粉米
文典
薄利
報徳
付根
残生
石版
特金
非人
雷名
現尺
通気
乳牛
歴戦
鳥網
先約
鶏舎
薄物
地衣
端綱
美点
平底
用例
本訴
曲調
如才
実際
絵暦
郷関
破線
若僧
印判
恩賞
清鑑
荒土
礼帽
仕打
年令
山賊
天真
風勢
国訓
尾大
分陰
宮刑
定昇
仏滅
詩語
笑話
死物
坑夫
花落
故知
狂疾
在処
大意
軍陣
胴乱
音速
虚名
面皮
東遊
内縁
霧中
定論
拾屋
近因
新形
純系
宿縁
浮巣
慈雨
仏土
下戸
指命
定職
血路
和銅
火打
散米
米所
軽口
語末
市区
僧坊
切炭
正則
外洋
我国
軍装
官記
原初
業病
謝金
紋様
存意
回虫
素意
法統
諸政
漢土
矢庭
水油
行平
鼻綱
単解
断碑
平曲
命運
夏作
旨味
胃酸
箱船
良工
暖炉
深浅
罪跡
文段
鈍刀
物忌
付則
才物
乱文
極上
希世
宿許
白壁
光臨
領民
命題
空電
忘年
従容
小梅
鍛工
導体
仕法
神罰
真草
肉刺
官職
縄張
図様
主筋
正教
干草
縦形
道産
掛目
軸承
御悩
牧人
俗書
同文
調歩
底土
風花
実姉
権助
余所
朝飯
神式
風脚
道庁
骨頂
出合
半銭
親芋
御難
水天
白帆
減法
板本
寒帯
屋体
名筆
達引
季冬
白線
多項
心持
善悪
俗事
定宿
出丸
惜春
勝因
弱齢
前門
中興
要事
極官
諸相
震幅
折助
胎齢
真髄
依命
銀位
口糧
遺制
毎会
川床
雨声
縁取
生霊
割勘
大協
店構
外需
香具
軽業
要覧
上体
同君
横議
古体
天骨
雑炊
積木
巨歩
副使
詞章
有権
度肝
補元
銀縁
売出
表具
御事
容止
杯洗
編章
隣席
番所
訪客
合羽
及落
元価
精粗
真横
冠詞
職制
巧言
上潮
印紙
群小
舌戦
花穂
翌週
砂山
近影
耳許
狂犬
鳴子
身性
立役
菊芋
穂並
好配
祖師
神髄
室温
栄典
練兵
浮力
当校
脈所
戸板
大福
肺臓
双務
熱情
範式
加数
秘技
豪物
手工
関守
錠前
地気
陸封
入潮
暮春
真砂
法治
物上
目性
概数
逆波
敬答
老農
代案
心木
茶房
俗流
大円
水足
戸長
香合
色覚
雄略
男衆
在野
車引
語感
酒楼
飛車
制勝
後山
骨粉
生肝
恒温
秋作
養母
洗足
輝石
新院
越度
良策
徒情
尊称
優姿
胎便
道芝
重責
秘説
氷雪
無上
金売
方略
名木
湯巻
情調
塊状
手植
祭場
海老
目処
仕形
幻覚
雲量
詠史
与国
木遣
肩癖
国字
裂地
弧線
部内
交友
舗道
大罪
粗銅
旗下
寝食
極付
直門
御忌
常法
不時
高下
荒布
夜学
悪報
名望
米塩
別儀
土星
俗用
秘方
原付
印章
山番
生侍
持病
旗頭
木霊
所書
空談
浪漫
機略
微震
雪腹
鉛毒
皇紀
朱筆
白目
織女
貧農
空耳
晩鐘
利鈍
上水
純然
噴門
伝助
零時
未設
干満
確報
税込
別宅
才腕
枯葉
太子
門口
両市
他律
血沈
半音
空合
白糸
黙契
痛事
主恩
多血
欧文
両朝
勤行
公証
直衣
有情
別途
同役
波布
壁土
楽劇
総髪
文勢
副次
貫入
名標
雲海
敷島
禁獄
能吏
本金
機根
日雇
夜船
書取
置引
技工
図絵
陣屋
能筆
当館
神官
義眼
記聞
評言
夏越
上様
古制
誘電
防壁
平麦
月別
名刀
因子
海防
不随
全便
聞酒
勤王
殿御
晩食
題画
偶作
小面
両道
炭取
桜紙
横形
推力
通箱
祝宴
財貨
台網
刷物
種芋
緑門
末世
半片
天主
炭質
殿宇
大足
用後
英霊
広原
週報
天外
堅人
半玉
明視
外向
画業
白話
征矢
触文
愚案
半価
年季
援兵
不惑
水物
群竹
忌詞
取灰
香気
役牛
銀子
遅日
打首
玉露
役畜
兄子
近東
添乳
馬面
旧宅
円貨
買気
音波
地合
尾錠
出銭
楽想
強震
広幅
鼻炎
古傷
寒心
義膜
欄外
祭司
矢束
松明
犯則
新風
療護
酔顔
段物
模試
山伏
仲居
神色
腰元
乾葉
両年
円上
華氏
御飯
童部
長柄
革質
薄明
名子
歴程
綱玉
滅後
大死
詞宗
当機
哀感
誤判
奴原
愚見
縁家
根毛
紫紺
男前
遊女
元肥
彫物
王代
麦粉
利手
鬼歯
義心
通事
幼女
焦熱
劇通
勧業
実字
主教
帆布
日輪
熱量
炭層
女浪
同値
赤本
石女
陰暦
巨財
終巻
船標
適評
欠本
多売
商科
横腹
消炎
鉱石
御歌
転寝
腰弁
政略
連声
調音
臨池
旧債
史官
引戸
魚群
縁石
国元
公役
航続
私人
嘆声
新酒
和船
胞衣
思郷
僧上
斜体
世評
緑風
未収
教理
洋学
外因
内法
与太
我輩
書林
下草
白扇
空巣
各賞
公方
先払
旧藩
重箱
焼印
史伝
香辛
然諾
商学
紀律
真皮
行文
起死
標目
国持
家信
揚陸
灯用
敗勢
幾日
焦土
手飼
盗癖
鉱害
海草
金気
張手
犬歯
列伝
単級
手事
道統
古伝
釈門
族称
素足
水滴
例題
獄窓
霧吹
警策
河船
吹上
空冷
全期
惨苦
売薬
対称
王事
事相
建株
女敵
早場
父権
雑俳
属島
主薬
乳香
後編
季春
票数
針術
切替
糖衣
寺号
清栄
後備
花序
利剣
床杯
余徳
蛮声
箱師
内聞
西陽
酒手
舟形
野心
相国
欠目
雪踏
島影
徳望
無籍
道話
係数
数多
補木
哀絶
平織
卑属
声誉
太絹
渡殿
雷神
恩命
満車
船守
火祭
防弾
砂子
観桜
娘心
硬度
伴僧
客地
寺領
我流
西土
片息
遺文
左証
仮痘
古里
丁年
外道
砂鉄
応力
草書
赤沈
評注
丹色
標柱
序詞
鑑札
狂詩
属領
市費
使臣
墨跡
船幅
鈍行
洋弓
白寿
音節
断橋
鼻面
風力
可動
楼閣
撮像
別殿
浮舟
邪念
交声
上屋
旧臣
荒天
乗換
眼疾
光参
落陽
証票
旧道
心柄
矢場
愛欲
便意
焼山
副将
冷泉
序言
位地
肉片
法門
総記
恋情
小中
医書
欠員
縫代
傍注
牛革
私刑
課業
漢語
席料
警手
従兄
愛執
真向
稚魚
楽聖
史劇
図上
内妻
同輩
小器
大乗
武技
痛覚
同類
論題
創傷
征途
魔性
中置
大通
代人
鏡石
耳環
可逆
合札
上皮
名山
養豚
袋縫
衣糧
紋日
名著
透目
親御
芳信
平幕
侍童
発句
片棒
基板
礼電
割札
素焼
興亡
怪火
芳詠
行路
灯心
落人
御寝
副題
高角
返電
市上
芸文
芋版
拍板
金銅
流汗
賞杯
仲立
興趣
船級
馬手
陰言
外耳
高覧
筆舌
聴視
水筆
正系
編隊
類題
門魔
親署
縄付
半裂
能才
雄志
全紙
炊夫
雑株
字句
邦字
洋本
紅紫
主位
兵略
賊軍
有刺
焼飯
俗談
揚玉
方寸
木皮
光陽
号旗
健筆
金扇
電報
在所
旅情
秋郊
従弟
耐圧
感熱
潮合
等式
金将
神楽
商運
所帯
空事
結膜
各論
右近
飛泉
執権
本属
功過
夕影
場景
男手
用度
浸礼
金管
中層
乗法
外紙
僧階
南岸
畳語
大凶
置土
軍港
絶壁
甲骨
楽匠
絵所
門主
血糖
客気
軍紀
土筆
桜貝
福助
門柱
光来
短針
浮荷
現業
吉凶
召電
薬毒
同母
秘史
取高
風鎮
隠士
馬方
舟場
円転
容子
無品
複式
面差
炭団
差毛
善言
余沢
溶剤
生糸
決然
印伝
傍流
色感
気息
送辞
束帯
酒気
男根
犬侍
粋筋
非番
取的
画板
外気
常客
回天
寒行
秋月
異本
切窓
女工
愚母
権柄
掃墨
組下
上目
国主
薄肉
冷温
砂州
路肩
文色
小付
素式
家君
無手
回状
定則
現任
昔年
入物
悪童
塩基
弁膜
依然
邪論
遠流
剣難
率然
著聞
唐人
数行
溶質
妙所
夕立
麦芽
当流
旅衣
格率
後作
巧遅
官設
粗筋
盛挙
天成
国策
貸元
宗徒
天堂
海港
要用
亡父
落首
打綿
内国
桑子
宝刀
報恩
抗論
田夫
革帯
隔壁
羽翼
野道
上意
善人
数式
長編
遺習
船蔵
差前
児女
焼畑
内債
香魚
宝前
指値
静夜
村役
職工
地底
光年
宿六
家訓
邪知
私宅
斜影
徒口
影向
容態
角柱
近火
貧鉱
小僧
作男
倍角
渡鳥
家作
公傷
遠火
何頭
時勢
検孔
教場
諸点
湯葉
末筆
地所
赤口
寒卵
出様
奇知
軒別
翼状
泉水
盤根
平時
極冠
夜店
茶店
攻口
古称
異人
不評
楽市
寒波
雅称
院議
共裏
私供
丹塗
戯画
神宝
桃割
背節
測鉛
尊慮
敵討
小童
人臣
個物
有様
主家
仕手
寒天
大杯
間然
旅装
未聞
穀粉
差料
射利
家風
主事
風柄
老台
会堂
読手
鼻先
簡保
久離
画才
屈性
紅顔
弁士
元始
受認
迫真
奮然
速効
遺著
老女
名籍
満干
茶所
反間
軍鼓
前腕
豆板
順逆
孔版
情交
作土
茶掛
施物
球体
動体
宮腹
心音
補語
春情
用足
仏塔
心土
願事
絶佳
徒飯
地引
山子
和親
悪霊
替着
歴世
閉包
鮮度
紅毛
諸表
煙雨
肉色
陰刻
異類
門札
口許
題詞
本床
律蔵
分針
勧学
芸大
腹背
締金
冷暗
滑車
俗文
文型
売声
沖積
若様
新前
酒肉
太虚
館主
蚕室
同病
直列
花月
晴間
幼君
宮室
雨曇
初速
滑石
油脂
善本
霊木
画意
郵袋
枯骨
男持
細雪
布子
兵書
不漁
貯炭
原名
空寝
春陽
漫然
内圧
生首
臨御
官栄
来旨
骨幹
斜線
覆土
読史
病犬
外線
活眼
残香
貴札
小女
雌鳥
寸時
雨具
舟守
魚拓
謀計
所由
養分
土人
主剤
縦隊
画室
名号
壇上
幻聴
訳書
産所
憲政
銀粉
有向
行書
似合
来世
厳君
月限
明徴
貴社
外法
間貸
西紀
熱型
同人
益友
俗眼
達意
色素
土間
兵事
過客
侍講
書契
月割
冷床
乱筆
連曲
袋帯
願人
天象
戦域
中手
目許
全作
平民
下火
隣地
道内
天朝
糸車
塩酸
視学
角形
在家
店子
儀容
別間
衆道
尿意
晩景
所与
帆綱
略体
木裏
霊像
光学
変種
席題
与件
西人
雄滝
書割
供御
洋種
梅暦
無風
本状
免罪
唐菜
形勝
無位
親潮
凡常
金環
矢車
粗製
畑作
湯水
気運
黒焼
縫目
戦役
産米
聞所
砲門
売笑
両町
他称
横型
純分
血尿
法域
版本
横筋
方眼
下職
半途
貸本
文才
空家
気根
鉱層
所出
拾物
日報
神国
神助
汚俗
機屋
下帯
法話
寄手
構文
判子
茶飯
怒髪
並幅
決河
書抜
山犬
円価
直腸
入夫
試筆
刺虫
宗風
都議
長剣
前払
貴紙
極所
待針
寄木
仲店
踏絵
伝書
温容
羊水
帝王
僧形
織姫
無印
男役
権現
軍鶏
試料
覆輪
才知
悲喜
後夜
裏店
前約
沈鐘
粗木
財経
組子
郵船
奇手
逃道
総高
銀将
近臣
卓見
和議
救民
矢声
別段
近古
訴額
突角
禁園
新参
地峡
精彩
賀意
薄日
佳人
分身
部課
産道
穂波
気圏
干天
閣員
相恩
連木
常打
大知
息女
人海
秘奥
訴因
異同
神州
手絡
歳費
子鹿
鬼謀
投銭
貸費
座金
際物
幹竹
常緑
写字
日脚
値幅
幕屋
早馬
許婚
雪隠
丁字
魚油
要理
洋銀
豆油
幽門
粗菓
豪商
馬匹
人定
乱塊
旧居
上聞
消暑
密謀
定礎
牧牛
石印
舎監
俗才
勇姿
書聖
先住
就縛
版下
所司
格外
里程
管見
反歩
巻狩
新刀
法弟
遊士
領水
小寒
略章
利幅
種板
前作
公課
大水
遊山
適訳
部署
厚手
和毛
切張
黙然
連環
副手
父君
官金
縮織
釈尊
高密
留別
円心
勤皇
実学
腹帯
敵手
温熱
監事
破墨
秘教
望郷
島根
無官
修女
目途
低圧
歩廊
蛮風
内高
手塩
軍学
星図
仏殿
太白
作事
兵革
両辺
家産
羊腸
測線
詩編
棒頭
愛鳥
物影
庭先
往昔
折戸
立米
縁側
早番
和訓
厳島
夕景
点線
産額
書巻
汚物
繁務
治下
仁王
秘文
別条
業容
伝奇
多士
春色
雄竹
包有
帰環
測光
終電
形体
手械
素首
保水
若蔵
飛型
省議
業苦
趣致
霧雲
小町
政見
気流
続柄
水月
巣引
政綱
手綱
居合
連歌
全判
奇縁
実歴
順列
形声
平射
住戸
甘茶
帝釈
黄水
蚕児
神職
肩衣
拝啓
政戦
画素
焼石
発話
諸費
浮腰
井目
盗犯
義民
術数
実事
急啓
絶後
出超
責苦
見込
刑訴
欲得
受身
大命
大器
業師
唐竹
小言
恨事
内郭
特質
耳金
小父
明笛
失地
師道
寄目
貸賃
小店
所労
遠来
気持
句読
甘党
保父
漫芸
満作
心力
飯米
級友
夏至
悪戦
茶盆
団交
近情
平炉
村会
追号
名勝
諸白
病体
全学
歌聖
家借
員数
事大
甘心
基層
黒縁
帯側
孤剣
石墨
吹降
大邦
光圧
屋並
悪寒
行刑
有理
迷夢
無向
武芸
印画
無住
創見
通弁
芋頭
慈母
東邦
犯跡
本身
貧土
本案
連句
陰徳
大度
耕土
下心
好日
灯船
異相
総意
密事
金時
雨季
毛見
知徳
中業
暗黒
鉄鉱
東口
旬刊
実包
光源
行状
黒熊
層間
古銭
良品
公準
賢才
武道
沼気
丁子
公館
獄門
技研
迷児
乱丁
定府
空夢
世俗
均整
遠称
河鹿
泉町
揚代
画帳
無双
序品
別口
貴著
通則
利目
追腹
楽座
夢現
物欲
物陰
宗室
紛状
追伸
山僧
接辞
白焼
高楼
恵沢
谷地
弱志
葉状
雷雲
脂身
儀表
父上
誠忠
地誌
忠節
比論
珍宝
雑観
貴覧
双幅
奥向
木目
径行
気宇
託生
家父
筆触
脂足
木型
相宿
愛書
船側
野茨
書中
雲足
胴衣
古城
法語
悪声
着払
返歌
岳父
定訳
敗残
日暮
正株
活弁
勘所
戦果
亡羊
小夜
愚民
天物
切畑
比隣
歯形
詩体
御内
講述
杯盤
紋服
後足
検使
差油
座方
素志
幕営
松飾
女犯
金仏
鉄泉
画稿
軍律
接台
金高
順流
村童
夜曲
遺風
魔除
神徳
訳詞
舌端
小使
薄目
麗姿
関所
類本
土俗
縁海
詠歌
縫糸
煙霧
門外
保身
適役
宗務
傷兵
農芸
血行
法灯
科料
他校
米材
愛社
伏屋
黄鳥
人橋
曲射
玉音
名言
冬作
寿像
絹地
入朱
半角
大弐
戦局
各区
聖王
産毛
回船
実員
処務
日限
苦寒
走路
産気
下略
硬筆
譲葉
士人
各相
白太
同房
種卵
禁衛
軍票
排中
管外
花環
大脳
剣突
刑務
居中
戯事
類縁
細石
御構
断編
水芸
世知
仮死
背部
歌誌
行賞
荷作
性情
痘苗
神階
初夢
海道
好悪
太陰
教卓
年央
会意
苗代
作況
鍛鉄
奇士
水影
凶兆
電光
化身
畜力
天運
湖岸
書癖
騒人
骨張
手持
子方
始点
乙種
切戸
連言
時文
山刀
地顔
敵襲
愚妹
塗炭
西域
日賦
損料
像法
空戦
同好
反別
鑑識
細面
筆耕
官員
警視
逆光
脳病
末書
上製
未踏
車台
輪留
御方
点者
耳輪
木仏
領主
赤帽
益金
乗手
里心
足並
皇孫
印材
人相
金穴
飲屋
先登
衛視
浮橋
宿将
異彩
露草
迷子
公武
願文
飯盛
胴中
年報
行手
茶園
多少
手打
御告
前菜
料足
更地
初犯
下層
水密
石塔
欠番
高波
登高
起毛
手刷
善所
髪型
筆箱
水引
羽目
巻網
未配
腰骨
外延
法服
文題
相識
分脈
成句
門火
知略
武臣
裏紋
本末
販拡
滋味
特立
居職
漢音
竹工
背子
下郎
令婿
小腹
死花
暴政
近作
氏族
幼心
諸賢
火柱
備荒
食塩
担税
裸虫
仏師
名論
骨炭
絹雲
寒露
脳膜
遠心
騎馬
口舌
乱髪
船霊
行学
母御
没年
帰帆
大農
果糖
心慮
各車
訳詩
近視
自照
理外
番屋
長虫
舟歌
雑詠
余命
水脈
別項
腐肉
隠語
老優
永代
私欲
香車
露台
心性
地変
圧雪
立秋
生国
同友
揚巻
断金
遅緩
狂気
辛子
山陰
暦法
同前
与力
他殺
深間
原皮
朝議
職長
筆太
分室
講中
隻眼
欠字
管領
虚言
諸行
掛詞
高殿
老嬢
遅場
至論
霊山
屈葬
尊号
擦半
皇宗
俗信
怪漢
町医
主面
流量
朝間
遺漏
史乗
回流
神意
課内
仏身
王命
義士
序幕
商都
字典
毎戸
相嫁
重水
被験
間男
遺愛
酸類
来信
監房
修論
博打
衰年
清宴
経連
用益
深紅
男滝
先覚
傍点
触角
競買
法談
交互
朝来
荷造
日出
座高
死処
利敵
夜祭
形跡
橋板
前段
事変
夜道
叫喚
出物
尊台
慨然
行灯
畳表
引力
本筋
式日
請取
銀盤
楽焼
良縁
軍旗
罪過
冷機
薬舗
不老
大奥
鶏卵
星団
組討
肉入
酒家
鬼畜
母物
情義
雑技
真情
城市
快弁
除夜
茶袋
前略
道化
風説
例話
諸訳
尊師
裸婦
中許
立引
安値
速足
道草
長月
難癖
答訪
精粋
漁況
単元
表替
星宿
木偶
棒先
経年
老病
高所
藩老
敗軍
堂奥
昨報
芸子
破船
接穂
春作
大典
有性
禁城
密宗
鐘鼓
弾性
王制
版制
編木
竹光
紙帳
所化
目張
史詩
発震
正客
単軌
脂性
複眼
改暦
備忘
織元
抜刷
壁紙
跳馬
豆類
揚地
補色
導因
初学
美談
降魔
値打
倒木
肉声
赤札
浮島
小刀
宿駅
花薄
魔球
霊殿
近在
鶏口
気球
北辺
虚飾
持戒
毒味
歌話
父系
遣水
浸染
本立
鉱毒
普天
即今
祭儀
間色
土管
紅絹
早便
飲物
勧降
造言
夜鳥
訳語
公達
満額
母衣
両行
付句
油屋
多元
居館
克己
初更
古流
良夜
寂光
割注
脈絡
切口
名馬
悪手
端女
油分
言笑
向寒
超俗
高菜
完本
行人
如意
神宮
対流
転帰
月輪
質種
在俗
痛苦
水郷
木芽
不縁
珍書
場数
当為
時務
単騎
図面
甲子
勢車
両輪
寂声
祖先
蚕糸
天助
光陰
受書
他紙
英資
糸引
鬼子
良性
板材
敬仰
夜顔
鎮守
凡小
紙価
視程
怪力
古顔
口書
僧体
聞書
才筆
馬力
本殿
雲居
散票
獄衣
付火
黄白
忠霊
線条
名家
座中
乾湿
順風
鼻筋
天与
番匠
慈眼
前陳
手技
女婿
産屋
保税
士分
開府
未詳
適薬
伏勢
人山
引越
社則
天魔
校章
空値
組立
借主
打水
縁者
手洗
牧神
賢弟
章句
洋刀
較差
尿道
人柱
電界
極太
回教
飼鳥
疑点
産着
麗質
真義
全備
粗景
革具
板場
露仏
紙背
聖徒
歩数
乳液
直宮
市中
溶炉
丸腰
豆蔵
帯域
裸視
乾式
門衛
新穀
負腹
部材
没我
生血
和裁
急談
空木
間引
牧羊
神主
悪人
今上
車代
謝儀
耐震
血合
偉力
訳業
会誌
空穂
順潮
重態
名越
変格
詩草
女腹
逆境
別命
付文
御社
持説
盟休
内燃
天馬
歴朝
卑称
字義
初伝
暮雲
綿雪
製茶
未草
縦坑
打粉
機片
小腸
宿意
仁政
非役
余勢
世心
閉式
地番
御台
徒士
大計
優賞
官費
季夏
進境
荒事
話術
真水
聖断
緑土
綿花
乾死
床板
田虫
胸間
原鉱
象棋
益鳥
非望
講談
桑門
語種
分封
洋紙
利他
早計
空茶
解法
史家
忠君
長石
法眼
客分
陣形
産直
公儀
相銀
光風
軍扇
舟航
読会
薬害
別刷
潮曇
除数
狂恋
数次
新付
草肥
村方
客車
体温
葉風
当住
卓然
領国
肩先
小照
肝胆
漢和
造庭
臨戦
読人
中味
隻脚
両県
題言
包皮
所外
与格
端居
鉄騎
陶製
親日
貝柱
夕刻
雑税
妻君
線上
胴親
経糸
簡閲
遠因
吸玉
記文
往者
俳書
胸骨
違算
忘憂
死中
市協
柄行
意字
諸人
詩壇
神政
長者
紋章
銀紙
貫乳
検校
民度
用務
才蔵
突堤
社日
産制
法力
全課
空名
石碑
露盤
筋子
不善
時服
断獄
樹氷
広口
玉房
実正
和牛
法理
教区
絵詞
小歌
高射
飛札
長音
布引
人税
重縁
寝殿
神体
弁巧
絶島
研屋
国詰
沈勇
名数
吉例
上絵
小額
扇面
青史
各県
甲種
上端
前官
湖水
分詞
目地
中形
尊兄
富札
米食
粗茶
胃痛
宅造
冬着
引起
筆名
油層
貴台
貴意
濁点
自席
軽四
多肉
古兵
本分
傷物
多恨
罪名
盛衰
用便
山鯨
毒水
丹心
無勢
粗布
凶漢
仮宮
形勢
右文
甲掛
欲情
雇人
学際
光彩
賢答
群論
胸奥
粘液
居然
書跡
不二
獣皮
唐丸
白酒
切髪
寝間
副読
反橋
脳炎
似指
町会
節供
弓馬
節季
下枝
不一
粘体
幅跳
時雨
乾季
新株
細腕
結語
湯腹
福音
画数
技官
行道
黒松
公国
田楽
小冊
炭火
真面
連理
霊泉
背皮
防除
長流
居宅
水圧
探題
半球
土煙
無才
諾否
候文
軍談
満願
要港
上底
同憂
天際
草画
座浴
木片
路頭
式事
高風
謝状
数寄
坑内
異観
分量
神品
余録
国侍
丸本
温石
俗縁
別巻
天測
区会
日歩
情欲
示度
礼譲
定木
悲歌
光明
丸太
冷飯
金札
同罪
書式
海抜
超然
中幅
試航
腰刀
浮体
古癖
短見
寸話
新券
獣欲
親書
桜湯
侍従
音便
小節
風位
情状
魔力
振付
海牛
経国
歳男
煮豆
盛夏
神業
奥伝
糧米
単流
綱目
徒労
群盗
物持
楽音
黒点
師資
内規
執政
酒徒
奇病
日柄
気性
若殿
伴食
冗文
新編
如上
揚屋
鯨尺
静態
役付
入声
楽員
島陰
場末
席末
郡代
倉卒
甲状
天子
豊丸
腹壁
火影
毒矢
原詩
鉄剤
空母
側板
異邦
猟人
郎女
心房
舌鼓
臣下
鯨油
救貧
語族
得業
無水
鎖骨
樹陰
新味
甘塩
早昼
仕置
電導
愚老
添字
御堂
縁談
官省
根方
天眼
官等
墨付
持物
土偶
呼子
可算
常軌
俗称
客来
左端
野獣
幕臣
秋雨
手箱
新選
沿革
流離
全科
人名
正絹
当会
胆道
魔界
別法
日次
上古
赤腹
検番
姿容
整容
動態
乱戦
屋舎
朝会
法界
先途
後影
適期
習作
旨煮
偉才
聴罪
卓説
紫雲
銀杯
方体
風向
内務
粗服
母権
哀史
火難
符丁
本旨
木刀
反吐
牛舎
導師
塗絵
同者
砂舟
毛皮
輪差
図工
既裁
春秋
日銭
変事
各日
焼売
金円
技芸
社命
下線
湖面
俗僧
切地
小引
好古
戦費
世人
未見
職印
夫権
海綿
村営
衣冠
所業
販促
草市
合財
刺身
売手
握屋
社費
水先
素裸
南画
拝具
学徳
前賢
反切
仲兄
笑声
右筆
技士
初給
池心
平押
典例
前章
総省
金言
立網
坑木
遠矢
斜眼
軍役
弓張
土色
半切
芳情
砂煙
氷蔵
新地
単座
木魚
権謀
初声
偉材
校倉
守則
野趣
踏台
鋳金
現神
俗調
口答
川面
非違
真綿
金塊
究理
原動
利生
護国
人君
御許
隣保
風炉
破鐘
実数
衆多
教法
半裁
神領
溶性
悪縁
晴雨
本代
公家
統辞
口茶
老身
理法
燃油
実録
高論
雨空
便衣
支線
印綿
小金
心祝
進運
村社
達識
面長
霊知
家筋
摘草
都下
切線
染粉
若菜
老健
飛地
作例
眼孔
梅林
女院
前掲
紙魚
箇条
当腹
毒草
口証
経伝
液便
女童
法科
誘因
後指
某所
下巻
日長
美身
粉薬
胎毒
器楽
新帝
大藩
聖俗
永存
枝豆
音素
口銭
語義
年功
例文
礼典
表構
烈風
値札
綿油
丸寝
払子
抜穴
薬液
殿方
小作
常項
民情
鉛管
語物
母后
買手
類句
上敷
掛物
賞罰
法認
雲表
肉質
医家
黒雲
話語
奇想
威容
盛時
鳴物
黒炭
既往
権勢
細流
粗宴
荒地
清適
影絵
氷霧
山奥
身中
洗湯
共助
海獣
鬼胎
腹芸
墨金
違名
真勇
唱歌
深憂
郷士
競市
個条
臣籍
磁土
志操
極書
筆順
層状
語序
牛脂
真紅
甘酒
貴報
前輪
口辺
身形
図法
称名
手負
公論
品等
製糸
蒸焼
隊形
新橋
祭事
申楽
混声
地色
開架
罪業
雷門
吸物
国守
多妻
奥方
遺命
盟主
定跡
凡夫
油井
段数
若紫
土製
史論
地膚
後姿
煙幕
出師
余滴
生年
手提
警句
非職
逆心
反骨
世上
芝刈
干害
上寿
原種
博引
法敵
城頭
小異
党情
正課
馬屋
中値
山桃
雪間
垂木
煙波
兵長
落丁
向性
球面
浅海
別業
半休
物量
逆運
逆徒
財用
毒婦
凶報
題字
鉱水
卒然
仏界
霊位
別離
細雨
焼場
佳話
底本
粗壁
体側
出歯
変数
用木
体言
狭斜
暖帯
尿素
算式
表徴
悪趣
船医
眼識
稚気
語部
軍書
主点
宗家
楽界
老父
宗論
美男
父性
大鳥
徒話
晩稲
線描
仏罰
入婿
弱震
文武
年歯
草枯
総画
令兄
衣紋
極致
切身
気書
壁代
目脂
貴誌
鉄分
巨体
邦文
個我
伝家
欠漏
通性
武略
止痛
陽刻
講壇
襲歩
拝上
遊客
羽虫
相思
売立
吏読
御家
進度
典範
成算
先便
放課
茶舗
可分
深更
賢慮
宗匠
目元
着丈
僧林
暇人
目見
玄室
防食
袋地
紫竹
忌服
平衝
無明
掛矢
総角
両個
着発
不溶
大任
現身
濃紺
水鳥
殊遇
精髄
綿服
要職
管長
関数
本義
酒客
筋書
永日
残額
後図
掌上
密儀
作間
潮吹
白滝
線型
妙計
既遂
蚕豆
切端
編戸
比翼
差薬
童画
本寺
陸離
別辞
逆数
冷奴
陽解
鼻水
虚空
僧職
物税
彼是
有産
簿記
義兵
段丘
病毒
硬論
退潮
序章
勇足
極細
官話
石英
上席
石火
太守
呼気
糸価
遠謀
結石
獄卒
堅蔵
名香
行力
面持
後便
仲仕
詳伝
美姫
故旧
詩家
無想
拡販
白菜
年端
陰晴
用字
狭霧
細作
散史
静水
略表
地軸
矢面
麦酒
大京
君側
詰物
家母
野面
後背
色里
煙草
片恋
特種
内層
主峰
双六
群議
原板
紀伝
若湯
足許
盤台
河豚
遊里
聖上
品番
約数
重席
無頼
福徳
売僧
雪線
切売
視床
台形
律語
船影
出癖
飛鳥
雷電
皮脂
標識
砲手
隷書
針目
本節
用兵
岩塩
残金
先考
無腰
盆石
等外
農園
温故
入口
古株
不出
暗中
全区
幻影
公魚
再啓
学匠
福豆
文範
美感
唐様
風光
雷管
剣尺
良否
御者
上家
業火
抜手
反軍
壁間
針路
巻首
自社
傷寒
愚父
部将
僧都
口気
統語
生傷
法益
文運
野牛
卓識
紅土
径路
組糸
国勢
信管
禁色
次号
用言
奇行
京成
律速
逃水
水防
手沢
散薬
列世
中幕
原頭
小官
相即
舌根
手業
余色
好球
同列
古鉄
振舞
後納
御中
当身
各階
主潮
直心
線維
巻舌
林泉
戦国
金側
総門
哲人
怪童
路盤
相輪
悪病
校訓
社是
寺銭
墨染
異食
世子
新婦
詞花
整然
湿田
戦法
乳切
徒然
雨夜
家法
物論
序説
人望
海風
準則
仮親
骨堂
自火
長手
収税
仏恩
木賊
衛士
号笛
不言
埋草
気団
薬店
芸事
廉恥
双頭
国造
揚物
耳漏
本絹
持味
有形
原簿
有配
蔵置
中庭
必携
俗耳
表芸
御仁
唐織
苦海
単物
伝馬
内地
鉱泉
売文
海内
軌条
軍制
水炊
力足
冬型
底豆
脚立
肉情
後腹
内因
皮下
名剣
底意
大鑑
明週
風波
応変
眼路
角力
和国
草体
麗句
社殿
聞方
雪山
両君
原木
僧徒
合性
偉容
烈火
展性
版木
老幼
禁句
形代
階上
歩武
分母
平作
防熱
部首
木耳
節用
美景
禁裏
下記
歳次
船脚
神人
即妙
仏間
基根
水柱
在地
校医
悪風
製菓
岩木
時評
油菜
外孫
古詩
雪氷
牛頭
袋網
呼声
直路
筋道
我欲
上塗
無電
踏歌
軽質
佳日
激語
絶世
戦史
通語
両生
欲念
処暑
車座
初切
御覧
落縁
迎車
論賛
新月
背紋
御託
香物
南蛮
経学
平文
初空
見様
成虫
短文
丈六
水練
徒党
雨気
狂風
宝殿
労賃
好望
同筆
草堂
士魂
令姉
本丸
貴信
蔵本
悪酔
深謀
義援
札差
補角
王佐
骨柄
院生
社人
区営
将家
守衛
門地
発破
残菊
邪気
旧株
執柄
大礼
沖天
乱雲
内室
章節
地謡
毛管
帳元
爆風
滅期
薪水
困苦
手風
風儀
垂水
増分
実妹
文辞
箇別
難字
上角
倉荷
中老
御代
町奴
粗金
宅扱
昼飯
令嬢
甘煮
理工
角番
罪状
更年
色絵
梅酒
売品
女気
家郷
白波
山坂
不急
種姓
祭器
祭服
門標
気骨
需品
小隊
矢倉
大弓
悪鬼
至孝
岡引
勝差
深度
凡主
庭石
連名
全幅
横根
太山
斜視
原物
灯下
迫間
上背
勝目
画壇
捨石
声門
鋼玉
凡例
素引
堅炭
仏徒
雅言
悪事
宮人
非才
別室
厘毛
秘本
揚油
親心
唐風
塔頭
手許
狂人
典座
明知
予震
誤殺
回報
貴僧
治績
愚論
補則
差合
孤客
平目
語幹
平家
失語
曲学
品行
前奏
産児
縦列
米紙
軍師
複流
異訓
御感
木筋
暗影
郷党
照度
貴地
理詰
穴馬
校生
別伝
牧歌
乙女
小敵
旧記
血肉
俗人
遊芸
機先
勘気
要義
幼魚
玉糸
初発
絶勝
社格
双紙
零点
極光
僧兵
平水
初午
鉄工
油煙
散文
流木
釈義
建徳
茶宇
舎弟
有縁
外典
受皿
池沼
証本
職方
冬木
邪曲
聖旨
船隊
恩典
涙金
商機
坂道
取分
奇観
蚕業
磁極
下役
実竹
近信
水線
湿性
荷主
表編
光画
速筆
骨組
鬼才
毒虫
面容
衆生
礼節
発御
血刀
皮帯
糸織
願力
回米
添物
各戸
練絹
売女
山鳥
富有
狭軌
工法
他郷
数件
雪害
童体
行者
鈍器
凡眼
抜目
聖夜
手甲
悪妻
持番
末文
急所
画幅
摂家
話法
精鋼
財形
木綿
唐画
故買
肩車
白及
漢意
豪農
山雨
順路
突傷
漢学
書庫
満株
後陣
補遺
心髄
木剣
方丈
謀略
国原
市庁
満座
岸壁
雲助
雄松
随処
詩話
西哲
車窓
濃霧
覆水
芸域
狂騒
居城
養魚
油然
操行
雅趣
度合
親電
理路
雑人
番茶
曲技
色事
取手
坊間
武威
全書
昼顔
仲夏
車速
飛脚
締切
真裏
湾流
井然
先哲
算盤
赤誠
舎利
結句
球根
侍読
穂麦
賢主
相役
劇毒
通説
安宿
乳剤
行実
打棒
射術
正出
必聴
遠祖
学都
経世
医界
宅内
量感
板紙
諸種
草刈
姉達
銀髪
穂高
陸続
劣情
羽風
未申
周壁
破戒
鬼門
不念
院号
貴君
虚伝
宣旨
旧都
亡魂
富家
投力
好手
家学
節点
神託
断腸
脚湯
割符
大海
処士
洋算
心腹
山側
同党
職能
焼物
大愚
飛弾
正真
毛唐
雌雄
下風
沢山
月利
野良
抜書
石塊
甘草
金砂
慈悲
仏者
未着
要図
紛然
旗色
船台
弾倉
掛算
箇中
許嫁
親筆
異説
輝度
報命
定収
結縁
詩句
色男
母堂
自暴
綿布
所以
巨樹
変哲
板張
師範
零本
院主
夏山
等角
画質
白丁
世事
花信
心室
霧笛
功名
準急
末輩
美辞
野天
農法
青書
付合
国保
楽日
湯量
国辱
銀天
適者
難事
序詩
腸満
学割
題号
例式
週番
手製
根雪
悪業
盛砂
成員
創世
主夫
乾性
零度
布製
貧道
余話
無代
俗語
県勢
欠格
源氏
建水
兵糧
漁猟
道幅
尊家
魚田
砲車
知将
高張
両全
不離
築山
時人
欲火
空目
無血
色恋
掛合
断雲
女竹
柱廊
手金
娘師
他端
師伝
指先
農工
花押
辛酸
華人
童詩
良計
心事
旧縁
達文
特級
弾幕
経穴
比丘
寺務
宮守
吐逆
封土
種族
正邪
恒等
鼓弓
糖分
詩宗
語草
急調
雑兵
網間
城代
盛年
乗場
折込
私版
界標
姫松
寝敷
応報
曲論
邪神
眼福
真言
守秘
大白
地卵
芸道
首将
酒精
錯体
付値
競歩
危地
平打
網針
不為
独活
潮目
至境
坊主
御物
凶行
俗間
悪運
秘伝
方陣
右左
寒路
動静
郷国
内湯
聖母
海馬
才色
軽震
刀自
夜軍
身許
教父
法器
国歩
炭焼
立番
朱墨
桃源
区長
雨滴
実弾
定法
私道
数回
関越
益虫
露悪
征旅
東経
餓鬼
感状
肉芽
遊星
句論
出窓
上番
相等
金員
書生
僧堂
胞子
人畜
実寸
潜熱
日影
侍臣
前生
塩類
分校
等親
敵営
小紋
影画
凝塊
濁酒
祝酒
傍題
剣法
取消
早縄
寒暖
水杯
純血
徴証
定本
野人
弱竹
上前
捕虫
道床
町方
死霊
手玉
相生
丹頂
羊歯
上枝
道火
墨画
酸模
流感
詩碑
水子
耐熱
官憲
水鶏
国手
針子
同地
玉杯
擦過
諸家
水薬
習癖
真影
奇道
打荷
死命
水鏡
諸山
連綿
両刀
小善
建値
感官
邪心
会式
経巻
冷雨
盛花
下学
海図
山号
草本
堂舎
読後
適性
好個
開題
別派
禁令
薄手
経蔵
所思
継物
序奏
黒竹
大欲
荒原
人寿
採否
旧識
略語
病垂
剣先
霊徳
局内
斜子
水団
別珍
画師
札止
封切
概容
浮寝
療用
冬草
養親
知勇
国老
巨億
悪態
肉界
威徳
盗汗
既報
町歩
老兄
舟運
海月
人士
正字
虚業
野砲
路側
別紙
曇天
尾長
部費
小遣
当字
客演
心願
主格
険路
遺訓
等差
任国
遅行
筆力
虐政
遺詠
天啓
禁猟
古史
外灯
厳父
茶菓
産室
水性
座右
幕吏
擦傷
糸巻
俗曲
征衣
山塊
幕張
口絵
人脈
俗学
召料
重臣
風色
中刻
転義
多値
尊名
前非
新派
奥秘
胸水
製販
法貨
凍土
賃銀
御地
斤目
漁灯
時針
本営
割付
初動
仮象
種馬
汗水
生者
悪例
数物
外語
広狭
蚕紙
助字
幽谷
頭目
門前
慈父
元種
正風
刀銭
閣下
劣敗
紀州
禁則
大洋
福耳
茶席
落籍
満票
立夏
天資
引合
単文
戒厳
家憲
水魔
湖心
畳紙
東宮
地目
口合
虚仮
右角
死活
霊屋
音符
防腐
門派
政派
暦年
因数
表高
知見
応需
華甲
西日
小米
人魂
夜露
日除
校紀
凡慮
吹管
去秋
庭口
語釈
本編
兵権
座骨
星祭
要式
次子
来書
異見
太字
鉱夫
小弟
祝着
小水
被風
遠雷
物音
保革
邪見
実景
総則
受動
女帝
帳付
居士
暗線
丸材
胸当
飼主
職掌
純理
太織
正格
形質
馬子
感量
車止
樹影
聖体
辛味
天恵
埋木
風窓
題詠
題辞
入超
屋形
久遠
死出
抜荷
溶暗
長足
青侍
浅黄
合壁
木地
正文
来迎
口説
御陵
青梅
夜盗
狂者
裏道
外債
帆影
仏座
秘術
帰巣
音訓
座葬
尊父
富力
温顔
商港
間判
負戦
幽明
偶像
利高
遺墨
勇魚
抗日
山桜
実説
精魂
女給
幕政
群像
青筋
社頭
場銭
原由
無給
童子
折目
下値
喜色
治山
承前
遺髪
銀糸
老来
賢君
直線
隻数
礼装
肺魚
征野
赤金
単複
聞達
将星
年表
舌頭
母語
快事
暴君
本務
単項
漫語
胴巻
信義
影像
国賊
軍手
電鉄
天引
道念
近流
佳景
平首
異字
夕空
名親
特車
平然
草根
吐気
待肥
潮瀬
組物
脂汗
滅私
茶庭
見神
指貫
治産
先兵
旧師
石器
無主
重恩
残片
鈍物
混一
執事
美事
公権
熱誠
亡児
席次
法網
鮮紅
当店
鉄器
巻紙
知合
厳寒
赤門
威令
全数
本朝
高欄
美挙
賊将
外力
飯粒
見幕
交情
逆夢
声名
差歯
油状
御詠
時制
人我
認印
根因
切抜
微雨
雑務
薄儀
心学
奇骨
互先
仏学
険要
転石